【登录信息】
*318194637fc953496e5082ebcbeae7a2*
`登陆天数: 11天 / 1667天
等级: 141
石头: 5
呼符: 0
体力: 17944.31 / 140
友情点: 1410 / 3366060`
*連続ログイン4日目
※ログインが途切れるか、7日到達すると
1日目から再開されます*
`聖晶石 X 1
8月交換券(2023) X 1
`*8周年記念特別回数ログインボーナス*
*開催期間中、1日1回 最大10回 回数ログインボーナスをプレゼント！*
`QP X 3000000
フレンドポイント X 100000
`_2023-08-01 03:31:37_
--------
*9d78e90bb76b42970abd7495d7329768*
`登陆天数: 11天 / 947天
等级: 128
石头: 640
呼符: 68
体力: 49286.71333333333 / 137
友情点: 0 / 845550`
*連続ログイン4日目
※ログインが途切れるか、7日到達すると
1日目から再開されます*
`聖晶石 X 1
8月交換券(2023) X 1
`*8周年記念特別回数ログインボーナス*
*開催期間中、1日1回 最大10回 回数ログインボーナスをプレゼント！*
`QP X 3000000
フレンドポイント X 100000
`_2023-08-01 03:31:44_
--------
*b6bbcdbd5addb82b8007d1a35f461999*
`登陆天数: 11天 / 1067天
等级: 125
石头: 0
呼符: 0
体力: 135623.09 / 137
友情点: 0 / 954630`
*連続ログイン4日目
※ログインが途切れるか、7日到達すると
1日目から再開されます*
`聖晶石 X 1
8月交換券(2023) X 1
`*8周年記念特別回数ログインボーナス*
*開催期間中、1日1回 最大10回 回数ログインボーナスをプレゼント！*
`QP X 3000000
フレンドポイント X 100000
`_2023-08-01 03:31:55_
--------
