【登录信息】
*318194637fc953496e5082ebcbeae7a2*
`登陆天数: 13天 / 1669天
等级: 141
石头: 5
呼符: 0
体力: 18520.31 / 140
友情点: 945 / 3368770`
*連続ログイン6日目
※ログインが途切れるか、7日到達すると
1日目から再開されます*
`聖晶石 X 2
8月交換券(2023) X 1
`*8周年記念特別回数ログインボーナス*
*開催期間中、1日1回 最大10回 回数ログインボーナスをプレゼント！*
`QP X 3000000
マナプリズム X 100
`_2023-08-03 03:31:36_
--------
*9d78e90bb76b42970abd7495d7329768*
`登陆天数: 13天 / 949天
等级: 128
石头: 640
呼符: 68
体力: 49862.71 / 137
友情点: 20 / 845570`
*連続ログイン6日目
※ログインが途切れるか、7日到達すると
1日目から再開されます*
`聖晶石 X 2
8月交換券(2023) X 1
`*8周年記念特別回数ログインボーナス*
*開催期間中、1日1回 最大10回 回数ログインボーナスをプレゼント！*
`QP X 3000000
マナプリズム X 100
`_2023-08-03 03:31:44_
--------
*b6bbcdbd5addb82b8007d1a35f461999*
`登陆天数: 13天 / 1069天
等级: 125
石头: 0
呼符: 0
体力: 136199.09 / 137
友情点: 20 / 954650`
*連続ログイン6日目
※ログインが途切れるか、7日到達すると
1日目から再開されます*
`聖晶石 X 2
8月交換券(2023) X 1
`*8周年記念特別回数ログインボーナス*
*開催期間中、1日1回 最大10回 回数ログインボーナスをプレゼント！*
`QP X 3000000
マナプリズム X 100
`_2023-08-03 03:31:54_
--------
