【登录信息】
*318194637fc953496e5082ebcbeae7a2*
`登陆天数: 14天 / 1670天
等级: 141
石头: 5
呼符: 0
体力: 18808.336666666666 / 140
友情点: 2040 / 3370810`
*連続ログイン7日間到達おめでとうございます！
明日は1日目からリスタートされます。*
`獣の足跡 X 1
呼符 X 1
8月交換券(2023) X 1
`*8周年記念特別回数ログインボーナス*
*開催期間中、1日1回 最大10回 回数ログインボーナスをプレゼント！*
`英霊結晶・星のフォウくん X 10
英霊結晶・太陽のフォウくん X 10
QP X 3000000
`_2023-08-04 03:31:44_
--------
*9d78e90bb76b42970abd7495d7329768*
`登陆天数: 14天 / 950天
等级: 128
石头: 640
呼符: 68
体力: 50150.736666666664 / 137
友情点: 10 / 845580`
*連続ログイン7日間到達おめでとうございます！
明日は1日目からリスタートされます。*
`獣の足跡 X 1
呼符 X 1
8月交換券(2023) X 1
`*8周年記念特別回数ログインボーナス*
*開催期間中、1日1回 最大10回 回数ログインボーナスをプレゼント！*
`英霊結晶・星のフォウくん X 10
英霊結晶・太陽のフォウくん X 10
QP X 3000000
`_2023-08-04 03:31:52_
--------
*b6bbcdbd5addb82b8007d1a35f461999*
`登陆天数: 14天 / 1070天
等级: 125
石头: 0
呼符: 0
体力: 136487.11333333334 / 137
友情点: 0 / 954650`
*連続ログイン7日間到達おめでとうございます！
明日は1日目からリスタートされます。*
`獣の足跡 X 1
呼符 X 1
8月交換券(2023) X 1
`*8周年記念特別回数ログインボーナス*
*開催期間中、1日1回 最大10回 回数ログインボーナスをプレゼント！*
`英霊結晶・星のフォウくん X 10
英霊結晶・太陽のフォウくん X 10
QP X 3000000
`_2023-08-04 03:32:02_
--------
