【登录信息】
*318194637fc953496e5082ebcbeae7a2*
`登陆天数: 15天 / 1671天
等级: 141
石头: 5
呼符: 0
体力: 19096.346666666668 / 140
友情点: 2465 / 3373275`
*連続ログイン1日目
※ログインが途切れるか、7日到達すると
1日目から再開されます*
`フレンドポイント X 2000
8月交換券(2023) X 1
`*8周年記念特別回数ログインボーナス*
*開催期間中、1日1回 最大10回 回数ログインボーナスをプレゼント！*
`英霊結晶・流星のフォウくん X 1
英霊結晶・日輪のフォウくん X 1
QP X 3000000
`_2023-08-05 03:31:47_
--------
*9d78e90bb76b42970abd7495d7329768*
`登陆天数: 15天 / 951天
等级: 128
石头: 640
呼符: 68
体力: 50438.746666666666 / 137
友情点: 30 / 845610`
*連続ログイン1日目
※ログインが途切れるか、7日到達すると
1日目から再開されます*
`フレンドポイント X 2000
8月交換券(2023) X 1
`*8周年記念特別回数ログインボーナス*
*開催期間中、1日1回 最大10回 回数ログインボーナスをプレゼント！*
`英霊結晶・流星のフォウくん X 1
英霊結晶・日輪のフォウくん X 1
QP X 3000000
`_2023-08-05 03:31:55_
--------
*b6bbcdbd5addb82b8007d1a35f461999*
`登陆天数: 15天 / 1071天
等级: 125
石头: 0
呼符: 0
体力: 136775.12666666668 / 137
友情点: 70 / 954720`
*連続ログイン1日目
※ログインが途切れるか、7日到達すると
1日目から再開されます*
`フレンドポイント X 2000
8月交換券(2023) X 1
`*8周年記念特別回数ログインボーナス*
*開催期間中、1日1回 最大10回 回数ログインボーナスをプレゼント！*
`英霊結晶・流星のフォウくん X 1
英霊結晶・日輪のフォウくん X 1
QP X 3000000
`_2023-08-05 03:32:05_
--------
