【登录信息】
*318194637fc953496e5082ebcbeae7a2*
`登陆天数: 16天 / 1672天
等级: 141
石头: 5
呼符: 0
体力: 19384.323333333334 / 140
友情点: 1360 / 3374635`
*連続ログイン2日目
※ログインが途切れるか、7日到達すると
1日目から再開されます*
`聖晶石 X 1
8月交換券(2023) X 1
`*8周年記念特別回数ログインボーナス*
*開催期間中、1日1回 最大10回 回数ログインボーナスをプレゼント！*
`QP X 3000000
呼符 X 10
`_2023-08-06 03:31:40_
--------
*9d78e90bb76b42970abd7495d7329768*
`登陆天数: 16天 / 952天
等级: 128
石头: 640
呼符: 68
体力: 50726.723333333335 / 137
友情点: 40 / 845650`
*連続ログイン2日目
※ログインが途切れるか、7日到達すると
1日目から再開されます*
`聖晶石 X 1
8月交換券(2023) X 1
`*8周年記念特別回数ログインボーナス*
*開催期間中、1日1回 最大10回 回数ログインボーナスをプレゼント！*
`QP X 3000000
呼符 X 10
`_2023-08-06 03:31:48_
--------
*b6bbcdbd5addb82b8007d1a35f461999*
`登陆天数: 16天 / 1072天
等级: 125
石头: 0
呼符: 0
体力: 137063.1 / 137
友情点: 70 / 954790`
*連続ログイン2日目
※ログインが途切れるか、7日到達すると
1日目から再開されます*
`聖晶石 X 1
8月交換券(2023) X 1
`*8周年記念特別回数ログインボーナス*
*開催期間中、1日1回 最大10回 回数ログインボーナスをプレゼント！*
`QP X 3000000
呼符 X 10
`_2023-08-06 03:31:58_
--------
