【登录信息】
*318194637fc953496e5082ebcbeae7a2*
`登陆天数: 17天 / 1673天
等级: 141
石头: 5
呼符: 0
体力: 19672.286666666667 / 140
友情点: 2005 / 3376640`
*連続ログイン3日目
※ログインが途切れるか、7日到達すると
1日目から再開されます*
`叡智の業火 X 1
8月交換券(2023) X 1
`*8周年記念特別回数ログインボーナス*
*開催期間中、1日1回 最大10回 回数ログインボーナスをプレゼント！*
`QP X 3000000
カルデアの夢火 X 1
`_2023-08-07 03:31:30_
--------
*9d78e90bb76b42970abd7495d7329768*
`登陆天数: 17天 / 953天
等级: 128
石头: 640
呼符: 68
体力: 51014.69 / 137
友情点: 70 / 845720`
*連続ログイン3日目
※ログインが途切れるか、7日到達すると
1日目から再開されます*
`叡智の業火 X 1
8月交換券(2023) X 1
`*8周年記念特別回数ログインボーナス*
*開催期間中、1日1回 最大10回 回数ログインボーナスをプレゼント！*
`QP X 3000000
カルデアの夢火 X 1
`_2023-08-07 03:31:37_
--------
*b6bbcdbd5addb82b8007d1a35f461999*
`登陆天数: 17天 / 1073天
等级: 125
石头: 0
呼符: 0
体力: 137351.06666666668 / 137
友情点: 20 / 954810`
*連続ログイン3日目
※ログインが途切れるか、7日到達すると
1日目から再開されます*
`叡智の業火 X 1
8月交換券(2023) X 1
`*8周年記念特別回数ログインボーナス*
*開催期間中、1日1回 最大10回 回数ログインボーナスをプレゼント！*
`QP X 3000000
カルデアの夢火 X 1
`_2023-08-07 03:31:48_
--------
