【登录信息】
*318194637fc953496e5082ebcbeae7a2*
`登陆天数: 18天 / 1674天
等级: 141
石头: 5
呼符: 0
体力: 19960.33 / 140
友情点: 2720 / 3379360`
*連続ログイン4日目
※ログインが途切れるか、7日到達すると
1日目から再開されます*
`聖晶石 X 1
8月交換券(2023) X 1
`*8周年記念特別回数ログインボーナス*
*開催期間中、1日1回 最大10回 回数ログインボーナスをプレゼント！*
`QP X 3000000
レアプリズム X 1
`_2023-08-08 03:31:42_
--------
*9d78e90bb76b42970abd7495d7329768*
`登陆天数: 18天 / 954天
等级: 128
石头: 640
呼符: 68
体力: 51302.73 / 137
友情点: 30 / 845750`
*連続ログイン4日目
※ログインが途切れるか、7日到達すると
1日目から再開されます*
`聖晶石 X 1
8月交換券(2023) X 1
`*8周年記念特別回数ログインボーナス*
*開催期間中、1日1回 最大10回 回数ログインボーナスをプレゼント！*
`QP X 3000000
レアプリズム X 1
`_2023-08-08 03:31:50_
--------
*b6bbcdbd5addb82b8007d1a35f461999*
`登陆天数: 18天 / 1074天
等级: 125
石头: 0
呼符: 0
体力: 137639.11 / 137
友情点: 60 / 954870`
*連続ログイン4日目
※ログインが途切れるか、7日到達すると
1日目から再開されます*
`聖晶石 X 1
8月交換券(2023) X 1
`*8周年記念特別回数ログインボーナス*
*開催期間中、1日1回 最大10回 回数ログインボーナスをプレゼント！*
`QP X 3000000
レアプリズム X 1
`_2023-08-08 03:32:00_
--------
