【登录信息】
*318194637fc953496e5082ebcbeae7a2*
`登陆天数: 19天 / 1675天
等级: 141
石头: 5
呼符: 0
体力: 20248.306666666667 / 140
友情点: 850 / 3380210`
*連続ログイン5日目
※ログインが途切れるか、7日到達すると
1日目から再開されます*
`叡智の業火 X 2
8月交換券(2023) X 1
`*8周年記念特別回数ログインボーナス*
*開催期間中、1日1回 最大10回 回数ログインボーナスをプレゼント！*
`QP X 3000000
伝承結晶 X 1
`_2023-08-09 03:31:36_
--------
*9d78e90bb76b42970abd7495d7329768*
`登陆天数: 19天 / 955天
等级: 128
石头: 640
呼符: 68
体力: 51590.706666666665 / 137
友情点: 0 / 845750`
*連続ログイン5日目
※ログインが途切れるか、7日到達すると
1日目から再開されます*
`叡智の業火 X 2
8月交換券(2023) X 1
`*8周年記念特別回数ログインボーナス*
*開催期間中、1日1回 最大10回 回数ログインボーナスをプレゼント！*
`QP X 3000000
伝承結晶 X 1
`_2023-08-09 03:31:43_
--------
*b6bbcdbd5addb82b8007d1a35f461999*
`登陆天数: 19天 / 1075天
等级: 125
石头: 0
呼符: 0
体力: 137927.08666666667 / 137
友情点: 0 / 954870`
*連続ログイン5日目
※ログインが途切れるか、7日到達すると
1日目から再開されます*
`叡智の業火 X 2
8月交換券(2023) X 1
`*8周年記念特別回数ログインボーナス*
*開催期間中、1日1回 最大10回 回数ログインボーナスをプレゼント！*
`QP X 3000000
伝承結晶 X 1
`_2023-08-09 03:31:54_
--------
