【登录信息】
*318194637fc953496e5082ebcbeae7a2*
`登陆天数: 20天 / 1676天
等级: 141
石头: 5
呼符: 0
体力: 20536.516666666666 / 140
友情点: 425 / 3380635`
*連続ログイン6日目
※ログインが途切れるか、7日到達すると
1日目から再開されます*
`聖晶石 X 2
8月交換券(2023) X 1
`*「マンガで分かる！Fate/Grand Order」4巻発売記念 特別ログインボーナス*
*開催期間中、初回ログインで「限定概念礼装×1」をプレゼント！*
`米の数だけ抱きしめて X 1
`_2023-08-10 03:32:38_
--------
*9d78e90bb76b42970abd7495d7329768*
`登陆天数: 20天 / 956天
等级: 128
石头: 640
呼符: 68
体力: 51878.916666666664 / 137
友情点: 40 / 845790`
*連続ログイン6日目
※ログインが途切れるか、7日到達すると
1日目から再開されます*
`聖晶石 X 2
8月交換券(2023) X 1
`*「マンガで分かる！Fate/Grand Order」4巻発売記念 特別ログインボーナス*
*開催期間中、初回ログインで「限定概念礼装×1」をプレゼント！*
`米の数だけ抱きしめて X 1
`_2023-08-10 03:32:46_
--------
*b6bbcdbd5addb82b8007d1a35f461999*
`登陆天数: 20天 / 1076天
等级: 125
石头: 0
呼符: 0
体力: 138215.29666666666 / 137
友情点: 40 / 954910`
*連続ログイン6日目
※ログインが途切れるか、7日到達すると
1日目から再開されます*
`聖晶石 X 2
8月交換券(2023) X 1
`*「マンガで分かる！Fate/Grand Order」4巻発売記念 特別ログインボーナス*
*開催期間中、初回ログインで「限定概念礼装×1」をプレゼント！*
`米の数だけ抱きしめて X 1
`_2023-08-10 03:32:56_
--------
