【登录信息】
*318194637fc953496e5082ebcbeae7a2*
`登陆天数: 21天 / 1677天
等级: 141
石头: 5
呼符: 0
体力: 20824.293333333335 / 140
友情点: 1870 / 3382505`
*連続ログイン7日間到達おめでとうございます！
明日は1日目からリスタートされます。*
`獣の足跡 X 1
呼符 X 1
8月交換券(2023) X 1
`*FGO カルデア放送局 ライト版 ～サバフェス2023～ サバフェス2023開幕直前 初回ログインボーナス*
*開催期間中、初回ログインで「聖晶石×14」をプレゼント！*
`聖晶石 X 14
`_2023-08-11 03:31:32_
--------
*9d78e90bb76b42970abd7495d7329768*
`登陆天数: 21天 / 957天
等级: 128
石头: 640
呼符: 68
体力: 52166.69666666666 / 137
友情点: 40 / 845830`
*連続ログイン7日間到達おめでとうございます！
明日は1日目からリスタートされます。*
`獣の足跡 X 1
呼符 X 1
8月交換券(2023) X 1
`*FGO カルデア放送局 ライト版 ～サバフェス2023～ サバフェス2023開幕直前 初回ログインボーナス*
*開催期間中、初回ログインで「聖晶石×14」をプレゼント！*
`聖晶石 X 14
`_2023-08-11 03:31:39_
--------
*b6bbcdbd5addb82b8007d1a35f461999*
`登陆天数: 21天 / 1077天
等级: 125
石头: 0
呼符: 0
体力: 138503.07333333333 / 137
友情点: 20 / 954930`
*連続ログイン7日間到達おめでとうございます！
明日は1日目からリスタートされます。*
`獣の足跡 X 1
呼符 X 1
8月交換券(2023) X 1
`*FGO カルデア放送局 ライト版 ～サバフェス2023～ サバフェス2023開幕直前 初回ログインボーナス*
*開催期間中、初回ログインで「聖晶石×14」をプレゼント！*
`聖晶石 X 14
`_2023-08-11 03:31:50_
--------
