【登录信息】
*318194637fc953496e5082ebcbeae7a2*
`登陆天数: 23天 / 1679天
等级: 141
石头: 5
呼符: 0
体力: 21400.27 / 140
友情点: 1360 / 3385490`
*連続ログイン2日目
※ログインが途切れるか、7日到達すると
1日目から再開されます*
`聖晶石 X 1
8月交換券(2023) X 1
`*サーヴァント・サマー・フェスティバル2023！開幕記念 ログインボーナス*
*開催期間中、1日1回 最大21回ログインボーナスをプレゼント！*
`白銀の果実 X 1
`_2023-08-13 03:31:24_
--------
*9d78e90bb76b42970abd7495d7329768*
`登陆天数: 23天 / 959天
等级: 128
石头: 640
呼符: 68
体力: 52742.67 / 137
友情点: 10 / 845850`
*連続ログイン2日目
※ログインが途切れるか、7日到達すると
1日目から再開されます*
`聖晶石 X 1
8月交換券(2023) X 1
`*サーヴァント・サマー・フェスティバル2023！開幕記念 ログインボーナス*
*開催期間中、1日1回 最大21回ログインボーナスをプレゼント！*
`白銀の果実 X 1
`_2023-08-13 03:31:32_
--------
*b6bbcdbd5addb82b8007d1a35f461999*
`登陆天数: 23天 / 1079天
等级: 125
石头: 0
呼符: 0
体力: 139079.05 / 137
友情点: 10 / 955010`
*連続ログイン2日目
※ログインが途切れるか、7日到達すると
1日目から再開されます*
`聖晶石 X 1
8月交換券(2023) X 1
`*サーヴァント・サマー・フェスティバル2023！開幕記念 ログインボーナス*
*開催期間中、1日1回 最大21回ログインボーナスをプレゼント！*
`白銀の果実 X 1
`_2023-08-13 03:31:43_
--------
