【登录信息】
*318194637fc953496e5082ebcbeae7a2*
`登陆天数: 24天 / 1680天
等级: 141
石头: 5
呼符: 0
体力: 21688.296666666665 / 140
友情点: 1190 / 3386680`
*連続ログイン3日目
※ログインが途切れるか、7日到達すると
1日目から再開されます*
`叡智の業火 X 1
8月交換券(2023) X 1
`*サーヴァント・サマー・フェスティバル2023！開幕記念 ログインボーナス*
*開催期間中、1日1回 最大21回ログインボーナスをプレゼント！*
`白銀の果実 X 1
`_2023-08-14 03:31:32_
--------
*9d78e90bb76b42970abd7495d7329768*
`登陆天数: 24天 / 960天
等级: 128
石头: 640
呼符: 68
体力: 53030.69666666666 / 137
友情点: 40 / 845890`
*連続ログイン3日目
※ログインが途切れるか、7日到達すると
1日目から再開されます*
`叡智の業火 X 1
8月交換券(2023) X 1
`*サーヴァント・サマー・フェスティバル2023！開幕記念 ログインボーナス*
*開催期間中、1日1回 最大21回ログインボーナスをプレゼント！*
`白銀の果実 X 1
`_2023-08-14 03:31:40_
--------
*b6bbcdbd5addb82b8007d1a35f461999*
`登陆天数: 24天 / 1080天
等级: 125
石头: 0
呼符: 0
体力: 139367.07666666666 / 137
友情点: 30 / 955240`
*連続ログイン3日目
※ログインが途切れるか、7日到達すると
1日目から再開されます*
`叡智の業火 X 1
8月交換券(2023) X 1
`*サーヴァント・サマー・フェスティバル2023！開幕記念 ログインボーナス*
*開催期間中、1日1回 最大21回ログインボーナスをプレゼント！*
`白銀の果実 X 1
`_2023-08-14 03:31:50_
--------
