【登录信息】
*318194637fc953496e5082ebcbeae7a2*
`登陆天数: 25天 / 1681天
等级: 141
石头: 5
呼符: 0
体力: 21976.273333333334 / 140
友情点: 1445 / 3388125`
*連続ログイン4日目
※ログインが途切れるか、7日到達すると
1日目から再開されます*
`聖晶石 X 1
8月交換券(2023) X 1
`*サーヴァント・サマー・フェスティバル2023！開幕記念 ログインボーナス*
*開催期間中、1日1回 最大21回ログインボーナスをプレゼント！*
`白銀の果実 X 1
`_2023-08-15 03:31:25_
--------
*9d78e90bb76b42970abd7495d7329768*
`登陆天数: 25天 / 961天
等级: 128
石头: 640
呼符: 68
体力: 53318.676666666666 / 137
友情点: 20 / 845910`
*連続ログイン4日目
※ログインが途切れるか、7日到達すると
1日目から再開されます*
`聖晶石 X 1
8月交換券(2023) X 1
`*サーヴァント・サマー・フェスティバル2023！開幕記念 ログインボーナス*
*開催期間中、1日1回 最大21回ログインボーナスをプレゼント！*
`白銀の果実 X 1
`_2023-08-15 03:31:33_
--------
*b6bbcdbd5addb82b8007d1a35f461999*
`登陆天数: 25天 / 1081天
等级: 125
石头: 0
呼符: 0
体力: 139655.05333333334 / 137
友情点: 40 / 955280`
*連続ログイン4日目
※ログインが途切れるか、7日到達すると
1日目から再開されます*
`聖晶石 X 1
8月交換券(2023) X 1
`*サーヴァント・サマー・フェスティバル2023！開幕記念 ログインボーナス*
*開催期間中、1日1回 最大21回ログインボーナスをプレゼント！*
`白銀の果実 X 1
`_2023-08-15 03:31:44_
--------
