【登录信息】
*318194637fc953496e5082ebcbeae7a2*
`登陆天数: 29天 / 1685天
等级: 141
石头: 5
呼符: 0
体力: 23128.29 / 140
友情点: 5355 / 3400280`
*連続ログイン1日目
※ログインが途切れるか、7日到達すると
1日目から再開されます*
`フレンドポイント X 2000
8月交換券(2023) X 1
`*サーヴァント・サマー・フェスティバル2023！開幕記念 ログインボーナス*
*開催期間中、1日1回 最大21回ログインボーナスをプレゼント！*
`黄金の果実 X 1
`_2023-08-19 03:31:29_
--------
*9d78e90bb76b42970abd7495d7329768*
`登陆天数: 29天 / 965天
等级: 128
石头: 640
呼符: 68
体力: 54470.69 / 137
友情点: 0 / 846050`
*連続ログイン1日目
※ログインが途切れるか、7日到達すると
1日目から再開されます*
`フレンドポイント X 2000
8月交換券(2023) X 1
`*サーヴァント・サマー・フェスティバル2023！開幕記念 ログインボーナス*
*開催期間中、1日1回 最大21回ログインボーナスをプレゼント！*
`黄金の果実 X 1
`_2023-08-19 03:31:38_
--------
*b6bbcdbd5addb82b8007d1a35f461999*
`登陆天数: 29天 / 1085天
等级: 125
石头: 0
呼符: 0
体力: 140807.07 / 137
友情点: 0 / 955330`
*連続ログイン1日目
※ログインが途切れるか、7日到達すると
1日目から再開されます*
`フレンドポイント X 2000
8月交換券(2023) X 1
`*サーヴァント・サマー・フェスティバル2023！開幕記念 ログインボーナス*
*開催期間中、1日1回 最大21回ログインボーナスをプレゼント！*
`黄金の果実 X 1
`_2023-08-19 03:31:49_
--------
