【登录信息】
*318194637fc953496e5082ebcbeae7a2*
`登陆天数: 30天 / 1686天
等级: 141
石头: 5
呼符: 0
体力: 23416.3 / 140
友情点: 1870 / 3402150`
*連続ログイン2日目
※ログインが途切れるか、7日到達すると
1日目から再開されます*
`聖晶石 X 1
8月交換券(2023) X 1
`*サーヴァント・サマー・フェスティバル2023！開幕記念 ログインボーナス*
*開催期間中、1日1回 最大21回ログインボーナスをプレゼント！*
`白銀の果実 X 1
`_2023-08-20 03:31:33_
--------
*9d78e90bb76b42970abd7495d7329768*
`登陆天数: 30天 / 966天
等级: 128
石头: 640
呼符: 68
体力: 54758.70333333333 / 137
友情点: 60 / 846110`
*連続ログイン2日目
※ログインが途切れるか、7日到達すると
1日目から再開されます*
`聖晶石 X 1
8月交換券(2023) X 1
`*サーヴァント・サマー・フェスティバル2023！開幕記念 ログインボーナス*
*開催期間中、1日1回 最大21回ログインボーナスをプレゼント！*
`白銀の果実 X 1
`_2023-08-20 03:31:41_
--------
*b6bbcdbd5addb82b8007d1a35f461999*
`登陆天数: 30天 / 1086天
等级: 125
石头: 0
呼符: 0
体力: 141095.08333333334 / 137
友情点: 40 / 955370`
*連続ログイン2日目
※ログインが途切れるか、7日到達すると
1日目から再開されます*
`聖晶石 X 1
8月交換券(2023) X 1
`*サーヴァント・サマー・フェスティバル2023！開幕記念 ログインボーナス*
*開催期間中、1日1回 最大21回ログインボーナスをプレゼント！*
`白銀の果実 X 1
`_2023-08-20 03:31:52_
--------
