【登录信息】
*318194637fc953496e5082ebcbeae7a2*
`登陆天数: 32天 / 1688天
等级: 141
石头: 5
呼符: 0
体力: 23992.283333333333 / 140
友情点: 3570 / 3408525`
*連続ログイン4日目
※ログインが途切れるか、7日到達すると
1日目から再開されます*
`聖晶石 X 1
8月交換券(2023) X 1
`*サーヴァント・サマー・フェスティバル2023！開幕記念 ログインボーナス*
*開催期間中、1日1回 最大21回ログインボーナスをプレゼント！*
`白銀の果実 X 1
`_2023-08-22 03:31:27_
--------
*9d78e90bb76b42970abd7495d7329768*
`登陆天数: 32天 / 968天
等级: 128
石头: 640
呼符: 68
体力: 55334.68666666667 / 137
友情点: 0 / 846120`
*連続ログイン4日目
※ログインが途切れるか、7日到達すると
1日目から再開されます*
`聖晶石 X 1
8月交換券(2023) X 1
`*サーヴァント・サマー・フェスティバル2023！開幕記念 ログインボーナス*
*開催期間中、1日1回 最大21回ログインボーナスをプレゼント！*
`白銀の果実 X 1
`_2023-08-22 03:31:36_
--------
*b6bbcdbd5addb82b8007d1a35f461999*
`登陆天数: 32天 / 1088天
等级: 125
石头: 0
呼符: 0
体力: 141671.06666666668 / 137
友情点: 10 / 955390`
*連続ログイン4日目
※ログインが途切れるか、7日到達すると
1日目から再開されます*
`聖晶石 X 1
8月交換券(2023) X 1
`*サーヴァント・サマー・フェスティバル2023！開幕記念 ログインボーナス*
*開催期間中、1日1回 最大21回ログインボーナスをプレゼント！*
`白銀の果実 X 1
`_2023-08-22 03:31:47_
--------
