【登录信息】
*318194637fc953496e5082ebcbeae7a2*
`登陆天数: 35天 / 1691天
等级: 141
石头: 5
呼符: 0
体力: 24856.283333333333 / 140
友情点: 7055 / 3420775`
*連続ログイン7日間到達おめでとうございます！
明日は1日目からリスタートされます。*
`獣の足跡 X 1
呼符 X 1
8月交換券(2023) X 1
`*サーヴァント・サマー・フェスティバル2023！開幕記念 ログインボーナス*
*開催期間中、1日1回 最大21回ログインボーナスをプレゼント！*
`白銀の果実 X 1
`_2023-08-25 03:31:28_
--------
*9d78e90bb76b42970abd7495d7329768*
`登陆天数: 35天 / 971天
等级: 128
石头: 640
呼符: 68
体力: 56198.68666666667 / 137
友情点: 10 / 846320`
*連続ログイン7日間到達おめでとうございます！
明日は1日目からリスタートされます。*
`獣の足跡 X 1
呼符 X 1
8月交換券(2023) X 1
`*サーヴァント・サマー・フェスティバル2023！開幕記念 ログインボーナス*
*開催期間中、1日1回 最大21回ログインボーナスをプレゼント！*
`白銀の果実 X 1
`_2023-08-25 03:31:37_
--------
*b6bbcdbd5addb82b8007d1a35f461999*
`登陆天数: 35天 / 1091天
等级: 125
石头: 0
呼符: 0
体力: 142535.07 / 137
友情点: 30 / 955540`
*連続ログイン7日間到達おめでとうございます！
明日は1日目からリスタートされます。*
`獣の足跡 X 1
呼符 X 1
8月交換券(2023) X 1
`*サーヴァント・サマー・フェスティバル2023！開幕記念 ログインボーナス*
*開催期間中、1日1回 最大21回ログインボーナスをプレゼント！*
`白銀の果実 X 1
`_2023-08-25 03:31:48_
--------
