【登录信息】
*318194637fc953496e5082ebcbeae7a2*
`登陆天数: 37天 / 1693天
等级: 141
石头: 5
呼符: 0
体力: 25432.31333333333 / 140
友情点: 3825 / 3427405`
*連続ログイン2日目
※ログインが途切れるか、7日到達すると
1日目から再開されます*
`聖晶石 X 1
8月交換券(2023) X 1
`*サーヴァント・サマー・フェスティバル2023！開幕記念 ログインボーナス*
*開催期間中、1日1回 最大21回ログインボーナスをプレゼント！*
`白銀の果実 X 1
`_2023-08-27 03:31:36_
--------
*9d78e90bb76b42970abd7495d7329768*
`登陆天数: 37天 / 973天
等级: 128
石头: 640
呼符: 68
体力: 56774.71333333333 / 137
友情点: 50 / 846470`
*連続ログイン2日目
※ログインが途切れるか、7日到達すると
1日目から再開されます*
`聖晶石 X 1
8月交換券(2023) X 1
`*サーヴァント・サマー・フェスティバル2023！開幕記念 ログインボーナス*
*開催期間中、1日1回 最大21回ログインボーナスをプレゼント！*
`白銀の果実 X 1
`_2023-08-27 03:31:45_
--------
*b6bbcdbd5addb82b8007d1a35f461999*
`登陆天数: 37天 / 1093天
等级: 125
石头: 0
呼符: 0
体力: 143111.09333333332 / 137
友情点: 70 / 955660`
*連続ログイン2日目
※ログインが途切れるか、7日到達すると
1日目から再開されます*
`聖晶石 X 1
8月交換券(2023) X 1
`*サーヴァント・サマー・フェスティバル2023！開幕記念 ログインボーナス*
*開催期間中、1日1回 最大21回ログインボーナスをプレゼント！*
`白銀の果実 X 1
`_2023-08-27 03:31:56_
--------
