【登录信息】
*318194637fc953496e5082ebcbeae7a2*
`登陆天数: 38天 / 1694天
等级: 141
石头: 5
呼符: 0
体力: 25720.32 / 140
友情点: 2890 / 3430295`
*連続ログイン3日目
※ログインが途切れるか、7日到達すると
1日目から再開されます*
`叡智の業火 X 1
8月交換券(2023) X 1
`*サーヴァント・サマー・フェスティバル2023！開幕記念 ログインボーナス*
*開催期間中、1日1回 最大21回ログインボーナスをプレゼント！*
`白銀の果実 X 1
`_2023-08-28 03:31:37_
--------
*9d78e90bb76b42970abd7495d7329768*
`登陆天数: 38天 / 974天
等级: 128
石头: 640
呼符: 68
体力: 57062.72666666667 / 137
友情点: 80 / 846550`
*連続ログイン3日目
※ログインが途切れるか、7日到達すると
1日目から再開されます*
`叡智の業火 X 1
8月交換券(2023) X 1
`*サーヴァント・サマー・フェスティバル2023！開幕記念 ログインボーナス*
*開催期間中、1日1回 最大21回ログインボーナスをプレゼント！*
`白銀の果実 X 1
`_2023-08-28 03:31:48_
--------
*b6bbcdbd5addb82b8007d1a35f461999*
`登陆天数: 38天 / 1094天
等级: 125
石头: 0
呼符: 0
体力: 143399.11333333334 / 137
友情点: 110 / 955770`
*連続ログイン3日目
※ログインが途切れるか、7日到達すると
1日目から再開されます*
`叡智の業火 X 1
8月交換券(2023) X 1
`*サーヴァント・サマー・フェスティバル2023！開幕記念 ログインボーナス*
*開催期間中、1日1回 最大21回ログインボーナスをプレゼント！*
`白銀の果実 X 1
`_2023-08-28 03:32:01_
--------
