【登录信息】
*318194637fc953496e5082ebcbeae7a2*
`登陆天数: 40天 / 1696天
等级: 141
石头: 5
呼符: 0
体力: 26296.296666666665 / 140
友情点: 3230 / 3440100`
*連続ログイン5日目
※ログインが途切れるか、7日到達すると
1日目から再開されます*
`叡智の業火 X 2
8月交換券(2023) X 1
`*サーヴァント・サマー・フェスティバル2023！開幕記念 ログインボーナス*
*開催期間中、1日1回 最大21回ログインボーナスをプレゼント！*
`白銀の果実 X 1
`_2023-08-30 03:31:31_
--------
*9d78e90bb76b42970abd7495d7329768*
`登陆天数: 40天 / 976天
等级: 128
石头: 640
呼符: 68
体力: 57638.7 / 137
友情点: 200 / 846940`
*連続ログイン5日目
※ログインが途切れるか、7日到達すると
1日目から再開されます*
`叡智の業火 X 2
8月交換券(2023) X 1
`*サーヴァント・サマー・フェスティバル2023！開幕記念 ログインボーナス*
*開催期間中、1日1回 最大21回ログインボーナスをプレゼント！*
`白銀の果実 X 1
`_2023-08-30 03:31:40_
--------
*b6bbcdbd5addb82b8007d1a35f461999*
`登陆天数: 40天 / 1096天
等级: 125
石头: 0
呼符: 0
体力: 143975.08 / 137
友情点: 100 / 955940`
*連続ログイン5日目
※ログインが途切れるか、7日到達すると
1日目から再開されます*
`叡智の業火 X 2
8月交換券(2023) X 1
`*サーヴァント・サマー・フェスティバル2023！開幕記念 ログインボーナス*
*開催期間中、1日1回 最大21回ログインボーナスをプレゼント！*
`白銀の果実 X 1
`_2023-08-30 03:31:52_
--------
