【登录信息】
*318194637fc953496e5082ebcbeae7a2*
`登陆天数: 41天 / 1697天
等级: 141
石头: 5
呼符: 0
体力: 26584.3 / 140
友情点: 9860 / 3449960`
*連続ログイン6日目
※ログインが途切れるか、7日到達すると
1日目から再開されます*
`聖晶石 X 2
8月交換券(2023) X 1
`*サーヴァント・サマー・フェスティバル2023！開幕記念 ログインボーナス*
*開催期間中、1日1回 最大21回ログインボーナスをプレゼント！*
`白銀の果実 X 1
`_2023-08-31 03:31:32_
--------
*9d78e90bb76b42970abd7495d7329768*
`登陆天数: 41天 / 977天
等级: 128
石头: 640
呼符: 68
体力: 57926.70333333333 / 137
友情点: 130 / 847070`
*連続ログイン6日目
※ログインが途切れるか、7日到達すると
1日目から再開されます*
`聖晶石 X 2
8月交換券(2023) X 1
`*サーヴァント・サマー・フェスティバル2023！開幕記念 ログインボーナス*
*開催期間中、1日1回 最大21回ログインボーナスをプレゼント！*
`白銀の果実 X 1
`_2023-08-31 03:31:42_
--------
*b6bbcdbd5addb82b8007d1a35f461999*
`登陆天数: 41天 / 1097天
等级: 125
石头: 0
呼符: 0
体力: 144263.08333333334 / 137
友情点: 80 / 956020`
*連続ログイン6日目
※ログインが途切れるか、7日到達すると
1日目から再開されます*
`聖晶石 X 2
8月交換券(2023) X 1
`*サーヴァント・サマー・フェスティバル2023！開幕記念 ログインボーナス*
*開催期間中、1日1回 最大21回ログインボーナスをプレゼント！*
`白銀の果実 X 1
`_2023-08-31 03:31:53_
--------
