【登录信息】
[318194637fc953496e5082ebcbeae7a2]
`登陆天数: 2天 / 1073天
等级: 141
石头: 7
呼符: 0
友情点: 0 / 116274900`
*連続ログイン2日目
※ログインが途切れるか、7日到達すると
1日目から再開されます*
`聖晶石 X 1
12月交換券(2021) X 1
`*幕間の物語キャンペーン 第18弾 特別連続ログインボーナス*
*開催期間中、1日1回 最大5回 特別連続ログインボーナスをプレゼント！*
`叡智の業火 X 3
`_2021-12-05 03:31:36_
--------
[9d78e90bb76b42970abd7495d7329768]
`登陆天数: 2天 / 353天
等级: 128
石头: 6
呼符: 8
友情点: 25 / 697975`
*連続ログイン2日目
※ログインが途切れるか、7日到達すると
1日目から再開されます*
`聖晶石 X 1
12月交換券(2021) X 1
`*幕間の物語キャンペーン 第18弾 特別連続ログインボーナス*
*開催期間中、1日1回 最大5回 特別連続ログインボーナスをプレゼント！*
`叡智の業火 X 3
`_2021-12-05 03:31:44_
--------
