【登录信息】
[318194637fc953496e5082ebcbeae7a2]
`登陆天数: 5天 / 1076天
等级: 141
石头: 27
呼符: 8
友情点: 0 / 116280900`
*連続ログイン5日目
※ログインが途切れるか、7日到達すると
1日目から再開されます*
`叡智の猛火 X 2
12月交換券(2021) X 1
`*幕間の物語キャンペーン 第18弾 特別連続ログインボーナス*
*開催期間中、1日1回 最大5回 特別連続ログインボーナスをプレゼント！*
`呼符 X 1
`_2021-12-08 03:32:15_
--------
[9d78e90bb76b42970abd7495d7329768]
`登陆天数: 5天 / 356天
等级: 128
石头: 6
呼符: 8
友情点: 25 / 698025`
*連続ログイン5日目
※ログインが途切れるか、7日到達すると
1日目から再開されます*
`叡智の猛火 X 2
12月交換券(2021) X 1
`*幕間の物語キャンペーン 第18弾 特別連続ログインボーナス*
*開催期間中、1日1回 最大5回 特別連続ログインボーナスをプレゼント！*
`呼符 X 1
`_2021-12-08 03:32:23_
--------
