【登录信息】
[318194637fc953496e5082ebcbeae7a2]
`登陆天数: 13天 / 1084天
等级: 141
石头: 32
呼符: 9
友情点: 0 / 117271620`
*連続ログイン6日目
※ログインが途切れるか、7日到達すると
1日目から再開されます*
`聖晶石 X 2
12月交換券(2021) X 1
`*「FGO カルデア・サテライトステーション 2021-2022」福岡会場開催直前ログインボーナス*
*開催期間中、1日1回 最大3回 ログインボーナスをプレゼント！*
`黄金の果実 X 1
`_2021-12-16 03:31:48_
--------
[9d78e90bb76b42970abd7495d7329768]
`登陆天数: 13天 / 364天
等级: 128
石头: 128
呼符: 27
友情点: 0 / 716100`
*連続ログイン6日目
※ログインが途切れるか、7日到達すると
1日目から再開されます*
`聖晶石 X 2
12月交換券(2021) X 1
`*「FGO カルデア・サテライトステーション 2021-2022」福岡会場開催直前ログインボーナス*
*開催期間中、1日1回 最大3回 ログインボーナスをプレゼント！*
`黄金の果実 X 1
`_2021-12-16 03:31:56_
--------
