【登录信息】
[318194637fc953496e5082ebcbeae7a2]
`登陆天数: 14天 / 1085天
等级: 141
石头: 32
呼符: 9
友情点: 0 / 117271620`
*連続ログイン7日間到達おめでとうございます！
明日は1日目からリスタートされます。*
`獣の足跡 X 1
呼符 X 1
12月交換券(2021) X 1
`*「FGO カルデア・サテライトステーション 2021-2022」福岡会場開催直前ログインボーナス*
*開催期間中、1日1回 最大3回 ログインボーナスをプレゼント！*
`黄金の果実 X 1
`_2021-12-17 03:32:14_
--------
[9d78e90bb76b42970abd7495d7329768]
`登陆天数: 14天 / 365天
等级: 128
石头: 128
呼符: 27
友情点: 25 / 716125`
*連続ログイン7日間到達おめでとうございます！
明日は1日目からリスタートされます。*
`獣の足跡 X 1
呼符 X 1
12月交換券(2021) X 1
`*「FGO カルデア・サテライトステーション 2021-2022」福岡会場開催直前ログインボーナス*
*開催期間中、1日1回 最大3回 ログインボーナスをプレゼント！*
`黄金の果実 X 1
`_2021-12-17 03:32:22_
--------
