【登录信息】
[318194637fc953496e5082ebcbeae7a2]
`登陆天数: 22天 / 1093天
等级: 141
石头: 32
呼符: 9
友情点: 0 / 117271630`
*連続ログイン1日目
※ログインが途切れるか、7日到達すると
1日目から再開されます*
`フレンドポイント X 2000
12月交換券(2021) X 1
`*マルタ〔サンタ〕からのクリスマスプレゼント*
*開催期間中、初回ログインで「聖晶石×10」をプレゼント！*
`聖晶石 X 10
`_2021-12-25 03:31:52_
--------
[9d78e90bb76b42970abd7495d7329768]
`登陆天数: 22天 / 373天
等级: 128
石头: 128
呼符: 27
友情点: 0 / 716235`
*連続ログイン1日目
※ログインが途切れるか、7日到達すると
1日目から再開されます*
`フレンドポイント X 2000
12月交換券(2021) X 1
`*マルタ〔サンタ〕からのクリスマスプレゼント*
*開催期間中、初回ログインで「聖晶石×10」をプレゼント！*
`聖晶石 X 10
`_2021-12-25 03:32:00_
--------
