【登录信息】
[318194637fc953496e5082ebcbeae7a2]
`登陆天数: 27天 / 1098天
等级: 141
石头: 86
呼符: 12
友情点: 0 / 117277805`
*連続ログイン6日目
※ログインが途切れるか、7日到達すると
1日目から再開されます*
`聖晶石 X 2
12月交換券(2021) X 1
`*Fate Project 大晦日TVスペシャル2021 放送カウントダウンログインボーナス*
*開催期間中、1日1回 3日間日替りでログインボーナスをプレゼント！*
`黄金の果実 X 2
`_2021-12-30 03:31:44_
--------
[9d78e90bb76b42970abd7495d7329768]
`登陆天数: 27天 / 378天
等级: 128
石头: 128
呼符: 27
友情点: 0 / 716410`
*連続ログイン6日目
※ログインが途切れるか、7日到達すると
1日目から再開されます*
`聖晶石 X 2
12月交換券(2021) X 1
`*Fate Project 大晦日TVスペシャル2021 放送カウントダウンログインボーナス*
*開催期間中、1日1回 3日間日替りでログインボーナスをプレゼント！*
`黄金の果実 X 2
`_2021-12-30 03:31:51_
--------
