【登录信息】
*318194637fc953496e5082ebcbeae7a2*
`登陆天数: 119天 / 1819天
等级: 141
石头: 332
呼符: 21
体力: 375.90999999999997 / 140
友情点: 1700 / 3852185`
*連続ログイン7日間到達おめでとうございます！
明日は1日目からリスタートされます。*
`獣の足跡 X 1
呼符 X 1
1月交換券(2024) X 1
`*2024年お正月キャンペーン　三が日限定ログインボーナス*
*開催期間中、三が日限定のログインボーナスをプレゼント！*
`叡智の業火 X 30
QP X 10000000
`_2024-01-01 03:31:51_
--------
*9d78e90bb76b42970abd7495d7329768*
`登陆天数: 119天 / 1099天
等级: 128
石头: 640
呼符: 68
体力: 93350.77 / 137
友情点: 90 / 870125`
*連続ログイン7日間到達おめでとうございます！
明日は1日目からリスタートされます。*
`獣の足跡 X 1
呼符 X 1
1月交換券(2024) X 1
`*2024年お正月キャンペーン　三が日限定ログインボーナス*
*開催期間中、三が日限定のログインボーナスをプレゼント！*
`叡智の業火 X 30
QP X 10000000
`_2024-01-01 03:32:01_
--------
*b6bbcdbd5addb82b8007d1a35f461999*
`登陆天数: 119天 / 1219天
等级: 125
石头: 0
呼符: 0
体力: 179687.15333333332 / 137
友情点: 90 / 987980`
*連続ログイン7日間到達おめでとうございます！
明日は1日目からリスタートされます。*
`獣の足跡 X 1
呼符 X 1
1月交換券(2024) X 1
`*2024年お正月キャンペーン　三が日限定ログインボーナス*
*開催期間中、三が日限定のログインボーナスをプレゼント！*
`叡智の業火 X 30
QP X 10000000
`_2024-01-01 03:32:14_
--------
