【登录信息】
*318194637fc953496e5082ebcbeae7a2*
`登陆天数: 120天 / 1820天
等级: 141
石头: 332
呼符: 21
体力: 663.8533333333334 / 140
友情点: 510 / 3852695`
*連続ログイン1日目
※ログインが途切れるか、7日到達すると
1日目から再開されます*
`フレンドポイント X 2000
1月交換券(2024) X 1
`*2024年お正月キャンペーン　三が日限定ログインボーナス*
*開催期間中、三が日限定のログインボーナスをプレゼント！*
`伝承結晶 X 1
`_2024-01-02 03:31:34_
--------
*9d78e90bb76b42970abd7495d7329768*
`登陆天数: 120天 / 1100天
等级: 128
石头: 640
呼符: 68
体力: 93638.71333333333 / 137
友情点: 50 / 870175`
*連続ログイン1日目
※ログインが途切れるか、7日到達すると
1日目から再開されます*
`フレンドポイント X 2000
1月交換券(2024) X 1
`*2024年お正月キャンペーン　三が日限定ログインボーナス*
*開催期間中、三が日限定のログインボーナスをプレゼント！*
`伝承結晶 X 1
`_2024-01-02 03:31:44_
--------
*b6bbcdbd5addb82b8007d1a35f461999*
`登陆天数: 120天 / 1220天
等级: 125
石头: 0
呼符: 0
体力: 179975.09666666668 / 137
友情点: 0 / 987980`
*連続ログイン1日目
※ログインが途切れるか、7日到達すると
1日目から再開されます*
`フレンドポイント X 2000
1月交換券(2024) X 1
`*2024年お正月キャンペーン　三が日限定ログインボーナス*
*開催期間中、三が日限定のログインボーナスをプレゼント！*
`伝承結晶 X 1
`_2024-01-02 03:31:57_
--------
