【登录信息】
*318194637fc953496e5082ebcbeae7a2*
`登陆天数: 121天 / 1821天
等级: 141
石头: 332
呼符: 21
体力: 951.85 / 140
友情点: 1955 / 3855290`
*連続ログイン2日目
※ログインが途切れるか、7日到達すると
1日目から再開されます*
`聖晶石 X 1
1月交換券(2024) X 1
`*2024年お正月キャンペーン　三が日限定ログインボーナス*
*開催期間中、三が日限定のログインボーナスをプレゼント！*
`聖杯 X 1
`_2024-01-03 03:31:34_
--------
*9d78e90bb76b42970abd7495d7329768*
`登陆天数: 121天 / 1101天
等级: 128
石头: 640
呼符: 68
体力: 93926.71 / 137
友情点: 160 / 870335`
*連続ログイン2日目
※ログインが途切れるか、7日到達すると
1日目から再開されます*
`聖晶石 X 1
1月交換券(2024) X 1
`*2024年お正月キャンペーン　三が日限定ログインボーナス*
*開催期間中、三が日限定のログインボーナスをプレゼント！*
`聖杯 X 1
`_2024-01-03 03:31:44_
--------
*b6bbcdbd5addb82b8007d1a35f461999*
`登陆天数: 121天 / 1221天
等级: 125
石头: 0
呼符: 0
体力: 180263.09666666668 / 137
友情点: 80 / 988060`
*連続ログイン2日目
※ログインが途切れるか、7日到達すると
1日目から再開されます*
`聖晶石 X 1
1月交換券(2024) X 1
`*2024年お正月キャンペーン　三が日限定ログインボーナス*
*開催期間中、三が日限定のログインボーナスをプレゼント！*
`聖杯 X 1
`_2024-01-03 03:31:56_
--------
