【登录信息】
*318194637fc953496e5082ebcbeae7a2*
`登陆天数: 122天 / 1822天
等级: 141
石头: 332
呼符: 21
体力: 1239.8666666666666 / 140
友情点: 1020 / 3856310`
*連続ログイン3日目
※ログインが途切れるか、7日到達すると
1日目から再開されます*
`叡智の業火 X 1
1月交換券(2024) X 1
`*2024年お正月キャンペーン 10万リポスト達成プレゼント*
*開催期間中、初回ログインでお正月限定概念礼装&2024万QPをプレゼント！*
`ドラゴン・ダンス X 1
QP X 20240000
`_2024-01-04 03:31:39_
--------
*9d78e90bb76b42970abd7495d7329768*
`登陆天数: 122天 / 1102天
等级: 128
石头: 640
呼符: 68
体力: 94214.73 / 137
友情点: 40 / 870775`
*連続ログイン3日目
※ログインが途切れるか、7日到達すると
1日目から再開されます*
`叡智の業火 X 1
1月交換券(2024) X 1
`*2024年お正月キャンペーン 10万リポスト達成プレゼント*
*開催期間中、初回ログインでお正月限定概念礼装&2024万QPをプレゼント！*
`ドラゴン・ダンス X 1
QP X 20240000
`_2024-01-04 03:31:49_
--------
*b6bbcdbd5addb82b8007d1a35f461999*
`登陆天数: 122天 / 1222天
等级: 125
石头: 0
呼符: 0
体力: 180551.11333333334 / 137
友情点: 10 / 988070`
*連続ログイン3日目
※ログインが途切れるか、7日到達すると
1日目から再開されます*
`叡智の業火 X 1
1月交換券(2024) X 1
`*2024年お正月キャンペーン 10万リポスト達成プレゼント*
*開催期間中、初回ログインでお正月限定概念礼装&2024万QPをプレゼント！*
`ドラゴン・ダンス X 1
QP X 20240000
`_2024-01-04 03:32:02_
--------
