【登录信息】
*318194637fc953496e5082ebcbeae7a2*
`登陆天数: 123天 / 1823天
等级: 141
石头: 332
呼符: 21
体力: 1527.8766666666668 / 140
友情点: 850 / 3857160`
*連続ログイン4日目
※ログインが途切れるか、7日到達すると
1日目から再開されます*
`聖晶石 X 1
1月交換券(2024) X 1
`_2024-01-05 03:31:41_
--------
*9d78e90bb76b42970abd7495d7329768*
`登陆天数: 123天 / 1103天
等级: 128
石头: 640
呼符: 68
体力: 94502.73666666666 / 137
友情点: 40 / 870815`
*連続ログイン4日目
※ログインが途切れるか、7日到達すると
1日目から再開されます*
`聖晶石 X 1
1月交換券(2024) X 1
`_2024-01-05 03:31:51_
--------
*b6bbcdbd5addb82b8007d1a35f461999*
`登陆天数: 123天 / 1223天
等级: 125
石头: 0
呼符: 0
体力: 180839.12 / 137
友情点: 50 / 988120`
*連続ログイン4日目
※ログインが途切れるか、7日到達すると
1日目から再開されます*
`聖晶石 X 1
1月交換券(2024) X 1
`_2024-01-05 03:32:03_
--------
