【登录信息】
*318194637fc953496e5082ebcbeae7a2*
`登陆天数: 124天 / 1824天
等级: 141
石头: 332
呼符: 21
体力: 1815.84 / 140
友情点: 340 / 3857500`
*連続ログイン5日目
※ログインが途切れるか、7日到達すると
1日目から再開されます*
`叡智の業火 X 2
1月交換券(2024) X 1
`_2024-01-06 03:31:30_
--------
*9d78e90bb76b42970abd7495d7329768*
`登陆天数: 124天 / 1104天
等级: 128
石头: 640
呼符: 68
体力: 94790.69666666667 / 137
友情点: 30 / 870845`
*連続ログイン5日目
※ログインが途切れるか、7日到達すると
1日目から再開されます*
`叡智の業火 X 2
1月交換券(2024) X 1
`_2024-01-06 03:31:40_
--------
*b6bbcdbd5addb82b8007d1a35f461999*
`登陆天数: 124天 / 1224天
等级: 125
石头: 0
呼符: 0
体力: 181127.08666666667 / 137
友情点: 70 / 988200`
*連続ログイン5日目
※ログインが途切れるか、7日到達すると
1日目から再開されます*
`叡智の業火 X 2
1月交換券(2024) X 1
`_2024-01-06 03:31:53_
--------
