【登录信息】
*318194637fc953496e5082ebcbeae7a2*
`登陆天数: 125天 / 1825天
等级: 141
石头: 332
呼符: 21
体力: 2103.8533333333335 / 140
友情点: 1105 / 3858605`
*連続ログイン6日目
※ログインが途切れるか、7日到達すると
1日目から再開されます*
`聖晶石 X 2
1月交換券(2024) X 1
`_2024-01-07 03:31:34_
--------
*9d78e90bb76b42970abd7495d7329768*
`登陆天数: 125天 / 1105天
等级: 128
石头: 640
呼符: 68
体力: 95078.71333333333 / 137
友情点: 20 / 870865`
*連続ログイン6日目
※ログインが途切れるか、7日到達すると
1日目から再開されます*
`聖晶石 X 2
1月交換券(2024) X 1
`_2024-01-07 03:31:44_
--------
*b6bbcdbd5addb82b8007d1a35f461999*
`登陆天数: 125天 / 1225天
等级: 125
石头: 0
呼符: 0
体力: 181415.1 / 137
友情点: 90 / 988290`
*連続ログイン6日目
※ログインが途切れるか、7日到達すると
1日目から再開されます*
`聖晶石 X 2
1月交換券(2024) X 1
`_2024-01-07 03:31:57_
--------
