【登录信息】
*318194637fc953496e5082ebcbeae7a2*
`登陆天数: 126天 / 1826天
等级: 141
石头: 332
呼符: 21
体力: 2391.91 / 140
友情点: 2635 / 3861260`
*連続ログイン7日間到達おめでとうございます！
明日は1日目からリスタートされます。*
`獣の足跡 X 1
呼符 X 1
1月交換券(2024) X 1
`_2024-01-08 03:31:51_
--------
*9d78e90bb76b42970abd7495d7329768*
`登陆天数: 126天 / 1106天
等级: 128
石头: 640
呼符: 68
体力: 95366.77 / 137
友情点: 0 / 870865`
*連続ログイン7日間到達おめでとうございます！
明日は1日目からリスタートされます。*
`獣の足跡 X 1
呼符 X 1
1月交換券(2024) X 1
`_2024-01-08 03:32:01_
--------
*b6bbcdbd5addb82b8007d1a35f461999*
`登陆天数: 126天 / 1226天
等级: 125
石头: 0
呼符: 0
体力: 181703.15666666668 / 137
友情点: 20 / 988310`
*連続ログイン7日間到達おめでとうございます！
明日は1日目からリスタートされます。*
`獣の足跡 X 1
呼符 X 1
1月交換券(2024) X 1
`_2024-01-08 03:32:14_
--------
