【登录信息】
*318194637fc953496e5082ebcbeae7a2*
`登陆天数: 1天 / 1827天
等级: 141
石头: 332
呼符: 21
体力: 2967.866666666667 / 140
友情点: 1360 / 3862630`
*連続ログイン1日目
※ログインが途切れるか、7日到達すると
1日目から再開されます*
`フレンドポイント X 2000
1月交換券(2024) X 1
`_2024-01-10 03:31:37_
--------
*9d78e90bb76b42970abd7495d7329768*
`登陆天数: 1天 / 1107天
等级: 128
石头: 640
呼符: 68
体力: 95942.72666666667 / 137
友情点: 110 / 870975`
*連続ログイン1日目
※ログインが途切れるか、7日到達すると
1日目から再開されます*
`フレンドポイント X 2000
1月交換券(2024) X 1
`_2024-01-10 03:31:48_
--------
*b6bbcdbd5addb82b8007d1a35f461999*
`登陆天数: 1天 / 1227天
等级: 125
石头: 0
呼符: 0
体力: 182279.11666666667 / 137
友情点: 110 / 988420`
*連続ログイン1日目
※ログインが途切れるか、7日到達すると
1日目から再開されます*
`フレンドポイント X 2000
1月交換券(2024) X 1
`_2024-01-10 03:32:02_
--------
