【登录信息】
*318194637fc953496e5082ebcbeae7a2*
`登陆天数: 2天 / 1828天
等级: 141
石头: 332
呼符: 21
体力: 3255.9133333333334 / 140
友情点: 425 / 3863055`
*連続ログイン2日目
※ログインが途切れるか、7日到達すると
1日目から再開されます*
`聖晶石 X 1
1月交換券(2024) X 1
`*「FGO カルデア・サテライトステーション 2023-2024」宮崎会場開催直前 ログインボーナス*
*開催期間中、1日1回 最大3回 ログインボーナスをプレゼント！*
`黄金の果実 X 1
`_2024-01-11 03:31:51_
--------
*9d78e90bb76b42970abd7495d7329768*
`登陆天数: 2天 / 1108天
等级: 128
石头: 640
呼符: 68
体力: 96230.77666666667 / 137
友情点: 40 / 871015`
*連続ログイン2日目
※ログインが途切れるか、7日到達すると
1日目から再開されます*
`聖晶石 X 1
1月交換券(2024) X 1
`*「FGO カルデア・サテライトステーション 2023-2024」宮崎会場開催直前 ログインボーナス*
*開催期間中、1日1回 最大3回 ログインボーナスをプレゼント！*
`黄金の果実 X 1
`_2024-01-11 03:32:02_
--------
*b6bbcdbd5addb82b8007d1a35f461999*
`登陆天数: 2天 / 1228天
等级: 125
石头: 0
呼符: 0
体力: 182567.16666666666 / 137
友情点: 40 / 988460`
*連続ログイン2日目
※ログインが途切れるか、7日到達すると
1日目から再開されます*
`聖晶石 X 1
1月交換券(2024) X 1
`*「FGO カルデア・サテライトステーション 2023-2024」宮崎会場開催直前 ログインボーナス*
*開催期間中、1日1回 最大3回 ログインボーナスをプレゼント！*
`黄金の果実 X 1
`_2024-01-11 03:32:17_
--------
