【登录信息】
*318194637fc953496e5082ebcbeae7a2*
`登陆天数: 3天 / 1829天
等级: 141
石头: 332
呼符: 21
体力: 3543.923333333333 / 140
友情点: 1530 / 3864585`
*連続ログイン3日目
※ログインが途切れるか、7日到達すると
1日目から再開されます*
`叡智の業火 X 1
1月交換券(2024) X 1
`*「FGO カルデア・サテライトステーション 2023-2024」宮崎会場開催直前 ログインボーナス*
*開催期間中、1日1回 最大3回 ログインボーナスをプレゼント！*
`黄金の果実 X 1
`_2024-01-12 03:31:55_
--------
*9d78e90bb76b42970abd7495d7329768*
`登陆天数: 3天 / 1109天
等级: 128
石头: 640
呼符: 68
体力: 96518.78333333334 / 137
友情点: 170 / 871185`
*連続ログイン3日目
※ログインが途切れるか、7日到達すると
1日目から再開されます*
`叡智の業火 X 1
1月交換券(2024) X 1
`*「FGO カルデア・サテライトステーション 2023-2024」宮崎会場開催直前 ログインボーナス*
*開催期間中、1日1回 最大3回 ログインボーナスをプレゼント！*
`黄金の果実 X 1
`_2024-01-12 03:32:05_
--------
*b6bbcdbd5addb82b8007d1a35f461999*
`登陆天数: 3天 / 1229天
等级: 125
石头: 0
呼符: 0
体力: 182855.17333333334 / 137
友情点: 130 / 988590`
*連続ログイン3日目
※ログインが途切れるか、7日到達すると
1日目から再開されます*
`叡智の業火 X 1
1月交換券(2024) X 1
`*「FGO カルデア・サテライトステーション 2023-2024」宮崎会場開催直前 ログインボーナス*
*開催期間中、1日1回 最大3回 ログインボーナスをプレゼント！*
`黄金の果実 X 1
`_2024-01-12 03:32:19_
--------
