【登录信息】
*318194637fc953496e5082ebcbeae7a2*
`登陆天数: 4天 / 1830天
等级: 141
石头: 332
呼符: 21
体力: 3831.83 / 140
友情点: 1360 / 3865945`
*連続ログイン4日目
※ログインが途切れるか、7日到達すると
1日目から再開されます*
`聖晶石 X 1
1月交換券(2024) X 1
`*「FGO カルデア・サテライトステーション 2023-2024」宮崎会場開催直前 ログインボーナス*
*開催期間中、1日1回 最大3回 ログインボーナスをプレゼント！*
`黄金の果実 X 1
`_2024-01-13 03:31:26_
--------
*9d78e90bb76b42970abd7495d7329768*
`登陆天数: 4天 / 1110天
等级: 128
石头: 640
呼符: 68
体力: 96806.69 / 137
友情点: 90 / 871275`
*連続ログイン4日目
※ログインが途切れるか、7日到達すると
1日目から再開されます*
`聖晶石 X 1
1月交換券(2024) X 1
`*「FGO カルデア・サテライトステーション 2023-2024」宮崎会場開催直前 ログインボーナス*
*開催期間中、1日1回 最大3回 ログインボーナスをプレゼント！*
`黄金の果実 X 1
`_2024-01-13 03:31:37_
--------
*b6bbcdbd5addb82b8007d1a35f461999*
`登陆天数: 4天 / 1230天
等级: 125
石头: 0
呼符: 0
体力: 183143.07666666666 / 137
友情点: 40 / 988630`
*連続ログイン4日目
※ログインが途切れるか、7日到達すると
1日目から再開されます*
`聖晶石 X 1
1月交換券(2024) X 1
`*「FGO カルデア・サテライトステーション 2023-2024」宮崎会場開催直前 ログインボーナス*
*開催期間中、1日1回 最大3回 ログインボーナスをプレゼント！*
`黄金の果実 X 1
`_2024-01-13 03:31:50_
--------
