【登录信息】
*318194637fc953496e5082ebcbeae7a2*
`登陆天数: 5天 / 1831天
等级: 141
石头: 332
呼符: 21
体力: 4119.860000000001 / 140
友情点: 595 / 3866540`
*連続ログイン5日目
※ログインが途切れるか、7日到達すると
1日目から再開されます*
`叡智の業火 X 2
1月交換券(2024) X 1
`*「FGO カルデア・サテライトステーション 2023-2024」宮崎会場開催記念 3万リポスト達成プレゼント*
*開催期間中、初回ログインで「聖晶石×6」をプレゼント！*
`聖晶石 X 6
`_2024-01-14 03:31:36_
--------
*9d78e90bb76b42970abd7495d7329768*
`登陆天数: 5天 / 1111天
等级: 128
石头: 640
呼符: 68
体力: 97094.72333333333 / 137
友情点: 60 / 871335`
*連続ログイン5日目
※ログインが途切れるか、7日到達すると
1日目から再開されます*
`叡智の業火 X 2
1月交換券(2024) X 1
`*「FGO カルデア・サテライトステーション 2023-2024」宮崎会場開催記念 3万リポスト達成プレゼント*
*開催期間中、初回ログインで「聖晶石×6」をプレゼント！*
`聖晶石 X 6
`_2024-01-14 03:31:47_
--------
*b6bbcdbd5addb82b8007d1a35f461999*
`登陆天数: 5天 / 1231天
等级: 125
石头: 0
呼符: 0
体力: 183431.11 / 137
友情点: 30 / 988660`
*連続ログイン5日目
※ログインが途切れるか、7日到達すると
1日目から再開されます*
`叡智の業火 X 2
1月交換券(2024) X 1
`*「FGO カルデア・サテライトステーション 2023-2024」宮崎会場開催記念 3万リポスト達成プレゼント*
*開催期間中、初回ログインで「聖晶石×6」をプレゼント！*
`聖晶石 X 6
`_2024-01-14 03:32:00_
--------
