【登录信息】
*318194637fc953496e5082ebcbeae7a2*
`登陆天数: 6天 / 1832天
等级: 141
石头: 332
呼符: 21
体力: 4407.89 / 140
友情点: 425 / 3866965`
*連続ログイン6日目
※ログインが途切れるか、7日到達すると
1日目から再開されます*
`聖晶石 X 2
1月交換券(2024) X 1
`*Fate/Samurai Remnant×Fate/Grand Order
コラボレーションイベント
開幕直前特別ログインボーナス*
*開催期間中、1日1回 最大7回ログインボーナスをプレゼント！*
`聖晶石 X 1
`_2024-01-15 03:31:44_
--------
*9d78e90bb76b42970abd7495d7329768*
`登陆天数: 6天 / 1112天
等级: 128
石头: 640
呼符: 68
体力: 97382.74666666667 / 137
友情点: 40 / 871375`
*連続ログイン6日目
※ログインが途切れるか、7日到達すると
1日目から再開されます*
`聖晶石 X 2
1月交換券(2024) X 1
`*Fate/Samurai Remnant×Fate/Grand Order
コラボレーションイベント
開幕直前特別ログインボーナス*
*開催期間中、1日1回 最大7回ログインボーナスをプレゼント！*
`聖晶石 X 1
`_2024-01-15 03:31:55_
--------
*b6bbcdbd5addb82b8007d1a35f461999*
`登陆天数: 6天 / 1232天
等级: 125
石头: 0
呼符: 0
体力: 183719.13333333333 / 137
友情点: 50 / 988710`
*連続ログイン6日目
※ログインが途切れるか、7日到達すると
1日目から再開されます*
`聖晶石 X 2
1月交換券(2024) X 1
`*Fate/Samurai Remnant×Fate/Grand Order
コラボレーションイベント
開幕直前特別ログインボーナス*
*開催期間中、1日1回 最大7回ログインボーナスをプレゼント！*
`聖晶石 X 1
`_2024-01-15 03:32:07_
--------
