【登录信息】
*318194637fc953496e5082ebcbeae7a2*
`登陆天数: 7天 / 1833天
等级: 141
石头: 332
呼符: 21
体力: 4695.83 / 140
友情点: 2635 / 3869600`
*連続ログイン7日間到達おめでとうございます！
明日は1日目からリスタートされます。*
`獣の足跡 X 1
呼符 X 1
1月交換券(2024) X 1
`*Fate/Samurai Remnant×Fate/Grand Order
コラボレーションイベント
開幕直前特別ログインボーナス*
*開催期間中、1日1回 最大7回ログインボーナスをプレゼント！*
`QP X 2000000
聖晶石 X 1
`_2024-01-16 03:31:26_
--------
*9d78e90bb76b42970abd7495d7329768*
`登陆天数: 7天 / 1113天
等级: 128
石头: 640
呼符: 68
体力: 97670.69 / 137
友情点: 150 / 871525`
*連続ログイン7日間到達おめでとうございます！
明日は1日目からリスタートされます。*
`獣の足跡 X 1
呼符 X 1
1月交換券(2024) X 1
`*Fate/Samurai Remnant×Fate/Grand Order
コラボレーションイベント
開幕直前特別ログインボーナス*
*開催期間中、1日1回 最大7回ログインボーナスをプレゼント！*
`QP X 2000000
聖晶石 X 1
`_2024-01-16 03:31:37_
--------
*b6bbcdbd5addb82b8007d1a35f461999*
`登陆天数: 7天 / 1233天
等级: 125
石头: 0
呼符: 0
体力: 184007.08 / 137
友情点: 200 / 988910`
*連続ログイン7日間到達おめでとうございます！
明日は1日目からリスタートされます。*
`獣の足跡 X 1
呼符 X 1
1月交換券(2024) X 1
`*Fate/Samurai Remnant×Fate/Grand Order
コラボレーションイベント
開幕直前特別ログインボーナス*
*開催期間中、1日1回 最大7回ログインボーナスをプレゼント！*
`QP X 2000000
聖晶石 X 1
`_2024-01-16 03:31:50_
--------
