【登录信息】
*318194637fc953496e5082ebcbeae7a2*
`登陆天数: 8天 / 1834天
等级: 141
石头: 332
呼符: 21
体力: 4983.863333333334 / 140
友情点: 680 / 3870280`
*連続ログイン1日目
※ログインが途切れるか、7日到達すると
1日目から再開されます*
`フレンドポイント X 2000
1月交換券(2024) X 1
`*Fate/Samurai Remnant×Fate/Grand Order
コラボレーションイベント
開幕直前特別ログインボーナス*
*開催期間中、1日1回 最大7回ログインボーナスをプレゼント！*
`聖晶石 X 1
白銀の果実 X 1
`_2024-01-17 03:31:37_
--------
*9d78e90bb76b42970abd7495d7329768*
`登陆天数: 8天 / 1114天
等级: 128
石头: 640
呼符: 68
体力: 97958.72666666667 / 137
友情点: 60 / 871585`
*連続ログイン1日目
※ログインが途切れるか、7日到達すると
1日目から再開されます*
`フレンドポイント X 2000
1月交換券(2024) X 1
`*Fate/Samurai Remnant×Fate/Grand Order
コラボレーションイベント
開幕直前特別ログインボーナス*
*開催期間中、1日1回 最大7回ログインボーナスをプレゼント！*
`聖晶石 X 1
白銀の果実 X 1
`_2024-01-17 03:31:48_
--------
*b6bbcdbd5addb82b8007d1a35f461999*
`登陆天数: 8天 / 1234天
等级: 125
石头: 0
呼符: 0
体力: 184295.11333333334 / 137
友情点: 50 / 988960`
*連続ログイン1日目
※ログインが途切れるか、7日到達すると
1日目から再開されます*
`フレンドポイント X 2000
1月交換券(2024) X 1
`*Fate/Samurai Remnant×Fate/Grand Order
コラボレーションイベント
開幕直前特別ログインボーナス*
*開催期間中、1日1回 最大7回ログインボーナスをプレゼント！*
`聖晶石 X 1
白銀の果実 X 1
`_2024-01-17 03:32:01_
--------
