【登录信息】
*318194637fc953496e5082ebcbeae7a2*
`登陆天数: 9天 / 1835天
等级: 141
石头: 332
呼符: 21
体力: 5271.856666666667 / 140
友情点: 680 / 3870960`
*連続ログイン2日目
※ログインが途切れるか、7日到達すると
1日目から再開されます*
`聖晶石 X 1
1月交換券(2024) X 1
`*Fate/Samurai Remnant×Fate/Grand Order
コラボレーションイベント
開幕直前特別ログインボーナス*
*開催期間中、1日1回 最大7回ログインボーナスをプレゼント！*
`英霊結晶・星のフォウくん X 5
聖晶石 X 1
`_2024-01-18 03:31:36_
--------
*9d78e90bb76b42970abd7495d7329768*
`登陆天数: 9天 / 1115天
等级: 128
石头: 640
呼符: 68
体力: 98246.71666666666 / 137
友情点: 50 / 871635`
*連続ログイン2日目
※ログインが途切れるか、7日到達すると
1日目から再開されます*
`聖晶石 X 1
1月交換券(2024) X 1
`*Fate/Samurai Remnant×Fate/Grand Order
コラボレーションイベント
開幕直前特別ログインボーナス*
*開催期間中、1日1回 最大7回ログインボーナスをプレゼント！*
`英霊結晶・星のフォウくん X 5
聖晶石 X 1
`_2024-01-18 03:31:45_
--------
*b6bbcdbd5addb82b8007d1a35f461999*
`登陆天数: 9天 / 1235天
等级: 125
石头: 0
呼符: 0
体力: 184583.10333333333 / 137
友情点: 100 / 989060`
*連続ログイン2日目
※ログインが途切れるか、7日到達すると
1日目から再開されます*
`聖晶石 X 1
1月交換券(2024) X 1
`*Fate/Samurai Remnant×Fate/Grand Order
コラボレーションイベント
開幕直前特別ログインボーナス*
*開催期間中、1日1回 最大7回ログインボーナスをプレゼント！*
`英霊結晶・星のフォウくん X 5
聖晶石 X 1
`_2024-01-18 03:31:58_
--------
