【登录信息】
*318194637fc953496e5082ebcbeae7a2*
`登陆天数: 10天 / 1836天
等级: 141
石头: 332
呼符: 21
体力: 5559.9 / 140
友情点: 1020 / 3871990`
*連続ログイン3日目
※ログインが途切れるか、7日到達すると
1日目から再開されます*
`叡智の業火 X 1
1月交換券(2024) X 1
`*Fate/Samurai Remnant×Fate/Grand Order
コラボレーションイベント
開幕直前特別ログインボーナス*
*開催期間中、1日1回 最大7回ログインボーナスをプレゼント！*
`英霊結晶・太陽のフォウくん X 5
聖晶石 X 1
`_2024-01-19 03:31:47_
--------
*9d78e90bb76b42970abd7495d7329768*
`登陆天数: 10天 / 1116天
等级: 128
石头: 640
呼符: 68
体力: 98534.76333333334 / 137
友情点: 50 / 872085`
*連続ログイン3日目
※ログインが途切れるか、7日到達すると
1日目から再開されます*
`叡智の業火 X 1
1月交換券(2024) X 1
`*Fate/Samurai Remnant×Fate/Grand Order
コラボレーションイベント
開幕直前特別ログインボーナス*
*開催期間中、1日1回 最大7回ログインボーナスをプレゼント！*
`英霊結晶・太陽のフォウくん X 5
聖晶石 X 1
`_2024-01-19 03:31:58_
--------
*b6bbcdbd5addb82b8007d1a35f461999*
`登陆天数: 10天 / 1236天
等级: 125
石头: 0
呼符: 0
体力: 184871.15 / 137
友情点: 10 / 989070`
*連続ログイン3日目
※ログインが途切れるか、7日到達すると
1日目から再開されます*
`叡智の業火 X 1
1月交換券(2024) X 1
`*Fate/Samurai Remnant×Fate/Grand Order
コラボレーションイベント
開幕直前特別ログインボーナス*
*開催期間中、1日1回 最大7回ログインボーナスをプレゼント！*
`英霊結晶・太陽のフォウくん X 5
聖晶石 X 1
`_2024-01-19 03:32:12_
--------
