【登录信息】
*318194637fc953496e5082ebcbeae7a2*
`登陆天数: 11天 / 1837天
等级: 141
石头: 332
呼符: 21
体力: 5847.866666666667 / 140
友情点: 1530 / 3873520`
*連続ログイン4日目
※ログインが途切れるか、7日到達すると
1日目から再開されます*
`聖晶石 X 1
1月交換券(2024) X 1
`*Fate/Samurai Remnant×Fate/Grand Order
コラボレーションイベント
開幕直前特別ログインボーナス*
*開催期間中、1日1回 最大7回ログインボーナスをプレゼント！*
`聖晶石 X 1
マナプリズム X 50
`_2024-01-20 03:31:38_
--------
*9d78e90bb76b42970abd7495d7329768*
`登陆天数: 11天 / 1117天
等级: 128
石头: 640
呼符: 68
体力: 98822.72666666667 / 137
友情点: 110 / 872195`
*連続ログイン4日目
※ログインが途切れるか、7日到達すると
1日目から再開されます*
`聖晶石 X 1
1月交換券(2024) X 1
`*Fate/Samurai Remnant×Fate/Grand Order
コラボレーションイベント
開幕直前特別ログインボーナス*
*開催期間中、1日1回 最大7回ログインボーナスをプレゼント！*
`聖晶石 X 1
マナプリズム X 50
`_2024-01-20 03:31:48_
--------
*b6bbcdbd5addb82b8007d1a35f461999*
`登陆天数: 11天 / 1237天
等级: 125
石头: 0
呼符: 0
体力: 185159.11666666667 / 137
友情点: 20 / 989090`
*連続ログイン4日目
※ログインが途切れるか、7日到達すると
1日目から再開されます*
`聖晶石 X 1
1月交換券(2024) X 1
`*Fate/Samurai Remnant×Fate/Grand Order
コラボレーションイベント
開幕直前特別ログインボーナス*
*開催期間中、1日1回 最大7回ログインボーナスをプレゼント！*
`聖晶石 X 1
マナプリズム X 50
`_2024-01-20 03:32:02_
--------
