【登录信息】
*318194637fc953496e5082ebcbeae7a2*
`登陆天数: 12天 / 1838天
等级: 141
石头: 332
呼符: 21
体力: 6135.89 / 140
友情点: 2805 / 3876325`
*連続ログイン5日目
※ログインが途切れるか、7日到達すると
1日目から再開されます*
`叡智の業火 X 2
1月交換券(2024) X 1
`*盈月剣風帖開幕記念 ログインボーナス*
*開催期間中、1日1回 最大21回ログインボーナスをプレゼント！*
`白銀の果実 X 1
`_2024-01-21 03:31:45_
--------
*9d78e90bb76b42970abd7495d7329768*
`登陆天数: 12天 / 1118天
等级: 128
石头: 640
呼符: 68
体力: 99110.75333333333 / 137
友情点: 190 / 872385`
*連続ログイン5日目
※ログインが途切れるか、7日到達すると
1日目から再開されます*
`叡智の業火 X 2
1月交換券(2024) X 1
`*盈月剣風帖開幕記念 ログインボーナス*
*開催期間中、1日1回 最大21回ログインボーナスをプレゼント！*
`白銀の果実 X 1
`_2024-01-21 03:31:56_
--------
*b6bbcdbd5addb82b8007d1a35f461999*
`登陆天数: 12天 / 1238天
等级: 125
石头: 0
呼符: 0
体力: 185447.14 / 137
友情点: 170 / 989260`
*連続ログイン5日目
※ログインが途切れるか、7日到達すると
1日目から再開されます*
`叡智の業火 X 2
1月交換券(2024) X 1
`*盈月剣風帖開幕記念 ログインボーナス*
*開催期間中、1日1回 最大21回ログインボーナスをプレゼント！*
`白銀の果実 X 1
`_2024-01-21 03:32:09_
--------
