【登录信息】
*318194637fc953496e5082ebcbeae7a2*
`登陆天数: 13天 / 1839天
等级: 141
石头: 332
呼符: 21
体力: 6423.886666666666 / 140
友情点: 4420 / 3880745`
*連続ログイン6日目
※ログインが途切れるか、7日到達すると
1日目から再開されます*
`聖晶石 X 2
1月交換券(2024) X 1
`*盈月剣風帖開幕記念 ログインボーナス*
*開催期間中、1日1回 最大21回ログインボーナスをプレゼント！*
`白銀の果実 X 1
`_2024-01-22 03:31:43_
--------
*9d78e90bb76b42970abd7495d7329768*
`登陆天数: 13天 / 1119天
等级: 128
石头: 640
呼符: 68
体力: 99398.75 / 137
友情点: 120 / 872505`
*連続ログイン6日目
※ログインが途切れるか、7日到達すると
1日目から再開されます*
`聖晶石 X 2
1月交換券(2024) X 1
`*盈月剣風帖開幕記念 ログインボーナス*
*開催期間中、1日1回 最大21回ログインボーナスをプレゼント！*
`白銀の果実 X 1
`_2024-01-22 03:31:54_
--------
*b6bbcdbd5addb82b8007d1a35f461999*
`登陆天数: 13天 / 1239天
等级: 125
石头: 0
呼符: 0
体力: 185735.13666666666 / 137
友情点: 120 / 989380`
*連続ログイン6日目
※ログインが途切れるか、7日到達すると
1日目から再開されます*
`聖晶石 X 2
1月交換券(2024) X 1
`*盈月剣風帖開幕記念 ログインボーナス*
*開催期間中、1日1回 最大21回ログインボーナスをプレゼント！*
`白銀の果実 X 1
`_2024-01-22 03:32:08_
--------
