【登录信息】
*318194637fc953496e5082ebcbeae7a2*
`登陆天数: 14天 / 1840天
等级: 141
石头: 332
呼符: 21
体力: 6711.93 / 140
友情点: 1020 / 3881765`
*連続ログイン7日間到達おめでとうございます！
明日は1日目からリスタートされます。*
`獣の足跡 X 1
呼符 X 1
1月交換券(2024) X 1
`*リリース3100日突破キャンペーン 初回ログインボーナス*
*開催期間中、初回ログインで「聖晶石×10」をプレゼント！*
`聖晶石 X 10
`_2024-01-23 03:31:57_
--------
*9d78e90bb76b42970abd7495d7329768*
`登陆天数: 14天 / 1120天
等级: 128
石头: 640
呼符: 68
体力: 99686.79 / 137
友情点: 50 / 872555`
*連続ログイン7日間到達おめでとうございます！
明日は1日目からリスタートされます。*
`獣の足跡 X 1
呼符 X 1
1月交換券(2024) X 1
`*リリース3100日突破キャンペーン 初回ログインボーナス*
*開催期間中、初回ログインで「聖晶石×10」をプレゼント！*
`聖晶石 X 10
`_2024-01-23 03:32:07_
--------
*b6bbcdbd5addb82b8007d1a35f461999*
`登陆天数: 14天 / 1240天
等级: 125
石头: 0
呼符: 0
体力: 186023.17666666667 / 137
友情点: 120 / 989500`
*連続ログイン7日間到達おめでとうございます！
明日は1日目からリスタートされます。*
`獣の足跡 X 1
呼符 X 1
1月交換券(2024) X 1
`*リリース3100日突破キャンペーン 初回ログインボーナス*
*開催期間中、初回ログインで「聖晶石×10」をプレゼント！*
`聖晶石 X 10
`_2024-01-23 03:32:20_
--------
