【登录信息】
*318194637fc953496e5082ebcbeae7a2*
`登陆天数: 16天 / 1842天
等级: 141
石头: 332
呼符: 21
体力: 7287.876666666667 / 140
友情点: 1530 / 3884910`
*連続ログイン2日目
※ログインが途切れるか、7日到達すると
1日目から再開されます*
`聖晶石 X 1
1月交換券(2024) X 1
`*盈月剣風帖開幕記念 ログインボーナス*
*開催期間中、1日1回 最大21回ログインボーナスをプレゼント！*
`黄金の果実 X 1
`_2024-01-25 03:31:41_
--------
*9d78e90bb76b42970abd7495d7329768*
`登陆天数: 16天 / 1122天
等级: 128
石头: 640
呼符: 68
体力: 100262.73666666666 / 137
友情点: 80 / 872725`
*連続ログイン2日目
※ログインが途切れるか、7日到達すると
1日目から再開されます*
`聖晶石 X 1
1月交換券(2024) X 1
`*盈月剣風帖開幕記念 ログインボーナス*
*開催期間中、1日1回 最大21回ログインボーナスをプレゼント！*
`黄金の果実 X 1
`_2024-01-25 03:31:51_
--------
*b6bbcdbd5addb82b8007d1a35f461999*
`登陆天数: 16天 / 1242天
等级: 125
石头: 0
呼符: 0
体力: 186599.12666666668 / 137
友情点: 120 / 989700`
*連続ログイン2日目
※ログインが途切れるか、7日到達すると
1日目から再開されます*
`聖晶石 X 1
1月交換券(2024) X 1
`*盈月剣風帖開幕記念 ログインボーナス*
*開催期間中、1日1回 最大21回ログインボーナスをプレゼント！*
`黄金の果実 X 1
`_2024-01-25 03:32:04_
--------
