【登录信息】
*318194637fc953496e5082ebcbeae7a2*
`登陆天数: 17天 / 1843天
等级: 141
石头: 332
呼符: 21
体力: 7575.886666666666 / 140
友情点: 1275 / 3886185`
*連続ログイン3日目
※ログインが途切れるか、7日到達すると
1日目から再開されます*
`叡智の業火 X 1
1月交換券(2024) X 1
`*盈月剣風帖開幕記念 ログインボーナス*
*開催期間中、1日1回 最大21回ログインボーナスをプレゼント！*
`白銀の果実 X 1
`_2024-01-26 03:31:44_
--------
*9d78e90bb76b42970abd7495d7329768*
`登陆天数: 17天 / 1123天
等级: 128
石头: 640
呼符: 68
体力: 100550.74666666667 / 137
友情点: 80 / 872805`
*連続ログイン3日目
※ログインが途切れるか、7日到達すると
1日目から再開されます*
`叡智の業火 X 1
1月交換券(2024) X 1
`*盈月剣風帖開幕記念 ログインボーナス*
*開催期間中、1日1回 最大21回ログインボーナスをプレゼント！*
`白銀の果実 X 1
`_2024-01-26 03:31:54_
--------
*b6bbcdbd5addb82b8007d1a35f461999*
`登陆天数: 17天 / 1243天
等级: 125
石头: 0
呼符: 0
体力: 186887.13333333333 / 137
友情点: 100 / 989800`
*連続ログイン3日目
※ログインが途切れるか、7日到達すると
1日目から再開されます*
`叡智の業火 X 1
1月交換券(2024) X 1
`*盈月剣風帖開幕記念 ログインボーナス*
*開催期間中、1日1回 最大21回ログインボーナスをプレゼント！*
`白銀の果実 X 1
`_2024-01-26 03:32:07_
--------
