【登录信息】
*318194637fc953496e5082ebcbeae7a2*
`登陆天数: 18天 / 1844天
等级: 141
石头: 332
呼符: 21
体力: 7863.893333333333 / 140
友情点: 1445 / 3887630`
*連続ログイン4日目
※ログインが途切れるか、7日到達すると
1日目から再開されます*
`聖晶石 X 1
1月交換券(2024) X 1
`*盈月剣風帖開幕記念 ログインボーナス*
*開催期間中、1日1回 最大21回ログインボーナスをプレゼント！*
`白銀の果実 X 1
`_2024-01-27 03:31:46_
--------
*9d78e90bb76b42970abd7495d7329768*
`登陆天数: 18天 / 1124天
等级: 128
石头: 640
呼符: 68
体力: 100838.75 / 137
友情点: 110 / 872915`
*連続ログイン4日目
※ログインが途切れるか、7日到達すると
1日目から再開されます*
`聖晶石 X 1
1月交換券(2024) X 1
`*盈月剣風帖開幕記念 ログインボーナス*
*開催期間中、1日1回 最大21回ログインボーナスをプレゼント！*
`白銀の果実 X 1
`_2024-01-27 03:31:56_
--------
*b6bbcdbd5addb82b8007d1a35f461999*
`登陆天数: 18天 / 1244天
等级: 125
石头: 0
呼符: 0
体力: 187175.13333333333 / 137
友情点: 140 / 989940`
*連続ログイン4日目
※ログインが途切れるか、7日到達すると
1日目から再開されます*
`聖晶石 X 1
1月交換券(2024) X 1
`*盈月剣風帖開幕記念 ログインボーナス*
*開催期間中、1日1回 最大21回ログインボーナスをプレゼント！*
`白銀の果実 X 1
`_2024-01-27 03:32:07_
--------
