【登录信息】
*318194637fc953496e5082ebcbeae7a2*
`登陆天数: 19天 / 1845天
等级: 141
石头: 332
呼符: 21
体力: 8151.8533333333335 / 140
友情点: 1870 / 3889500`
*連続ログイン5日目
※ログインが途切れるか、7日到達すると
1日目から再開されます*
`叡智の業火 X 2
1月交換券(2024) X 1
`*盈月剣風帖開幕記念 ログインボーナス*
*開催期間中、1日1回 最大21回ログインボーナスをプレゼント！*
`白銀の果実 X 1
`_2024-01-28 03:31:34_
--------
*9d78e90bb76b42970abd7495d7329768*
`登陆天数: 19天 / 1125天
等级: 128
石头: 640
呼符: 68
体力: 101126.71333333333 / 137
友情点: 120 / 873035`
*連続ログイン5日目
※ログインが途切れるか、7日到達すると
1日目から再開されます*
`叡智の業火 X 2
1月交換券(2024) X 1
`*盈月剣風帖開幕記念 ログインボーナス*
*開催期間中、1日1回 最大21回ログインボーナスをプレゼント！*
`白銀の果実 X 1
`_2024-01-28 03:31:44_
--------
*b6bbcdbd5addb82b8007d1a35f461999*
`登陆天数: 19天 / 1245天
等级: 125
石头: 0
呼符: 0
体力: 187463.1 / 137
友情点: 140 / 990080`
*連続ログイン5日目
※ログインが途切れるか、7日到達すると
1日目から再開されます*
`叡智の業火 X 2
1月交換券(2024) X 1
`*盈月剣風帖開幕記念 ログインボーナス*
*開催期間中、1日1回 最大21回ログインボーナスをプレゼント！*
`白銀の果実 X 1
`_2024-01-28 03:31:57_
--------
