【登录信息】
*318194637fc953496e5082ebcbeae7a2*
`登陆天数: 20天 / 1846天
等级: 141
石头: 332
呼符: 21
体力: 8439.863333333333 / 140
友情点: 2975 / 3892475`
*連続ログイン6日目
※ログインが途切れるか、7日到達すると
1日目から再開されます*
`聖晶石 X 2
1月交換券(2024) X 1
`*盈月剣風帖開幕記念 ログインボーナス*
*開催期間中、1日1回 最大21回ログインボーナスをプレゼント！*
`白銀の果実 X 1
`_2024-01-29 03:31:36_
--------
*9d78e90bb76b42970abd7495d7329768*
`登陆天数: 20天 / 1126天
等级: 128
石头: 640
呼符: 68
体力: 101414.72333333333 / 137
友情点: 70 / 873105`
*連続ログイン6日目
※ログインが途切れるか、7日到達すると
1日目から再開されます*
`聖晶石 X 2
1月交換券(2024) X 1
`*盈月剣風帖開幕記念 ログインボーナス*
*開催期間中、1日1回 最大21回ログインボーナスをプレゼント！*
`白銀の果実 X 1
`_2024-01-29 03:31:47_
--------
*b6bbcdbd5addb82b8007d1a35f461999*
`登陆天数: 20天 / 1246天
等级: 125
石头: 0
呼符: 0
体力: 187751.10666666666 / 137
友情点: 150 / 990230`
*連続ログイン6日目
※ログインが途切れるか、7日到達すると
1日目から再開されます*
`聖晶石 X 2
1月交換券(2024) X 1
`*盈月剣風帖開幕記念 ログインボーナス*
*開催期間中、1日1回 最大21回ログインボーナスをプレゼント！*
`白銀の果実 X 1
`_2024-01-29 03:31:59_
--------
