【登录信息】
*318194637fc953496e5082ebcbeae7a2*
`登陆天数: 21天 / 1847天
等级: 141
石头: 332
呼符: 21
体力: 8727.9 / 140
友情点: 1020 / 3893495`
*連続ログイン7日間到達おめでとうございます！
明日は1日目からリスタートされます。*
`獣の足跡 X 1
呼符 X 1
1月交換券(2024) X 1
`*盈月剣風帖開幕記念 ログインボーナス*
*開催期間中、1日1回 最大21回ログインボーナスをプレゼント！*
`白銀の果実 X 1
`_2024-01-30 03:31:48_
--------
*9d78e90bb76b42970abd7495d7329768*
`登陆天数: 21天 / 1127天
等级: 128
石头: 640
呼符: 68
体力: 101702.76 / 137
友情点: 90 / 873195`
*連続ログイン7日間到達おめでとうございます！
明日は1日目からリスタートされます。*
`獣の足跡 X 1
呼符 X 1
1月交換券(2024) X 1
`*盈月剣風帖開幕記念 ログインボーナス*
*開催期間中、1日1回 最大21回ログインボーナスをプレゼント！*
`白銀の果実 X 1
`_2024-01-30 03:31:59_
--------
*b6bbcdbd5addb82b8007d1a35f461999*
`登陆天数: 21天 / 1247天
等级: 125
石头: 0
呼符: 0
体力: 188039.15 / 137
友情点: 90 / 990320`
*連続ログイン7日間到達おめでとうございます！
明日は1日目からリスタートされます。*
`獣の足跡 X 1
呼符 X 1
1月交換券(2024) X 1
`*盈月剣風帖開幕記念 ログインボーナス*
*開催期間中、1日1回 最大21回ログインボーナスをプレゼント！*
`白銀の果実 X 1
`_2024-01-30 03:32:12_
--------
