【登录信息】
*318194637fc953496e5082ebcbeae7a2*
`登陆天数: 22天 / 1848天
等级: 141
石头: 332
呼符: 21
体力: 9015.85 / 140
友情点: 1700 / 3895195`
*連続ログイン1日目
※ログインが途切れるか、7日到達すると
1日目から再開されます*
`フレンドポイント X 2000
1月交換券(2024) X 1
`*「Fate/stay night」20周年記念
「Fate/stay night」サーヴァント特別召喚アイテムプレゼント*
*開催期間中、初回ログインで「Fate/stay night 20th記念特別交換チケット」をプレゼント！*
`Fate/stay night 20th記念特別交換チケット X 1
`_2024-01-31 03:31:33_
--------
*9d78e90bb76b42970abd7495d7329768*
`登陆天数: 22天 / 1128天
等级: 128
石头: 640
呼符: 68
体力: 101990.71 / 137
友情点: 130 / 873525`
*連続ログイン1日目
※ログインが途切れるか、7日到達すると
1日目から再開されます*
`フレンドポイント X 2000
1月交換券(2024) X 1
`*「Fate/stay night」20周年記念
「Fate/stay night」サーヴァント特別召喚アイテムプレゼント*
*開催期間中、初回ログインで「Fate/stay night 20th記念特別交換チケット」をプレゼント！*
`Fate/stay night 20th記念特別交換チケット X 1
`_2024-01-31 03:31:43_
--------
*b6bbcdbd5addb82b8007d1a35f461999*
`登陆天数: 22天 / 1248天
等级: 125
石头: 0
呼符: 0
体力: 188327.1 / 137
友情点: 70 / 990390`
*連続ログイン1日目
※ログインが途切れるか、7日到達すると
1日目から再開されます*
`フレンドポイント X 2000
1月交換券(2024) X 1
`*「Fate/stay night」20周年記念
「Fate/stay night」サーヴァント特別召喚アイテムプレゼント*
*開催期間中、初回ログインで「Fate/stay night 20th記念特別交換チケット」をプレゼント！*
`Fate/stay night 20th記念特別交換チケット X 1
`_2024-01-31 03:31:57_
--------
