【登录信息】
*318194637fc953496e5082ebcbeae7a2*
`登陆天数: 1天 / 1926天
等级: 141
石头: 189
呼符: 0
体力: 66837.45666666667 / 140
友情点: 4080 / 4329670`
_2024-08-18 13:59:35_
--------
*9d78e90bb76b42970abd7495d7329768*
`登陆天数: 1天 / 1194天
等级: 128
石头: 640
呼符: 68
体力: 159812.31333333332 / 137
友情点: 0 / 884045`
*連続ログイン1日目
※ログインが途切れるか、7日到達すると
1日目から再開されます*
`フレンドポイント X 2000
8月交換券(2024) X 1
`*FGOカルデア放送局 ライト版 ～水着イベント2024～ 放送記念 初回ログインボーナス*
*開催期間中、初回ログインで「聖晶石×14」をプレゼント！*
`聖晶石 X 14
`_2024-08-18 13:59:44_
--------
*b6bbcdbd5addb82b8007d1a35f461999*
`登陆天数: 1天 / 1314天
等级: 125
石头: 0
呼符: 0
体力: 246148.69333333333 / 137
友情点: 0 / 1003430`
*連続ログイン1日目
※ログインが途切れるか、7日到達すると
1日目から再開されます*
`フレンドポイント X 2000
8月交換券(2024) X 1
`*FGOカルデア放送局 ライト版 ～水着イベント2024～ 放送記念 初回ログインボーナス*
*開催期間中、初回ログインで「聖晶石×14」をプレゼント！*
`聖晶石 X 14
`_2024-08-18 13:59:55_
--------
