【登录信息】
*318194637fc953496e5082ebcbeae7a2*
`登陆天数: 4天 / 1929天
等级: 141
石头: 193
呼符: 0
体力: 48.20666666666666 / 140
友情点: 7225 / 4436820`
*連続ログイン4日目
※ログインが途切れるか、7日到達すると
1日目から再開されます*
`聖晶石 X 1
8月交換券(2024) X 1
`*ＢＢプレゼンツ☆セレブサマー・エクスペリエンス！ 開幕記念 ログインボーナス*
*開催期間中、1日1回 最大78回 ログインボーナスをプレゼント！*
`白銀の果実 X 1
`_2024-08-20 19:31:56_
--------
*9d78e90bb76b42970abd7495d7329768*
`登陆天数: 4天 / 1197天
等级: 128
石头: 640
呼符: 68
体力: 160454.77666666667 / 137
友情点: 0 / 884045`
*連続ログイン4日目
※ログインが途切れるか、7日到達すると
1日目から再開されます*
`聖晶石 X 1
8月交換券(2024) X 1
`*ＢＢプレゼンツ☆セレブサマー・エクスペリエンス！ 開幕記念 ログインボーナス*
*開催期間中、1日1回 最大78回 ログインボーナスをプレゼント！*
`白銀の果実 X 1
`_2024-08-20 19:32:04_
--------
*b6bbcdbd5addb82b8007d1a35f461999*
`登陆天数: 4天 / 1317天
等级: 125
石头: 0
呼符: 0
体力: 246791.15666666668 / 137
友情点: 0 / 1003430`
*連続ログイン4日目
※ログインが途切れるか、7日到達すると
1日目から再開されます*
`聖晶石 X 1
8月交換券(2024) X 1
`*ＢＢプレゼンツ☆セレブサマー・エクスペリエンス！ 開幕記念 ログインボーナス*
*開催期間中、1日1回 最大78回 ログインボーナスをプレゼント！*
`白銀の果実 X 1
`_2024-08-20 19:32:15_
--------
