【登录信息】
*318194637fc953496e5082ebcbeae7a2*
`登陆天数: 5天 / 1930天
等级: 141
石头: 220
呼符: 0
体力: 223.21666666666667 / 140
友情点: 5695 / 4466560`
*連続ログイン5日目
※ログインが途切れるか、7日到達すると
1日目から再開されます*
`叡智の業火 X 2
8月交換券(2024) X 1
`*ＢＢプレゼンツ☆セレブサマー・エクスペリエンス！ 開幕記念 ログインボーナス*
*開催期間中、1日1回 最大78回 ログインボーナスをプレゼント！*
`白銀の果実 X 1
`_2024-08-21 19:31:58_
--------
*9d78e90bb76b42970abd7495d7329768*
`登陆天数: 5天 / 1198天
等级: 128
石头: 640
呼符: 68
体力: 160742.79333333333 / 137
友情点: 0 / 884045`
*連続ログイン5日目
※ログインが途切れるか、7日到達すると
1日目から再開されます*
`叡智の業火 X 2
8月交換券(2024) X 1
`*ＢＢプレゼンツ☆セレブサマー・エクスペリエンス！ 開幕記念 ログインボーナス*
*開催期間中、1日1回 最大78回 ログインボーナスをプレゼント！*
`白銀の果実 X 1
`_2024-08-21 19:32:08_
--------
*b6bbcdbd5addb82b8007d1a35f461999*
`登陆天数: 5天 / 1318天
等级: 125
石头: 0
呼符: 0
体力: 247079.17333333334 / 137
友情点: 0 / 1003430`
*連続ログイン5日目
※ログインが途切れるか、7日到達すると
1日目から再開されます*
`叡智の業火 X 2
8月交換券(2024) X 1
`*ＢＢプレゼンツ☆セレブサマー・エクスペリエンス！ 開幕記念 ログインボーナス*
*開催期間中、1日1回 最大78回 ログインボーナスをプレゼント！*
`白銀の果実 X 1
`_2024-08-21 19:32:20_
--------
