【登录信息】
*318194637fc953496e5082ebcbeae7a2*
`登陆天数: 6天 / 1931天
等级: 141
石头: 221
呼符: 0
体力: 294.22 / 140
友情点: 5025 / 4485190`
*連続ログイン6日目
※ログインが途切れるか、7日到達すると
1日目から再開されます*
`聖晶石 X 2
8月交換券(2024) X 1
`*ＢＢプレゼンツ☆セレブサマー・エクスペリエンス！ 開幕記念 ログインボーナス*
*開催期間中、1日1回 最大78回 ログインボーナスをプレゼント！*
`白銀の果実 X 1
`_2024-08-22 19:31:41_
--------
*9d78e90bb76b42970abd7495d7329768*
`登陆天数: 6天 / 1199天
等级: 128
石头: 640
呼符: 68
体力: 161030.73333333334 / 137
友情点: 25 / 884070`
*連続ログイン6日目
※ログインが途切れるか、7日到達すると
1日目から再開されます*
`聖晶石 X 2
8月交換券(2024) X 1
`*ＢＢプレゼンツ☆セレブサマー・エクスペリエンス！ 開幕記念 ログインボーナス*
*開催期間中、1日1回 最大78回 ログインボーナスをプレゼント！*
`白銀の果実 X 1
`_2024-08-22 19:31:50_
--------
*b6bbcdbd5addb82b8007d1a35f461999*
`登陆天数: 6天 / 1319天
等级: 125
石头: 0
呼符: 0
体力: 247367.11666666667 / 137
友情点: 0 / 1003430`
*連続ログイン6日目
※ログインが途切れるか、7日到達すると
1日目から再開されます*
`聖晶石 X 2
8月交換券(2024) X 1
`*ＢＢプレゼンツ☆セレブサマー・エクスペリエンス！ 開幕記念 ログインボーナス*
*開催期間中、1日1回 最大78回 ログインボーナスをプレゼント！*
`白銀の果実 X 1
`_2024-08-22 19:32:02_
--------
