【登录信息】
*318194637fc953496e5082ebcbeae7a2*
`登陆天数: 7天 / 1932天
等级: 141
石头: 223
呼符: 0
体力: 44.03333333333333 / 140
友情点: 6460 / 4508085`
*連続ログイン7日間到達おめでとうございます！
明日は1日目からリスタートされます。*
`獣の足跡 X 1
呼符 X 1
8月交換券(2024) X 1
`*ＢＢプレゼンツ☆セレブサマー・エクスペリエンス！ 開幕記念 ログインボーナス*
*開催期間中、1日1回 最大78回 ログインボーナスをプレゼント！*
`黄金の果実 X 1
`_2024-08-23 19:31:46_
--------
*9d78e90bb76b42970abd7495d7329768*
`登陆天数: 7天 / 1200天
等级: 128
石头: 640
呼符: 68
体力: 161318.74666666667 / 137
友情点: 0 / 884070`
*連続ログイン7日間到達おめでとうございます！
明日は1日目からリスタートされます。*
`獣の足跡 X 1
呼符 X 1
8月交換券(2024) X 1
`*ＢＢプレゼンツ☆セレブサマー・エクスペリエンス！ 開幕記念 ログインボーナス*
*開催期間中、1日1回 最大78回 ログインボーナスをプレゼント！*
`白銀の果実 X 1
`_2024-08-23 19:31:55_
--------
*b6bbcdbd5addb82b8007d1a35f461999*
`登陆天数: 7天 / 1320天
等级: 125
石头: 0
呼符: 0
体力: 247655.13 / 137
友情点: 0 / 1003430`
*連続ログイン7日間到達おめでとうございます！
明日は1日目からリスタートされます。*
`獣の足跡 X 1
呼符 X 1
8月交換券(2024) X 1
`*ＢＢプレゼンツ☆セレブサマー・エクスペリエンス！ 開幕記念 ログインボーナス*
*開催期間中、1日1回 最大78回 ログインボーナスをプレゼント！*
`白銀の果実 X 1
`_2024-08-23 19:32:06_
--------
