【登录信息】
*318194637fc953496e5082ebcbeae7a2*
`登陆天数: 8天 / 1933天
等级: 141
石头: 223
呼符: 0
体力: 331.99666666666667 / 140
友情点: 2550 / 4522340`
*連続ログイン1日目
※ログインが途切れるか、7日到達すると
1日目から再開されます*
`フレンドポイント X 2000
8月交換券(2024) X 1
`*ＢＢプレゼンツ☆セレブサマー・エクスペリエンス！ 開幕記念 ログインボーナス*
*開催期間中、1日1回 最大78回 ログインボーナスをプレゼント！*
`白銀の果実 X 1
`_2024-08-24 19:31:36_
--------
*9d78e90bb76b42970abd7495d7329768*
`登陆天数: 8天 / 1201天
等级: 128
石头: 640
呼符: 68
体力: 161606.71333333335 / 137
友情点: 0 / 884070`
*連続ログイン1日目
※ログインが途切れるか、7日到達すると
1日目から再開されます*
`フレンドポイント X 2000
8月交換券(2024) X 1
`*ＢＢプレゼンツ☆セレブサマー・エクスペリエンス！ 開幕記念 ログインボーナス*
*開催期間中、1日1回 最大78回 ログインボーナスをプレゼント！*
`黄金の果実 X 1
`_2024-08-24 19:31:45_
--------
*b6bbcdbd5addb82b8007d1a35f461999*
`登陆天数: 8天 / 1321天
等级: 125
石头: 0
呼符: 0
体力: 247943.09333333332 / 137
友情点: 0 / 1003430`
*連続ログイン1日目
※ログインが途切れるか、7日到達すると
1日目から再開されます*
`フレンドポイント X 2000
8月交換券(2024) X 1
`*ＢＢプレゼンツ☆セレブサマー・エクスペリエンス！ 開幕記念 ログインボーナス*
*開催期間中、1日1回 最大78回 ログインボーナスをプレゼント！*
`黄金の果実 X 1
`_2024-08-24 19:31:55_
--------
