【登录信息】
*318194637fc953496e5082ebcbeae7a2*
`登陆天数: 9天 / 1934天
等级: 141
石头: 223
呼符: 1
体力: 39.17 / 140
友情点: 3315 / 4566575`
*連続ログイン2日目
※ログインが途切れるか、7日到達すると
1日目から再開されます*
`聖晶石 X 1
8月交換券(2024) X 1
`*ＢＢプレゼンツ☆セレブサマー・エクスペリエンス！ 開幕記念 ログインボーナス*
*開催期間中、1日1回 最大78回 ログインボーナスをプレゼント！*
`白銀の果実 X 1
`_2024-08-25 19:31:48_
--------
*9d78e90bb76b42970abd7495d7329768*
`登陆天数: 9天 / 1202天
等级: 128
石头: 640
呼符: 68
体力: 161894.75333333333 / 137
友情点: 0 / 884070`
*連続ログイン2日目
※ログインが途切れるか、7日到達すると
1日目から再開されます*
`聖晶石 X 1
8月交換券(2024) X 1
`*ＢＢプレゼンツ☆セレブサマー・エクスペリエンス！ 開幕記念 ログインボーナス*
*開催期間中、1日1回 最大78回 ログインボーナスをプレゼント！*
`白銀の果実 X 1
`_2024-08-25 19:31:56_
--------
*b6bbcdbd5addb82b8007d1a35f461999*
`登陆天数: 9天 / 1322天
等级: 125
石头: 0
呼符: 0
体力: 248231.13666666666 / 137
友情点: 0 / 1003430`
*連続ログイン2日目
※ログインが途切れるか、7日到達すると
1日目から再開されます*
`聖晶石 X 1
8月交換券(2024) X 1
`*ＢＢプレゼンツ☆セレブサマー・エクスペリエンス！ 開幕記念 ログインボーナス*
*開催期間中、1日1回 最大78回 ログインボーナスをプレゼント！*
`白銀の果実 X 1
`_2024-08-25 19:32:08_
--------
