【登录信息】
*318194637fc953496e5082ebcbeae7a2*
`登陆天数: 11天 / 1936天
等级: 141
石头: 223
呼符: 1
体力: 615.1766666666667 / 140
友情点: 20485 / 4603880`
*連続ログイン4日目
※ログインが途切れるか、7日到達すると
1日目から再開されます*
`聖晶石 X 1
8月交換券(2024) X 1
`*ＢＢプレゼンツ☆セレブサマー・エクスペリエンス！ 開幕記念 ログインボーナス*
*開催期間中、1日1回 最大78回 ログインボーナスをプレゼント！*
`白銀の果実 X 1
`_2024-08-27 19:31:49_
--------
*9d78e90bb76b42970abd7495d7329768*
`登陆天数: 11天 / 1204天
等级: 128
石头: 640
呼符: 68
体力: 162470.76 / 137
友情点: 0 / 884070`
*連続ログイン4日目
※ログインが途切れるか、7日到達すると
1日目から再開されます*
`聖晶石 X 1
8月交換券(2024) X 1
`*ＢＢプレゼンツ☆セレブサマー・エクスペリエンス！ 開幕記念 ログインボーナス*
*開催期間中、1日1回 最大78回 ログインボーナスをプレゼント！*
`白銀の果実 X 1
`_2024-08-27 19:31:58_
--------
*b6bbcdbd5addb82b8007d1a35f461999*
`登陆天数: 11天 / 1324天
等级: 125
石头: 0
呼符: 0
体力: 248807.14333333334 / 137
友情点: 0 / 1003430`
*連続ログイン4日目
※ログインが途切れるか、7日到達すると
1日目から再開されます*
`聖晶石 X 1
8月交換券(2024) X 1
`*ＢＢプレゼンツ☆セレブサマー・エクスペリエンス！ 開幕記念 ログインボーナス*
*開催期間中、1日1回 最大78回 ログインボーナスをプレゼント！*
`白銀の果実 X 1
`_2024-08-27 19:32:10_
--------
