【登录信息】
*318194637fc953496e5082ebcbeae7a2*
`登陆天数: 12天 / 1937天
等级: 141
石头: 223
呼符: 1
体力: 903.1966666666667 / 140
友情点: 10115 / 4614795`
*連続ログイン5日目
※ログインが途切れるか、7日到達すると
1日目から再開されます*
`叡智の業火 X 2
8月交換券(2024) X 1
`*奏章Ⅲ 新霊長後継戦 アーキタイプ・インセプション 開幕記念 ログインボーナス*
*開催期間中、1日1回 最大78回 ログインボーナスをプレゼント！*
`白銀の果実 X 1
`_2024-08-28 19:31:56_
--------
*9d78e90bb76b42970abd7495d7329768*
`登陆天数: 12天 / 1205天
等级: 128
石头: 640
呼符: 68
体力: 162758.78 / 137
友情点: 0 / 884070`
*連続ログイン5日目
※ログインが途切れるか、7日到達すると
1日目から再開されます*
`叡智の業火 X 2
8月交換券(2024) X 1
`*奏章Ⅲ 新霊長後継戦 アーキタイプ・インセプション 開幕記念 ログインボーナス*
*開催期間中、1日1回 最大78回 ログインボーナスをプレゼント！*
`白銀の果実 X 1
`_2024-08-28 19:32:05_
--------
*b6bbcdbd5addb82b8007d1a35f461999*
`登陆天数: 12天 / 1325天
等级: 125
石头: 0
呼符: 0
体力: 249095.16333333333 / 137
友情点: 0 / 1003430`
*連続ログイン5日目
※ログインが途切れるか、7日到達すると
1日目から再開されます*
`叡智の業火 X 2
8月交換券(2024) X 1
`*奏章Ⅲ 新霊長後継戦 アーキタイプ・インセプション 開幕記念 ログインボーナス*
*開催期間中、1日1回 最大78回 ログインボーナスをプレゼント！*
`白銀の果実 X 1
`_2024-08-28 19:32:16_
--------
