【登录信息】
*318194637fc953496e5082ebcbeae7a2*
`登陆天数: 13天 / 1938天
等级: 141
石头: 223
呼符: 1
体力: 1191.2233333333334 / 140
友情点: 6290 / 4621085`
*連続ログイン6日目
※ログインが途切れるか、7日到達すると
1日目から再開されます*
`聖晶石 X 2
8月交換券(2024) X 1
`*奏章Ⅲ 新霊長後継戦 アーキタイプ・インセプション 開幕記念 ログインボーナス*
*開催期間中、1日1回 最大78回 ログインボーナスをプレゼント！*
`白銀の果実 X 1
`_2024-08-29 19:32:04_
--------
*9d78e90bb76b42970abd7495d7329768*
`登陆天数: 13天 / 1206天
等级: 128
石头: 640
呼符: 68
体力: 163046.80333333334 / 137
友情点: 0 / 884070`
*連続ログイン6日目
※ログインが途切れるか、7日到達すると
1日目から再開されます*
`聖晶石 X 2
8月交換券(2024) X 1
`*奏章Ⅲ 新霊長後継戦 アーキタイプ・インセプション 開幕記念 ログインボーナス*
*開催期間中、1日1回 最大78回 ログインボーナスをプレゼント！*
`白銀の果実 X 1
`_2024-08-29 19:32:12_
--------
*b6bbcdbd5addb82b8007d1a35f461999*
`登陆天数: 13天 / 1326天
等级: 125
石头: 0
呼符: 0
体力: 249383.18333333332 / 137
友情点: 0 / 1003430`
*連続ログイン6日目
※ログインが途切れるか、7日到達すると
1日目から再開されます*
`聖晶石 X 2
8月交換券(2024) X 1
`*奏章Ⅲ 新霊長後継戦 アーキタイプ・インセプション 開幕記念 ログインボーナス*
*開催期間中、1日1回 最大78回 ログインボーナスをプレゼント！*
`白銀の果実 X 1
`_2024-08-29 19:32:23_
--------
