【登录信息】
*318194637fc953496e5082ebcbeae7a2*
`登陆天数: 14天 / 1939天
等级: 141
石头: 223
呼符: 1
体力: 1479.1733333333334 / 140
友情点: 8500 / 4629585`
*連続ログイン7日間到達おめでとうございます！
明日は1日目からリスタートされます。*
`獣の足跡 X 1
呼符 X 1
8月交換券(2024) X 1
`*奏章Ⅲ 新霊長後継戦 アーキタイプ・インセプション 開幕記念 ログインボーナス*
*開催期間中、1日1回 最大78回 ログインボーナスをプレゼント！*
`黄金の果実 X 1
`_2024-08-30 19:31:48_
--------
*9d78e90bb76b42970abd7495d7329768*
`登陆天数: 14天 / 1207天
等级: 128
石头: 640
呼符: 68
体力: 163334.75666666665 / 137
友情点: 0 / 884070`
*連続ログイン7日間到達おめでとうございます！
明日は1日目からリスタートされます。*
`獣の足跡 X 1
呼符 X 1
8月交換券(2024) X 1
`*奏章Ⅲ 新霊長後継戦 アーキタイプ・インセプション 開幕記念 ログインボーナス*
*開催期間中、1日1回 最大78回 ログインボーナスをプレゼント！*
`白銀の果実 X 1
`_2024-08-30 19:31:57_
--------
*b6bbcdbd5addb82b8007d1a35f461999*
`登陆天数: 14天 / 1327天
等级: 125
石头: 0
呼符: 0
体力: 249671.13666666666 / 137
友情点: 0 / 1003430`
*連続ログイン7日間到達おめでとうございます！
明日は1日目からリスタートされます。*
`獣の足跡 X 1
呼符 X 1
8月交換券(2024) X 1
`*奏章Ⅲ 新霊長後継戦 アーキタイプ・インセプション 開幕記念 ログインボーナス*
*開催期間中、1日1回 最大78回 ログインボーナスをプレゼント！*
`白銀の果実 X 1
`_2024-08-30 19:32:08_
--------
