【登录信息】
*318194637fc953496e5082ebcbeae7a2*
`登陆天数: 22天 / 1487天
等级: 141
石头: 242
呼符: 43
体力: 6709.443333333334 / 140
友情点: 85 / 117826025`
*連続ログイン1日目
※ログインが途切れるか、7日到達すると
1日目から再開されます*
`フレンドポイント X 2000
2月交換券(2023) X 1
`*FGO カルデア放送局 Vol.19 第2部 第7章 ナウイ･ミクトラン(後編) 開幕直前SP 放送記念 初回ログインボーナス*
*開催期間中、初回ログインで「聖晶石×14」をプレゼント！*
`聖晶石 X 14
`_2023-02-01 03:31:50_
--------
*9d78e90bb76b42970abd7495d7329768*
`登陆天数: 22天 / 767天
等级: 128
石头: 128
呼符: 27
体力: 118893.76 / 137
友情点: 0 / 718830`
*連続ログイン1日目
※ログインが途切れるか、7日到達すると
1日目から再開されます*
`フレンドポイント X 2000
2月交換券(2023) X 1
`*FGO カルデア放送局 Vol.19 第2部 第7章 ナウイ･ミクトラン(後編) 開幕直前SP 放送記念 初回ログインボーナス*
*開催期間中、初回ログインで「聖晶石×14」をプレゼント！*
`聖晶石 X 14
`_2023-02-01 03:31:58_
--------
*b6bbcdbd5addb82b8007d1a35f461999*
`登陆天数: 22天 / 887天
等级: 125
石头: 0
呼符: 0
体力: 83495.13666666667 / 137
友情点: 0 / 948625`
*連続ログイン1日目
※ログインが途切れるか、7日到達すると
1日目から再開されます*
`フレンドポイント X 2000
2月交換券(2023) X 1
`*FGO カルデア放送局 Vol.19 第2部 第7章 ナウイ･ミクトラン(後編) 開幕直前SP 放送記念 初回ログインボーナス*
*開催期間中、初回ログインで「聖晶石×14」をプレゼント！*
`聖晶石 X 14
`_2023-02-01 03:32:09_
--------
