【登录信息】
*318194637fc953496e5082ebcbeae7a2*
`登陆天数: 23天 / 1488天
等级: 141
石头: 242
呼符: 43
体力: 6997.463333333333 / 140
友情点: 170 / 117826195`
*連続ログイン2日目
※ログインが途切れるか、7日到達すると
1日目から再開されます*
`聖晶石 X 1
2月交換券(2023) X 1
`*「FGO ウィンターパーティー 2022-2023」宮城会場開催直前 ログインボーナス*
*開催期間中、1日1回 最大3回 ログインボーナスをプレゼント！*
`黄金の果実 X 1
`_2023-02-02 03:31:56_
--------
*9d78e90bb76b42970abd7495d7329768*
`登陆天数: 23天 / 768天
等级: 128
石头: 128
呼符: 27
体力: 119181.77666666667 / 137
友情点: 0 / 718830`
*連続ログイン2日目
※ログインが途切れるか、7日到達すると
1日目から再開されます*
`聖晶石 X 1
2月交換券(2023) X 1
`*「FGO ウィンターパーティー 2022-2023」宮城会場開催直前 ログインボーナス*
*開催期間中、1日1回 最大3回 ログインボーナスをプレゼント！*
`黄金の果実 X 1
`_2023-02-02 03:32:04_
--------
*b6bbcdbd5addb82b8007d1a35f461999*
`登陆天数: 23天 / 888天
等级: 125
石头: 0
呼符: 0
体力: 83783.15666666666 / 137
友情点: 0 / 948625`
*連続ログイン2日目
※ログインが途切れるか、7日到達すると
1日目から再開されます*
`聖晶石 X 1
2月交換券(2023) X 1
`*「FGO ウィンターパーティー 2022-2023」宮城会場開催直前 ログインボーナス*
*開催期間中、1日1回 最大3回 ログインボーナスをプレゼント！*
`黄金の果実 X 1
`_2023-02-02 03:32:15_
--------
