【登录信息】
*318194637fc953496e5082ebcbeae7a2*
`登陆天数: 26天 / 1491天
等级: 141
石头: 297
呼符: 51
体力: 46.33666666666667 / 140
友情点: 340 / 117286040`
*連続ログイン5日目
※ログインが途切れるか、7日到達すると
1日目から再開されます*
`叡智の業火 X 2
2月交換券(2023) X 1
`*「FGO ウィンターパーティー 2022-2023」宮城会場開催記念 初回ログインボーナス*
*開催期間中、初回ログインで「聖晶石×10」をプレゼント！*
`聖晶石 X 10
`_2023-02-05 03:31:24_
--------
*9d78e90bb76b42970abd7495d7329768*
`登陆天数: 26天 / 771天
等级: 128
石头: 128
呼符: 27
体力: 120045.67 / 137
友情点: 0 / 718830`
*連続ログイン5日目
※ログインが途切れるか、7日到達すると
1日目から再開されます*
`叡智の業火 X 2
2月交換券(2023) X 1
`*「FGO ウィンターパーティー 2022-2023」宮城会場開催記念 初回ログインボーナス*
*開催期間中、初回ログインで「聖晶石×10」をプレゼント！*
`聖晶石 X 10
`_2023-02-05 03:31:31_
--------
*b6bbcdbd5addb82b8007d1a35f461999*
`登陆天数: 26天 / 891天
等级: 125
石头: 0
呼符: 0
体力: 84647.04666666666 / 137
友情点: 0 / 948625`
*連続ログイン5日目
※ログインが途切れるか、7日到達すると
1日目から再開されます*
`叡智の業火 X 2
2月交換券(2023) X 1
`*「FGO ウィンターパーティー 2022-2023」宮城会場開催記念 初回ログインボーナス*
*開催期間中、初回ログインで「聖晶石×10」をプレゼント！*
`聖晶石 X 10
`_2023-02-05 03:31:42_
--------
