【登录信息】
*318194637fc953496e5082ebcbeae7a2*
`登陆天数: 28天 / 1493天
等级: 141
石头: 318
呼符: 51
体力: 98.86666666666667 / 140
友情点: 85 / 111018955`
*連続ログイン7日間到達おめでとうございます！
明日は1日目からリスタートされます。*
`獣の足跡 X 1
呼符 X 1
2月交換券(2023) X 1
`_2023-02-07 03:31:29_
--------
*9d78e90bb76b42970abd7495d7329768*
`登陆天数: 28天 / 773天
等级: 128
石头: 128
呼符: 27
体力: 120621.68666666666 / 137
友情点: 0 / 718855`
*連続ログイン7日間到達おめでとうございます！
明日は1日目からリスタートされます。*
`獣の足跡 X 1
呼符 X 1
2月交換券(2023) X 1
`_2023-02-07 03:31:37_
--------
*b6bbcdbd5addb82b8007d1a35f461999*
`登陆天数: 28天 / 893天
等级: 125
石头: 0
呼符: 0
体力: 85223.06666666667 / 137
友情点: 0 / 948625`
*連続ログイン7日間到達おめでとうございます！
明日は1日目からリスタートされます。*
`獣の足跡 X 1
呼符 X 1
2月交換券(2023) X 1
`_2023-02-07 03:31:47_
--------
