【登录信息】
*318194637fc953496e5082ebcbeae7a2*
`登陆天数: 29天 / 1494天
等级: 141
石头: 18
呼符: 0
体力: 114.87333333333333 / 140
友情点: 170 / 111019550`
*連続ログイン1日目
※ログインが途切れるか、7日到達すると
1日目から再開されます*
`フレンドポイント X 2000
2月交換券(2023) X 1
`_2023-02-08 03:31:56_
--------
*9d78e90bb76b42970abd7495d7329768*
`登陆天数: 29天 / 774天
等级: 128
石头: 128
呼符: 27
体力: 120909.77666666667 / 137
友情点: 0 / 718855`
*連続ログイン1日目
※ログインが途切れるか、7日到達すると
1日目から再開されます*
`フレンドポイント X 2000
2月交換券(2023) X 1
`_2023-02-08 03:32:03_
--------
*b6bbcdbd5addb82b8007d1a35f461999*
`登陆天数: 29天 / 894天
等级: 125
石头: 0
呼符: 0
体力: 85511.15333333334 / 137
友情点: 0 / 948625`
*連続ログイン1日目
※ログインが途切れるか、7日到達すると
1日目から再開されます*
`フレンドポイント X 2000
2月交換券(2023) X 1
`_2023-02-08 03:32:14_
--------
