【登录信息】
*318194637fc953496e5082ebcbeae7a2*
`登陆天数: 30天 / 1495天
等级: 141
石头: 19
呼符: 0
体力: 97.57666666666667 / 140
友情点: 595 / 111022655`
*連続ログイン2日目
※ログインが途切れるか、7日到達すると
1日目から再開されます*
`聖晶石 X 1
2月交換券(2023) X 1
`_2023-02-09 03:32:01_
--------
*9d78e90bb76b42970abd7495d7329768*
`登陆天数: 30天 / 775天
等级: 128
石头: 128
呼符: 27
体力: 121197.79666666666 / 137
友情点: 0 / 718855`
*連続ログイン2日目
※ログインが途切れるか、7日到達すると
1日目から再開されます*
`聖晶石 X 1
2月交換券(2023) X 1
`_2023-02-09 03:32:09_
--------
*b6bbcdbd5addb82b8007d1a35f461999*
`登陆天数: 30天 / 895天
等级: 125
石头: 0
呼符: 0
体力: 85799.17333333334 / 137
友情点: 0 / 948625`
*連続ログイン2日目
※ログインが途切れるか、7日到達すると
1日目から再開されます*
`聖晶石 X 1
2月交換券(2023) X 1
`_2023-02-09 03:32:20_
--------
