【登录信息】
*318194637fc953496e5082ebcbeae7a2*
`登陆天数: 31天 / 1496天
等级: 141
石头: 19
呼符: 0
体力: 385.5566666666667 / 140
友情点: 1530 / 111024185`
*連続ログイン3日目
※ログインが途切れるか、7日到達すると
1日目から再開されます*
`叡智の業火 X 1
2月交換券(2023) X 1
`_2023-02-10 03:31:55_
--------
*9d78e90bb76b42970abd7495d7329768*
`登陆天数: 31天 / 776天
等级: 128
石头: 128
呼符: 27
体力: 121485.77666666667 / 137
友情点: 0 / 718855`
*連続ログイン3日目
※ログインが途切れるか、7日到達すると
1日目から再開されます*
`叡智の業火 X 1
2月交換券(2023) X 1
`_2023-02-10 03:32:03_
--------
*b6bbcdbd5addb82b8007d1a35f461999*
`登陆天数: 31天 / 896天
等级: 125
石头: 0
呼符: 0
体力: 86087.15333333334 / 137
友情点: 0 / 948625`
*連続ログイン3日目
※ログインが途切れるか、7日到達すると
1日目から再開されます*
`叡智の業火 X 1
2月交換券(2023) X 1
`_2023-02-10 03:32:14_
--------
