【登录信息】
*318194637fc953496e5082ebcbeae7a2*
`登陆天数: 33天 / 1498天
等级: 141
石头: 21
呼符: 0
体力: 85.32666666666667 / 140
友情点: 590855 / 94433895`
*連続ログイン5日目
※ログインが途切れるか、7日到達すると
1日目から再開されます*
`叡智の業火 X 2
2月交換券(2023) X 1
`_2023-02-12 03:31:54_
--------
*9d78e90bb76b42970abd7495d7329768*
`登陆天数: 33天 / 778天
等级: 128
石头: 640
呼符: 68
体力: 326.77 / 137
友情点: 0 / 840980`
*連続ログイン5日目
※ログインが途切れるか、7日到達すると
1日目から再開されます*
`叡智の業火 X 2
2月交換券(2023) X 1
`_2023-02-12 03:32:01_
--------
*b6bbcdbd5addb82b8007d1a35f461999*
`登陆天数: 33天 / 898天
等级: 125
石头: 0
呼符: 0
体力: 86663.14666666667 / 137
友情点: 0 / 948625`
*連続ログイン5日目
※ログインが途切れるか、7日到達すると
1日目から再開されます*
`叡智の業火 X 2
2月交換券(2023) X 1
`_2023-02-12 03:32:12_
--------
