【登录信息】
*318194637fc953496e5082ebcbeae7a2*
`登陆天数: 34天 / 1499天
等级: 141
石头: 24
呼符: 0
体力: 216.19 / 140
友情点: 804900 / 55475450`
*連続ログイン6日目
※ログインが途切れるか、7日到達すると
1日目から再開されます*
`聖晶石 X 2
2月交換券(2023) X 1
`_2023-02-13 03:31:29_
--------
*9d78e90bb76b42970abd7495d7329768*
`登陆天数: 34天 / 779天
等级: 128
石头: 640
呼符: 68
体力: 614.6833333333334 / 137
友情点: 0 / 840980`
*連続ログイン6日目
※ログインが途切れるか、7日到達すると
1日目から再開されます*
`聖晶石 X 2
2月交換券(2023) X 1
`_2023-02-13 03:31:36_
--------
*b6bbcdbd5addb82b8007d1a35f461999*
`登陆天数: 34天 / 899天
等级: 125
石头: 0
呼符: 0
体力: 86951.06333333334 / 137
友情点: 0 / 948625`
*連続ログイン6日目
※ログインが途切れるか、7日到達すると
1日目から再開されます*
`聖晶石 X 2
2月交換券(2023) X 1
`_2023-02-13 03:31:46_
--------
