【登录信息】
*318194637fc953496e5082ebcbeae7a2*
`登陆天数: 35天 / 1500天
等级: 141
石头: 24
呼符: 0
体力: 255.91666666666669 / 140
友情点: 2529335 / 60614710`
*連続ログイン7日間到達おめでとうございます！
明日は1日目からリスタートされます。*
`獣の足跡 X 1
呼符 X 1
2月交換券(2023) X 1
`*2700万DL突破記念 特別連続ログインボーナス*
*開催期間中、1日1回 最大7回 連続ログインボーナスをプレゼント！*
`白銀の果実 X 10
`_2023-02-14 03:32:23_
--------
*9d78e90bb76b42970abd7495d7329768*
`登陆天数: 35天 / 780天
等级: 128
石头: 640
呼符: 68
体力: 902.87 / 137
友情点: 0 / 840980`
*連続ログイン7日間到達おめでとうございます！
明日は1日目からリスタートされます。*
`獣の足跡 X 1
呼符 X 1
2月交換券(2023) X 1
`*2700万DL突破記念 特別連続ログインボーナス*
*開催期間中、1日1回 最大7回 連続ログインボーナスをプレゼント！*
`白銀の果実 X 10
`_2023-02-14 03:32:31_
--------
*b6bbcdbd5addb82b8007d1a35f461999*
`登陆天数: 35天 / 900天
等级: 125
石头: 0
呼符: 0
体力: 87239.24666666667 / 137
友情点: 0 / 948625`
*連続ログイン7日間到達おめでとうございます！
明日は1日目からリスタートされます。*
`獣の足跡 X 1
呼符 X 1
2月交換券(2023) X 1
`*2700万DL突破記念 特別連続ログインボーナス*
*開催期間中、1日1回 最大7回 連続ログインボーナスをプレゼント！*
`白銀の果実 X 10
`_2023-02-14 03:32:42_
--------
