【登录信息】
*318194637fc953496e5082ebcbeae7a2*
`登陆天数: 37天 / 1502天
等级: 141
石头: 24
呼符: 0
体力: 831.8166666666667 / 140
友情点: 5614850 / 71828010`
*連続ログイン2日目
※ログインが途切れるか、7日到達すると
1日目から再開されます*
`聖晶石 X 1
2月交換券(2023) X 1
`*2700万DL突破記念 特別連続ログインボーナス*
*開催期間中、1日1回 最大7回 連続ログインボーナスをプレゼント！*
`QP X 10000000
`_2023-02-16 03:31:53_
--------
*9d78e90bb76b42970abd7495d7329768*
`登陆天数: 37天 / 782天
等级: 128
石头: 640
呼符: 68
体力: 1478.77 / 137
友情点: 0 / 840980`
*連続ログイン2日目
※ログインが途切れるか、7日到達すると
1日目から再開されます*
`聖晶石 X 1
2月交換券(2023) X 1
`*2700万DL突破記念 特別連続ログインボーナス*
*開催期間中、1日1回 最大7回 連続ログインボーナスをプレゼント！*
`QP X 10000000
`_2023-02-16 03:32:01_
--------
*b6bbcdbd5addb82b8007d1a35f461999*
`登陆天数: 37天 / 902天
等级: 125
石头: 0
呼符: 0
体力: 87815.14666666667 / 137
友情点: 0 / 948625`
*連続ログイン2日目
※ログインが途切れるか、7日到達すると
1日目から再開されます*
`聖晶石 X 1
2月交換券(2023) X 1
`*2700万DL突破記念 特別連続ログインボーナス*
*開催期間中、1日1回 最大7回 連続ログインボーナスをプレゼント！*
`QP X 10000000
`_2023-02-16 03:32:12_
--------
