【登录信息】
*318194637fc953496e5082ebcbeae7a2*
`登陆天数: 39天 / 1504天
等级: 141
石头: 27
呼符: 0
体力: 93.34666666666666 / 140
友情点: 483000 / 36586425`
*連続ログイン4日目
※ログインが途切れるか、7日到達すると
1日目から再開されます*
`聖晶石 X 1
2月交換券(2023) X 1
`*2700万DL突破記念 特別連続ログインボーナス*
*開催期間中、1日1回 最大7回 連続ログインボーナスをプレゼント！*
`英霊結晶・星のフォウくん X 10
`_2023-02-18 03:31:42_
--------
*9d78e90bb76b42970abd7495d7329768*
`登陆天数: 39天 / 784天
等级: 128
石头: 640
呼符: 68
体力: 2054.73 / 137
友情点: 0 / 840980`
*連続ログイン4日目
※ログインが途切れるか、7日到達すると
1日目から再開されます*
`聖晶石 X 1
2月交換券(2023) X 1
`*2700万DL突破記念 特別連続ログインボーナス*
*開催期間中、1日1回 最大7回 連続ログインボーナスをプレゼント！*
`英霊結晶・星のフォウくん X 10
`_2023-02-18 03:31:49_
--------
*b6bbcdbd5addb82b8007d1a35f461999*
`登陆天数: 39天 / 904天
等级: 125
石头: 0
呼符: 0
体力: 88391.10666666667 / 137
友情点: 0 / 948625`
*連続ログイン4日目
※ログインが途切れるか、7日到達すると
1日目から再開されます*
`聖晶石 X 1
2月交換券(2023) X 1
`*2700万DL突破記念 特別連続ログインボーナス*
*開催期間中、1日1回 最大7回 連続ログインボーナスをプレゼント！*
`英霊結晶・星のフォウくん X 10
`_2023-02-18 03:32:00_
--------
