【登录信息】
*318194637fc953496e5082ebcbeae7a2*
`登陆天数: 40天 / 1505天
等级: 141
石头: 3
呼符: 0
体力: 92.80666666666667 / 140
友情点: 1078670 / 1203015`
*連続ログイン5日目
※ログインが途切れるか、7日到達すると
1日目から再開されます*
`叡智の業火 X 2
2月交換券(2023) X 1
`*2700万DL突破記念 特別連続ログインボーナス*
*開催期間中、1日1回 最大7回 連続ログインボーナスをプレゼント！*
`英霊結晶・太陽のフォウくん X 10
`_2023-02-19 03:31:28_
--------
*9d78e90bb76b42970abd7495d7329768*
`登陆天数: 40天 / 785天
等级: 128
石头: 640
呼符: 68
体力: 2342.6866666666665 / 137
友情点: 0 / 840980`
*連続ログイン5日目
※ログインが途切れるか、7日到達すると
1日目から再開されます*
`叡智の業火 X 2
2月交換券(2023) X 1
`*2700万DL突破記念 特別連続ログインボーナス*
*開催期間中、1日1回 最大7回 連続ログインボーナスをプレゼント！*
`英霊結晶・太陽のフォウくん X 10
`_2023-02-19 03:31:36_
--------
*b6bbcdbd5addb82b8007d1a35f461999*
`登陆天数: 40天 / 905天
等级: 125
石头: 0
呼符: 0
体力: 88679.06333333334 / 137
友情点: 0 / 948625`
*連続ログイン5日目
※ログインが途切れるか、7日到達すると
1日目から再開されます*
`叡智の業火 X 2
2月交換券(2023) X 1
`*2700万DL突破記念 特別連続ログインボーナス*
*開催期間中、1日1回 最大7回 連続ログインボーナスをプレゼント！*
`英霊結晶・太陽のフォウくん X 10
`_2023-02-19 03:31:47_
--------
