【登录信息】
*318194637fc953496e5082ebcbeae7a2*
`登陆天数: 41天 / 1506天
等级: 141
石头: 3
呼符: 0
体力: 117.27 / 140
友情点: 1331730 / 6005240`
*連続ログイン6日目
※ログインが途切れるか、7日到達すると
1日目から再開されます*
`聖晶石 X 2
2月交換券(2023) X 1
`*2700万DL突破記念 特別連続ログインボーナス*
*開催期間中、1日1回 最大7回 連続ログインボーナスをプレゼント！*
`聖晶石 X 30
`_2023-02-20 03:31:51_
--------
*9d78e90bb76b42970abd7495d7329768*
`登陆天数: 41天 / 786天
等级: 128
石头: 640
呼符: 68
体力: 2630.76 / 137
友情点: 0 / 840980`
*連続ログイン6日目
※ログインが途切れるか、7日到達すると
1日目から再開されます*
`聖晶石 X 2
2月交換券(2023) X 1
`*2700万DL突破記念 特別連続ログインボーナス*
*開催期間中、1日1回 最大7回 連続ログインボーナスをプレゼント！*
`聖晶石 X 30
`_2023-02-20 03:31:59_
--------
*b6bbcdbd5addb82b8007d1a35f461999*
`登陆天数: 41天 / 906天
等级: 125
石头: 0
呼符: 0
体力: 88967.14 / 137
友情点: 0 / 948625`
*連続ログイン6日目
※ログインが途切れるか、7日到達すると
1日目から再開されます*
`聖晶石 X 2
2月交換券(2023) X 1
`*2700万DL突破記念 特別連続ログインボーナス*
*開催期間中、1日1回 最大7回 連続ログインボーナスをプレゼント！*
`聖晶石 X 30
`_2023-02-20 03:32:09_
--------
