【登录信息】
*318194637fc953496e5082ebcbeae7a2*
`登陆天数: 42天 / 1507天
等级: 141
石头: 3
呼符: 0
体力: 405.25333333333333 / 140
友情点: 5392520 / 11397760`
*連続ログイン7日間到達おめでとうございます！
明日は1日目からリスタートされます。*
`獣の足跡 X 1
呼符 X 1
2月交換券(2023) X 1
`_2023-02-21 03:31:46_
--------
*9d78e90bb76b42970abd7495d7329768*
`登陆天数: 42天 / 787天
等级: 128
石头: 640
呼符: 68
体力: 2918.7466666666664 / 137
友情点: 0 / 840980`
*連続ログイン7日間到達おめでとうございます！
明日は1日目からリスタートされます。*
`獣の足跡 X 1
呼符 X 1
2月交換券(2023) X 1
`_2023-02-21 03:31:54_
--------
*b6bbcdbd5addb82b8007d1a35f461999*
`登陆天数: 42天 / 907天
等级: 125
石头: 0
呼符: 0
体力: 89255.12333333334 / 137
友情点: 0 / 948625`
*連続ログイン7日間到達おめでとうございます！
明日は1日目からリスタートされます。*
`獣の足跡 X 1
呼符 X 1
2月交換券(2023) X 1
`_2023-02-21 03:32:05_
--------
