【登录信息】
*318194637fc953496e5082ebcbeae7a2*
`登陆天数: 44天 / 1509天
等级: 141
石头: 3
呼符: 0
体力: 981.2033333333334 / 140
友情点: 5060290 / 21519440`
*連続ログイン2日目
※ログインが途切れるか、7日到達すると
1日目から再開されます*
`聖晶石 X 1
2月交換券(2023) X 1
`_2023-02-23 03:31:31_
--------
*9d78e90bb76b42970abd7495d7329768*
`登陆天数: 44天 / 789天
等级: 128
石头: 640
呼符: 68
体力: 3494.693333333333 / 137
友情点: 0 / 840980`
*連続ログイン2日目
※ログインが途切れるか、7日到達すると
1日目から再開されます*
`聖晶石 X 1
2月交換券(2023) X 1
`_2023-02-23 03:31:39_
--------
*b6bbcdbd5addb82b8007d1a35f461999*
`登陆天数: 44天 / 909天
等级: 125
石头: 0
呼符: 0
体力: 89831.07333333333 / 137
友情点: 0 / 948625`
*連続ログイン2日目
※ログインが途切れるか、7日到達すると
1日目から再開されます*
`聖晶石 X 1
2月交換券(2023) X 1
`_2023-02-23 03:31:49_
--------
