【登录信息】
*318194637fc953496e5082ebcbeae7a2*
`登陆天数: 47天 / 1512天
等级: 141
石头: 6
呼符: 0
体力: 361.03999999999996 / 140
友情点: 1189855 / 1184565`
*連続ログイン5日目
※ログインが途切れるか、7日到達すると
1日目から再開されます*
`叡智の業火 X 2
2月交換券(2023) X 1
`_2023-02-26 03:31:44_
--------
*9d78e90bb76b42970abd7495d7329768*
`登陆天数: 47天 / 792天
等级: 128
石头: 640
呼符: 68
体力: 4358.736666666667 / 137
友情点: 70 / 841050`
*連続ログイン5日目
※ログインが途切れるか、7日到達すると
1日目から再開されます*
`叡智の業火 X 2
2月交換券(2023) X 1
`_2023-02-26 03:31:52_
--------
*b6bbcdbd5addb82b8007d1a35f461999*
`登陆天数: 47天 / 912天
等级: 125
石头: 0
呼符: 0
体力: 90695.11666666667 / 137
友情点: 0 / 948625`
*連続ログイン5日目
※ログインが途切れるか、7日到達すると
1日目から再開されます*
`叡智の業火 X 2
2月交換券(2023) X 1
`_2023-02-26 03:32:02_
--------
