【登录信息】
*318194637fc953496e5082ebcbeae7a2*
`登陆天数: 49天 / 1514天
等级: 141
石头: 6
呼符: 0
体力: 937.08 / 140
友情点: 5681310 / 12785325`
*連続ログイン7日間到達おめでとうございます！
明日は1日目からリスタートされます。*
`獣の足跡 X 1
呼符 X 1
2月交換券(2023) X 1
`_2023-02-28 03:31:56_
--------
*9d78e90bb76b42970abd7495d7329768*
`登陆天数: 49天 / 794天
等级: 128
石头: 640
呼符: 68
体力: 4934.776666666667 / 137
友情点: 0 / 841050`
*連続ログイン7日間到達おめでとうございます！
明日は1日目からリスタートされます。*
`獣の足跡 X 1
呼符 X 1
2月交換券(2023) X 1
`_2023-02-28 03:32:04_
--------
*b6bbcdbd5addb82b8007d1a35f461999*
`登陆天数: 49天 / 914天
等级: 125
石头: 0
呼符: 0
体力: 91271.15333333334 / 137
友情点: 0 / 948625`
*連続ログイン7日間到達おめでとうございます！
明日は1日目からリスタートされます。*
`獣の足跡 X 1
呼符 X 1
2月交換券(2023) X 1
`_2023-02-28 03:32:14_
--------
