【登录信息】
[318194637fc953496e5082ebcbeae7a2]
`登陆天数: 24天 / 1051天
等级: 141
石头: 10
呼符: 0
友情点: 0 / 116266880`
*連続ログイン3日目
※ログインが途切れるか、7日到達すると
1日目から再開されます*
`叡智の猛火 X 1
11月交換券(2021) X 1
`*2400万DL突破記念 特別回数ログインボーナス*
*開催期間中、1日1回 最大5回 回数ログインボーナスをプレゼント！*
`英霊結晶・流星のフォウくん X 1
`_2021-11-12 03:31:47_
--------
[9d78e90bb76b42970abd7495d7329768]
`登陆天数: 24天 / 331天
等级: 128
石头: 6
呼符: 8
友情点: 0 / 697850`
*連続ログイン3日目
※ログインが途切れるか、7日到達すると
1日目から再開されます*
`叡智の猛火 X 1
11月交換券(2021) X 1
`*2400万DL突破記念 特別回数ログインボーナス*
*開催期間中、1日1回 最大5回 回数ログインボーナスをプレゼント！*
`英霊結晶・流星のフォウくん X 1
`_2021-11-12 03:31:55_
--------
