【登录信息】
[318194637fc953496e5082ebcbeae7a2]
`登陆天数: 26天 / 1053天
等级: 141
石头: 10
呼符: 0
友情点: 0 / 116266880`
*連続ログイン5日目
※ログインが途切れるか、7日到達すると
1日目から再開されます*
`叡智の猛火 X 2
11月交換券(2021) X 1
`*リリース2300日突破キャンペーン 初回ログインボーナス*
*開催期間中、初回ログインで「聖晶石×10」をプレゼント！*
`聖晶石 X 10
`_2021-11-14 03:32:01_
--------
[9d78e90bb76b42970abd7495d7329768]
`登陆天数: 26天 / 333天
等级: 128
石头: 6
呼符: 8
友情点: 0 / 697850`
*連続ログイン5日目
※ログインが途切れるか、7日到達すると
1日目から再開されます*
`叡智の猛火 X 2
11月交換券(2021) X 1
`*リリース2300日突破キャンペーン 初回ログインボーナス*
*開催期間中、初回ログインで「聖晶石×10」をプレゼント！*
`聖晶石 X 10
`_2021-11-14 03:32:09_
--------
