【登录信息】
[318194637fc953496e5082ebcbeae7a2]
`登陆天数: 28天 / 1055天
等级: 141
石头: 10
呼符: 0
友情点: 0 / 116266880`
*連続ログイン7日間到達おめでとうございます！
明日は1日目からリスタートされます。*
`獣の足跡 X 1
呼符 X 1
11月交換券(2021) X 1
`*2400万DL突破記念 特別連続ログインボーナス*
*開催期間中、1日1回 最大7回 連続ログインボーナスをプレゼント！*
`英霊結晶・太陽のフォウくん X 10
`_2021-11-16 03:31:59_
--------
[9d78e90bb76b42970abd7495d7329768]
`登陆天数: 28天 / 335天
等级: 128
石头: 6
呼符: 8
友情点: 50 / 697900`
*連続ログイン7日間到達おめでとうございます！
明日は1日目からリスタートされます。*
`獣の足跡 X 1
呼符 X 1
11月交換券(2021) X 1
`*2400万DL突破記念 特別連続ログインボーナス*
*開催期間中、1日1回 最大7回 連続ログインボーナスをプレゼント！*
`英霊結晶・太陽のフォウくん X 10
`_2021-11-16 03:32:07_
--------
