【登录信息】
[318194637fc953496e5082ebcbeae7a2]
`登陆天数: 30天 / 1057天
等级: 141
石头: 10
呼符: 0
友情点: 10 / 116266890`
*連続ログイン2日目
※ログインが途切れるか、7日到達すると
1日目から再開されます*
`聖晶石 X 1
11月交換券(2021) X 1
`*FGO カルデア放送局 ライト版 ～ぐだぐだ龍馬危機一髪！～ 放送記念 初回ログインボーナス*
*開催期間中、初回ログインで「聖晶石×12」をプレゼント！*
`聖晶石 X 12
`_2021-11-18 03:32:08_
--------
[9d78e90bb76b42970abd7495d7329768]
`登陆天数: 30天 / 337天
等级: 128
石头: 6
呼符: 8
友情点: 0 / 697900`
*連続ログイン2日目
※ログインが途切れるか、7日到達すると
1日目から再開されます*
`聖晶石 X 1
11月交換券(2021) X 1
`*FGO カルデア放送局 ライト版 ～ぐだぐだ龍馬危機一髪！～ 放送記念 初回ログインボーナス*
*開催期間中、初回ログインで「聖晶石×12」をプレゼント！*
`聖晶石 X 12
`_2021-11-18 03:32:16_
--------
