【登录信息】
*318194637fc953496e5082ebcbeae7a2*
`登陆天数: 76天 / 2001天
等级: 141
石头: 428
呼符: 9
体力: 1831.2 / 140
友情点: 11935 / 5629235`
*連続ログイン6日目
※ログインが途切れるか、7日到達すると
1日目から再開されます*
`聖晶石 X 2
11月交換券(2024) X 1
`*秋の戦力増強キャンペーン特別ログインボーナス！*
*開催期間中、1日1回 最大7回 ログインボーナスをプレゼント！*
`英霊結晶・星のフォウくん X 5
`_2024-10-31 19:33:36_
--------
*9d78e90bb76b42970abd7495d7329768*
`登陆天数: 60天 / 1268天
等级: 128
石头: 640
呼符: 68
体力: 181191.11666666667 / 137
友情点: 0 / 884090`
*連続ログイン4日目
※ログインが途切れるか、7日到達すると
1日目から再開されます*
`聖晶石 X 1
11月交換券(2024) X 1
`*秋の戦力増強キャンペーン特別ログインボーナス！*
*開催期間中、1日1回 最大7回 ログインボーナスをプレゼント！*
`英霊結晶・星のフォウくん X 5
`_2024-10-31 19:33:45_
--------
*b6bbcdbd5addb82b8007d1a35f461999*
`登陆天数: 60天 / 1388天
等级: 125
石头: 0
呼符: 0
体力: 267527.5 / 137
友情点: 0 / 1003430`
*連続ログイン4日目
※ログインが途切れるか、7日到達すると
1日目から再開されます*
`聖晶石 X 1
11月交換券(2024) X 1
`*秋の戦力増強キャンペーン特別ログインボーナス！*
*開催期間中、1日1回 最大7回 ログインボーナスをプレゼント！*
`英霊結晶・星のフォウくん X 5
`_2024-10-31 19:33:57_
--------
