【登录信息】
*318194637fc953496e5082ebcbeae7a2*
`登陆天数: 77天 / 2002天
等级: 141
石头: 465
呼符: 10
体力: 41.99333333333334 / 140
友情点: 16270 / 5691995`
*連続ログイン7日間到達おめでとうございます！
明日は1日目からリスタートされます。*
`獣の足跡 X 1
呼符 X 1
11月交換券(2024) X 1
`*秋の戦力増強キャンペーン特別ログインボーナス！*
*開催期間中、1日1回 最大7回 ログインボーナスをプレゼント！*
`QP X 2000000
`_2024-11-01 19:32:50_
--------
*9d78e90bb76b42970abd7495d7329768*
`登陆天数: 61天 / 1269天
等级: 128
石头: 640
呼符: 68
体力: 181478.96333333335 / 137
友情点: 0 / 884090`
*連続ログイン5日目
※ログインが途切れるか、7日到達すると
1日目から再開されます*
`叡智の業火 X 2
11月交換券(2024) X 1
`*使用期限付コンティニューアイテムプレゼント！*
*開催期間中、初回ログインでコンティニューアイテム「霊脈石×3」をプレゼント！*
`霊脈石 X 3
`_2024-11-01 19:32:59_
--------
*b6bbcdbd5addb82b8007d1a35f461999*
`登陆天数: 61天 / 1389天
等级: 125
石头: 0
呼符: 0
体力: 267815.3466666667 / 137
友情点: 0 / 1003430`
*連続ログイン5日目
※ログインが途切れるか、7日到達すると
1日目から再開されます*
`叡智の業火 X 2
11月交換券(2024) X 1
`*使用期限付コンティニューアイテムプレゼント！*
*開催期間中、初回ログインでコンティニューアイテム「霊脈石×3」をプレゼント！*
`霊脈石 X 3
`_2024-11-01 19:33:11_
--------
