【登录信息】
*318194637fc953496e5082ebcbeae7a2*
`登陆天数: 78天 / 2003天
等级: 141
石头: 465
呼符: 10
体力: 329.7833333333333 / 140
友情点: 13295 / 5707290`
*連続ログイン1日目
※ログインが途切れるか、7日到達すると
1日目から再開されます*
`フレンドポイント X 2000
11月交換券(2024) X 1
`*秋の戦力増強キャンペーン特別ログインボーナス！*
*開催期間中、1日1回 最大7回 ログインボーナスをプレゼント！*
`叡智の業火 X 3
`_2024-11-02 19:31:47_
--------
*9d78e90bb76b42970abd7495d7329768*
`登陆天数: 62天 / 1270天
等级: 128
石头: 640
呼符: 68
体力: 181766.75333333333 / 137
友情点: 0 / 884090`
*連続ログイン6日目
※ログインが途切れるか、7日到達すると
1日目から再開されます*
`聖晶石 X 2
11月交換券(2024) X 1
`*秋の戦力増強キャンペーン特別ログインボーナス！*
*開催期間中、1日1回 最大7回 ログインボーナスをプレゼント！*
`叡智の業火 X 3
`_2024-11-02 19:31:56_
--------
*b6bbcdbd5addb82b8007d1a35f461999*
`登陆天数: 62天 / 1390天
等级: 125
石头: 0
呼符: 0
体力: 268103.13333333336 / 137
友情点: 0 / 1003430`
*連続ログイン6日目
※ログインが途切れるか、7日到達すると
1日目から再開されます*
`聖晶石 X 2
11月交換券(2024) X 1
`*秋の戦力増強キャンペーン特別ログインボーナス！*
*開催期間中、1日1回 最大7回 ログインボーナスをプレゼント！*
`叡智の業火 X 3
`_2024-11-02 19:32:07_
--------
