【登录信息】
*318194637fc953496e5082ebcbeae7a2*
`登陆天数: 79天 / 2004天
等级: 141
石头: 465
呼符: 10
体力: 617.8166666666666 / 140
友情点: 17120 / 5727420`
*連続ログイン2日目
※ログインが途切れるか、7日到達すると
1日目から再開されます*
`聖晶石 X 1
11月交換券(2024) X 1
`*秋の戦力増強キャンペーン特別ログインボーナス！*
*開催期間中、1日1回 最大7回 ログインボーナスをプレゼント！*
`英霊結晶・太陽のフォウくん X 5
`_2024-11-03 19:31:57_
--------
*9d78e90bb76b42970abd7495d7329768*
`登陆天数: 63天 / 1271天
等级: 128
石头: 640
呼符: 68
体力: 182054.78666666665 / 137
友情点: 10 / 884100`
*連続ログイン7日間到達おめでとうございます！
明日は1日目からリスタートされます。*
`獣の足跡 X 1
呼符 X 1
11月交換券(2024) X 1
`*秋の戦力増強キャンペーン特別ログインボーナス！*
*開催期間中、1日1回 最大7回 ログインボーナスをプレゼント！*
`英霊結晶・太陽のフォウくん X 5
`_2024-11-03 19:32:06_
--------
*b6bbcdbd5addb82b8007d1a35f461999*
`登陆天数: 63天 / 1391天
等级: 125
石头: 0
呼符: 0
体力: 268391.1666666667 / 137
友情点: 0 / 1003430`
*連続ログイン7日間到達おめでとうございます！
明日は1日目からリスタートされます。*
`獣の足跡 X 1
呼符 X 1
11月交換券(2024) X 1
`*秋の戦力増強キャンペーン特別ログインボーナス！*
*開催期間中、1日1回 最大7回 ログインボーナスをプレゼント！*
`英霊結晶・太陽のフォウくん X 5
`_2024-11-03 19:32:17_
--------
