【登录信息】
*318194637fc953496e5082ebcbeae7a2*
`登陆天数: 80天 / 2005天
等级: 141
石头: 466
呼符: 11
体力: 47.656666666666666 / 140
友情点: 9265 / 5765825`
*連続ログイン3日目
※ログインが途切れるか、7日到達すると
1日目から再開されます*
`叡智の業火 X 1
11月交換券(2024) X 1
`*秋の戦力増強キャンペーン特別ログインボーナス！*
*開催期間中、1日1回 最大7回 ログインボーナスをプレゼント！*
`叡智の業火 X 3
`_2024-11-04 19:31:43_
--------
*9d78e90bb76b42970abd7495d7329768*
`登陆天数: 64天 / 1272天
等级: 128
石头: 640
呼符: 68
体力: 182342.74 / 137
友情点: 0 / 884100`
*連続ログイン1日目
※ログインが途切れるか、7日到達すると
1日目から再開されます*
`フレンドポイント X 2000
11月交換券(2024) X 1
`*秋の戦力増強キャンペーン特別ログインボーナス！*
*開催期間中、1日1回 最大7回 ログインボーナスをプレゼント！*
`叡智の業火 X 3
`_2024-11-04 19:31:52_
--------
*b6bbcdbd5addb82b8007d1a35f461999*
`登陆天数: 64天 / 1392天
等级: 125
石头: 0
呼符: 0
体力: 268679.12 / 137
友情点: 0 / 1003430`
*連続ログイン1日目
※ログインが途切れるか、7日到達すると
1日目から再開されます*
`フレンドポイント X 2000
11月交換券(2024) X 1
`*秋の戦力増強キャンペーン特別ログインボーナス！*
*開催期間中、1日1回 最大7回 ログインボーナスをプレゼント！*
`叡智の業火 X 3
`_2024-11-04 19:32:03_
--------
