【登录信息】
*318194637fc953496e5082ebcbeae7a2*
`登陆天数: 81天 / 2006天
等级: 141
石头: 466
呼符: 11
体力: 335.6633333333333 / 140
友情点: 17510 / 5784735`
*連続ログイン4日目
※ログインが途切れるか、7日到達すると
1日目から再開されます*
`聖晶石 X 1
11月交換券(2024) X 1
`*秋の戦力増強キャンペーン特別ログインボーナス！*
*開催期間中、1日1回 最大7回 ログインボーナスをプレゼント！*
`QP X 3000000
`_2024-11-05 19:31:45_
--------
*9d78e90bb76b42970abd7495d7329768*
`登陆天数: 65天 / 1273天
等级: 128
石头: 640
呼符: 68
体力: 182630.74666666667 / 137
友情点: 0 / 884100`
*連続ログイン2日目
※ログインが途切れるか、7日到達すると
1日目から再開されます*
`聖晶石 X 1
11月交換券(2024) X 1
`*秋の戦力増強キャンペーン特別ログインボーナス！*
*開催期間中、1日1回 最大7回 ログインボーナスをプレゼント！*
`QP X 3000000
`_2024-11-05 19:31:54_
--------
*b6bbcdbd5addb82b8007d1a35f461999*
`登陆天数: 65天 / 1393天
等级: 125
石头: 0
呼符: 0
体力: 268967.13 / 137
友情点: 0 / 1003430`
*連続ログイン2日目
※ログインが途切れるか、7日到達すると
1日目から再開されます*
`聖晶石 X 1
11月交換券(2024) X 1
`*秋の戦力増強キャンペーン特別ログインボーナス！*
*開催期間中、1日1回 最大7回 ログインボーナスをプレゼント！*
`QP X 3000000
`_2024-11-05 19:32:06_
--------
