【登录信息】
*318194637fc953496e5082ebcbeae7a2*
`登陆天数: 82天 / 2007天
等级: 141
石头: 466
呼符: 11
体力: 623.8066666666666 / 140
友情点: 16150 / 5804085`
*連続ログイン5日目
※ログインが途切れるか、7日到達すると
1日目から再開されます*
`叡智の業火 X 2
11月交換券(2024) X 1
`*「ぶち壊せ！ ミステリーハウス・クラフターズ ～星の鉱員と日の出の翼～」開幕直前特別ログインボーナス*
*開催期間中、1日1回 最大7回 ログインボーナスをプレゼント！*
`聖晶石 X 1
`_2024-11-06 19:32:28_
--------
*9d78e90bb76b42970abd7495d7329768*
`登陆天数: 66天 / 1274天
等级: 128
石头: 640
呼符: 68
体力: 182918.89 / 137
友情点: 0 / 884100`
*連続ログイン3日目
※ログインが途切れるか、7日到達すると
1日目から再開されます*
`叡智の業火 X 1
11月交換券(2024) X 1
`*「ぶち壊せ！ ミステリーハウス・クラフターズ ～星の鉱員と日の出の翼～」開幕直前特別ログインボーナス*
*開催期間中、1日1回 最大7回 ログインボーナスをプレゼント！*
`聖晶石 X 1
`_2024-11-06 19:32:38_
--------
*b6bbcdbd5addb82b8007d1a35f461999*
`登陆天数: 66天 / 1394天
等级: 125
石头: 0
呼符: 0
体力: 269255.27 / 137
友情点: 0 / 1003430`
*連続ログイン3日目
※ログインが途切れるか、7日到達すると
1日目から再開されます*
`叡智の業火 X 1
11月交換券(2024) X 1
`*「ぶち壊せ！ ミステリーハウス・クラフターズ ～星の鉱員と日の出の翼～」開幕直前特別ログインボーナス*
*開催期間中、1日1回 最大7回 ログインボーナスをプレゼント！*
`聖晶石 X 1
`_2024-11-06 19:32:49_
--------
