【登录信息】
*318194637fc953496e5082ebcbeae7a2*
`登陆天数: 84天 / 2009天
等级: 141
石头: 466
呼符: 11
体力: 1199.7 / 140
友情点: 19050 / 5859165`
*連続ログイン7日間到達おめでとうございます！
明日は1日目からリスタートされます。*
`獣の足跡 X 1
呼符 X 1
11月交換券(2024) X 1
`*「ぶち壊せ！ ミステリーハウス・クラフターズ ～星の鉱員と日の出の翼～」開幕直前特別ログインボーナス*
*開催期間中、1日1回 最大7回 ログインボーナスをプレゼント！*
`QP X 1000000
`_2024-11-08 19:31:56_
--------
*9d78e90bb76b42970abd7495d7329768*
`登陆天数: 68天 / 1276天
等级: 128
石头: 640
呼符: 68
体力: 183494.78333333333 / 137
友情点: 0 / 884100`
*連続ログイン5日目
※ログインが途切れるか、7日到達すると
1日目から再開されます*
`叡智の業火 X 2
11月交換券(2024) X 1
`*「ぶち壊せ！ ミステリーハウス・クラフターズ ～星の鉱員と日の出の翼～」開幕直前特別ログインボーナス*
*開催期間中、1日1回 最大7回 ログインボーナスをプレゼント！*
`QP X 1000000
`_2024-11-08 19:32:05_
--------
*b6bbcdbd5addb82b8007d1a35f461999*
`登陆天数: 68天 / 1396天
等级: 125
石头: 0
呼符: 0
体力: 269831.16333333333 / 137
友情点: 0 / 1003430`
*連続ログイン5日目
※ログインが途切れるか、7日到達すると
1日目から再開されます*
`叡智の業火 X 2
11月交換券(2024) X 1
`*「ぶち壊せ！ ミステリーハウス・クラフターズ ～星の鉱員と日の出の翼～」開幕直前特別ログインボーナス*
*開催期間中、1日1回 最大7回 ログインボーナスをプレゼント！*
`QP X 1000000
`_2024-11-08 19:32:16_
--------
