【登录信息】
*318194637fc953496e5082ebcbeae7a2*
`登陆天数: 86天 / 2011天
等级: 141
石头: 466
呼符: 11
体力: 1775.72 / 140
友情点: 16320 / 5895320`
*連続ログイン2日目
※ログインが途切れるか、7日到達すると
1日目から再開されます*
`聖晶石 X 1
11月交換券(2024) X 1
`*「ぶち壊せ！ ミステリーハウス・クラフターズ ～星の鉱員と日の出の翼～」開幕直前特別ログインボーナス*
*開催期間中、1日1回 最大7回 ログインボーナスをプレゼント！*
`QP X 1000000
`_2024-11-10 19:32:02_
--------
*9d78e90bb76b42970abd7495d7329768*
`登陆天数: 70天 / 1278天
等级: 128
石头: 640
呼符: 68
体力: 184070.80333333334 / 137
友情点: 0 / 884110`
*連続ログイン7日間到達おめでとうございます！
明日は1日目からリスタートされます。*
`獣の足跡 X 1
呼符 X 1
11月交換券(2024) X 1
`*「ぶち壊せ！ ミステリーハウス・クラフターズ ～星の鉱員と日の出の翼～」開幕直前特別ログインボーナス*
*開催期間中、1日1回 最大7回 ログインボーナスをプレゼント！*
`QP X 1000000
`_2024-11-10 19:32:11_
--------
*b6bbcdbd5addb82b8007d1a35f461999*
`登陆天数: 70天 / 1398天
等级: 125
石头: 0
呼符: 0
体力: 270407.18333333335 / 137
友情点: 0 / 1003430`
*連続ログイン7日間到達おめでとうございます！
明日は1日目からリスタートされます。*
`獣の足跡 X 1
呼符 X 1
11月交換券(2024) X 1
`*「ぶち壊せ！ ミステリーハウス・クラフターズ ～星の鉱員と日の出の翼～」開幕直前特別ログインボーナス*
*開催期間中、1日1回 最大7回 ログインボーナスをプレゼント！*
`QP X 1000000
`_2024-11-10 19:32:22_
--------
