【登录信息】
*318194637fc953496e5082ebcbeae7a2*
`登陆天数: 87天 / 2012天
等级: 141
石头: 466
呼符: 11
体力: 2063.6833333333334 / 140
友情点: 29175 / 5929515`
*連続ログイン3日目
※ログインが途切れるか、7日到達すると
1日目から再開されます*
`叡智の業火 X 1
11月交換券(2024) X 1
`*「ぶち壊せ！ ミステリーハウス・クラフターズ ～星の鉱員と日の出の翼～」開幕直前特別ログインボーナス*
*開催期間中、1日1回 最大7回 ログインボーナスをプレゼント！*
`黄金の果実 X 1
`_2024-11-11 19:31:51_
--------
*9d78e90bb76b42970abd7495d7329768*
`登陆天数: 71天 / 1279天
等级: 128
石头: 640
呼符: 68
体力: 184358.76666666666 / 137
友情点: 0 / 884110`
*連続ログイン1日目
※ログインが途切れるか、7日到達すると
1日目から再開されます*
`フレンドポイント X 2000
11月交換券(2024) X 1
`*「ぶち壊せ！ ミステリーハウス・クラフターズ ～星の鉱員と日の出の翼～」開幕直前特別ログインボーナス*
*開催期間中、1日1回 最大7回 ログインボーナスをプレゼント！*
`黄金の果実 X 1
`_2024-11-11 19:32:00_
--------
*b6bbcdbd5addb82b8007d1a35f461999*
`登陆天数: 71天 / 1399天
等级: 125
石头: 0
呼符: 0
体力: 270695.14666666667 / 137
友情点: 0 / 1003430`
*連続ログイン1日目
※ログインが途切れるか、7日到達すると
1日目から再開されます*
`フレンドポイント X 2000
11月交換券(2024) X 1
`*「ぶち壊せ！ ミステリーハウス・クラフターズ ～星の鉱員と日の出の翼～」開幕直前特別ログインボーナス*
*開催期間中、1日1回 最大7回 ログインボーナスをプレゼント！*
`黄金の果実 X 1
`_2024-11-11 19:32:11_
--------
