【登录信息】
*318194637fc953496e5082ebcbeae7a2*
`登陆天数: 88天 / 2013天
等级: 141
石头: 466
呼符: 11
体力: 2351.653333333333 / 140
友情点: 44305 / 5978840`
*連続ログイン4日目
※ログインが途切れるか、7日到達すると
1日目から再開されます*
`聖晶石 X 1
11月交換券(2024) X 1
`*「ぶち壊せ！ ミステリーハウス・クラフターズ ～星の鉱員と日の出の翼～」開幕直前特別ログインボーナス*
*開催期間中、1日1回 最大7回 ログインボーナスをプレゼント！*
`聖晶石 X 2
`_2024-11-12 19:31:41_
--------
*9d78e90bb76b42970abd7495d7329768*
`登陆天数: 72天 / 1280天
等级: 128
石头: 640
呼符: 68
体力: 184646.73666666666 / 137
友情点: 0 / 884110`
*連続ログイン2日目
※ログインが途切れるか、7日到達すると
1日目から再開されます*
`聖晶石 X 1
11月交換券(2024) X 1
`*「ぶち壊せ！ ミステリーハウス・クラフターズ ～星の鉱員と日の出の翼～」開幕直前特別ログインボーナス*
*開催期間中、1日1回 最大7回 ログインボーナスをプレゼント！*
`聖晶石 X 2
`_2024-11-12 19:31:51_
--------
*b6bbcdbd5addb82b8007d1a35f461999*
`登陆天数: 72天 / 1400天
等级: 125
石头: 0
呼符: 0
体力: 270983.11666666664 / 137
友情点: 0 / 1003430`
*連続ログイン2日目
※ログインが途切れるか、7日到達すると
1日目から再開されます*
`聖晶石 X 1
11月交換券(2024) X 1
`*「ぶち壊せ！ ミステリーハウス・クラフターズ ～星の鉱員と日の出の翼～」開幕直前特別ログインボーナス*
*開催期間中、1日1回 最大7回 ログインボーナスをプレゼント！*
`聖晶石 X 2
`_2024-11-12 19:32:03_
--------
