【登录信息】
*318194637fc953496e5082ebcbeae7a2*
`登陆天数: 89天 / 2014天
等级: 141
石头: 466
呼符: 11
体力: 2639.7033333333334 / 140
友情点: 34290 / 6017930`
*連続ログイン5日目
※ログインが途切れるか、7日到達すると
1日目から再開されます*
`叡智の業火 X 2
11月交換券(2024) X 1
`_2024-11-13 19:31:57_
--------
*9d78e90bb76b42970abd7495d7329768*
`登陆天数: 73天 / 1281天
等级: 128
石头: 640
呼符: 68
体力: 184934.78333333333 / 137
友情点: 0 / 884110`
*連続ログイン3日目
※ログインが途切れるか、7日到達すると
1日目から再開されます*
`叡智の業火 X 1
11月交換券(2024) X 1
`_2024-11-13 19:32:06_
--------
*b6bbcdbd5addb82b8007d1a35f461999*
`登陆天数: 73天 / 1401天
等级: 125
石头: 0
呼符: 0
体力: 271271.16333333333 / 137
友情点: 0 / 1003430`
*連続ログイン3日目
※ログインが途切れるか、7日到達すると
1日目から再開されます*
`叡智の業火 X 1
11月交換券(2024) X 1
`_2024-11-13 19:32:17_
--------
