【登录信息】
*318194637fc953496e5082ebcbeae7a2*
`登陆天数: 90天 / 2015天
等级: 141
石头: 493
呼符: 12
体力: 2927.74 / 140
友情点: 5695 / 6046270`
*連続ログイン6日目
※ログインが途切れるか、7日到達すると
1日目から再開されます*
`聖晶石 X 2
11月交換券(2024) X 1
`_2024-11-14 19:32:08_
--------
*9d78e90bb76b42970abd7495d7329768*
`登陆天数: 74天 / 1282天
等级: 128
石头: 640
呼符: 68
体力: 185222.82333333333 / 137
友情点: 0 / 884110`
*連続ログイン4日目
※ログインが途切れるか、7日到達すると
1日目から再開されます*
`聖晶石 X 1
11月交換券(2024) X 1
`_2024-11-14 19:32:18_
--------
*b6bbcdbd5addb82b8007d1a35f461999*
`登陆天数: 74天 / 1402天
等级: 125
石头: 0
呼符: 0
体力: 271559.20666666667 / 137
友情点: 0 / 1003430`
*連続ログイン4日目
※ログインが途切れるか、7日到達すると
1日目から再開されます*
`聖晶石 X 1
11月交換券(2024) X 1
`_2024-11-14 19:32:29_
--------
