【登录信息】
*318194637fc953496e5082ebcbeae7a2*
`登陆天数: 93天 / 2018天
等级: 141
石头: 493
呼符: 12
体力: 3791.673333333333 / 140
友情点: 16320 / 6109545`
*連続ログイン2日目
※ログインが途切れるか、7日到達すると
1日目から再開されます*
`聖晶石 X 1
11月交換券(2024) X 1
`_2024-11-17 19:31:48_
--------
*9d78e90bb76b42970abd7495d7329768*
`登陆天数: 77天 / 1285天
等级: 128
石头: 640
呼符: 68
体力: 186086.75666666665 / 137
友情点: 0 / 884110`
*連続ログイン7日間到達おめでとうございます！
明日は1日目からリスタートされます。*
`獣の足跡 X 1
呼符 X 1
11月交換券(2024) X 1
`_2024-11-17 19:31:58_
--------
*b6bbcdbd5addb82b8007d1a35f461999*
`登陆天数: 77天 / 1405天
等级: 125
石头: 0
呼符: 0
体力: 272423.13666666666 / 137
友情点: 0 / 1003430`
*連続ログイン7日間到達おめでとうございます！
明日は1日目からリスタートされます。*
`獣の足跡 X 1
呼符 X 1
11月交換券(2024) X 1
`_2024-11-17 19:32:09_
--------
