【登录信息】
*318194637fc953496e5082ebcbeae7a2*
`登陆天数: 97天 / 2022天
等级: 141
石头: 493
呼符: 12
体力: 4943.73 / 140
友情点: 25450 / 6208735`
*連続ログイン6日目
※ログインが途切れるか、7日到達すると
1日目から再開されます*
`聖晶石 X 2
11月交換券(2024) X 1
`_2024-11-21 19:32:05_
--------
*9d78e90bb76b42970abd7495d7329768*
`登陆天数: 81天 / 1289天
等级: 128
石头: 640
呼符: 68
体力: 187238.81333333332 / 137
友情点: 0 / 884110`
*連続ログイン4日目
※ログインが途切れるか、7日到達すると
1日目から再開されます*
`聖晶石 X 1
11月交換券(2024) X 1
`_2024-11-21 19:32:14_
--------
*b6bbcdbd5addb82b8007d1a35f461999*
`登陆天数: 81天 / 1409天
等级: 125
石头: 0
呼符: 0
体力: 273575.19333333336 / 137
友情点: 0 / 1003430`
*連続ログイン4日目
※ログインが途切れるか、7日到達すると
1日目から再開されます*
`聖晶石 X 1
11月交換券(2024) X 1
`_2024-11-21 19:32:25_
--------
