【登录信息】
*318194637fc953496e5082ebcbeae7a2*
`登陆天数: 101天 / 2026天
等级: 141
石头: 493
呼符: 12
体力: 6095.713333333333 / 140
友情点: 26265 / 6311030`
*連続ログイン3日目
※ログインが途切れるか、7日到達すると
1日目から再開されます*
`叡智の業火 X 1
11月交換券(2024) X 1
`_2024-11-25 19:32:00_
--------
*9d78e90bb76b42970abd7495d7329768*
`登陆天数: 85天 / 1293天
等级: 128
石头: 640
呼符: 68
体力: 188390.79666666666 / 137
友情点: 0 / 884110`
*連続ログイン1日目
※ログインが途切れるか、7日到達すると
1日目から再開されます*
`フレンドポイント X 2000
11月交換券(2024) X 1
`_2024-11-25 19:32:09_
--------
*b6bbcdbd5addb82b8007d1a35f461999*
`登陆天数: 85天 / 1413天
等级: 125
石头: 0
呼符: 0
体力: 274727.18 / 137
友情点: 0 / 1003430`
*連続ログイン1日目
※ログインが途切れるか、7日到達すると
1日目から再開されます*
`フレンドポイント X 2000
11月交換券(2024) X 1
`_2024-11-25 19:32:21_
--------
