【登录信息】
*318194637fc953496e5082ebcbeae7a2*
`登陆天数: 103天 / 2028天
等级: 141
石头: 493
呼符: 12
体力: 6671.7 / 140
友情点: 20860 / 6369850`
*連続ログイン5日目
※ログインが途切れるか、7日到達すると
1日目から再開されます*
`叡智の業火 X 2
11月交換券(2024) X 1
`_2024-11-27 19:31:56_
--------
*9d78e90bb76b42970abd7495d7329768*
`登陆天数: 87天 / 1295天
等级: 128
石头: 640
呼符: 68
体力: 188966.78333333333 / 137
友情点: 0 / 884110`
*連続ログイン3日目
※ログインが途切れるか、7日到達すると
1日目から再開されます*
`叡智の業火 X 1
11月交換券(2024) X 1
`_2024-11-27 19:32:05_
--------
*b6bbcdbd5addb82b8007d1a35f461999*
`登陆天数: 87天 / 1415天
等级: 125
石头: 0
呼符: 0
体力: 275303.16333333333 / 137
友情点: 0 / 1003430`
*連続ログイン3日目
※ログインが途切れるか、7日到達すると
1日目から再開されます*
`叡智の業火 X 1
11月交換券(2024) X 1
`_2024-11-27 19:32:16_
--------
