【登录信息】
*318194637fc953496e5082ebcbeae7a2*
`登陆天数: 26天 / 1888天
等级: 141
石头: 511
呼符: 27
体力: 26583.903333333332 / 140
友情点: 1700 / 4008475`
*連続ログイン5日目
※ログインが途切れるか、7日到達すると
1日目から再開されます*
`叡智の業火 X 2
4月交換券(2024) X 1
`*「Fate/Dream Striker」リリース記念 初回ログインボーナス*
*開催期間中、初回ログインで「聖晶石×10」をプレゼント！*
`聖晶石 X 10
`_2024-04-01 03:31:49_
--------
*9d78e90bb76b42970abd7495d7329768*
`登陆天数: 26天 / 1168天
等级: 128
石头: 640
呼符: 68
体力: 119558.76 / 137
友情点: 120 / 879285`
*連続ログイン5日目
※ログインが途切れるか、7日到達すると
1日目から再開されます*
`叡智の業火 X 2
4月交換券(2024) X 1
`*「Fate/Dream Striker」リリース記念 初回ログインボーナス*
*開催期間中、初回ログインで「聖晶石×10」をプレゼント！*
`聖晶石 X 10
`_2024-04-01 03:31:58_
--------
*b6bbcdbd5addb82b8007d1a35f461999*
`登陆天数: 26天 / 1288天
等级: 125
石头: 0
呼符: 0
体力: 205895.14 / 137
友情点: 220 / 999680`
*連続ログイン5日目
※ログインが途切れるか、7日到達すると
1日目から再開されます*
`叡智の業火 X 2
4月交換券(2024) X 1
`*「Fate/Dream Striker」リリース記念 初回ログインボーナス*
*開催期間中、初回ログインで「聖晶石×10」をプレゼント！*
`聖晶石 X 10
`_2024-04-01 03:32:10_
--------
