【登录信息】
*318194637fc953496e5082ebcbeae7a2*
`登陆天数: 27天 / 1889天
等级: 141
石头: 511
呼符: 27
体力: 26871.88 / 140
友情点: 1020 / 4009495`
*連続ログイン6日目
※ログインが途切れるか、7日到達すると
1日目から再開されます*
`聖晶石 X 2
4月交換券(2024) X 1
`*Fate/Grand Order 春の新米マスター応援キャンペーン2024！
特別ログインボーナス*
*開催期間中、1日1回 最大7回 回数ログインボーナスをプレゼント！*
`聖晶石 X 1
`_2024-04-02 03:31:42_
--------
*9d78e90bb76b42970abd7495d7329768*
`登陆天数: 27天 / 1169天
等级: 128
石头: 640
呼符: 68
体力: 119846.73666666666 / 137
友情点: 80 / 879365`
*連続ログイン6日目
※ログインが途切れるか、7日到達すると
1日目から再開されます*
`聖晶石 X 2
4月交換券(2024) X 1
`*Fate/Grand Order 春の新米マスター応援キャンペーン2024！
特別ログインボーナス*
*開催期間中、1日1回 最大7回 回数ログインボーナスをプレゼント！*
`聖晶石 X 1
`_2024-04-02 03:31:51_
--------
*b6bbcdbd5addb82b8007d1a35f461999*
`登陆天数: 27天 / 1289天
等级: 125
石头: 0
呼符: 0
体力: 206183.11666666667 / 137
友情点: 140 / 999820`
*連続ログイン6日目
※ログインが途切れるか、7日到達すると
1日目から再開されます*
`聖晶石 X 2
4月交換券(2024) X 1
`*Fate/Grand Order 春の新米マスター応援キャンペーン2024！
特別ログインボーナス*
*開催期間中、1日1回 最大7回 回数ログインボーナスをプレゼント！*
`聖晶石 X 1
`_2024-04-02 03:32:03_
--------
