【登录信息】
*318194637fc953496e5082ebcbeae7a2*
`登陆天数: 28天 / 1890天
等级: 141
石头: 511
呼符: 27
体力: 27159.853333333333 / 140
友情点: 1530 / 4011025`
*連続ログイン7日間到達おめでとうございます！
明日は1日目からリスタートされます。*
`獣の足跡 X 1
呼符 X 1
4月交換券(2024) X 1
`*Fate/Grand Order 春の新米マスター応援キャンペーン2024！
特別ログインボーナス*
*開催期間中、1日1回 最大7回 回数ログインボーナスをプレゼント！*
`聖晶石 X 1
`_2024-04-03 03:31:34_
--------
*9d78e90bb76b42970abd7495d7329768*
`登陆天数: 28天 / 1170天
等级: 128
石头: 640
呼符: 68
体力: 120134.71 / 137
友情点: 40 / 879415`
*連続ログイン7日間到達おめでとうございます！
明日は1日目からリスタートされます。*
`獣の足跡 X 1
呼符 X 1
4月交換券(2024) X 1
`*Fate/Grand Order 春の新米マスター応援キャンペーン2024！
特別ログインボーナス*
*開催期間中、1日1回 最大7回 回数ログインボーナスをプレゼント！*
`聖晶石 X 1
`_2024-04-03 03:31:43_
--------
*b6bbcdbd5addb82b8007d1a35f461999*
`登陆天数: 28天 / 1290天
等级: 125
石头: 0
呼符: 0
体力: 206471.09 / 137
友情点: 120 / 999940`
*連続ログイン7日間到達おめでとうございます！
明日は1日目からリスタートされます。*
`獣の足跡 X 1
呼符 X 1
4月交換券(2024) X 1
`*Fate/Grand Order 春の新米マスター応援キャンペーン2024！
特別ログインボーナス*
*開催期間中、1日1回 最大7回 回数ログインボーナスをプレゼント！*
`聖晶石 X 1
`_2024-04-03 03:31:54_
--------
