【登录信息】
*318194637fc953496e5082ebcbeae7a2*
`登陆天数: 30天 / 1892天
等级: 141
石头: 511
呼符: 27
体力: 27735.853333333333 / 140
友情点: 1190 / 4014125`
*連続ログイン2日目
※ログインが途切れるか、7日到達すると
1日目から再開されます*
`聖晶石 X 1
4月交換券(2024) X 1
`*日替りログインボーナス*
*開催期間中、1日1回 2週間日替りでログインボーナスをプレゼント！*
`巡霊の葉 X 30
`_2024-04-05 03:31:34_
--------
*9d78e90bb76b42970abd7495d7329768*
`登陆天数: 30天 / 1172天
等级: 128
石头: 640
呼符: 68
体力: 120710.70666666667 / 137
友情点: 120 / 879655`
*連続ログイン2日目
※ログインが途切れるか、7日到達すると
1日目から再開されます*
`聖晶石 X 1
4月交換券(2024) X 1
`*日替りログインボーナス*
*開催期間中、1日1回 2週間日替りでログインボーナスをプレゼント！*
`巡霊の葉 X 30
`_2024-04-05 03:31:43_
--------
*b6bbcdbd5addb82b8007d1a35f461999*
`登陆天数: 30天 / 1292天
等级: 125
石头: 0
呼符: 0
体力: 207047.09 / 137
友情点: 220 / 1000240`
*連続ログイン2日目
※ログインが途切れるか、7日到達すると
1日目から再開されます*
`聖晶石 X 1
4月交換券(2024) X 1
`*日替りログインボーナス*
*開催期間中、1日1回 2週間日替りでログインボーナスをプレゼント！*
`巡霊の葉 X 30
`_2024-04-05 03:31:54_
--------
