【登录信息】
*318194637fc953496e5082ebcbeae7a2*
`登陆天数: 31天 / 1893天
等级: 141
石头: 511
呼符: 27
体力: 28023.87 / 140
友情点: 170 / 4014295`
*連続ログイン3日目
※ログインが途切れるか、7日到達すると
1日目から再開されます*
`叡智の業火 X 1
4月交換券(2024) X 1
`*日替りログインボーナス*
*開催期間中、1日1回 2週間日替りでログインボーナスをプレゼント！*
`巡霊の葉 X 30
`_2024-04-06 03:31:40_
--------
*9d78e90bb76b42970abd7495d7329768*
`登陆天数: 31天 / 1173天
等级: 128
石头: 640
呼符: 68
体力: 120998.72666666667 / 137
友情点: 100 / 879755`
*連続ログイン3日目
※ログインが途切れるか、7日到達すると
1日目から再開されます*
`叡智の業火 X 1
4月交換券(2024) X 1
`*日替りログインボーナス*
*開催期間中、1日1回 2週間日替りでログインボーナスをプレゼント！*
`巡霊の葉 X 30
`_2024-04-06 03:31:49_
--------
*b6bbcdbd5addb82b8007d1a35f461999*
`登陆天数: 31天 / 1293天
等级: 125
石头: 0
呼符: 0
体力: 207335.10666666666 / 137
友情点: 60 / 1000300`
*連続ログイン3日目
※ログインが途切れるか、7日到達すると
1日目から再開されます*
`叡智の業火 X 1
4月交換券(2024) X 1
`*日替りログインボーナス*
*開催期間中、1日1回 2週間日替りでログインボーナスをプレゼント！*
`巡霊の葉 X 30
`_2024-04-06 03:32:00_
--------
