【登录信息】
*318194637fc953496e5082ebcbeae7a2*
`登陆天数: 32天 / 1894天
等级: 141
石头: 511
呼符: 27
体力: 28311.906666666666 / 140
友情点: 340 / 4014635`
*連続ログイン4日目
※ログインが途切れるか、7日到達すると
1日目から再開されます*
`聖晶石 X 1
4月交換券(2024) X 1
`*日替りログインボーナス*
*開催期間中、1日1回 2週間日替りでログインボーナスをプレゼント！*
`聖晶石 X 1
巡霊の葉 X 80
`_2024-04-07 03:31:49_
--------
*9d78e90bb76b42970abd7495d7329768*
`登陆天数: 32天 / 1174天
等级: 128
石头: 640
呼符: 68
体力: 121286.76666666666 / 137
友情点: 30 / 879785`
*連続ログイン4日目
※ログインが途切れるか、7日到達すると
1日目から再開されます*
`聖晶石 X 1
4月交換券(2024) X 1
`*日替りログインボーナス*
*開催期間中、1日1回 2週間日替りでログインボーナスをプレゼント！*
`聖晶石 X 1
巡霊の葉 X 80
`_2024-04-07 03:32:00_
--------
*b6bbcdbd5addb82b8007d1a35f461999*
`登陆天数: 32天 / 1294天
等级: 125
石头: 0
呼符: 0
体力: 207623.15333333332 / 137
友情点: 80 / 1000380`
*連続ログイン4日目
※ログインが途切れるか、7日到達すると
1日目から再開されます*
`聖晶石 X 1
4月交換券(2024) X 1
`*日替りログインボーナス*
*開催期間中、1日1回 2週間日替りでログインボーナスをプレゼント！*
`聖晶石 X 1
巡霊の葉 X 80
`_2024-04-07 03:32:13_
--------
