【登录信息】
*318194637fc953496e5082ebcbeae7a2*
`登陆天数: 33天 / 1895天
等级: 141
石头: 511
呼符: 27
体力: 28599.846666666668 / 140
友情点: 340 / 4014975`
*連続ログイン5日目
※ログインが途切れるか、7日到達すると
1日目から再開されます*
`叡智の業火 X 2
4月交換券(2024) X 1
`*日替りログインボーナス*
*開催期間中、1日1回 2週間日替りでログインボーナスをプレゼント！*
`巡霊の葉 X 30
`_2024-04-08 03:31:33_
--------
*9d78e90bb76b42970abd7495d7329768*
`登陆天数: 33天 / 1175天
等级: 128
石头: 640
呼符: 68
体力: 121574.70333333334 / 137
友情点: 30 / 879845`
*連続ログイン5日目
※ログインが途切れるか、7日到達すると
1日目から再開されます*
`叡智の業火 X 2
4月交換券(2024) X 1
`*日替りログインボーナス*
*開催期間中、1日1回 2週間日替りでログインボーナスをプレゼント！*
`巡霊の葉 X 30
`_2024-04-08 03:31:42_
--------
*b6bbcdbd5addb82b8007d1a35f461999*
`登陆天数: 33天 / 1295天
等级: 125
石头: 0
呼符: 0
体力: 207911.08333333334 / 137
友情点: 50 / 1000430`
*連続ログイン5日目
※ログインが途切れるか、7日到達すると
1日目から再開されます*
`叡智の業火 X 2
4月交換券(2024) X 1
`*日替りログインボーナス*
*開催期間中、1日1回 2週間日替りでログインボーナスをプレゼント！*
`巡霊の葉 X 30
`_2024-04-08 03:31:53_
--------
