【登录信息】
*318194637fc953496e5082ebcbeae7a2*
`登陆天数: 34天 / 1896天
等级: 141
石头: 511
呼符: 27
体力: 28887.83 / 140
友情点: 170 / 4015145`
*連続ログイン6日目
※ログインが途切れるか、7日到達すると
1日目から再開されます*
`聖晶石 X 2
4月交換券(2024) X 1
`*日替りログインボーナス*
*開催期間中、1日1回 2週間日替りでログインボーナスをプレゼント！*
`巡霊の葉 X 30
`_2024-04-09 03:31:27_
--------
*9d78e90bb76b42970abd7495d7329768*
`登陆天数: 34天 / 1176天
等级: 128
石头: 640
呼符: 68
体力: 121862.68666666666 / 137
友情点: 30 / 879875`
*連続ログイン6日目
※ログインが途切れるか、7日到達すると
1日目から再開されます*
`聖晶石 X 2
4月交換券(2024) X 1
`*日替りログインボーナス*
*開催期間中、1日1回 2週間日替りでログインボーナスをプレゼント！*
`巡霊の葉 X 30
`_2024-04-09 03:31:36_
--------
*b6bbcdbd5addb82b8007d1a35f461999*
`登陆天数: 34天 / 1296天
等级: 125
石头: 0
呼符: 0
体力: 208199.06666666668 / 137
友情点: 50 / 1000480`
*連続ログイン6日目
※ログインが途切れるか、7日到達すると
1日目から再開されます*
`聖晶石 X 2
4月交換券(2024) X 1
`*日替りログインボーナス*
*開催期間中、1日1回 2週間日替りでログインボーナスをプレゼント！*
`巡霊の葉 X 30
`_2024-04-09 03:31:47_
--------
