【登录信息】
*318194637fc953496e5082ebcbeae7a2*
`登陆天数: 35天 / 1897天
等级: 141
石头: 511
呼符: 27
体力: 29175.836666666666 / 140
友情点: 595 / 4015740`
*連続ログイン7日間到達おめでとうございます！
明日は1日目からリスタートされます。*
`獣の足跡 X 1
呼符 X 1
4月交換券(2024) X 1
`*日替りログインボーナス*
*開催期間中、1日1回 2週間日替りでログインボーナスをプレゼント！*
`聖晶石 X 3
巡霊の葉 X 50
`_2024-04-10 03:31:30_
--------
*9d78e90bb76b42970abd7495d7329768*
`登陆天数: 35天 / 1177天
等级: 128
石头: 640
呼符: 68
体力: 122150.69333333333 / 137
友情点: 40 / 879915`
*連続ログイン7日間到達おめでとうございます！
明日は1日目からリスタートされます。*
`獣の足跡 X 1
呼符 X 1
4月交換券(2024) X 1
`*日替りログインボーナス*
*開催期間中、1日1回 2週間日替りでログインボーナスをプレゼント！*
`聖晶石 X 3
巡霊の葉 X 50
`_2024-04-10 03:31:39_
--------
*b6bbcdbd5addb82b8007d1a35f461999*
`登陆天数: 35天 / 1297天
等级: 125
石头: 0
呼符: 0
体力: 208487.07333333333 / 137
友情点: 50 / 1001130`
*連続ログイン7日間到達おめでとうございます！
明日は1日目からリスタートされます。*
`獣の足跡 X 1
呼符 X 1
4月交換券(2024) X 1
`*日替りログインボーナス*
*開催期間中、1日1回 2週間日替りでログインボーナスをプレゼント！*
`聖晶石 X 3
巡霊の葉 X 50
`_2024-04-10 03:31:50_
--------
