【登录信息】
*318194637fc953496e5082ebcbeae7a2*
`登陆天数: 38天 / 1900天
等级: 141
石头: 511
呼符: 27
体力: 30039.876666666667 / 140
友情点: 170 / 4017620`
*連続ログイン3日目
※ログインが途切れるか、7日到達すると
1日目から再開されます*
`叡智の業火 X 1
4月交換券(2024) X 1
`*日替りログインボーナス*
*開催期間中、1日1回 2週間日替りでログインボーナスをプレゼント！*
`巡霊の葉 X 30
`_2024-04-13 03:31:41_
--------
*9d78e90bb76b42970abd7495d7329768*
`登陆天数: 38天 / 1180天
等级: 128
石头: 640
呼符: 68
体力: 123014.73333333334 / 137
友情点: 20 / 880105`
*連続ログイン3日目
※ログインが途切れるか、7日到達すると
1日目から再開されます*
`叡智の業火 X 1
4月交換券(2024) X 1
`*日替りログインボーナス*
*開催期間中、1日1回 2週間日替りでログインボーナスをプレゼント！*
`巡霊の葉 X 30
`_2024-04-13 03:31:50_
--------
*b6bbcdbd5addb82b8007d1a35f461999*
`登陆天数: 38天 / 1300天
等级: 125
石头: 0
呼符: 0
体力: 209351.11333333334 / 137
友情点: 50 / 1001300`
*連続ログイン3日目
※ログインが途切れるか、7日到達すると
1日目から再開されます*
`叡智の業火 X 1
4月交換券(2024) X 1
`*日替りログインボーナス*
*開催期間中、1日1回 2週間日替りでログインボーナスをプレゼント！*
`巡霊の葉 X 30
`_2024-04-13 03:32:01_
--------
