【登录信息】
*318194637fc953496e5082ebcbeae7a2*
`登陆天数: 39天 / 1901天
等级: 141
石头: 511
呼符: 27
体力: 30327.83 / 140
友情点: 2295 / 4019915`
*連続ログイン4日目
※ログインが途切れるか、7日到達すると
1日目から再開されます*
`聖晶石 X 1
4月交換券(2024) X 1
`*日替りログインボーナス*
*開催期間中、1日1回 2週間日替りでログインボーナスをプレゼント！*
`聖晶石 X 1
巡霊の葉 X 80
`_2024-04-14 03:31:28_
--------
*9d78e90bb76b42970abd7495d7329768*
`登陆天数: 39天 / 1181天
等级: 128
石头: 640
呼符: 68
体力: 123302.68666666666 / 137
友情点: 110 / 880215`
*連続ログイン4日目
※ログインが途切れるか、7日到達すると
1日目から再開されます*
`聖晶石 X 1
4月交換券(2024) X 1
`*日替りログインボーナス*
*開催期間中、1日1回 2週間日替りでログインボーナスをプレゼント！*
`聖晶石 X 1
巡霊の葉 X 80
`_2024-04-14 03:31:37_
--------
*b6bbcdbd5addb82b8007d1a35f461999*
`登陆天数: 39天 / 1301天
等级: 125
石头: 0
呼符: 0
体力: 209639.07 / 137
友情点: 160 / 1001670`
*連続ログイン4日目
※ログインが途切れるか、7日到達すると
1日目から再開されます*
`聖晶石 X 1
4月交換券(2024) X 1
`*日替りログインボーナス*
*開催期間中、1日1回 2週間日替りでログインボーナスをプレゼント！*
`聖晶石 X 1
巡霊の葉 X 80
`_2024-04-14 03:31:48_
--------
