【登录信息】
*318194637fc953496e5082ebcbeae7a2*
`登陆天数: 40天 / 1902天
等级: 141
石头: 511
呼符: 27
体力: 30657.633333333335 / 140
友情点: 1615 / 4021530`
*連続ログイン5日目
※ログインが途切れるか、7日到達すると
1日目から再開されます*
`叡智の業火 X 2
4月交換券(2024) X 1
`*日替りログインボーナス*
*開催期間中、1日1回 2週間日替りでログインボーナスをプレゼント！*
`巡霊の葉 X 30
`_2024-04-15 07:00:29_
--------
*9d78e90bb76b42970abd7495d7329768*
`登陆天数: 40天 / 1182天
等级: 128
石头: 640
呼符: 68
体力: 123632.49 / 137
友情点: 210 / 880435`
*連続ログイン5日目
※ログインが途切れるか、7日到達すると
1日目から再開されます*
`叡智の業火 X 2
4月交換券(2024) X 1
`*日替りログインボーナス*
*開催期間中、1日1回 2週間日替りでログインボーナスをプレゼント！*
`巡霊の葉 X 30
`_2024-04-15 07:00:37_
--------
*b6bbcdbd5addb82b8007d1a35f461999*
`登陆天数: 40天 / 1302天
等级: 125
石头: 0
呼符: 0
体力: 209968.87 / 137
友情点: 140 / 1001820`
*連続ログイン5日目
※ログインが途切れるか、7日到達すると
1日目から再開されます*
`叡智の業火 X 2
4月交換券(2024) X 1
`*日替りログインボーナス*
*開催期間中、1日1回 2週間日替りでログインボーナスをプレゼント！*
`巡霊の葉 X 30
`_2024-04-15 07:00:48_
--------
