【登录信息】
*318194637fc953496e5082ebcbeae7a2*
`登陆天数: 42天 / 1904天
等级: 141
石头: 511
呼符: 27
体力: 31191.853333333333 / 140
友情点: 1105 / 4023230`
*連続ログイン7日間到達おめでとうございます！
明日は1日目からリスタートされます。*
`獣の足跡 X 1
呼符 X 1
4月交換券(2024) X 1
`*日替りログインボーナス*
*開催期間中、1日1回 2週間日替りでログインボーナスをプレゼント！*
`聖晶石 X 3
巡霊の葉 X 50
`_2024-04-17 03:31:34_
--------
*9d78e90bb76b42970abd7495d7329768*
`登陆天数: 42天 / 1184天
等级: 128
石头: 640
呼符: 68
体力: 124166.70666666667 / 137
友情点: 40 / 880475`
*連続ログイン7日間到達おめでとうございます！
明日は1日目からリスタートされます。*
`獣の足跡 X 1
呼符 X 1
4月交換券(2024) X 1
`*日替りログインボーナス*
*開催期間中、1日1回 2週間日替りでログインボーナスをプレゼント！*
`聖晶石 X 3
巡霊の葉 X 50
`_2024-04-17 03:31:43_
--------
*b6bbcdbd5addb82b8007d1a35f461999*
`登陆天数: 42天 / 1304天
等级: 125
石头: 0
呼符: 0
体力: 210503.09 / 137
友情点: 90 / 1001910`
*連続ログイン7日間到達おめでとうございます！
明日は1日目からリスタートされます。*
`獣の足跡 X 1
呼符 X 1
4月交換券(2024) X 1
`*日替りログインボーナス*
*開催期間中、1日1回 2週間日替りでログインボーナスをプレゼント！*
`聖晶石 X 3
巡霊の葉 X 50
`_2024-04-17 03:31:54_
--------
