【登录信息】
*318194637fc953496e5082ebcbeae7a2*
`登陆天数: 43天 / 1905天
等级: 141
石头: 511
呼符: 27
体力: 31479.846666666668 / 140
友情点: 850 / 4024680`
*連続ログイン1日目
※ログインが途切れるか、7日到達すると
1日目から再開されます*
`フレンドポイント X 2000
4月交換券(2024) X 1
`*魔法使いの夜×Fate/Grand Orderコラボレーションイベント
開幕直前特別ログインボーナス*
*開催期間中、1日1回 最大7回 ログインボーナスをプレゼント！*
`聖晶石 X 1
`_2024-04-18 03:31:32_
--------
*9d78e90bb76b42970abd7495d7329768*
`登陆天数: 43天 / 1185天
等级: 128
石头: 640
呼符: 68
体力: 124454.70333333334 / 137
友情点: 40 / 880515`
*連続ログイン1日目
※ログインが途切れるか、7日到達すると
1日目から再開されます*
`フレンドポイント X 2000
4月交換券(2024) X 1
`*魔法使いの夜×Fate/Grand Orderコラボレーションイベント
開幕直前特別ログインボーナス*
*開催期間中、1日1回 最大7回 ログインボーナスをプレゼント！*
`聖晶石 X 1
`_2024-04-18 03:31:41_
--------
*b6bbcdbd5addb82b8007d1a35f461999*
`登陆天数: 43天 / 1305天
等级: 125
石头: 0
呼符: 0
体力: 210791.08333333334 / 137
友情点: 90 / 1002000`
*連続ログイン1日目
※ログインが途切れるか、7日到達すると
1日目から再開されます*
`フレンドポイント X 2000
4月交換券(2024) X 1
`*魔法使いの夜×Fate/Grand Orderコラボレーションイベント
開幕直前特別ログインボーナス*
*開催期間中、1日1回 最大7回 ログインボーナスをプレゼント！*
`聖晶石 X 1
`_2024-04-18 03:31:53_
--------
