【登录信息】
*318194637fc953496e5082ebcbeae7a2*
`登陆天数: 44天 / 1906天
等级: 141
石头: 511
呼符: 27
体力: 31767.82 / 140
友情点: 2125 / 4026805`
*連続ログイン2日目
※ログインが途切れるか、7日到達すると
1日目から再開されます*
`聖晶石 X 1
4月交換券(2024) X 1
`*魔法使いの夜×Fate/Grand Orderコラボレーションイベント
開幕直前特別ログインボーナス*
*開催期間中、1日1回 最大7回 ログインボーナスをプレゼント！*
`黄金の果実 X 1
`_2024-04-19 03:31:25_
--------
*9d78e90bb76b42970abd7495d7329768*
`登陆天数: 44天 / 1186天
等级: 128
石头: 640
呼符: 68
体力: 124742.67666666667 / 137
友情点: 130 / 880645`
*連続ログイン2日目
※ログインが途切れるか、7日到達すると
1日目から再開されます*
`聖晶石 X 1
4月交換券(2024) X 1
`*魔法使いの夜×Fate/Grand Orderコラボレーションイベント
開幕直前特別ログインボーナス*
*開催期間中、1日1回 最大7回 ログインボーナスをプレゼント！*
`黄金の果実 X 1
`_2024-04-19 03:31:34_
--------
*b6bbcdbd5addb82b8007d1a35f461999*
`登陆天数: 44天 / 1306天
等级: 125
石头: 0
呼符: 0
体力: 211079.05666666667 / 137
友情点: 320 / 1002320`
*連続ログイン2日目
※ログインが途切れるか、7日到達すると
1日目から再開されます*
`聖晶石 X 1
4月交換券(2024) X 1
`*魔法使いの夜×Fate/Grand Orderコラボレーションイベント
開幕直前特別ログインボーナス*
*開催期間中、1日1回 最大7回 ログインボーナスをプレゼント！*
`黄金の果実 X 1
`_2024-04-19 03:31:45_
--------
