【登录信息】
*318194637fc953496e5082ebcbeae7a2*
`登陆天数: 45天 / 1907天
等级: 141
石头: 511
呼符: 27
体力: 32055.86 / 140
友情点: 775 / 4027990`
*連続ログイン3日目
※ログインが途切れるか、7日到達すると
1日目から再開されます*
`叡智の業火 X 1
4月交換券(2024) X 1
`*魔法使いの夜×Fate/Grand Orderコラボレーションイベント
開幕直前特別ログインボーナス*
*開催期間中、1日1回 最大7回 ログインボーナスをプレゼント！*
`QP X 2000000
`_2024-04-20 03:31:36_
--------
*9d78e90bb76b42970abd7495d7329768*
`登陆天数: 45天 / 1187天
等级: 128
石头: 640
呼符: 68
体力: 125030.71666666666 / 137
友情点: 70 / 880715`
*連続ログイン3日目
※ログインが途切れるか、7日到達すると
1日目から再開されます*
`叡智の業火 X 1
4月交換券(2024) X 1
`*魔法使いの夜×Fate/Grand Orderコラボレーションイベント
開幕直前特別ログインボーナス*
*開催期間中、1日1回 最大7回 ログインボーナスをプレゼント！*
`QP X 2000000
`_2024-04-20 03:31:45_
--------
*b6bbcdbd5addb82b8007d1a35f461999*
`登陆天数: 45天 / 1307天
等级: 125
石头: 0
呼符: 0
体力: 211367.09666666668 / 137
友情点: 60 / 1002380`
*連続ログイン3日目
※ログインが途切れるか、7日到達すると
1日目から再開されます*
`叡智の業火 X 1
4月交換券(2024) X 1
`*魔法使いの夜×Fate/Grand Orderコラボレーションイベント
開幕直前特別ログインボーナス*
*開催期間中、1日1回 最大7回 ログインボーナスをプレゼント！*
`QP X 2000000
`_2024-04-20 03:31:56_
--------
