【登录信息】
*318194637fc953496e5082ebcbeae7a2*
`登陆天数: 46天 / 1908天
等级: 141
石头: 511
呼符: 27
体力: 32343.863333333335 / 140
友情点: 510 / 4028500`
*連続ログイン4日目
※ログインが途切れるか、7日到達すると
1日目から再開されます*
`聖晶石 X 1
4月交換券(2024) X 1
`*魔法使いの夜×Fate/Grand Orderコラボレーションイベント
開幕直前特別ログインボーナス*
*開催期間中、1日1回 最大7回 ログインボーナスをプレゼント！*
`聖晶石 X 1
`_2024-04-21 03:31:37_
--------
*9d78e90bb76b42970abd7495d7329768*
`登陆天数: 46天 / 1188天
等级: 128
石头: 640
呼符: 68
体力: 125318.72 / 137
友情点: 20 / 880735`
*連続ログイン4日目
※ログインが途切れるか、7日到達すると
1日目から再開されます*
`聖晶石 X 1
4月交換券(2024) X 1
`*魔法使いの夜×Fate/Grand Orderコラボレーションイベント
開幕直前特別ログインボーナス*
*開催期間中、1日1回 最大7回 ログインボーナスをプレゼント！*
`聖晶石 X 1
`_2024-04-21 03:31:46_
--------
*b6bbcdbd5addb82b8007d1a35f461999*
`登陆天数: 46天 / 1308天
等级: 125
石头: 0
呼符: 0
体力: 211655.1 / 137
友情点: 80 / 1002460`
*連続ログイン4日目
※ログインが途切れるか、7日到達すると
1日目から再開されます*
`聖晶石 X 1
4月交換券(2024) X 1
`*魔法使いの夜×Fate/Grand Orderコラボレーションイベント
開幕直前特別ログインボーナス*
*開催期間中、1日1回 最大7回 ログインボーナスをプレゼント！*
`聖晶石 X 1
`_2024-04-21 03:31:57_
--------
