【登录信息】
*318194637fc953496e5082ebcbeae7a2*
`登陆天数: 47天 / 1909天
等级: 141
石头: 511
呼符: 27
体力: 32631.83 / 140
友情点: 340 / 4028840`
*連続ログイン5日目
※ログインが途切れるか、7日到達すると
1日目から再開されます*
`叡智の業火 X 2
4月交換券(2024) X 1
`*魔法使いの夜×Fate/Grand Orderコラボレーションイベント
開幕直前特別ログインボーナス*
*開催期間中、1日1回 最大7回 ログインボーナスをプレゼント！*
`英霊結晶・星のフォウくん X 5
`_2024-04-22 03:31:28_
--------
*9d78e90bb76b42970abd7495d7329768*
`登陆天数: 47天 / 1189天
等级: 128
石头: 640
呼符: 68
体力: 125606.68666666666 / 137
友情点: 40 / 883575`
*連続ログイン5日目
※ログインが途切れるか、7日到達すると
1日目から再開されます*
`叡智の業火 X 2
4月交換券(2024) X 1
`*魔法使いの夜×Fate/Grand Orderコラボレーションイベント
開幕直前特別ログインボーナス*
*開催期間中、1日1回 最大7回 ログインボーナスをプレゼント！*
`英霊結晶・星のフォウくん X 5
`_2024-04-22 03:31:37_
--------
*b6bbcdbd5addb82b8007d1a35f461999*
`登陆天数: 47天 / 1309天
等级: 125
石头: 0
呼符: 0
体力: 211943.06666666668 / 137
友情点: 60 / 1002520`
*連続ログイン5日目
※ログインが途切れるか、7日到達すると
1日目から再開されます*
`叡智の業火 X 2
4月交換券(2024) X 1
`*魔法使いの夜×Fate/Grand Orderコラボレーションイベント
開幕直前特別ログインボーナス*
*開催期間中、1日1回 最大7回 ログインボーナスをプレゼント！*
`英霊結晶・星のフォウくん X 5
`_2024-04-22 03:31:48_
--------
