【登录信息】
*318194637fc953496e5082ebcbeae7a2*
`登陆天数: 49天 / 1911天
等级: 141
石头: 511
呼符: 27
体力: 33208.12333333334 / 140
友情点: 595 / 4029945`
*連続ログイン7日間到達おめでとうございます！
明日は1日目からリスタートされます。*
`獣の足跡 X 1
呼符 X 1
4月交換券(2024) X 1
`*魔法使いの夜×Fate/Grand Orderコラボレーションイベント
開幕直前特別ログインボーナス*
*開催期間中、1日1回 最大7回 ログインボーナスをプレゼント！*
`聖晶石 X 1
`_2024-04-24 03:32:55_
--------
*9d78e90bb76b42970abd7495d7329768*
`登陆天数: 49天 / 1191天
等级: 128
石头: 640
呼符: 68
体力: 126182.98 / 137
友情点: 20 / 883665`
*連続ログイン7日間到達おめでとうございます！
明日は1日目からリスタートされます。*
`獣の足跡 X 1
呼符 X 1
4月交換券(2024) X 1
`*魔法使いの夜×Fate/Grand Orderコラボレーションイベント
開幕直前特別ログインボーナス*
*開催期間中、1日1回 最大7回 ログインボーナスをプレゼント！*
`聖晶石 X 1
`_2024-04-24 03:33:04_
--------
*b6bbcdbd5addb82b8007d1a35f461999*
`登陆天数: 49天 / 1311天
等级: 125
石头: 0
呼符: 0
体力: 212519.36 / 137
友情点: 40 / 1002650`
*連続ログイン7日間到達おめでとうございます！
明日は1日目からリスタートされます。*
`獣の足跡 X 1
呼符 X 1
4月交換券(2024) X 1
`*魔法使いの夜×Fate/Grand Orderコラボレーションイベント
開幕直前特別ログインボーナス*
*開催期間中、1日1回 最大7回 ログインボーナスをプレゼント！*
`聖晶石 X 1
`_2024-04-24 03:33:15_
--------
