【登录信息】
*318194637fc953496e5082ebcbeae7a2*
`登陆天数: 50天 / 1912天
等级: 141
石头: 511
呼符: 27
体力: 33495.816666666666 / 140
友情点: 2550 / 4033095`
*連続ログイン1日目
※ログインが途切れるか、7日到達すると
1日目から再開されます*
`フレンドポイント X 2000
4月交換券(2024) X 1
`_2024-04-25 03:31:23_
--------
*9d78e90bb76b42970abd7495d7329768*
`登陆天数: 50天 / 1192天
等级: 128
石头: 640
呼符: 68
体力: 126470.67 / 137
友情点: 80 / 883745`
*連続ログイン1日目
※ログインが途切れるか、7日到達すると
1日目から再開されます*
`フレンドポイント X 2000
4月交換券(2024) X 1
`_2024-04-25 03:31:32_
--------
*b6bbcdbd5addb82b8007d1a35f461999*
`登陆天数: 50天 / 1312天
等级: 125
石头: 0
呼符: 0
体力: 212807.05333333334 / 137
友情点: 340 / 1002990`
*連続ログイン1日目
※ログインが途切れるか、7日到達すると
1日目から再開されます*
`フレンドポイント X 2000
4月交換券(2024) X 1
`_2024-04-25 03:31:43_
--------
