【登录信息】
*318194637fc953496e5082ebcbeae7a2*
`登陆天数: 51天 / 1913天
等级: 141
石头: 511
呼符: 27
体力: 33783.86666666667 / 140
友情点: 2210 / 4035305`
*連続ログイン2日目
※ログインが途切れるか、7日到達すると
1日目から再開されます*
`聖晶石 X 1
4月交換券(2024) X 1
`_2024-04-26 03:31:38_
--------
*9d78e90bb76b42970abd7495d7329768*
`登陆天数: 51天 / 1193天
等级: 128
石头: 640
呼符: 68
体力: 126758.72 / 137
友情点: 140 / 883885`
*連続ログイン2日目
※ログインが途切れるか、7日到達すると
1日目から再開されます*
`聖晶石 X 1
4月交換券(2024) X 1
`_2024-04-26 03:31:47_
--------
*b6bbcdbd5addb82b8007d1a35f461999*
`登陆天数: 51天 / 1313天
等级: 125
石头: 0
呼符: 0
体力: 213095.10333333333 / 137
友情点: 160 / 1003150`
*連続ログイン2日目
※ログインが途切れるか、7日到達すると
1日目から再開されます*
`聖晶石 X 1
4月交換券(2024) X 1
`_2024-04-26 03:31:58_
--------
