【登录信息】
*318194637fc953496e5082ebcbeae7a2*
`登陆天数: 85天 / 2590天
等级: 143
石头: 2182
呼符: 100
体力: 73642.18333333333 / 141
友情点: 0 / 9657825`
*連続ログイン1日目
※ログインが途切れるか、7日到達すると
1日目から再開されます*
`英霊結晶・星のフォウくん X 1
フレンドポイント X 2000
6月交換券(2026) X 1
`_2026-06-17 21:25:30_
--------
*9d78e90bb76b42970abd7495d7329768*
`登陆天数: 85天 / 1857天
等级: 128
石头: 640
呼符: 68
体力: 352285.49666666664 / 137
友情点: 0 / 884790`
*連続ログイン1日目
※ログインが途切れるか、7日到達すると
1日目から再開されます*
`英霊結晶・星のフォウくん X 1
フレンドポイント X 2000
6月交換券(2026) X 1
`_2026-06-17 21:25:39_
--------
