【登录信息】
*318194637fc953496e5082ebcbeae7a2*
`登陆天数: 23天 / 1849天
等级: 141
石头: 332
呼符: 21
体力: 9303.896666666667 / 140
友情点: 1105 / 3896320`
*連続ログイン2日目
※ログインが途切れるか、7日到達すると
1日目から再開されます*
`聖晶石 X 1
2月交換券(2024) X 1
`*「Fate/stay night」20周年記念
7万リポスト達成プレゼント*
*開催期間中、初回ログインで「聖晶石×20」をプレゼント！*
`聖晶石 X 20
`_2024-02-01 03:31:47_
--------
*9d78e90bb76b42970abd7495d7329768*
`登陆天数: 23天 / 1129天
等级: 128
石头: 640
呼符: 68
体力: 102278.76 / 137
友情点: 50 / 873575`
*連続ログイン2日目
※ログインが途切れるか、7日到達すると
1日目から再開されます*
`聖晶石 X 1
2月交換券(2024) X 1
`*「Fate/stay night」20周年記念
7万リポスト達成プレゼント*
*開催期間中、初回ログインで「聖晶石×20」をプレゼント！*
`聖晶石 X 20
`_2024-02-01 03:31:58_
--------
*b6bbcdbd5addb82b8007d1a35f461999*
`登陆天数: 23天 / 1249天
等级: 125
石头: 0
呼符: 0
体力: 188615.15 / 137
友情点: 90 / 990480`
*連続ログイン2日目
※ログインが途切れるか、7日到達すると
1日目から再開されます*
`聖晶石 X 1
2月交換券(2024) X 1
`*「Fate/stay night」20周年記念
7万リポスト達成プレゼント*
*開催期間中、初回ログインで「聖晶石×20」をプレゼント！*
`聖晶石 X 20
`_2024-02-01 03:32:11_
--------
