【登录信息】
*318194637fc953496e5082ebcbeae7a2*
`登陆天数: 24天 / 1850天
等级: 141
石头: 332
呼符: 21
体力: 9591.84 / 140
友情点: 1275 / 3897595`
*連続ログイン3日目
※ログインが途切れるか、7日到達すると
1日目から再開されます*
`叡智の業火 X 1
2月交換券(2024) X 1
`*日替りログインボーナス*
*開催期間中、1日1回 2週間日替りでログインボーナスをプレゼント！*
`聖晶石 X 1
巡霊の葉 X 50
`_2024-02-02 03:31:29_
--------
*9d78e90bb76b42970abd7495d7329768*
`登陆天数: 24天 / 1130天
等级: 128
石头: 640
呼符: 68
体力: 102566.7 / 137
友情点: 100 / 873675`
*連続ログイン3日目
※ログインが途切れるか、7日到達すると
1日目から再開されます*
`叡智の業火 X 1
2月交換券(2024) X 1
`*日替りログインボーナス*
*開催期間中、1日1回 2週間日替りでログインボーナスをプレゼント！*
`聖晶石 X 1
巡霊の葉 X 50
`_2024-02-02 03:31:40_
--------
*b6bbcdbd5addb82b8007d1a35f461999*
`登陆天数: 24天 / 1250天
等级: 125
石头: 0
呼符: 0
体力: 188903.08666666667 / 137
友情点: 50 / 990530`
*連続ログイン3日目
※ログインが途切れるか、7日到達すると
1日目から再開されます*
`叡智の業火 X 1
2月交換券(2024) X 1
`*日替りログインボーナス*
*開催期間中、1日1回 2週間日替りでログインボーナスをプレゼント！*
`聖晶石 X 1
巡霊の葉 X 50
`_2024-02-02 03:31:53_
--------
