【登录信息】
*318194637fc953496e5082ebcbeae7a2*
`登陆天数: 25天 / 1851天
等级: 141
石头: 332
呼符: 21
体力: 9879.86 / 140
友情点: 1190 / 3898785`
*連続ログイン4日目
※ログインが途切れるか、7日到達すると
1日目から再開されます*
`聖晶石 X 1
2月交換券(2024) X 1
`*日替りログインボーナス*
*開催期間中、1日1回 2週間日替りでログインボーナスをプレゼント！*
`巡霊の葉 X 30
`_2024-02-03 03:31:36_
--------
*9d78e90bb76b42970abd7495d7329768*
`登陆天数: 25天 / 1131天
等级: 128
石头: 640
呼符: 68
体力: 102854.72 / 137
友情点: 60 / 873735`
*連続ログイン4日目
※ログインが途切れるか、7日到達すると
1日目から再開されます*
`聖晶石 X 1
2月交換券(2024) X 1
`*日替りログインボーナス*
*開催期間中、1日1回 2週間日替りでログインボーナスをプレゼント！*
`巡霊の葉 X 30
`_2024-02-03 03:31:46_
--------
*b6bbcdbd5addb82b8007d1a35f461999*
`登陆天数: 25天 / 1251天
等级: 125
石头: 0
呼符: 0
体力: 189191.10666666666 / 137
友情点: 100 / 990630`
*連続ログイン4日目
※ログインが途切れるか、7日到達すると
1日目から再開されます*
`聖晶石 X 1
2月交換券(2024) X 1
`*日替りログインボーナス*
*開催期間中、1日1回 2週間日替りでログインボーナスをプレゼント！*
`巡霊の葉 X 30
`_2024-02-03 03:31:59_
--------
