【登录信息】
*318194637fc953496e5082ebcbeae7a2*
`登陆天数: 26天 / 1852天
等级: 141
石头: 332
呼符: 21
体力: 10167.91 / 140
友情点: 1445 / 3900230`
*連続ログイン5日目
※ログインが途切れるか、7日到達すると
1日目から再開されます*
`叡智の業火 X 2
2月交換券(2024) X 1
`*日替りログインボーナス*
*開催期間中、1日1回 2週間日替りでログインボーナスをプレゼント！*
`巡霊の葉 X 30
`_2024-02-04 03:31:51_
--------
*9d78e90bb76b42970abd7495d7329768*
`登陆天数: 26天 / 1132天
等级: 128
石头: 640
呼符: 68
体力: 103142.77333333333 / 137
友情点: 110 / 873845`
*連続ログイン5日目
※ログインが途切れるか、7日到達すると
1日目から再開されます*
`叡智の業火 X 2
2月交換券(2024) X 1
`*日替りログインボーナス*
*開催期間中、1日1回 2週間日替りでログインボーナスをプレゼント！*
`巡霊の葉 X 30
`_2024-02-04 03:32:02_
--------
*b6bbcdbd5addb82b8007d1a35f461999*
`登陆天数: 26天 / 1252天
等级: 125
石头: 0
呼符: 0
体力: 189479.16333333333 / 137
友情点: 40 / 990680`
*連続ログイン5日目
※ログインが途切れるか、7日到達すると
1日目から再開されます*
`叡智の業火 X 2
2月交換券(2024) X 1
`*日替りログインボーナス*
*開催期間中、1日1回 2週間日替りでログインボーナスをプレゼント！*
`巡霊の葉 X 30
`_2024-02-04 03:32:15_
--------
