【登录信息】
*318194637fc953496e5082ebcbeae7a2*
`登陆天数: 27天 / 1853天
等级: 141
石头: 511
呼符: 27
体力: 10455.883333333333 / 140
友情点: 1360 / 3913925`
*連続ログイン6日目
※ログインが途切れるか、7日到達すると
1日目から再開されます*
`聖晶石 X 2
2月交換券(2024) X 1
`*日替りログインボーナス*
*開催期間中、1日1回 2週間日替りでログインボーナスをプレゼント！*
`聖晶石 X 1
巡霊の葉 X 80
`_2024-02-05 03:31:42_
--------
*9d78e90bb76b42970abd7495d7329768*
`登陆天数: 27天 / 1133天
等级: 128
石头: 640
呼符: 68
体力: 103430.74333333333 / 137
友情点: 90 / 873935`
*連続ログイン6日目
※ログインが途切れるか、7日到達すると
1日目から再開されます*
`聖晶石 X 2
2月交換券(2024) X 1
`*日替りログインボーナス*
*開催期間中、1日1回 2週間日替りでログインボーナスをプレゼント！*
`聖晶石 X 1
巡霊の葉 X 80
`_2024-02-05 03:31:53_
--------
*b6bbcdbd5addb82b8007d1a35f461999*
`登陆天数: 27天 / 1253天
等级: 125
石头: 0
呼符: 0
体力: 189767.13 / 137
友情点: 150 / 990830`
*連続ログイン6日目
※ログインが途切れるか、7日到達すると
1日目から再開されます*
`聖晶石 X 2
2月交換券(2024) X 1
`*日替りログインボーナス*
*開催期間中、1日1回 2週間日替りでログインボーナスをプレゼント！*
`聖晶石 X 1
巡霊の葉 X 80
`_2024-02-05 03:32:06_
--------
