【登录信息】
*318194637fc953496e5082ebcbeae7a2*
`登陆天数: 28天 / 1854天
等级: 141
石头: 511
呼符: 27
体力: 10743.82 / 140
友情点: 1190 / 3915115`
*連続ログイン7日間到達おめでとうございます！
明日は1日目からリスタートされます。*
`獣の足跡 X 1
呼符 X 1
2月交換券(2024) X 1
`*「Fate/stay night」20周年記念特別ログインボーナス*
*開催期間中、1日1回 最大7回ログインボーナスをプレゼント！*
`聖晶石 X 20
`_2024-02-06 03:31:23_
--------
*9d78e90bb76b42970abd7495d7329768*
`登陆天数: 28天 / 1134天
等级: 128
石头: 640
呼符: 68
体力: 103718.68 / 137
友情点: 80 / 874015`
*連続ログイン7日間到達おめでとうございます！
明日は1日目からリスタートされます。*
`獣の足跡 X 1
呼符 X 1
2月交換券(2024) X 1
`*「Fate/stay night」20周年記念特別ログインボーナス*
*開催期間中、1日1回 最大7回ログインボーナスをプレゼント！*
`聖晶石 X 20
`_2024-02-06 03:31:34_
--------
*b6bbcdbd5addb82b8007d1a35f461999*
`登陆天数: 28天 / 1254天
等级: 125
石头: 0
呼符: 0
体力: 190055.06666666668 / 137
友情点: 90 / 990920`
*連続ログイン7日間到達おめでとうございます！
明日は1日目からリスタートされます。*
`獣の足跡 X 1
呼符 X 1
2月交換券(2024) X 1
`*「Fate/stay night」20周年記念特別ログインボーナス*
*開催期間中、1日1回 最大7回ログインボーナスをプレゼント！*
`聖晶石 X 20
`_2024-02-06 03:31:47_
--------
