【登录信息】
*318194637fc953496e5082ebcbeae7a2*
`登陆天数: 29天 / 1855天
等级: 141
石头: 511
呼符: 27
体力: 11031.893333333333 / 140
友情点: 1020 / 3916135`
*連続ログイン1日目
※ログインが途切れるか、7日到達すると
1日目から再開されます*
`フレンドポイント X 2000
2月交換券(2024) X 1
`*盈月剣風帖開幕記念 ログインボーナス*
*開催期間中、1日1回 最大21回ログインボーナスをプレゼント！*
`白銀の果実 X 1
`_2024-02-07 03:31:46_
--------
*9d78e90bb76b42970abd7495d7329768*
`登陆天数: 29天 / 1135天
等级: 128
石头: 640
呼符: 68
体力: 104006.75333333333 / 137
友情点: 60 / 874075`
*連続ログイン1日目
※ログインが途切れるか、7日到達すると
1日目から再開されます*
`フレンドポイント X 2000
2月交換券(2024) X 1
`*盈月剣風帖開幕記念 ログインボーナス*
*開催期間中、1日1回 最大21回ログインボーナスをプレゼント！*
`白銀の果実 X 1
`_2024-02-07 03:31:56_
--------
*b6bbcdbd5addb82b8007d1a35f461999*
`登陆天数: 29天 / 1255天
等级: 125
石头: 0
呼符: 0
体力: 190343.14 / 137
友情点: 50 / 990970`
*連続ログイン1日目
※ログインが途切れるか、7日到達すると
1日目から再開されます*
`フレンドポイント X 2000
2月交換券(2024) X 1
`*盈月剣風帖開幕記念 ログインボーナス*
*開催期間中、1日1回 最大21回ログインボーナスをプレゼント！*
`白銀の果実 X 1
`_2024-02-07 03:32:09_
--------
