【登录信息】
*318194637fc953496e5082ebcbeae7a2*
`登陆天数: 30天 / 1856天
等级: 141
石头: 511
呼符: 27
体力: 11319.84 / 140
友情点: 1955 / 3918090`
*連続ログイン2日目
※ログインが途切れるか、7日到達すると
1日目から再開されます*
`聖晶石 X 1
2月交換券(2024) X 1
`*日替りログインボーナス*
*開催期間中、1日1回 2週間日替りでログインボーナスをプレゼント！*
`聖晶石 X 3
巡霊の葉 X 50
`_2024-02-08 03:31:30_
--------
*9d78e90bb76b42970abd7495d7329768*
`登陆天数: 30天 / 1136天
等级: 128
石头: 640
呼符: 68
体力: 104294.7 / 137
友情点: 90 / 874165`
*連続ログイン2日目
※ログインが途切れるか、7日到達すると
1日目から再開されます*
`聖晶石 X 1
2月交換券(2024) X 1
`*日替りログインボーナス*
*開催期間中、1日1回 2週間日替りでログインボーナスをプレゼント！*
`聖晶石 X 3
巡霊の葉 X 50
`_2024-02-08 03:31:40_
--------
*b6bbcdbd5addb82b8007d1a35f461999*
`登陆天数: 30天 / 1256天
等级: 125
石头: 0
呼符: 0
体力: 190631.08666666667 / 137
友情点: 170 / 991140`
*連続ログイン2日目
※ログインが途切れるか、7日到達すると
1日目から再開されます*
`聖晶石 X 1
2月交換券(2024) X 1
`*日替りログインボーナス*
*開催期間中、1日1回 2週間日替りでログインボーナスをプレゼント！*
`聖晶石 X 3
巡霊の葉 X 50
`_2024-02-08 03:31:53_
--------
