【登录信息】
*318194637fc953496e5082ebcbeae7a2*
`登陆天数: 31天 / 1857天
等级: 141
石头: 511
呼符: 27
体力: 11607.843333333334 / 140
友情点: 4760 / 3922850`
*連続ログイン3日目
※ログインが途切れるか、7日到達すると
1日目から再開されます*
`叡智の業火 X 1
2月交換券(2024) X 1
`*日替りログインボーナス*
*開催期間中、1日1回 2週間日替りでログインボーナスをプレゼント！*
`聖晶石 X 1
巡霊の葉 X 50
`_2024-02-09 03:31:31_
--------
*9d78e90bb76b42970abd7495d7329768*
`登陆天数: 31天 / 1137天
等级: 128
石头: 640
呼符: 68
体力: 104582.70333333334 / 137
友情点: 200 / 874365`
*連続ログイン3日目
※ログインが途切れるか、7日到達すると
1日目から再開されます*
`叡智の業火 X 1
2月交換券(2024) X 1
`*日替りログインボーナス*
*開催期間中、1日1回 2週間日替りでログインボーナスをプレゼント！*
`聖晶石 X 1
巡霊の葉 X 50
`_2024-02-09 03:31:41_
--------
*b6bbcdbd5addb82b8007d1a35f461999*
`登陆天数: 31天 / 1257天
等级: 125
石头: 0
呼符: 0
体力: 190919.09 / 137
友情点: 460 / 991600`
*連続ログイン3日目
※ログインが途切れるか、7日到達すると
1日目から再開されます*
`叡智の業火 X 1
2月交換券(2024) X 1
`*日替りログインボーナス*
*開催期間中、1日1回 2週間日替りでログインボーナスをプレゼント！*
`聖晶石 X 1
巡霊の葉 X 50
`_2024-02-09 03:31:54_
--------
