【登录信息】
*318194637fc953496e5082ebcbeae7a2*
`登陆天数: 33天 / 1859天
等级: 141
石头: 511
呼符: 27
体力: 12183.883333333333 / 140
友情点: 4420 / 3934750`
*連続ログイン5日目
※ログインが途切れるか、7日到達すると
1日目から再開されます*
`叡智の業火 X 2
2月交換券(2024) X 1
`*日替りログインボーナス*
*開催期間中、1日1回 2週間日替りでログインボーナスをプレゼント！*
`巡霊の葉 X 30
`_2024-02-11 03:31:42_
--------
*9d78e90bb76b42970abd7495d7329768*
`登陆天数: 33天 / 1139天
等级: 128
石头: 640
呼符: 68
体力: 105158.74333333333 / 137
友情点: 210 / 874635`
*連続ログイン5日目
※ログインが途切れるか、7日到達すると
1日目から再開されます*
`叡智の業火 X 2
2月交換券(2024) X 1
`*日替りログインボーナス*
*開催期間中、1日1回 2週間日替りでログインボーナスをプレゼント！*
`巡霊の葉 X 30
`_2024-02-11 03:31:53_
--------
*b6bbcdbd5addb82b8007d1a35f461999*
`登陆天数: 33天 / 1259天
等级: 125
石头: 0
呼符: 0
体力: 191495.13 / 137
友情点: 200 / 991940`
*連続ログイン5日目
※ログインが途切れるか、7日到達すると
1日目から再開されます*
`叡智の業火 X 2
2月交換券(2024) X 1
`*日替りログインボーナス*
*開催期間中、1日1回 2週間日替りでログインボーナスをプレゼント！*
`巡霊の葉 X 30
`_2024-02-11 03:32:06_
--------
