【登录信息】
*318194637fc953496e5082ebcbeae7a2*
`登陆天数: 34天 / 1860天
等级: 141
石头: 511
呼符: 27
体力: 12471.846666666666 / 140
友情点: 4250 / 3939000`
*連続ログイン6日目
※ログインが途切れるか、7日到達すると
1日目から再開されます*
`聖晶石 X 2
2月交換券(2024) X 1
`*「FGO カルデア・サテライトステーション 2023-2024」新潟会場開催記念 3万リポスト達成プレゼント*
*開催期間中、初回ログインで「聖晶石×6」をプレゼント！*
`聖晶石 X 6
`_2024-02-12 03:31:32_
--------
*9d78e90bb76b42970abd7495d7329768*
`登陆天数: 34天 / 1140天
等级: 128
石头: 640
呼符: 68
体力: 105446.70666666667 / 137
友情点: 110 / 874745`
*連続ログイン6日目
※ログインが途切れるか、7日到達すると
1日目から再開されます*
`聖晶石 X 2
2月交換券(2024) X 1
`*「FGO カルデア・サテライトステーション 2023-2024」新潟会場開催記念 3万リポスト達成プレゼント*
*開催期間中、初回ログインで「聖晶石×6」をプレゼント！*
`聖晶石 X 6
`_2024-02-12 03:31:43_
--------
*b6bbcdbd5addb82b8007d1a35f461999*
`登陆天数: 34天 / 1260天
等级: 125
石头: 0
呼符: 0
体力: 191783.09666666668 / 137
友情点: 260 / 992200`
*連続ログイン6日目
※ログインが途切れるか、7日到達すると
1日目から再開されます*
`聖晶石 X 2
2月交換券(2024) X 1
`*「FGO カルデア・サテライトステーション 2023-2024」新潟会場開催記念 3万リポスト達成プレゼント*
*開催期間中、初回ログインで「聖晶石×6」をプレゼント！*
`聖晶石 X 6
`_2024-02-12 03:31:56_
--------
