【登录信息】
*318194637fc953496e5082ebcbeae7a2*
`登陆天数: 35天 / 1861天
等级: 141
石头: 511
呼符: 27
体力: 12759.84 / 140
友情点: 5950 / 3945350`
*連続ログイン7日間到達おめでとうございます！
明日は1日目からリスタートされます。*
`獣の足跡 X 1
呼符 X 1
2月交換券(2024) X 1
`*日替りログインボーナス*
*開催期間中、1日1回 2週間日替りでログインボーナスをプレゼント！*
`巡霊の葉 X 30
`_2024-02-13 03:31:29_
--------
*9d78e90bb76b42970abd7495d7329768*
`登陆天数: 35天 / 1141天
等级: 128
石头: 640
呼符: 68
体力: 105734.7 / 137
友情点: 30 / 874775`
*連続ログイン7日間到達おめでとうございます！
明日は1日目からリスタートされます。*
`獣の足跡 X 1
呼符 X 1
2月交換券(2024) X 1
`*日替りログインボーナス*
*開催期間中、1日1回 2週間日替りでログインボーナスをプレゼント！*
`巡霊の葉 X 30
`_2024-02-13 03:31:40_
--------
*b6bbcdbd5addb82b8007d1a35f461999*
`登陆天数: 35天 / 1261天
等级: 125
石头: 0
呼符: 0
体力: 192071.08666666667 / 137
友情点: 300 / 992700`
*連続ログイン7日間到達おめでとうございます！
明日は1日目からリスタートされます。*
`獣の足跡 X 1
呼符 X 1
2月交換券(2024) X 1
`*日替りログインボーナス*
*開催期間中、1日1回 2週間日替りでログインボーナスをプレゼント！*
`巡霊の葉 X 30
`_2024-02-13 03:31:53_
--------
