【登录信息】
*318194637fc953496e5082ebcbeae7a2*
`登陆天数: 36天 / 1862天
等级: 141
石头: 511
呼符: 27
体力: 13047.873333333333 / 140
友情点: 2890 / 3948240`
*連続ログイン1日目
※ログインが途切れるか、7日到達すると
1日目から再開されます*
`フレンドポイント X 2000
2月交換券(2024) X 1
`*バレンタイン2024
開幕直前特別ログインボーナス*
*開催期間中、1日1回 最大7回ログインボーナスをプレゼント！*
`マナプリズム X 50
`_2024-02-14 03:31:40_
--------
*9d78e90bb76b42970abd7495d7329768*
`登陆天数: 36天 / 1142天
等级: 128
石头: 640
呼符: 68
体力: 106022.73666666666 / 137
友情点: 70 / 874845`
*連続ログイン1日目
※ログインが途切れるか、7日到達すると
1日目から再開されます*
`フレンドポイント X 2000
2月交換券(2024) X 1
`*バレンタイン2024
開幕直前特別ログインボーナス*
*開催期間中、1日1回 最大7回ログインボーナスをプレゼント！*
`マナプリズム X 50
`_2024-02-14 03:31:51_
--------
*b6bbcdbd5addb82b8007d1a35f461999*
`登陆天数: 36天 / 1262天
等级: 125
石头: 0
呼符: 0
体力: 192359.12333333332 / 137
友情点: 260 / 992960`
*連続ログイン1日目
※ログインが途切れるか、7日到達すると
1日目から再開されます*
`フレンドポイント X 2000
2月交換券(2024) X 1
`*バレンタイン2024
開幕直前特別ログインボーナス*
*開催期間中、1日1回 最大7回ログインボーナスをプレゼント！*
`マナプリズム X 50
`_2024-02-14 03:32:04_
--------
