【登录信息】
*318194637fc953496e5082ebcbeae7a2*
`登陆天数: 64天 / 2386天
等级: 143
石头: 2486
呼符: 80
体力: 14003.463333333333 / 141
友情点: 765 / 9424540`
*連続ログイン1日目
※ログインが途切れるか、7日到達すると
1日目から再開されます*
`英霊結晶・星のフォウくん X 1
フレンドポイント X 2000
11月交換券(2025) X 1
`_2025-11-22 19:31:54_
--------
*9d78e90bb76b42970abd7495d7329768*
`登陆天数: 64天 / 1653天
等级: 128
石头: 640
呼符: 68
体力: 292646.7766666667 / 137
友情点: 0 / 884660`
*連続ログイン1日目
※ログインが途切れるか、7日到達すると
1日目から再開されます*
`英霊結晶・星のフォウくん X 1
フレンドポイント X 2000
11月交換券(2025) X 1
`_2025-11-22 19:32:03_
--------
