【登录信息】
*318194637fc953496e5082ebcbeae7a2*
`登陆天数: 1天 / 2506天
等级: 143
石头: 2486
呼符: 80
体力: 49432.73333333333 / 141
友情点: 0 / 9633955`
*連続ログイン1日目
※ログインが途切れるか、7日到達すると
1日目から再開されます*
`英霊結晶・星のフォウくん X 1
フレンドポイント X 2000
3月交換券(2026) X 1
`_2026-03-25 19:58:14_
--------
*9d78e90bb76b42970abd7495d7329768*
`登陆天数: 1天 / 1773天
等级: 128
石头: 640
呼符: 68
体力: 328076.0466666667 / 137
友情点: 0 / 884685`
*連続ログイン1日目
※ログインが途切れるか、7日到達すると
1日目から再開されます*
`英霊結晶・星のフォウくん X 1
フレンドポイント X 2000
3月交換券(2026) X 1
`_2026-03-25 19:58:24_
--------
