【登录信息】
*318194637fc953496e5082ebcbeae7a2*
`登陆天数: 117天 / 1335天
等级: 141
石头: 113
呼符: 108
体力: 2985.463333333333 / 140
友情点: 1615 / 117557535`
*連続ログイン5日目
※ログインが途切れるか、7日到達すると
1日目から再開されます*
`叡智の業火 X 2
9月交換券(2022) X 1
`*2600万DL突破記念 特別連続ログインボーナス*
*開催期間中、1日1回 最大7回 連続ログインボーナスをプレゼント！*
`白銀の果実 X 10
`_2022-09-01 03:32:42_
--------
*9d78e90bb76b42970abd7495d7329768*
`登陆天数: 117天 / 615天
等级: 128
石头: 128
呼符: 27
体力: 74829.93333333333 / 137
友情点: 0 / 718585`
*連続ログイン5日目
※ログインが途切れるか、7日到達すると
1日目から再開されます*
`叡智の業火 X 2
9月交換券(2022) X 1
`*2600万DL突破記念 特別連続ログインボーナス*
*開催期間中、1日1回 最大7回 連続ログインボーナスをプレゼント！*
`白銀の果実 X 10
`_2022-09-01 03:32:50_
--------
*b6bbcdbd5addb82b8007d1a35f461999*
`登陆天数: 48天 / 735天
等级: 125
石头: 0
呼符: 0
体力: 39431.31 / 137
友情点: 0 / 948615`
*連続ログイン6日目
※ログインが途切れるか、7日到達すると
1日目から再開されます*
`聖晶石 X 2
9月交換券(2022) X 1
`*2600万DL突破記念 特別連続ログインボーナス*
*開催期間中、1日1回 最大7回 連続ログインボーナスをプレゼント！*
`白銀の果実 X 10
`_2022-09-01 03:33:01_
--------
