【登录信息】
*318194637fc953496e5082ebcbeae7a2*
`登陆天数: 119天 / 1337天
等级: 141
石头: 113
呼符: 108
体力: 3561.4666666666667 / 140
友情点: 2295 / 117564455`
*連続ログイン7日間到達おめでとうございます！
明日は1日目からリスタートされます。*
`獣の足跡 X 1
呼符 X 1
9月交換券(2022) X 1
`*2600万DL突破記念 特別連続ログインボーナス*
*開催期間中、1日1回 最大7回 連続ログインボーナスをプレゼント！*
`叡智の業火 X 10
`_2022-09-03 03:32:44_
--------
*9d78e90bb76b42970abd7495d7329768*
`登陆天数: 119天 / 617天
等级: 128
石头: 128
呼符: 27
体力: 75405.93666666666 / 137
友情点: 0 / 718585`
*連続ログイン7日間到達おめでとうございます！
明日は1日目からリスタートされます。*
`獣の足跡 X 1
呼符 X 1
9月交換券(2022) X 1
`*2600万DL突破記念 特別連続ログインボーナス*
*開催期間中、1日1回 最大7回 連続ログインボーナスをプレゼント！*
`叡智の業火 X 10
`_2022-09-03 03:32:51_
--------
*b6bbcdbd5addb82b8007d1a35f461999*
`登陆天数: 50天 / 737天
等级: 125
石头: 0
呼符: 0
体力: 40007.316666666666 / 137
友情点: 0 / 948615`
*連続ログイン1日目
※ログインが途切れるか、7日到達すると
1日目から再開されます*
`フレンドポイント X 2000
9月交換券(2022) X 1
`*2600万DL突破記念 特別連続ログインボーナス*
*開催期間中、1日1回 最大7回 連続ログインボーナスをプレゼント！*
`叡智の業火 X 10
`_2022-09-03 03:33:02_
--------
