【登录信息】
*318194637fc953496e5082ebcbeae7a2*
`登陆天数: 120天 / 1338天
等级: 141
石头: 113
呼符: 108
体力: 3849.33 / 140
友情点: 2890 / 117567345`
*連続ログイン1日目
※ログインが途切れるか、7日到達すると
1日目から再開されます*
`フレンドポイント X 2000
9月交換券(2022) X 1
`*2600万DL突破記念 特別連続ログインボーナス*
*開催期間中、1日1回 最大7回 連続ログインボーナスをプレゼント！*
`QP X 10000000
`_2022-09-04 03:32:03_
--------
*9d78e90bb76b42970abd7495d7329768*
`登陆天数: 120天 / 618天
等级: 128
石头: 128
呼符: 27
体力: 75693.8 / 137
友情点: 0 / 718585`
*連続ログイン1日目
※ログインが途切れるか、7日到達すると
1日目から再開されます*
`フレンドポイント X 2000
9月交換券(2022) X 1
`*2600万DL突破記念 特別連続ログインボーナス*
*開催期間中、1日1回 最大7回 連続ログインボーナスをプレゼント！*
`QP X 10000000
`_2022-09-04 03:32:10_
--------
*b6bbcdbd5addb82b8007d1a35f461999*
`登陆天数: 51天 / 738天
等级: 125
石头: 0
呼符: 0
体力: 40295.176666666666 / 137
友情点: 0 / 948615`
*連続ログイン2日目
※ログインが途切れるか、7日到達すると
1日目から再開されます*
`聖晶石 X 1
9月交換券(2022) X 1
`*2600万DL突破記念 特別連続ログインボーナス*
*開催期間中、1日1回 最大7回 連続ログインボーナスをプレゼント！*
`QP X 10000000
`_2022-09-04 03:32:21_
--------
