【登录信息】
*318194637fc953496e5082ebcbeae7a2*
`登陆天数: 122天 / 1340天
等级: 141
石头: 113
呼符: 108
体力: 4425.3 / 140
友情点: 5185 / 117575420`
*連続ログイン3日目
※ログインが途切れるか、7日到達すると
1日目から再開されます*
`叡智の業火 X 1
9月交換券(2022) X 1
`*2600万DL突破記念 特別連続ログインボーナス*
*開催期間中、1日1回 最大7回 連続ログインボーナスをプレゼント！*
`英霊結晶・太陽のフォウくん X 10
`_2022-09-06 03:31:53_
--------
*9d78e90bb76b42970abd7495d7329768*
`登陆天数: 122天 / 620天
等级: 128
石头: 128
呼符: 27
体力: 76269.77 / 137
友情点: 0 / 718585`
*連続ログイン3日目
※ログインが途切れるか、7日到達すると
1日目から再開されます*
`叡智の業火 X 1
9月交換券(2022) X 1
`*2600万DL突破記念 特別連続ログインボーナス*
*開催期間中、1日1回 最大7回 連続ログインボーナスをプレゼント！*
`英霊結晶・太陽のフォウくん X 10
`_2022-09-06 03:32:01_
--------
*b6bbcdbd5addb82b8007d1a35f461999*
`登陆天数: 53天 / 740天
等级: 125
石头: 0
呼符: 0
体力: 40871.14666666667 / 137
友情点: 0 / 948615`
*連続ログイン4日目
※ログインが途切れるか、7日到達すると
1日目から再開されます*
`聖晶石 X 1
9月交換券(2022) X 1
`*2600万DL突破記念 特別連続ログインボーナス*
*開催期間中、1日1回 最大7回 連続ログインボーナスをプレゼント！*
`英霊結晶・太陽のフォウくん X 10
`_2022-09-06 03:32:12_
--------
