【登录信息】
*318194637fc953496e5082ebcbeae7a2*
`登陆天数: 124天 / 1342天
等级: 141
石头: 113
呼符: 108
体力: 5001.736666666667 / 140
友情点: 2210 / 117580350`
*連続ログイン5日目
※ログインが途切れるか、7日到達すると
1日目から再開されます*
`叡智の業火 X 2
9月交換券(2022) X 1
`*Road to 7 [Lostbelt No.4]開催！*
*Road to 7 [Lostbelt No.4]開催！*
``_2022-09-08 03:34:04_
--------
*9d78e90bb76b42970abd7495d7329768*
`登陆天数: 124天 / 622天
等级: 128
石头: 128
呼符: 27
体力: 76846.20333333334 / 137
友情点: 0 / 718585`
*連続ログイン5日目
※ログインが途切れるか、7日到達すると
1日目から再開されます*
`叡智の業火 X 2
9月交換券(2022) X 1
`*Road to 7 [Lostbelt No.4]開催！*
*Road to 7 [Lostbelt No.4]開催！*
``_2022-09-08 03:34:12_
--------
*b6bbcdbd5addb82b8007d1a35f461999*
`登陆天数: 55天 / 742天
等级: 125
石头: 0
呼符: 0
体力: 41447.583333333336 / 137
友情点: 0 / 948615`
*連続ログイン6日目
※ログインが途切れるか、7日到達すると
1日目から再開されます*
`聖晶石 X 2
9月交換券(2022) X 1
`*Road to 7 [Lostbelt No.4]開催！*
*Road to 7 [Lostbelt No.4]開催！*
``_2022-09-08 03:34:22_
--------
