【登录信息】
*318194637fc953496e5082ebcbeae7a2*
`登陆天数: 127天 / 1345天
等级: 141
石头: 113
呼符: 108
体力: 5865.493333333333 / 140
友情点: 425 / 117585450`
*連続ログイン1日目
※ログインが途切れるか、7日到達すると
1日目から再開されます*
`フレンドポイント X 2000
9月交換券(2022) X 1
`_2022-09-11 03:32:51_
--------
*9d78e90bb76b42970abd7495d7329768*
`登陆天数: 127天 / 625天
等级: 128
石头: 128
呼符: 27
体力: 77709.96333333333 / 137
友情点: 10 / 718595`
*連続ログイン1日目
※ログインが途切れるか、7日到達すると
1日目から再開されます*
`フレンドポイント X 2000
9月交換券(2022) X 1
`_2022-09-11 03:32:59_
--------
*b6bbcdbd5addb82b8007d1a35f461999*
`登陆天数: 58天 / 745天
等级: 125
石头: 0
呼符: 0
体力: 42311.34 / 137
友情点: 0 / 948615`
*連続ログイン2日目
※ログインが途切れるか、7日到達すると
1日目から再開されます*
`聖晶石 X 1
9月交換券(2022) X 1
`_2022-09-11 03:33:10_
--------
