【登录信息】
*318194637fc953496e5082ebcbeae7a2*
`登陆天数: 128天 / 1346天
等级: 141
石头: 113
呼符: 108
体力: 6153.5233333333335 / 140
友情点: 0 / 117585450`
*連続ログイン2日目
※ログインが途切れるか、7日到達すると
1日目から再開されます*
`聖晶石 X 1
9月交換券(2022) X 1
`_2022-09-12 03:33:00_
--------
*9d78e90bb76b42970abd7495d7329768*
`登陆天数: 128天 / 626天
等级: 128
石头: 128
呼符: 27
体力: 77997.99333333333 / 137
友情点: 0 / 718595`
*連続ログイン2日目
※ログインが途切れるか、7日到達すると
1日目から再開されます*
`聖晶石 X 1
9月交換券(2022) X 1
`_2022-09-12 03:33:08_
--------
*b6bbcdbd5addb82b8007d1a35f461999*
`登陆天数: 59天 / 746天
等级: 125
石头: 0
呼符: 0
体力: 42599.37 / 137
友情点: 0 / 948615`
*連続ログイン3日目
※ログインが途切れるか、7日到達すると
1日目から再開されます*
`叡智の業火 X 1
9月交換券(2022) X 1
`_2022-09-12 03:33:19_
--------
