【登录信息】
*318194637fc953496e5082ebcbeae7a2*
`登陆天数: 130天 / 1348天
等级: 141
石头: 113
呼符: 108
体力: 6729.956666666667 / 140
友情点: 1785 / 117587235`
*連続ログイン4日目
※ログインが途切れるか、7日到達すると
1日目から再開されます*
`聖晶石 X 1
9月交換券(2022) X 1
`_2022-09-14 03:35:10_
--------
*9d78e90bb76b42970abd7495d7329768*
`登陆天数: 130天 / 628天
等级: 128
石头: 128
呼符: 27
体力: 78574.42666666667 / 137
友情点: 0 / 718595`
*連続ログイン4日目
※ログインが途切れるか、7日到達すると
1日目から再開されます*
`聖晶石 X 1
9月交換券(2022) X 1
`_2022-09-14 03:35:18_
--------
*b6bbcdbd5addb82b8007d1a35f461999*
`登陆天数: 61天 / 748天
等级: 125
石头: 0
呼符: 0
体力: 43175.80333333334 / 137
友情点: 0 / 948615`
*連続ログイン5日目
※ログインが途切れるか、7日到達すると
1日目から再開されます*
`叡智の業火 X 2
9月交換券(2022) X 1
`_2022-09-14 03:35:29_
--------
