【登录信息】
*318194637fc953496e5082ebcbeae7a2*
`登陆天数: 131天 / 1349天
等级: 141
石头: 28
呼符: 119
体力: 7017.913333333333 / 140
友情点: 170 / 117595020`
*連続ログイン5日目
※ログインが途切れるか、7日到達すると
1日目から再開されます*
`叡智の業火 X 2
9月交換券(2022) X 1
`*FGO カルデア放送局 ライト版 ～ぐだぐだ新邪馬台国～
放送記念 初回ログインボーナス*
*開催期間中、初回ログインで「聖晶石×14」をプレゼント！*
`聖晶石 X 14
`_2022-09-15 03:34:57_
--------
*9d78e90bb76b42970abd7495d7329768*
`登陆天数: 131天 / 629天
等级: 128
石头: 128
呼符: 27
体力: 78862.38 / 137
友情点: 0 / 718595`
*連続ログイン5日目
※ログインが途切れるか、7日到達すると
1日目から再開されます*
`叡智の業火 X 2
9月交換券(2022) X 1
`*FGO カルデア放送局 ライト版 ～ぐだぐだ新邪馬台国～
放送記念 初回ログインボーナス*
*開催期間中、初回ログインで「聖晶石×14」をプレゼント！*
`聖晶石 X 14
`_2022-09-15 03:35:05_
--------
*b6bbcdbd5addb82b8007d1a35f461999*
`登陆天数: 62天 / 749天
等级: 125
石头: 0
呼符: 0
体力: 43463.76 / 137
友情点: 0 / 948615`
*連続ログイン6日目
※ログインが途切れるか、7日到達すると
1日目から再開されます*
`聖晶石 X 2
9月交換券(2022) X 1
`*FGO カルデア放送局 ライト版 ～ぐだぐだ新邪馬台国～
放送記念 初回ログインボーナス*
*開催期間中、初回ログインで「聖晶石×14」をプレゼント！*
`聖晶石 X 14
`_2022-09-15 03:35:15_
--------
