【登录信息】
*318194637fc953496e5082ebcbeae7a2*
`登陆天数: 132天 / 1350天
等级: 141
石头: 28
呼符: 119
体力: 7305.843333333333 / 140
友情点: 1700 / 117596720`
*連続ログイン6日目
※ログインが途切れるか、7日到達すると
1日目から再開されます*
`聖晶石 X 2
9月交換券(2022) X 1
`_2022-09-16 03:34:36_
--------
*9d78e90bb76b42970abd7495d7329768*
`登陆天数: 132天 / 630天
等级: 128
石头: 128
呼符: 27
体力: 79150.31 / 137
友情点: 0 / 718595`
*連続ログイン6日目
※ログインが途切れるか、7日到達すると
1日目から再開されます*
`聖晶石 X 2
9月交換券(2022) X 1
`_2022-09-16 03:34:44_
--------
*b6bbcdbd5addb82b8007d1a35f461999*
`登陆天数: 63天 / 750天
等级: 125
石头: 0
呼符: 0
体力: 43751.69 / 137
友情点: 0 / 948615`
*連続ログイン7日間到達おめでとうございます！
明日は1日目からリスタートされます。*
`獣の足跡 X 1
呼符 X 1
9月交換券(2022) X 1
`_2022-09-16 03:34:55_
--------
