【登录信息】
*318194637fc953496e5082ebcbeae7a2*
`登陆天数: 134天 / 1352天
等级: 141
石头: 28
呼符: 119
体力: 7881.573333333334 / 140
友情点: 2720 / 117601650`
*連続ログイン1日目
※ログインが途切れるか、7日到達すると
1日目から再開されます*
`フレンドポイント X 2000
9月交換券(2022) X 1
`*京都国際マンガ・アニメフェア2022
出展記念 初回ログインボーナス*
*開催期間中、初回ログインで「聖晶石×10」をプレゼント！*
`聖晶石 X 10
`_2022-09-18 03:33:15_
--------
*9d78e90bb76b42970abd7495d7329768*
`登陆天数: 134天 / 632天
等级: 128
石头: 128
呼符: 27
体力: 79726.04333333333 / 137
友情点: 0 / 718595`
*連続ログイン1日目
※ログインが途切れるか、7日到達すると
1日目から再開されます*
`フレンドポイント X 2000
9月交換券(2022) X 1
`*京都国際マンガ・アニメフェア2022
出展記念 初回ログインボーナス*
*開催期間中、初回ログインで「聖晶石×10」をプレゼント！*
`聖晶石 X 10
`_2022-09-18 03:33:23_
--------
*b6bbcdbd5addb82b8007d1a35f461999*
`登陆天数: 65天 / 752天
等级: 125
石头: 0
呼符: 0
体力: 44327.42 / 137
友情点: 0 / 948615`
*連続ログイン2日目
※ログインが途切れるか、7日到達すると
1日目から再開されます*
`聖晶石 X 1
9月交換券(2022) X 1
`*京都国際マンガ・アニメフェア2022
出展記念 初回ログインボーナス*
*開催期間中、初回ログインで「聖晶石×10」をプレゼント！*
`聖晶石 X 10
`_2022-09-18 03:33:34_
--------
