【登录信息】
*318194637fc953496e5082ebcbeae7a2*
`登陆天数: 137天 / 1355天
等级: 141
石头: 28
呼符: 119
体力: 8746.033333333333 / 140
友情点: 0 / 117612965`
*連続ログイン4日目
※ログインが途切れるか、7日到達すると
1日目から再開されます*
`聖晶石 X 1
9月交換券(2022) X 1
`_2022-09-21 03:35:33_
--------
*9d78e90bb76b42970abd7495d7329768*
`登陆天数: 137天 / 635天
等级: 128
石头: 128
呼符: 27
体力: 80590.5 / 137
友情点: 0 / 718595`
*連続ログイン4日目
※ログインが途切れるか、7日到達すると
1日目から再開されます*
`聖晶石 X 1
9月交換券(2022) X 1
`_2022-09-21 03:35:41_
--------
*b6bbcdbd5addb82b8007d1a35f461999*
`登陆天数: 68天 / 755天
等级: 125
石头: 0
呼符: 0
体力: 45191.88 / 137
友情点: 0 / 948615`
*連続ログイン5日目
※ログインが途切れるか、7日到達すると
1日目から再開されます*
`叡智の業火 X 2
9月交換券(2022) X 1
`_2022-09-21 03:35:51_
--------
