【登录信息】
*318194637fc953496e5082ebcbeae7a2*
`登陆天数: 138天 / 1356天
等级: 141
石头: 28
呼符: 119
体力: 9034.283333333333 / 140
友情点: 0 / 117612965`
*連続ログイン5日目
※ログインが途切れるか、7日到達すると
1日目から再開されます*
`叡智の業火 X 2
9月交換券(2022) X 1
`_2022-09-22 03:36:48_
--------
*9d78e90bb76b42970abd7495d7329768*
`登陆天数: 138天 / 636天
等级: 128
石头: 128
呼符: 27
体力: 80878.75333333333 / 137
友情点: 0 / 718595`
*連続ログイン5日目
※ログインが途切れるか、7日到達すると
1日目から再開されます*
`叡智の業火 X 2
9月交換券(2022) X 1
`_2022-09-22 03:36:56_
--------
*b6bbcdbd5addb82b8007d1a35f461999*
`登陆天数: 69天 / 756天
等级: 125
石头: 0
呼符: 0
体力: 45480.13 / 137
友情点: 10 / 948625`
*連続ログイン6日目
※ログインが途切れるか、7日到達すると
1日目から再開されます*
`聖晶石 X 2
9月交換券(2022) X 1
`_2022-09-22 03:37:07_
--------
