【登录信息】
*318194637fc953496e5082ebcbeae7a2*
`登陆天数: 139天 / 1357天
等级: 141
石头: 28
呼符: 119
体力: 9321.93 / 140
友情点: 0 / 117612965`
*連続ログイン6日目
※ログインが途切れるか、7日到達すると
1日目から再開されます*
`聖晶石 X 2
9月交換券(2022) X 1
`_2022-09-23 03:35:02_
--------
*9d78e90bb76b42970abd7495d7329768*
`登陆天数: 139天 / 637天
等级: 128
石头: 128
呼符: 27
体力: 81166.39666666667 / 137
友情点: 0 / 718595`
*連続ログイン6日目
※ログインが途切れるか、7日到達すると
1日目から再開されます*
`聖晶石 X 2
9月交換券(2022) X 1
`_2022-09-23 03:35:10_
--------
*b6bbcdbd5addb82b8007d1a35f461999*
`登陆天数: 70天 / 757天
等级: 125
石头: 0
呼符: 0
体力: 45767.776666666665 / 137
友情点: 0 / 948625`
*連続ログイン7日間到達おめでとうございます！
明日は1日目からリスタートされます。*
`獣の足跡 X 1
呼符 X 1
9月交換券(2022) X 1
`_2022-09-23 03:35:20_
--------
