【登录信息】
*318194637fc953496e5082ebcbeae7a2*
`登陆天数: 142天 / 1360天
等级: 141
石头: 28
呼符: 119
体力: 10185.663333333334 / 140
友情点: 255 / 117613900`
*連続ログイン2日目
※ログインが途切れるか、7日到達すると
1日目から再開されます*
`聖晶石 X 1
9月交換券(2022) X 1
`_2022-09-26 03:33:43_
--------
*9d78e90bb76b42970abd7495d7329768*
`登陆天数: 142天 / 640天
等级: 128
石头: 128
呼符: 27
体力: 82030.13333333333 / 137
友情点: 0 / 718595`
*連続ログイン2日目
※ログインが途切れるか、7日到達すると
1日目から再開されます*
`聖晶石 X 1
9月交換券(2022) X 1
`_2022-09-26 03:33:50_
--------
*b6bbcdbd5addb82b8007d1a35f461999*
`登陆天数: 73天 / 760天
等级: 125
石头: 0
呼符: 0
体力: 46631.513333333336 / 137
友情点: 0 / 948625`
*連続ログイン3日目
※ログインが途切れるか、7日到達すると
1日目から再開されます*
`叡智の業火 X 1
9月交換券(2022) X 1
`_2022-09-26 03:34:01_
--------
