【登录信息】
*318194637fc953496e5082ebcbeae7a2*
`登陆天数: 143天 / 1361天
等级: 141
石头: 28
呼符: 119
体力: 10474.216666666667 / 140
友情点: 1020 / 117614920`
*連続ログイン3日目
※ログインが途切れるか、7日到達すると
1日目から再開されます*
`叡智の業火 X 1
9月交換券(2022) X 1
`_2022-09-27 03:36:28_
--------
*9d78e90bb76b42970abd7495d7329768*
`登陆天数: 143天 / 641天
等级: 128
石头: 128
呼符: 27
体力: 82318.68333333333 / 137
友情点: 0 / 718595`
*連続ログイン3日目
※ログインが途切れるか、7日到達すると
1日目から再開されます*
`叡智の業火 X 1
9月交換券(2022) X 1
`_2022-09-27 03:36:36_
--------
*b6bbcdbd5addb82b8007d1a35f461999*
`登陆天数: 74天 / 761天
等级: 125
石头: 0
呼符: 0
体力: 46920.06333333333 / 137
友情点: 0 / 948625`
*連続ログイン4日目
※ログインが途切れるか、7日到達すると
1日目から再開されます*
`聖晶石 X 1
9月交換券(2022) X 1
`_2022-09-27 03:36:46_
--------
