【登录信息】
*318194637fc953496e5082ebcbeae7a2*
`登陆天数: 145天 / 1363天
等级: 141
石头: 28
呼符: 119
体力: 11050.733333333334 / 140
友情点: 1785 / 117617385`
*連続ログイン5日目
※ログインが途切れるか、7日到達すると
1日目から再開されます*
`叡智の業火 X 2
9月交換券(2022) X 1
`*Road to 7 [Lostbelt No.5 アトランティス]開催！*
*Road to 7 [Lostbelt No.5 アトランティス]開催！*
``_2022-09-29 03:39:03_
--------
*9d78e90bb76b42970abd7495d7329768*
`登陆天数: 145天 / 643天
等级: 128
石头: 128
呼符: 27
体力: 82895.20333333334 / 137
友情点: 0 / 718595`
*連続ログイン5日目
※ログインが途切れるか、7日到達すると
1日目から再開されます*
`叡智の業火 X 2
9月交換券(2022) X 1
`*Road to 7 [Lostbelt No.5 アトランティス]開催！*
*Road to 7 [Lostbelt No.5 アトランティス]開催！*
``_2022-09-29 03:39:11_
--------
*b6bbcdbd5addb82b8007d1a35f461999*
`登陆天数: 76天 / 763天
等级: 125
石头: 0
呼符: 0
体力: 47496.58 / 137
友情点: 0 / 948625`
*連続ログイン6日目
※ログインが途切れるか、7日到達すると
1日目から再開されます*
`聖晶石 X 2
9月交換券(2022) X 1
`*Road to 7 [Lostbelt No.5 アトランティス]開催！*
*Road to 7 [Lostbelt No.5 アトランティス]開催！*
``_2022-09-29 03:39:22_
--------
