【登录信息】
*318194637fc953496e5082ebcbeae7a2*
`登陆天数: 146天 / 1364天
等级: 141
石头: 28
呼符: 119
体力: 11338.78 / 140
友情点: 1020 / 117618405`
*連続ログイン6日目
※ログインが途切れるか、7日到達すると
1日目から再開されます*
`聖晶石 X 2
9月交換券(2022) X 1
`_2022-09-30 03:39:17_
--------
*9d78e90bb76b42970abd7495d7329768*
`登陆天数: 146天 / 644天
等级: 128
石头: 128
呼符: 27
体力: 83183.25 / 137
友情点: 0 / 718595`
*連続ログイン6日目
※ログインが途切れるか、7日到達すると
1日目から再開されます*
`聖晶石 X 2
9月交換券(2022) X 1
`_2022-09-30 03:39:25_
--------
*b6bbcdbd5addb82b8007d1a35f461999*
`登陆天数: 77天 / 764天
等级: 125
石头: 0
呼符: 0
体力: 47784.62666666666 / 137
友情点: 0 / 948625`
*連続ログイン7日間到達おめでとうございます！
明日は1日目からリスタートされます。*
`獣の足跡 X 1
呼符 X 1
9月交換券(2022) X 1
`_2022-09-30 03:39:36_
--------
