【登录信息】
[318194637fc953496e5082ebcbeae7a2]
`登陆天数: 12天 / 1214天
等级: 141
石头: 197
呼符: 37
友情点: 0 / 117346840`
*連続ログイン5日目
※ログインが途切れるか、7日到達すると
1日目から再開されます*
`叡智の猛火 X 2
5月交換券(2022) X 1
`*Fate/Grand Order 春の新米マスター応援キャンペーン2022！10万リツイート達成プレゼント*
*開催期間中、初回ログインで10万リツイート達成報酬をプレゼント！*
`QP X 5000000
聖晶石 X 12
マナプリズム X 100
レアプリズム X 1
黄金の果実 X 5
白銀の果実 X 5
呼符 X 5
`_2022-05-01 03:31:35_
--------
[9d78e90bb76b42970abd7495d7329768]
`登陆天数: 12天 / 494天
等级: 128
石头: 128
呼符: 27
友情点: 0 / 718120`
*連続ログイン5日目
※ログインが途切れるか、7日到達すると
1日目から再開されます*
`叡智の猛火 X 2
5月交換券(2022) X 1
`*Fate/Grand Order 春の新米マスター応援キャンペーン2022！10万リツイート達成プレゼント*
*開催期間中、初回ログインで10万リツイート達成報酬をプレゼント！*
`QP X 5000000
聖晶石 X 12
マナプリズム X 100
レアプリズム X 1
黄金の果実 X 5
白銀の果実 X 5
呼符 X 5
`_2022-05-01 03:31:43_
--------
[2c25a694117debb52819318b9f5094b0]
`登陆天数: 25天 / 845天
等级: 136
石头: 5
呼符: 0
友情点: 0 / 9740`
*連続ログイン4日目
※ログインが途切れるか、7日到達すると
1日目から再開されます*
`聖晶石 X 1
5月交換券(2022) X 1
`*Fate/Grand Order 春の新米マスター応援キャンペーン2022！10万リツイート達成プレゼント*
*開催期間中、初回ログインで10万リツイート達成報酬をプレゼント！*
`QP X 5000000
聖晶石 X 12
マナプリズム X 100
レアプリズム X 1
黄金の果実 X 5
白銀の果実 X 5
呼符 X 5
`_2022-05-01 03:31:50_
--------
