【登录信息】
[318194637fc953496e5082ebcbeae7a2]
`登陆天数: 15天 / 1217天
等级: 141
石头: 197
呼符: 37
友情点: 0 / 117346840`
*連続ログイン1日目
※ログインが途切れるか、7日到達すると
1日目から再開されます*
`フレンドポイント X 2000
5月交換券(2022) X 1
`_2022-05-04 03:31:55_
--------
[9d78e90bb76b42970abd7495d7329768]
`登陆天数: 15天 / 497天
等级: 128
石头: 128
呼符: 27
友情点: 0 / 718120`
*連続ログイン1日目
※ログインが途切れるか、7日到達すると
1日目から再開されます*
`フレンドポイント X 2000
5月交換券(2022) X 1
`_2022-05-04 03:32:03_
--------
[2c25a694117debb52819318b9f5094b0]
`登陆天数: 28天 / 848天
等级: 136
石头: 5
呼符: 0
友情点: 0 / 9740`
*連続ログイン7日間到達おめでとうございます！
明日は1日目からリスタートされます。*
`獣の足跡 X 1
呼符 X 1
5月交換券(2022) X 1
`_2022-05-04 03:32:11_
--------
