【登录信息】
[318194637fc953496e5082ebcbeae7a2]
`登陆天数: 1天 / 1219天
等级: 141
石头: 197
呼符: 37
友情点: 0 / 117346840`
*連続ログイン1日目
※ログインが途切れるか、7日到達すると
1日目から再開されます*
`フレンドポイント X 2000
5月交換券(2022) X 1
`_2022-05-08 14:16:24_
--------
[9d78e90bb76b42970abd7495d7329768]
`登陆天数: 1天 / 499天
等级: 128
石头: 128
呼符: 27
友情点: 0 / 718145`
*連続ログイン1日目
※ログインが途切れるか、7日到達すると
1日目から再開されます*
`フレンドポイント X 2000
5月交換券(2022) X 1
`_2022-05-08 14:16:32_
--------
[2c25a694117debb52819318b9f5094b0]
`登陆天数: 32天 / 852天
等级: 136
石头: 5
呼符: 0
友情点: 0 / 11250`
_2022-05-08 14:16:40_
--------
