【登录信息】
[318194637fc953496e5082ebcbeae7a2]
`登陆天数: 3天 / 1221天
等级: 141
石头: 288
呼符: 50
友情点: 10 / 117357445`
*連続ログイン3日目
※ログインが途切れるか、7日到達すると
1日目から再開されます*
`叡智の猛火 X 1
5月交換券(2022) X 1
`_2022-05-10 03:32:29_
--------
[9d78e90bb76b42970abd7495d7329768]
`登陆天数: 3天 / 501天
等级: 128
石头: 128
呼符: 27
友情点: 45 / 718190`
*連続ログイン3日目
※ログインが途切れるか、7日到達すると
1日目から再開されます*
`叡智の猛火 X 1
5月交換券(2022) X 1
`_2022-05-10 03:32:37_
--------
[2c25a694117debb52819318b9f5094b0]
`登陆天数: 34天 / 854天
等级: 136
石头: 5
呼符: 0
友情点: 0 / 11290`
*連続ログイン6日目
※ログインが途切れるか、7日到達すると
1日目から再開されます*
`聖晶石 X 2
5月交換券(2022) X 1
`_2022-05-10 03:32:45_
--------
