【登录信息】
[318194637fc953496e5082ebcbeae7a2]
`登陆天数: 4天 / 1222天
等级: 141
石头: 288
呼符: 50
友情点: 0 / 117357445`
*連続ログイン4日目
※ログインが途切れるか、7日到達すると
1日目から再開されます*
`聖晶石 X 1
5月交換券(2022) X 1
`_2022-05-11 03:32:07_
--------
[9d78e90bb76b42970abd7495d7329768]
`登陆天数: 4天 / 502天
等级: 128
石头: 128
呼符: 27
友情点: 0 / 718190`
*連続ログイン4日目
※ログインが途切れるか、7日到達すると
1日目から再開されます*
`聖晶石 X 1
5月交換券(2022) X 1
`_2022-05-11 03:32:15_
--------
[2c25a694117debb52819318b9f5094b0]
`登陆天数: 35天 / 855天
等级: 136
石头: 5
呼符: 0
友情点: 0 / 11290`
*連続ログイン7日間到達おめでとうございます！
明日は1日目からリスタートされます。*
`獣の足跡 X 1
呼符 X 1
5月交換券(2022) X 1
`_2022-05-11 03:32:23_
--------
