【登录信息】
[318194637fc953496e5082ebcbeae7a2]
`登陆天数: 5天 / 1223天
等级: 141
石头: 288
呼符: 50
友情点: 0 / 117357445`
*連続ログイン5日目
※ログインが途切れるか、7日到達すると
1日目から再開されます*
`叡智の猛火 X 2
5月交換券(2022) X 1
`*2500万DL突破記念 特別連続ログインボーナス*
*開催期間中、1日1回 最大7回 連続ログインボーナスをプレゼント！*
`叡智の業火 X 10
`_2022-05-12 03:32:41_
--------
[9d78e90bb76b42970abd7495d7329768]
`登陆天数: 5天 / 503天
等级: 128
石头: 128
呼符: 27
友情点: 0 / 718190`
*連続ログイン5日目
※ログインが途切れるか、7日到達すると
1日目から再開されます*
`叡智の猛火 X 2
5月交換券(2022) X 1
`*2500万DL突破記念 特別連続ログインボーナス*
*開催期間中、1日1回 最大7回 連続ログインボーナスをプレゼント！*
`叡智の業火 X 10
`_2022-05-12 03:32:49_
--------
[2c25a694117debb52819318b9f5094b0]
`登陆天数: 36天 / 856天
等级: 136
石头: 5
呼符: 0
友情点: 0 / 11290`
*連続ログイン1日目
※ログインが途切れるか、7日到達すると
1日目から再開されます*
`フレンドポイント X 2000
5月交換券(2022) X 1
`*2500万DL突破記念 特別連続ログインボーナス*
*開催期間中、1日1回 最大7回 連続ログインボーナスをプレゼント！*
`叡智の業火 X 10
`_2022-05-12 03:32:57_
--------
[b6bbcdbd5addb82b8007d1a35f461999]
`登陆天数: 2天 / 627天
等级: 125
石头: 3
呼符: 0
友情点: 0 / 924225`
*連続ログイン2日目
※ログインが途切れるか、7日到達すると
1日目から再開されます*
`聖晶石 X 1
5月交換券(2022) X 1
`*2500万DL突破記念 特別連続ログインボーナス*
*開催期間中、1日1回 最大7回 連続ログインボーナスをプレゼント！*
`叡智の業火 X 10
`_2022-05-12 03:33:04_
--------
