【登录信息】
[318194637fc953496e5082ebcbeae7a2]
`登陆天数: 6天 / 1224天
等级: 141
石头: 306
呼符: 45
友情点: 0 / 117357445`
*連続ログイン6日目
※ログインが途切れるか、7日到達すると
1日目から再開されます*
`聖晶石 X 2
5月交換券(2022) X 1
`*2500万DL突破記念 特別連続ログインボーナス*
*開催期間中、1日1回 最大7回 連続ログインボーナスをプレゼント！*
`白銀の果実 X 10
`_2022-05-13 03:31:52_
--------
[9d78e90bb76b42970abd7495d7329768]
`登陆天数: 6天 / 504天
等级: 128
石头: 128
呼符: 27
友情点: 0 / 718190`
*連続ログイン6日目
※ログインが途切れるか、7日到達すると
1日目から再開されます*
`聖晶石 X 2
5月交換券(2022) X 1
`*2500万DL突破記念 特別連続ログインボーナス*
*開催期間中、1日1回 最大7回 連続ログインボーナスをプレゼント！*
`白銀の果実 X 10
`_2022-05-13 03:32:00_
--------
[2c25a694117debb52819318b9f5094b0]
`登陆天数: 37天 / 857天
等级: 136
石头: 5
呼符: 0
友情点: 0 / 11290`
*連続ログイン2日目
※ログインが途切れるか、7日到達すると
1日目から再開されます*
`聖晶石 X 1
5月交換券(2022) X 1
`*2500万DL突破記念 特別連続ログインボーナス*
*開催期間中、1日1回 最大7回 連続ログインボーナスをプレゼント！*
`白銀の果実 X 10
`_2022-05-13 03:32:08_
--------
[b6bbcdbd5addb82b8007d1a35f461999]
`登陆天数: 3天 / 628天
等级: 125
石头: 3
呼符: 0
友情点: 0 / 924225`
*連続ログイン3日目
※ログインが途切れるか、7日到達すると
1日目から再開されます*
`叡智の猛火 X 1
5月交換券(2022) X 1
`*2500万DL突破記念 特別連続ログインボーナス*
*開催期間中、1日1回 最大7回 連続ログインボーナスをプレゼント！*
`白銀の果実 X 10
`_2022-05-13 03:32:15_
--------
