【登录信息】
[318194637fc953496e5082ebcbeae7a2]
`登陆天数: 7天 / 1225天
等级: 141
石头: 306
呼符: 45
友情点: 85 / 117357530`
*連続ログイン7日間到達おめでとうございます！
明日は1日目からリスタートされます。*
`獣の足跡 X 1
呼符 X 1
5月交換券(2022) X 1
`*2500万DL突破記念 特別連続ログインボーナス*
*開催期間中、1日1回 最大7回 連続ログインボーナスをプレゼント！*
`QP X 10000000
`_2022-05-14 03:32:24_
--------
[9d78e90bb76b42970abd7495d7329768]
`登陆天数: 7天 / 505天
等级: 128
石头: 128
呼符: 27
友情点: 40 / 718230`
*連続ログイン7日間到達おめでとうございます！
明日は1日目からリスタートされます。*
`獣の足跡 X 1
呼符 X 1
5月交換券(2022) X 1
`*2500万DL突破記念 特別連続ログインボーナス*
*開催期間中、1日1回 最大7回 連続ログインボーナスをプレゼント！*
`QP X 10000000
`_2022-05-14 03:32:32_
--------
[2c25a694117debb52819318b9f5094b0]
`登陆天数: 38天 / 858天
等级: 136
石头: 13
呼符: 0
友情点: 20 / 11330`
*連続ログイン3日目
※ログインが途切れるか、7日到達すると
1日目から再開されます*
`叡智の猛火 X 1
5月交換券(2022) X 1
`*2500万DL突破記念 特別連続ログインボーナス*
*開催期間中、1日1回 最大7回 連続ログインボーナスをプレゼント！*
`QP X 10000000
`_2022-05-14 03:32:40_
--------
[b6bbcdbd5addb82b8007d1a35f461999]
`登陆天数: 4天 / 629天
等级: 125
石头: 3
呼符: 0
友情点: 30 / 924255`
*連続ログイン4日目
※ログインが途切れるか、7日到達すると
1日目から再開されます*
`聖晶石 X 1
5月交換券(2022) X 1
`*2500万DL突破記念 特別連続ログインボーナス*
*開催期間中、1日1回 最大7回 連続ログインボーナスをプレゼント！*
`QP X 10000000
`_2022-05-14 03:32:48_
--------
