【登录信息】
[318194637fc953496e5082ebcbeae7a2]
`登陆天数: 8天 / 1226天
等级: 141
石头: 306
呼符: 45
友情点: 0 / 117357530`
*連続ログイン1日目
※ログインが途切れるか、7日到達すると
1日目から再開されます*
`フレンドポイント X 2000
5月交換券(2022) X 1
`*2500万DL突破記念 特別連続ログインボーナス*
*開催期間中、1日1回 最大7回 連続ログインボーナスをプレゼント！*
`黄金の果実 X 10
`_2022-05-15 03:31:47_
--------
[9d78e90bb76b42970abd7495d7329768]
`登陆天数: 8天 / 506天
等级: 128
石头: 128
呼符: 27
友情点: 0 / 718230`
*連続ログイン1日目
※ログインが途切れるか、7日到達すると
1日目から再開されます*
`フレンドポイント X 2000
5月交換券(2022) X 1
`*2500万DL突破記念 特別連続ログインボーナス*
*開催期間中、1日1回 最大7回 連続ログインボーナスをプレゼント！*
`黄金の果実 X 10
`_2022-05-15 03:31:55_
--------
[2c25a694117debb52819318b9f5094b0]
`登陆天数: 39天 / 859天
等级: 136
石头: 1
呼符: 0
友情点: 0 / 11405`
*連続ログイン4日目
※ログインが途切れるか、7日到達すると
1日目から再開されます*
`聖晶石 X 1
5月交換券(2022) X 1
`*2500万DL突破記念 特別連続ログインボーナス*
*開催期間中、1日1回 最大7回 連続ログインボーナスをプレゼント！*
`黄金の果実 X 10
`_2022-05-15 03:32:03_
--------
[b6bbcdbd5addb82b8007d1a35f461999]
`登陆天数: 5天 / 630天
等级: 125
石头: 3
呼符: 0
友情点: 0 / 924255`
*連続ログイン5日目
※ログインが途切れるか、7日到達すると
1日目から再開されます*
`叡智の猛火 X 2
5月交換券(2022) X 1
`*2500万DL突破記念 特別連続ログインボーナス*
*開催期間中、1日1回 最大7回 連続ログインボーナスをプレゼント！*
`黄金の果実 X 10
`_2022-05-15 03:32:10_
--------
