【登录信息】
[318194637fc953496e5082ebcbeae7a2]
`登陆天数: 9天 / 1227天
等级: 141
石头: 306
呼符: 45
友情点: 170 / 117357700`
*連続ログイン2日目
※ログインが途切れるか、7日到達すると
1日目から再開されます*
`聖晶石 X 1
5月交換券(2022) X 1
`*2500万DL突破記念 特別連続ログインボーナス*
*開催期間中、1日1回 最大7回 連続ログインボーナスをプレゼント！*
`英霊結晶・星のフォウくん X 10
`_2022-05-16 03:31:46_
--------
[9d78e90bb76b42970abd7495d7329768]
`登陆天数: 9天 / 507天
等级: 128
石头: 128
呼符: 27
友情点: 30 / 718260`
*連続ログイン2日目
※ログインが途切れるか、7日到達すると
1日目から再開されます*
`聖晶石 X 1
5月交換券(2022) X 1
`*2500万DL突破記念 特別連続ログインボーナス*
*開催期間中、1日1回 最大7回 連続ログインボーナスをプレゼント！*
`英霊結晶・星のフォウくん X 10
`_2022-05-16 03:31:54_
--------
[2c25a694117debb52819318b9f5094b0]
`登陆天数: 40天 / 860天
等级: 136
石头: 1
呼符: 0
友情点: 25 / 11430`
*連続ログイン5日目
※ログインが途切れるか、7日到達すると
1日目から再開されます*
`叡智の猛火 X 2
5月交換券(2022) X 1
`*2500万DL突破記念 特別連続ログインボーナス*
*開催期間中、1日1回 最大7回 連続ログインボーナスをプレゼント！*
`英霊結晶・星のフォウくん X 10
`_2022-05-16 03:32:02_
--------
[b6bbcdbd5addb82b8007d1a35f461999]
`登陆天数: 6天 / 631天
等级: 125
石头: 3
呼符: 0
友情点: 0 / 924255`
*連続ログイン6日目
※ログインが途切れるか、7日到達すると
1日目から再開されます*
`聖晶石 X 2
5月交換券(2022) X 1
`*2500万DL突破記念 特別連続ログインボーナス*
*開催期間中、1日1回 最大7回 連続ログインボーナスをプレゼント！*
`英霊結晶・星のフォウくん X 10
`_2022-05-16 03:32:09_
--------
