【登录信息】
[318194637fc953496e5082ebcbeae7a2]
`登陆天数: 10天 / 1228天
等级: 141
石头: 306
呼符: 45
友情点: 85 / 117357785`
*連続ログイン3日目
※ログインが途切れるか、7日到達すると
1日目から再開されます*
`叡智の猛火 X 1
5月交換券(2022) X 1
`*2500万DL突破記念 特別連続ログインボーナス*
*開催期間中、1日1回 最大7回 連続ログインボーナスをプレゼント！*
`英霊結晶・太陽のフォウくん X 10
`_2022-05-17 03:32:10_
--------
[9d78e90bb76b42970abd7495d7329768]
`登陆天数: 10天 / 508天
等级: 128
石头: 128
呼符: 27
友情点: 0 / 718260`
*連続ログイン3日目
※ログインが途切れるか、7日到達すると
1日目から再開されます*
`叡智の猛火 X 1
5月交換券(2022) X 1
`*2500万DL突破記念 特別連続ログインボーナス*
*開催期間中、1日1回 最大7回 連続ログインボーナスをプレゼント！*
`英霊結晶・太陽のフォウくん X 10
`_2022-05-17 03:32:18_
--------
[2c25a694117debb52819318b9f5094b0]
`登陆天数: 41天 / 861天
等级: 136
石头: 14
呼符: 0
友情点: 25 / 11480`
*連続ログイン6日目
※ログインが途切れるか、7日到達すると
1日目から再開されます*
`聖晶石 X 2
5月交換券(2022) X 1
`*2500万DL突破記念 特別連続ログインボーナス*
*開催期間中、1日1回 最大7回 連続ログインボーナスをプレゼント！*
`英霊結晶・太陽のフォウくん X 10
`_2022-05-17 03:32:26_
--------
[b6bbcdbd5addb82b8007d1a35f461999]
`登陆天数: 7天 / 632天
等级: 125
石头: 3
呼符: 0
友情点: 0 / 924255`
*連続ログイン7日間到達おめでとうございます！
明日は1日目からリスタートされます。*
`獣の足跡 X 1
呼符 X 1
5月交換券(2022) X 1
`*2500万DL突破記念 特別連続ログインボーナス*
*開催期間中、1日1回 最大7回 連続ログインボーナスをプレゼント！*
`英霊結晶・太陽のフォウくん X 10
`_2022-05-17 03:32:34_
--------
