【登录信息】
[318194637fc953496e5082ebcbeae7a2]
`登陆天数: 12天 / 1230天
等级: 141
石头: 306
呼符: 45
友情点: 0 / 117357785`
*連続ログイン5日目
※ログインが途切れるか、7日到達すると
1日目から再開されます*
`叡智の猛火 X 2
5月交換券(2022) X 1
`*「死想顕現界域 トラオム 或る幻想の生と死」開幕直前キャンペーン　第1弾限定 使用期限付コンティニューアイテムプレゼント！*
*開催期間中、初回ログインでコンティニューアイテム「霊脈石×3」をプレゼント！*
`霊脈石 X 3
`_2022-05-19 03:32:13_
--------
[9d78e90bb76b42970abd7495d7329768]
`登陆天数: 12天 / 510天
等级: 128
石头: 128
呼符: 27
友情点: 25 / 718335`
*連続ログイン5日目
※ログインが途切れるか、7日到達すると
1日目から再開されます*
`叡智の猛火 X 2
5月交換券(2022) X 1
`*「死想顕現界域 トラオム 或る幻想の生と死」開幕直前キャンペーン　第1弾限定 使用期限付コンティニューアイテムプレゼント！*
*開催期間中、初回ログインでコンティニューアイテム「霊脈石×3」をプレゼント！*
`霊脈石 X 3
`_2022-05-19 03:32:21_
--------
[2c25a694117debb52819318b9f5094b0]
`登陆天数: 43天 / 863天
等级: 136
石头: 14
呼符: 0
友情点: 25 / 11530`
*連続ログイン1日目
※ログインが途切れるか、7日到達すると
1日目から再開されます*
`フレンドポイント X 2000
5月交換券(2022) X 1
`*「死想顕現界域 トラオム 或る幻想の生と死」開幕直前キャンペーン　第1弾限定 使用期限付コンティニューアイテムプレゼント！*
*開催期間中、初回ログインでコンティニューアイテム「霊脈石×3」をプレゼント！*
`霊脈石 X 3
`_2022-05-19 03:32:28_
--------
[b6bbcdbd5addb82b8007d1a35f461999]
`登陆天数: 9天 / 634天
等级: 125
石头: 3
呼符: 0
友情点: 0 / 924255`
*連続ログイン2日目
※ログインが途切れるか、7日到達すると
1日目から再開されます*
`聖晶石 X 1
5月交換券(2022) X 1
`*「死想顕現界域 トラオム 或る幻想の生と死」開幕直前キャンペーン　第1弾限定 使用期限付コンティニューアイテムプレゼント！*
*開催期間中、初回ログインでコンティニューアイテム「霊脈石×3」をプレゼント！*
`霊脈石 X 3
`_2022-05-19 03:32:36_
--------
