【登录信息】
[318194637fc953496e5082ebcbeae7a2]
`登陆天数: 13天 / 1231天
等级: 141
石头: 306
呼符: 45
友情点: 255 / 117358040`
*連続ログイン6日目
※ログインが途切れるか、7日到達すると
1日目から再開されます*
`聖晶石 X 2
5月交換券(2022) X 1
`_2022-05-20 03:32:22_
--------
[9d78e90bb76b42970abd7495d7329768]
`登陆天数: 13天 / 511天
等级: 128
石头: 128
呼符: 27
友情点: 0 / 718335`
*連続ログイン6日目
※ログインが途切れるか、7日到達すると
1日目から再開されます*
`聖晶石 X 2
5月交換券(2022) X 1
`_2022-05-20 03:32:30_
--------
[2c25a694117debb52819318b9f5094b0]
`登陆天数: 44天 / 864天
等级: 136
石头: 14
呼符: 0
友情点: 0 / 11530`
*連続ログイン2日目
※ログインが途切れるか、7日到達すると
1日目から再開されます*
`聖晶石 X 1
5月交換券(2022) X 1
`_2022-05-20 03:32:37_
--------
[b6bbcdbd5addb82b8007d1a35f461999]
`登陆天数: 10天 / 635天
等级: 125
石头: 3
呼符: 0
友情点: 0 / 924255`
*連続ログイン3日目
※ログインが途切れるか、7日到達すると
1日目から再開されます*
`叡智の猛火 X 1
5月交換券(2022) X 1
`_2022-05-20 03:32:45_
--------
