【登录信息】
[318194637fc953496e5082ebcbeae7a2]
`登陆天数: 19天 / 1237天
等级: 141
石头: 306
呼符: 45
友情点: 0 / 117358720`
*連続ログイン5日目
※ログインが途切れるか、7日到達すると
1日目から再開されます*
`叡智の猛火 X 2
5月交換券(2022) X 1
`*死想顕現界域 トラオム 或る幻想の生と死 開幕直前ログインボーナス*
*開催期間中、1日1回 最大7回 ログインボーナスをプレゼント！*
`聖晶石 X 1
黄金の果実 X 1
`_2022-05-26 03:32:28_
--------
[9d78e90bb76b42970abd7495d7329768]
`登陆天数: 19天 / 517天
等级: 128
石头: 128
呼符: 27
友情点: 0 / 718385`
*連続ログイン5日目
※ログインが途切れるか、7日到達すると
1日目から再開されます*
`叡智の猛火 X 2
5月交換券(2022) X 1
`*死想顕現界域 トラオム 或る幻想の生と死 開幕直前ログインボーナス*
*開催期間中、1日1回 最大7回 ログインボーナスをプレゼント！*
`聖晶石 X 1
黄金の果実 X 1
`_2022-05-26 03:32:36_
--------
[2c25a694117debb52819318b9f5094b0]
`登陆天数: 50天 / 870天
等级: 136
石头: 14
呼符: 0
友情点: 0 / 11715`
*連続ログイン1日目
※ログインが途切れるか、7日到達すると
1日目から再開されます*
`フレンドポイント X 2000
5月交換券(2022) X 1
`*死想顕現界域 トラオム 或る幻想の生と死 開幕直前ログインボーナス*
*開催期間中、1日1回 最大7回 ログインボーナスをプレゼント！*
`聖晶石 X 1
黄金の果実 X 1
`_2022-05-26 03:32:44_
--------
[b6bbcdbd5addb82b8007d1a35f461999]
`登陆天数: 16天 / 641天
等级: 125
石头: 3
呼符: 0
友情点: 0 / 924475`
*連続ログイン2日目
※ログインが途切れるか、7日到達すると
1日目から再開されます*
`聖晶石 X 1
5月交換券(2022) X 1
`*死想顕現界域 トラオム 或る幻想の生と死 開幕直前ログインボーナス*
*開催期間中、1日1回 最大7回 ログインボーナスをプレゼント！*
`聖晶石 X 1
黄金の果実 X 1
`_2022-05-26 03:32:51_
--------
