【登录信息】
[318194637fc953496e5082ebcbeae7a2]
`登陆天数: 21天 / 1239天
等级: 141
石头: 306
呼符: 45
友情点: 0 / 117358890`
*連続ログイン7日間到達おめでとうございます！
明日は1日目からリスタートされます。*
`獣の足跡 X 1
呼符 X 1
5月交換券(2022) X 1
`*死想顕現界域 トラオム 或る幻想の生と死 開幕直前ログインボーナス*
*開催期間中、1日1回 最大7回 ログインボーナスをプレゼント！*
`聖晶石 X 1
黄金の果実 X 1
`_2022-05-28 03:32:20_
--------
[9d78e90bb76b42970abd7495d7329768]
`登陆天数: 21天 / 519天
等级: 128
石头: 128
呼符: 27
友情点: 0 / 718395`
*連続ログイン7日間到達おめでとうございます！
明日は1日目からリスタートされます。*
`獣の足跡 X 1
呼符 X 1
5月交換券(2022) X 1
`*死想顕現界域 トラオム 或る幻想の生と死 開幕直前ログインボーナス*
*開催期間中、1日1回 最大7回 ログインボーナスをプレゼント！*
`聖晶石 X 1
黄金の果実 X 1
`_2022-05-28 03:32:27_
--------
[2c25a694117debb52819318b9f5094b0]
`登陆天数: 52天 / 872天
等级: 136
石头: 14
呼符: 0
友情点: 0 / 11725`
*連続ログイン3日目
※ログインが途切れるか、7日到達すると
1日目から再開されます*
`叡智の猛火 X 1
5月交換券(2022) X 1
`*死想顕現界域 トラオム 或る幻想の生と死 開幕直前ログインボーナス*
*開催期間中、1日1回 最大7回 ログインボーナスをプレゼント！*
`聖晶石 X 1
黄金の果実 X 1
`_2022-05-28 03:32:35_
--------
[b6bbcdbd5addb82b8007d1a35f461999]
`登陆天数: 18天 / 643天
等级: 125
石头: 3
呼符: 0
友情点: 0 / 924475`
*連続ログイン4日目
※ログインが途切れるか、7日到達すると
1日目から再開されます*
`聖晶石 X 1
5月交換券(2022) X 1
`*死想顕現界域 トラオム 或る幻想の生と死 開幕直前ログインボーナス*
*開催期間中、1日1回 最大7回 ログインボーナスをプレゼント！*
`聖晶石 X 1
黄金の果実 X 1
`_2022-05-28 03:32:43_
--------
