【登录信息】
*318194637fc953496e5082ebcbeae7a2*
`登陆天数: 173天 / 1638天
等级: 141
石头: 5
呼符: 0
体力: 9304.303333333333 / 140
友情点: 2295 / 3259230`
*連続ログイン5日目
※ログインが途切れるか、7日到達すると
1日目から再開されます*
`叡智の業火 X 2
7月交換券(2023) X 1
`*TVスペシャルアニメ「Fate/strange Fake -Whispers of Dawn-」放送記念
特別ログインボーナス*
*開催期間中、1日1回 最大3回 ログインボーナスをプレゼント！*
`QP X 5000000
`_2023-07-02 03:31:33_
--------
*9d78e90bb76b42970abd7495d7329768*
`登陆天数: 173天 / 918天
等级: 128
石头: 640
呼符: 68
体力: 40646.70333333333 / 137
友情点: 50 / 845050`
*連続ログイン5日目
※ログインが途切れるか、7日到達すると
1日目から再開されます*
`叡智の業火 X 2
7月交換券(2023) X 1
`*TVスペシャルアニメ「Fate/strange Fake -Whispers of Dawn-」放送記念
特別ログインボーナス*
*開催期間中、1日1回 最大3回 ログインボーナスをプレゼント！*
`QP X 5000000
`_2023-07-02 03:31:42_
--------
*b6bbcdbd5addb82b8007d1a35f461999*
`登陆天数: 173天 / 1038天
等级: 125
石头: 0
呼符: 0
体力: 126983.08333333333 / 137
友情点: 0 / 954180`
*連続ログイン5日目
※ログインが途切れるか、7日到達すると
1日目から再開されます*
`叡智の業火 X 2
7月交換券(2023) X 1
`*TVスペシャルアニメ「Fate/strange Fake -Whispers of Dawn-」放送記念
特別ログインボーナス*
*開催期間中、1日1回 最大3回 ログインボーナスをプレゼント！*
`QP X 5000000
`_2023-07-02 03:31:52_
--------
