【登录信息】
*318194637fc953496e5082ebcbeae7a2*
`登陆天数: 174天 / 1639天
等级: 141
石头: 5
呼符: 0
体力: 9592.33 / 140
友情点: 2635 / 3261865`
*連続ログイン6日目
※ログインが途切れるか、7日到達すると
1日目から再開されます*
`聖晶石 X 2
7月交換券(2023) X 1
`*TVスペシャルアニメ「Fate/strange Fake -Whispers of Dawn-」放送記念
特別ログインボーナス*
*開催期間中、1日1回 最大3回 ログインボーナスをプレゼント！*
`strange Fake X 1
`_2023-07-03 03:31:42_
--------
*9d78e90bb76b42970abd7495d7329768*
`登陆天数: 174天 / 919天
等级: 128
石头: 640
呼符: 68
体力: 40934.73 / 137
友情点: 40 / 845090`
*連続ログイン6日目
※ログインが途切れるか、7日到達すると
1日目から再開されます*
`聖晶石 X 2
7月交換券(2023) X 1
`*TVスペシャルアニメ「Fate/strange Fake -Whispers of Dawn-」放送記念
特別ログインボーナス*
*開催期間中、1日1回 最大3回 ログインボーナスをプレゼント！*
`strange Fake X 1
`_2023-07-03 03:31:50_
--------
*b6bbcdbd5addb82b8007d1a35f461999*
`登陆天数: 174天 / 1039天
等级: 125
石头: 0
呼符: 0
体力: 127271.11 / 137
友情点: 30 / 954210`
*連続ログイン6日目
※ログインが途切れるか、7日到達すると
1日目から再開されます*
`聖晶石 X 2
7月交換券(2023) X 1
`*TVスペシャルアニメ「Fate/strange Fake -Whispers of Dawn-」放送記念
特別ログインボーナス*
*開催期間中、1日1回 最大3回 ログインボーナスをプレゼント！*
`strange Fake X 1
`_2023-07-03 03:32:00_
--------
