【登录信息】
*318194637fc953496e5082ebcbeae7a2*
`登陆天数: 175天 / 1640天
等级: 141
石头: 5
呼符: 0
体力: 9880.383333333333 / 140
友情点: 5780 / 3268045`
*連続ログイン7日間到達おめでとうございます！
明日は1日目からリスタートされます。*
`獣の足跡 X 1
呼符 X 1
7月交換券(2023) X 1
`*日替りログインボーナス*
*開催期間中、1日1回 2週間日替りでログインボーナスをプレゼント！*
`巡霊の葉 X 30
`_2023-07-04 03:31:58_
--------
*9d78e90bb76b42970abd7495d7329768*
`登陆天数: 175天 / 920天
等级: 128
石头: 640
呼符: 68
体力: 41222.78666666667 / 137
友情点: 20 / 845110`
*連続ログイン7日間到達おめでとうございます！
明日は1日目からリスタートされます。*
`獣の足跡 X 1
呼符 X 1
7月交換券(2023) X 1
`*日替りログインボーナス*
*開催期間中、1日1回 2週間日替りでログインボーナスをプレゼント！*
`巡霊の葉 X 30
`_2023-07-04 03:32:06_
--------
*b6bbcdbd5addb82b8007d1a35f461999*
`登陆天数: 175天 / 1040天
等级: 125
石头: 0
呼符: 0
体力: 127559.16333333333 / 137
友情点: 10 / 954220`
*連続ログイン7日間到達おめでとうございます！
明日は1日目からリスタートされます。*
`獣の足跡 X 1
呼符 X 1
7月交換券(2023) X 1
`*日替りログインボーナス*
*開催期間中、1日1回 2週間日替りでログインボーナスをプレゼント！*
`巡霊の葉 X 30
`_2023-07-04 03:32:17_
--------
