【登录信息】
*318194637fc953496e5082ebcbeae7a2*
`登陆天数: 177天 / 1642天
等级: 141
石头: 5
呼符: 0
体力: 10456.383333333333 / 140
友情点: 1700 / 3270255`
*連続ログイン2日目
※ログインが途切れるか、7日到達すると
1日目から再開されます*
`聖晶石 X 1
7月交換券(2023) X 1
`*日替りログインボーナス*
*開催期間中、1日1回 2週間日替りでログインボーナスをプレゼント！*
`聖晶石 X 2
巡霊の葉 X 100
`_2023-07-06 03:31:57_
--------
*9d78e90bb76b42970abd7495d7329768*
`登陆天数: 177天 / 922天
等级: 128
石头: 640
呼符: 68
体力: 41798.78333333333 / 137
友情点: 60 / 845210`
*連続ログイン2日目
※ログインが途切れるか、7日到達すると
1日目から再開されます*
`聖晶石 X 1
7月交換券(2023) X 1
`*日替りログインボーナス*
*開催期間中、1日1回 2週間日替りでログインボーナスをプレゼント！*
`聖晶石 X 2
巡霊の葉 X 100
`_2023-07-06 03:32:06_
--------
*b6bbcdbd5addb82b8007d1a35f461999*
`登陆天数: 177天 / 1042天
等级: 125
石头: 0
呼符: 0
体力: 128135.16 / 137
友情点: 90 / 954320`
*連続ログイン2日目
※ログインが途切れるか、7日到達すると
1日目から再開されます*
`聖晶石 X 1
7月交換券(2023) X 1
`*日替りログインボーナス*
*開催期間中、1日1回 2週間日替りでログインボーナスをプレゼント！*
`聖晶石 X 2
巡霊の葉 X 100
`_2023-07-06 03:32:16_
--------
