【登录信息】
*318194637fc953496e5082ebcbeae7a2*
`登陆天数: 178天 / 1643天
等级: 141
石头: 5
呼符: 0
体力: 10744.326666666666 / 140
友情点: 3995 / 3274250`
*連続ログイン3日目
※ログインが途切れるか、7日到達すると
1日目から再開されます*
`叡智の業火 X 1
7月交換券(2023) X 1
`*リリース2900日突破キャンペーン 初回ログインボーナス*
*開催期間中、初回ログインで「聖晶石×10」をプレゼント！*
`聖晶石 X 10
`_2023-07-07 03:31:41_
--------
*9d78e90bb76b42970abd7495d7329768*
`登陆天数: 178天 / 923天
等级: 128
石头: 640
呼符: 68
体力: 42086.72666666667 / 137
友情点: 0 / 845210`
*連続ログイン3日目
※ログインが途切れるか、7日到達すると
1日目から再開されます*
`叡智の業火 X 1
7月交換券(2023) X 1
`*リリース2900日突破キャンペーン 初回ログインボーナス*
*開催期間中、初回ログインで「聖晶石×10」をプレゼント！*
`聖晶石 X 10
`_2023-07-07 03:31:49_
--------
*b6bbcdbd5addb82b8007d1a35f461999*
`登陆天数: 178天 / 1043天
等级: 125
石头: 0
呼符: 0
体力: 128423.10666666667 / 137
友情点: 0 / 954320`
*連続ログイン3日目
※ログインが途切れるか、7日到達すると
1日目から再開されます*
`叡智の業火 X 1
7月交換券(2023) X 1
`*リリース2900日突破キャンペーン 初回ログインボーナス*
*開催期間中、初回ログインで「聖晶石×10」をプレゼント！*
`聖晶石 X 10
`_2023-07-07 03:32:00_
--------
