【登录信息】
*318194637fc953496e5082ebcbeae7a2*
`登陆天数: 180天 / 1645天
等级: 141
石头: 5
呼符: 0
体力: 11320.316666666668 / 140
友情点: 15555 / 3294990`
*連続ログイン5日目
※ログインが途切れるか、7日到達すると
1日目から再開されます*
`叡智の業火 X 2
7月交換券(2023) X 1
`*日替りログインボーナス*
*開催期間中、1日1回 2週間日替りでログインボーナスをプレゼント！*
`巡霊の葉 X 30
`_2023-07-09 03:31:38_
--------
*9d78e90bb76b42970abd7495d7329768*
`登陆天数: 180天 / 925天
等级: 128
石头: 640
呼符: 68
体力: 42662.71666666667 / 137
友情点: 10 / 845260`
*連続ログイン5日目
※ログインが途切れるか、7日到達すると
1日目から再開されます*
`叡智の業火 X 2
7月交換券(2023) X 1
`*日替りログインボーナス*
*開催期間中、1日1回 2週間日替りでログインボーナスをプレゼント！*
`巡霊の葉 X 30
`_2023-07-09 03:31:46_
--------
*b6bbcdbd5addb82b8007d1a35f461999*
`登陆天数: 180天 / 1045天
等级: 125
石头: 0
呼符: 0
体力: 128999.09666666666 / 137
友情点: 10 / 954350`
*連続ログイン5日目
※ログインが途切れるか、7日到達すると
1日目から再開されます*
`叡智の業火 X 2
7月交換券(2023) X 1
`*日替りログインボーナス*
*開催期間中、1日1回 2週間日替りでログインボーナスをプレゼント！*
`巡霊の葉 X 30
`_2023-07-09 03:31:57_
--------
