【登录信息】
*318194637fc953496e5082ebcbeae7a2*
`登陆天数: 181天 / 1646天
等级: 141
石头: 5
呼符: 0
体力: 11608.323333333334 / 140
友情点: 7650 / 3302640`
*連続ログイン6日目
※ログインが途切れるか、7日到達すると
1日目から再開されます*
`聖晶石 X 2
7月交換券(2023) X 1
`*日替りログインボーナス*
*開催期間中、1日1回 2週間日替りでログインボーナスをプレゼント！*
`聖晶石 X 3
巡霊の葉 X 50
`_2023-07-10 03:31:39_
--------
*9d78e90bb76b42970abd7495d7329768*
`登陆天数: 181天 / 926天
等级: 128
石头: 640
呼符: 68
体力: 42950.723333333335 / 137
友情点: 40 / 845300`
*連続ログイン6日目
※ログインが途切れるか、7日到達すると
1日目から再開されます*
`聖晶石 X 2
7月交換券(2023) X 1
`*日替りログインボーナス*
*開催期間中、1日1回 2週間日替りでログインボーナスをプレゼント！*
`聖晶石 X 3
巡霊の葉 X 50
`_2023-07-10 03:31:48_
--------
*b6bbcdbd5addb82b8007d1a35f461999*
`登陆天数: 181天 / 1046天
等级: 125
石头: 0
呼符: 0
体力: 129287.10333333333 / 137
友情点: 10 / 954360`
*連続ログイン6日目
※ログインが途切れるか、7日到達すると
1日目から再開されます*
`聖晶石 X 2
7月交換券(2023) X 1
`*日替りログインボーナス*
*開催期間中、1日1回 2週間日替りでログインボーナスをプレゼント！*
`聖晶石 X 3
巡霊の葉 X 50
`_2023-07-10 03:31:58_
--------
