【登录信息】
*318194637fc953496e5082ebcbeae7a2*
`登陆天数: 183天 / 1648天
等级: 141
石头: 5
呼符: 0
体力: 12184.336666666666 / 140
友情点: 2975 / 3311565`
*連続ログイン1日目
※ログインが途切れるか、7日到達すると
1日目から再開されます*
`フレンドポイント X 2000
7月交換券(2023) X 1
`*日替りログインボーナス*
*開催期間中、1日1回 2週間日替りでログインボーナスをプレゼント！*
`巡霊の葉 X 30
`_2023-07-12 03:31:44_
--------
*9d78e90bb76b42970abd7495d7329768*
`登陆天数: 183天 / 928天
等级: 128
石头: 640
呼符: 68
体力: 43526.736666666664 / 137
友情点: 10 / 845310`
*連続ログイン1日目
※ログインが途切れるか、7日到達すると
1日目から再開されます*
`フレンドポイント X 2000
7月交換券(2023) X 1
`*日替りログインボーナス*
*開催期間中、1日1回 2週間日替りでログインボーナスをプレゼント！*
`巡霊の葉 X 30
`_2023-07-12 03:31:52_
--------
*b6bbcdbd5addb82b8007d1a35f461999*
`登陆天数: 183天 / 1048天
等级: 125
石头: 0
呼符: 0
体力: 129863.11666666667 / 137
友情点: 0 / 954370`
*連続ログイン1日目
※ログインが途切れるか、7日到達すると
1日目から再開されます*
`フレンドポイント X 2000
7月交換券(2023) X 1
`*日替りログインボーナス*
*開催期間中、1日1回 2週間日替りでログインボーナスをプレゼント！*
`巡霊の葉 X 30
`_2023-07-12 03:32:03_
--------
