【登录信息】
*318194637fc953496e5082ebcbeae7a2*
`登陆天数: 186天 / 1651天
等级: 141
石头: 5
呼符: 0
体力: 13048.323333333334 / 140
友情点: 0 / 3318195`
*連続ログイン4日目
※ログインが途切れるか、7日到達すると
1日目から再開されます*
`聖晶石 X 1
7月交換券(2023) X 1
`*日替りログインボーナス*
*開催期間中、1日1回 2週間日替りでログインボーナスをプレゼント！*
`巡霊の葉 X 30
`_2023-07-15 03:31:39_
--------
*9d78e90bb76b42970abd7495d7329768*
`登陆天数: 186天 / 931天
等级: 128
石头: 640
呼符: 68
体力: 44390.723333333335 / 137
友情点: 0 / 845310`
*連続ログイン4日目
※ログインが途切れるか、7日到達すると
1日目から再開されます*
`聖晶石 X 1
7月交換券(2023) X 1
`*日替りログインボーナス*
*開催期間中、1日1回 2週間日替りでログインボーナスをプレゼント！*
`巡霊の葉 X 30
`_2023-07-15 03:31:48_
--------
*b6bbcdbd5addb82b8007d1a35f461999*
`登陆天数: 186天 / 1051天
等级: 125
石头: 0
呼符: 0
体力: 130727.1 / 137
友情点: 20 / 954390`
*連続ログイン4日目
※ログインが途切れるか、7日到達すると
1日目から再開されます*
`聖晶石 X 1
7月交換券(2023) X 1
`*日替りログインボーナス*
*開催期間中、1日1回 2週間日替りでログインボーナスをプレゼント！*
`巡霊の葉 X 30
`_2023-07-15 03:31:58_
--------
