【登录信息】
*318194637fc953496e5082ebcbeae7a2*
`登陆天数: 187天 / 1652天
等级: 141
石头: 5
呼符: 0
体力: 13336.333333333334 / 140
友情点: 850 / 3319045`
*連続ログイン5日目
※ログインが途切れるか、7日到達すると
1日目から再開されます*
`叡智の業火 X 2
7月交換券(2023) X 1
`*日替りログインボーナス*
*開催期間中、1日1回 2週間日替りでログインボーナスをプレゼント！*
`巡霊の葉 X 30
`_2023-07-16 03:31:43_
--------
*9d78e90bb76b42970abd7495d7329768*
`登陆天数: 187天 / 932天
等级: 128
石头: 640
呼符: 68
体力: 44678.73333333333 / 137
友情点: 30 / 845340`
*連続ログイン5日目
※ログインが途切れるか、7日到達すると
1日目から再開されます*
`叡智の業火 X 2
7月交換券(2023) X 1
`*日替りログインボーナス*
*開催期間中、1日1回 2週間日替りでログインボーナスをプレゼント！*
`巡霊の葉 X 30
`_2023-07-16 03:31:51_
--------
*b6bbcdbd5addb82b8007d1a35f461999*
`登陆天数: 187天 / 1052天
等级: 125
石头: 0
呼符: 0
体力: 131015.11333333333 / 137
友情点: 0 / 954390`
*連続ログイン5日目
※ログインが途切れるか、7日到達すると
1日目から再開されます*
`叡智の業火 X 2
7月交換券(2023) X 1
`*日替りログインボーナス*
*開催期間中、1日1回 2週間日替りでログインボーナスをプレゼント！*
`巡霊の葉 X 30
`_2023-07-16 03:32:01_
--------
