【登录信息】
*318194637fc953496e5082ebcbeae7a2*
`登陆天数: 188天 / 1653天
等级: 141
石头: 5
呼符: 0
体力: 13624.303333333333 / 140
友情点: 935 / 3319980`
*連続ログイン6日目
※ログインが途切れるか、7日到達すると
1日目から再開されます*
`聖晶石 X 2
7月交換券(2023) X 1
`*日替りログインボーナス*
*開催期間中、1日1回 2週間日替りでログインボーナスをプレゼント！*
`聖晶石 X 3
巡霊の葉 X 50
`_2023-07-17 03:31:34_
--------
*9d78e90bb76b42970abd7495d7329768*
`登陆天数: 188天 / 933天
等级: 128
石头: 640
呼符: 68
体力: 44966.706666666665 / 137
友情点: 40 / 845380`
*連続ログイン6日目
※ログインが途切れるか、7日到達すると
1日目から再開されます*
`聖晶石 X 2
7月交換券(2023) X 1
`*日替りログインボーナス*
*開催期間中、1日1回 2週間日替りでログインボーナスをプレゼント！*
`聖晶石 X 3
巡霊の葉 X 50
`_2023-07-17 03:31:42_
--------
*b6bbcdbd5addb82b8007d1a35f461999*
`登陆天数: 188天 / 1053天
等级: 125
石头: 0
呼符: 0
体力: 131303.08333333334 / 137
友情点: 50 / 954440`
*連続ログイン6日目
※ログインが途切れるか、7日到達すると
1日目から再開されます*
`聖晶石 X 2
7月交換券(2023) X 1
`*日替りログインボーナス*
*開催期間中、1日1回 2週間日替りでログインボーナスをプレゼント！*
`聖晶石 X 3
巡霊の葉 X 50
`_2023-07-17 03:31:53_
--------
