【登录信息】
*318194637fc953496e5082ebcbeae7a2*
`登陆天数: 189天 / 1654天
等级: 141
石头: 5
呼符: 0
体力: 13912.356666666667 / 140
友情点: 775 / 3320755`
*連続ログイン7日間到達おめでとうございます！
明日は1日目からリスタートされます。*
`獣の足跡 X 1
呼符 X 1
7月交換券(2023) X 1
`*ミスティックアイズ・シンフォニー開幕記念 ログインボーナス*
*開催期間中、1日1回 最大21回ログインボーナスをプレゼント！*
`白銀の果実 X 1
`_2023-07-18 03:31:49_
--------
*9d78e90bb76b42970abd7495d7329768*
`登陆天数: 189天 / 934天
等级: 128
石头: 640
呼符: 68
体力: 45254.75666666667 / 137
友情点: 10 / 845390`
*連続ログイン7日間到達おめでとうございます！
明日は1日目からリスタートされます。*
`獣の足跡 X 1
呼符 X 1
7月交換券(2023) X 1
`*ミスティックアイズ・シンフォニー開幕記念 ログインボーナス*
*開催期間中、1日1回 最大21回ログインボーナスをプレゼント！*
`白銀の果実 X 1
`_2023-07-18 03:31:58_
--------
*b6bbcdbd5addb82b8007d1a35f461999*
`登陆天数: 189天 / 1054天
等级: 125
石头: 0
呼符: 0
体力: 131591.13666666666 / 137
友情点: 40 / 954480`
*連続ログイン7日間到達おめでとうございます！
明日は1日目からリスタートされます。*
`獣の足跡 X 1
呼符 X 1
7月交換券(2023) X 1
`*ミスティックアイズ・シンフォニー開幕記念 ログインボーナス*
*開催期間中、1日1回 最大21回ログインボーナスをプレゼント！*
`白銀の果実 X 1
`_2023-07-18 03:32:08_
--------
