【登录信息】
*318194637fc953496e5082ebcbeae7a2*
`登陆天数: 191天 / 1656天
等级: 141
石头: 5
呼符: 0
体力: 14488.383333333333 / 140
友情点: 1870 / 3324920`
*連続ログイン2日目
※ログインが途切れるか、7日到達すると
1日目から再開されます*
`聖晶石 X 1
7月交換券(2023) X 1
`*ミスティックアイズ・シンフォニー開幕記念 ログインボーナス*
*開催期間中、1日1回 最大21回ログインボーナスをプレゼント！*
`白銀の果実 X 1
`_2023-07-20 03:31:58_
--------
*9d78e90bb76b42970abd7495d7329768*
`登陆天数: 191天 / 936天
等级: 128
石头: 640
呼符: 68
体力: 45830.78666666667 / 137
友情点: 10 / 845440`
*連続ログイン2日目
※ログインが途切れるか、7日到達すると
1日目から再開されます*
`聖晶石 X 1
7月交換券(2023) X 1
`*ミスティックアイズ・シンフォニー開幕記念 ログインボーナス*
*開催期間中、1日1回 最大21回ログインボーナスをプレゼント！*
`白銀の果実 X 1
`_2023-07-20 03:32:06_
--------
*b6bbcdbd5addb82b8007d1a35f461999*
`登陆天数: 191天 / 1056天
等级: 125
石头: 0
呼符: 0
体力: 132167.16333333333 / 137
友情点: 10 / 954550`
*連続ログイン2日目
※ログインが途切れるか、7日到達すると
1日目から再開されます*
`聖晶石 X 1
7月交換券(2023) X 1
`*ミスティックアイズ・シンフォニー開幕記念 ログインボーナス*
*開催期間中、1日1回 最大21回ログインボーナスをプレゼント！*
`白銀の果実 X 1
`_2023-07-20 03:32:17_
--------
