【登录信息】
*318194637fc953496e5082ebcbeae7a2*
`登陆天数: 1天 / 1657天
等级: 141
石头: 5
呼符: 0
体力: 15257.883333333333 / 140
友情点: 11390 / 3337110`
*連続ログイン1日目
※ログインが途切れるか、7日到達すると
1日目から再開されます*
`フレンドポイント X 2000
7月交換券(2023) X 1
`*「Fate/Grand Order Fes. 2023 夏祭り ～8th Anniversary～」開催直前カウントダウンログインボーナス*
*開催期間中、1日1回 8日間日替りでログインボーナスをプレゼント！*
`叡智の業火 X 5
`_2023-07-22 19:39:27_
--------
*9d78e90bb76b42970abd7495d7329768*
`登陆天数: 1天 / 937天
等级: 128
石头: 640
呼符: 68
体力: 46600.28333333333 / 137
友情点: 20 / 845460`
*連続ログイン1日目
※ログインが途切れるか、7日到達すると
1日目から再開されます*
`フレンドポイント X 2000
7月交換券(2023) X 1
`*「Fate/Grand Order Fes. 2023 夏祭り ～8th Anniversary～」開催直前カウントダウンログインボーナス*
*開催期間中、1日1回 8日間日替りでログインボーナスをプレゼント！*
`叡智の業火 X 5
`_2023-07-22 19:39:36_
--------
*b6bbcdbd5addb82b8007d1a35f461999*
`登陆天数: 1天 / 1057天
等级: 125
石头: 0
呼符: 0
体力: 132936.66333333333 / 137
友情点: 0 / 954550`
*連続ログイン1日目
※ログインが途切れるか、7日到達すると
1日目から再開されます*
`フレンドポイント X 2000
7月交換券(2023) X 1
`*「Fate/Grand Order Fes. 2023 夏祭り ～8th Anniversary～」開催直前カウントダウンログインボーナス*
*開催期間中、1日1回 8日間日替りでログインボーナスをプレゼント！*
`叡智の業火 X 5
`_2023-07-22 19:39:46_
--------
