【登录信息】
*318194637fc953496e5082ebcbeae7a2*
`登陆天数: 2天 / 1658天
等级: 141
石头: 5
呼符: 0
体力: 15352.33 / 140
友情点: 935 / 3338045`
*連続ログイン2日目
※ログインが途切れるか、7日到達すると
1日目から再開されます*
`聖晶石 X 1
7月交換券(2023) X 1
`*「Fate/Grand Order Fes. 2023 夏祭り ～8th Anniversary～」開催直前カウントダウンログインボーナス*
*開催期間中、1日1回 8日間日替りでログインボーナスをプレゼント！*
`QP X 2000000
`_2023-07-23 03:31:42_
--------
*9d78e90bb76b42970abd7495d7329768*
`登陆天数: 2天 / 938天
等级: 128
石头: 640
呼符: 68
体力: 46694.73333333333 / 137
友情点: 30 / 845490`
*連続ログイン2日目
※ログインが途切れるか、7日到達すると
1日目から再開されます*
`聖晶石 X 1
7月交換券(2023) X 1
`*「Fate/Grand Order Fes. 2023 夏祭り ～8th Anniversary～」開催直前カウントダウンログインボーナス*
*開催期間中、1日1回 8日間日替りでログインボーナスをプレゼント！*
`QP X 2000000
`_2023-07-23 03:31:51_
--------
*b6bbcdbd5addb82b8007d1a35f461999*
`登陆天数: 2天 / 1058天
等级: 125
石头: 0
呼符: 0
体力: 133031.11 / 137
友情点: 10 / 954560`
*連続ログイン2日目
※ログインが途切れるか、7日到達すると
1日目から再開されます*
`聖晶石 X 1
7月交換券(2023) X 1
`*「Fate/Grand Order Fes. 2023 夏祭り ～8th Anniversary～」開催直前カウントダウンログインボーナス*
*開催期間中、1日1回 8日間日替りでログインボーナスをプレゼント！*
`QP X 2000000
`_2023-07-23 03:32:01_
--------
