【登录信息】
*318194637fc953496e5082ebcbeae7a2*
`登陆天数: 3天 / 1659天
等级: 141
石头: 5
呼符: 0
体力: 15640.36 / 140
友情点: 2465 / 3340510`
*連続ログイン3日目
※ログインが途切れるか、7日到達すると
1日目から再開されます*
`叡智の業火 X 1
7月交換券(2023) X 1
`*「Fate/Grand Order Fes. 2023 夏祭り ～8th Anniversary～」開催直前カウントダウンログインボーナス*
*開催期間中、1日1回 8日間日替りでログインボーナスをプレゼント！*
`叡智の業火 X 10
`_2023-07-24 03:31:51_
--------
*9d78e90bb76b42970abd7495d7329768*
`登陆天数: 3天 / 939天
等级: 128
石头: 640
呼符: 68
体力: 46982.763333333336 / 137
友情点: 0 / 845490`
*連続ログイン3日目
※ログインが途切れるか、7日到達すると
1日目から再開されます*
`叡智の業火 X 1
7月交換券(2023) X 1
`*「Fate/Grand Order Fes. 2023 夏祭り ～8th Anniversary～」開催直前カウントダウンログインボーナス*
*開催期間中、1日1回 8日間日替りでログインボーナスをプレゼント！*
`叡智の業火 X 10
`_2023-07-24 03:31:59_
--------
*b6bbcdbd5addb82b8007d1a35f461999*
`登陆天数: 3天 / 1059天
等级: 125
石头: 0
呼符: 0
体力: 133319.14 / 137
友情点: 0 / 954560`
*連続ログイン3日目
※ログインが途切れるか、7日到達すると
1日目から再開されます*
`叡智の業火 X 1
7月交換券(2023) X 1
`*「Fate/Grand Order Fes. 2023 夏祭り ～8th Anniversary～」開催直前カウントダウンログインボーナス*
*開催期間中、1日1回 8日間日替りでログインボーナスをプレゼント！*
`叡智の業火 X 10
`_2023-07-24 03:32:10_
--------
