【登录信息】
*318194637fc953496e5082ebcbeae7a2*
`登陆天数: 4天 / 1660天
等级: 141
石头: 5
呼符: 0
体力: 15928.29 / 140
友情点: 7310 / 3347820`
*連続ログイン4日目
※ログインが途切れるか、7日到達すると
1日目から再開されます*
`聖晶石 X 1
7月交換券(2023) X 1
`*「Fate/Grand Order Fes. 2023 夏祭り ～8th Anniversary～」開催直前カウントダウンログインボーナス*
*開催期間中、1日1回 8日間日替りでログインボーナスをプレゼント！*
`QP X 3000000
`_2023-07-25 03:31:30_
--------
*9d78e90bb76b42970abd7495d7329768*
`登陆天数: 4天 / 940天
等级: 128
石头: 640
呼符: 68
体力: 47270.69 / 137
友情点: 0 / 845490`
*連続ログイン4日目
※ログインが途切れるか、7日到達すると
1日目から再開されます*
`聖晶石 X 1
7月交換券(2023) X 1
`*「Fate/Grand Order Fes. 2023 夏祭り ～8th Anniversary～」開催直前カウントダウンログインボーナス*
*開催期間中、1日1回 8日間日替りでログインボーナスをプレゼント！*
`QP X 3000000
`_2023-07-25 03:31:38_
--------
*b6bbcdbd5addb82b8007d1a35f461999*
`登陆天数: 4天 / 1060天
等级: 125
石头: 0
呼符: 0
体力: 133607.07 / 137
友情点: 0 / 954560`
*連続ログイン4日目
※ログインが途切れるか、7日到達すると
1日目から再開されます*
`聖晶石 X 1
7月交換券(2023) X 1
`*「Fate/Grand Order Fes. 2023 夏祭り ～8th Anniversary～」開催直前カウントダウンログインボーナス*
*開催期間中、1日1回 8日間日替りでログインボーナスをプレゼント！*
`QP X 3000000
`_2023-07-25 03:31:48_
--------
