【登录信息】
*318194637fc953496e5082ebcbeae7a2*
`登陆天数: 6天 / 1662天
等级: 141
石头: 5
呼符: 0
体力: 16504.29666666667 / 140
友情点: 4590 / 3358105`
*連続ログイン6日目
※ログインが途切れるか、7日到達すると
1日目から再開されます*
`聖晶石 X 2
7月交換券(2023) X 1
`*「Fate/Grand Order Fes. 2023 夏祭り ～8th Anniversary～」開催直前カウントダウンログインボーナス*
*開催期間中、1日1回 8日間日替りでログインボーナスをプレゼント！*
`QP X 3000000
`_2023-07-27 03:31:31_
--------
*9d78e90bb76b42970abd7495d7329768*
`登陆天数: 6天 / 942天
等级: 128
石头: 640
呼符: 68
体力: 47846.69666666666 / 137
友情点: 40 / 845530`
*連続ログイン6日目
※ログインが途切れるか、7日到達すると
1日目から再開されます*
`聖晶石 X 2
7月交換券(2023) X 1
`*「Fate/Grand Order Fes. 2023 夏祭り ～8th Anniversary～」開催直前カウントダウンログインボーナス*
*開催期間中、1日1回 8日間日替りでログインボーナスをプレゼント！*
`QP X 3000000
`_2023-07-27 03:31:40_
--------
*b6bbcdbd5addb82b8007d1a35f461999*
`登陆天数: 6天 / 1062天
等级: 125
石头: 0
呼符: 0
体力: 134183.07333333333 / 137
友情点: 0 / 954560`
*連続ログイン6日目
※ログインが途切れるか、7日到達すると
1日目から再開されます*
`聖晶石 X 2
7月交換券(2023) X 1
`*「Fate/Grand Order Fes. 2023 夏祭り ～8th Anniversary～」開催直前カウントダウンログインボーナス*
*開催期間中、1日1回 8日間日替りでログインボーナスをプレゼント！*
`QP X 3000000
`_2023-07-27 03:31:50_
--------
