【登录信息】
*318194637fc953496e5082ebcbeae7a2*
`登陆天数: 7天 / 1663天
等级: 141
石头: 5
呼符: 0
体力: 16792.323333333334 / 140
友情点: 1020 / 3359125`
*連続ログイン7日間到達おめでとうございます！
明日は1日目からリスタートされます。*
`獣の足跡 X 1
呼符 X 1
7月交換券(2023) X 1
`*「Fate/Grand Order Fes. 2023 夏祭り ～8th Anniversary～」開催直前カウントダウンログインボーナス*
*開催期間中、1日1回 8日間日替りでログインボーナスをプレゼント！*
`叡智の業火 X 10
`_2023-07-28 03:31:40_
--------
*9d78e90bb76b42970abd7495d7329768*
`登陆天数: 7天 / 943天
等级: 128
石头: 640
呼符: 68
体力: 48134.723333333335 / 137
友情点: 0 / 845530`
*連続ログイン7日間到達おめでとうございます！
明日は1日目からリスタートされます。*
`獣の足跡 X 1
呼符 X 1
7月交換券(2023) X 1
`*「Fate/Grand Order Fes. 2023 夏祭り ～8th Anniversary～」開催直前カウントダウンログインボーナス*
*開催期間中、1日1回 8日間日替りでログインボーナスをプレゼント！*
`叡智の業火 X 10
`_2023-07-28 03:31:48_
--------
*b6bbcdbd5addb82b8007d1a35f461999*
`登陆天数: 7天 / 1063天
等级: 125
石头: 0
呼符: 0
体力: 134471.10333333333 / 137
友情点: 0 / 954560`
*連続ログイン7日間到達おめでとうございます！
明日は1日目からリスタートされます。*
`獣の足跡 X 1
呼符 X 1
7月交換券(2023) X 1
`*「Fate/Grand Order Fes. 2023 夏祭り ～8th Anniversary～」開催直前カウントダウンログインボーナス*
*開催期間中、1日1回 8日間日替りでログインボーナスをプレゼント！*
`叡智の業火 X 10
`_2023-07-28 03:31:58_
--------
