【登录信息】
*318194637fc953496e5082ebcbeae7a2*
`登陆天数: 8天 / 1664天
等级: 141
石头: 5
呼符: 0
体力: 17080.293333333335 / 140
友情点: 3060 / 3362185`
*連続ログイン1日目
※ログインが途切れるか、7日到達すると
1日目から再開されます*
`フレンドポイント X 2000
7月交換券(2023) X 1
`*「Fate/Grand Order Fes. 2023 夏祭り ～8th Anniversary～」開催直前カウントダウンログインボーナス*
*開催期間中、1日1回 8日間日替りでログインボーナスをプレゼント！*
`星見のティーポット X 3
`_2023-07-29 03:31:31_
--------
*9d78e90bb76b42970abd7495d7329768*
`登陆天数: 8天 / 944天
等级: 128
石头: 640
呼符: 68
体力: 48422.693333333336 / 137
友情点: 10 / 845540`
*連続ログイン1日目
※ログインが途切れるか、7日到達すると
1日目から再開されます*
`フレンドポイント X 2000
7月交換券(2023) X 1
`*「Fate/Grand Order Fes. 2023 夏祭り ～8th Anniversary～」開催直前カウントダウンログインボーナス*
*開催期間中、1日1回 8日間日替りでログインボーナスをプレゼント！*
`星見のティーポット X 3
`_2023-07-29 03:31:39_
--------
*b6bbcdbd5addb82b8007d1a35f461999*
`登陆天数: 8天 / 1064天
等级: 125
石头: 0
呼符: 0
体力: 134759.07333333333 / 137
友情点: 50 / 954610`
*連続ログイン1日目
※ログインが途切れるか、7日到達すると
1日目から再開されます*
`フレンドポイント X 2000
7月交換券(2023) X 1
`*「Fate/Grand Order Fes. 2023 夏祭り ～8th Anniversary～」開催直前カウントダウンログインボーナス*
*開催期間中、1日1回 8日間日替りでログインボーナスをプレゼント！*
`星見のティーポット X 3
`_2023-07-29 03:31:49_
--------
