【登录信息】
*318194637fc953496e5082ebcbeae7a2*
`登陆天数: 9天 / 1665天
等级: 141
石头: 5
呼符: 0
体力: 17368.326666666668 / 140
友情点: 935 / 3363120`
*連続ログイン2日目
※ログインが途切れるか、7日到達すると
1日目から再開されます*
`聖晶石 X 1
7月交換券(2023) X 1
`_2023-07-30 03:31:41_
--------
*9d78e90bb76b42970abd7495d7329768*
`登陆天数: 9天 / 945天
等级: 128
石头: 640
呼符: 68
体力: 48710.72666666667 / 137
友情点: 10 / 845550`
*連続ログイン2日目
※ログインが途切れるか、7日到達すると
1日目から再開されます*
`聖晶石 X 1
7月交換券(2023) X 1
`_2023-07-30 03:31:49_
--------
*b6bbcdbd5addb82b8007d1a35f461999*
`登陆天数: 9天 / 1065天
等级: 125
石头: 0
呼符: 0
体力: 135047.10333333333 / 137
友情点: 20 / 954630`
*連続ログイン2日目
※ログインが途切れるか、7日到達すると
1日目から再開されます*
`聖晶石 X 1
7月交換券(2023) X 1
`_2023-07-30 03:31:59_
--------
