【登录信息】
*318194637fc953496e5082ebcbeae7a2*
`登陆天数: 10天 / 1666天
等级: 141
石头: 5
呼符: 0
体力: 17656.316666666666 / 140
友情点: 1530 / 3364650`
*連続ログイン3日目
※ログインが途切れるか、7日到達すると
1日目から再開されます*
`叡智の業火 X 1
7月交換券(2023) X 1
`*ショートアニメ「藤丸立香はわからない」グランドフィナーレ記念 特別ログインボーナス*
*開催期間中、初回ログインで「限定概念礼装×1」をプレゼント！*
`慰労会はおわらない X 1
`_2023-07-31 03:31:38_
--------
*9d78e90bb76b42970abd7495d7329768*
`登陆天数: 10天 / 946天
等级: 128
石头: 640
呼符: 68
体力: 48998.71666666667 / 137
友情点: 0 / 845550`
*連続ログイン3日目
※ログインが途切れるか、7日到達すると
1日目から再開されます*
`叡智の業火 X 1
7月交換券(2023) X 1
`*ショートアニメ「藤丸立香はわからない」グランドフィナーレ記念 特別ログインボーナス*
*開催期間中、初回ログインで「限定概念礼装×1」をプレゼント！*
`慰労会はおわらない X 1
`_2023-07-31 03:31:46_
--------
*b6bbcdbd5addb82b8007d1a35f461999*
`登陆天数: 10天 / 1066天
等级: 125
石头: 0
呼符: 0
体力: 135335.09333333332 / 137
友情点: 0 / 954630`
*連続ログイン3日目
※ログインが途切れるか、7日到達すると
1日目から再開されます*
`叡智の業火 X 1
7月交換券(2023) X 1
`*ショートアニメ「藤丸立香はわからない」グランドフィナーレ記念 特別ログインボーナス*
*開催期間中、初回ログインで「限定概念礼装×1」をプレゼント！*
`慰労会はおわらない X 1
`_2023-07-31 03:31:56_
--------
