【登录信息】
*318194637fc953496e5082ebcbeae7a2*
`登陆天数: 81天 / 1546天
等级: 141
石头: 15
呼符: 3
体力: 5943.28 / 140
友情点: 510 / 2431120`
*連続ログイン4日目
※ログインが途切れるか、7日到達すると
1日目から再開されます*
`聖晶石 X 1
4月交換券(2023) X 1
`*Fate/Grand Order 春の新米マスター応援キャンペーン2023！
日替りログインボーナス*
*開催期間中、1日1回 6日間日替りでログインボーナスをプレゼント！*
`聖晶石 X 2
`_2023-04-01 03:31:28_
--------
*9d78e90bb76b42970abd7495d7329768*
`登陆天数: 81天 / 826天
等级: 128
石头: 640
呼符: 68
体力: 14150.686666666666 / 137
友情点: 0 / 841060`
*連続ログイン4日目
※ログインが途切れるか、7日到達すると
1日目から再開されます*
`聖晶石 X 1
4月交換券(2023) X 1
`*Fate/Grand Order 春の新米マスター応援キャンペーン2023！
日替りログインボーナス*
*開催期間中、1日1回 6日間日替りでログインボーナスをプレゼント！*
`聖晶石 X 2
`_2023-04-01 03:31:36_
--------
*b6bbcdbd5addb82b8007d1a35f461999*
`登陆天数: 81天 / 946天
等级: 125
石头: 0
呼符: 0
体力: 100487.06333333334 / 137
友情点: 0 / 948625`
*連続ログイン4日目
※ログインが途切れるか、7日到達すると
1日目から再開されます*
`聖晶石 X 1
4月交換券(2023) X 1
`*Fate/Grand Order 春の新米マスター応援キャンペーン2023！
日替りログインボーナス*
*開催期間中、1日1回 6日間日替りでログインボーナスをプレゼント！*
`聖晶石 X 2
`_2023-04-01 03:31:47_
--------
