【登录信息】
*318194637fc953496e5082ebcbeae7a2*
`登陆天数: 82天 / 1547天
等级: 141
石头: 15
呼符: 3
体力: 6231.293333333333 / 140
友情点: 170 / 2431490`
*連続ログイン5日目
※ログインが途切れるか、7日到達すると
1日目から再開されます*
`叡智の業火 X 2
4月交換券(2023) X 1
`*Fate/Grand Order 春の新米マスター応援キャンペーン2023！
日替りログインボーナス*
*開催期間中、1日1回 6日間日替りでログインボーナスをプレゼント！*
`呼符 X 1
`_2023-04-02 03:31:32_
--------
*9d78e90bb76b42970abd7495d7329768*
`登陆天数: 82天 / 827天
等级: 128
石头: 640
呼符: 68
体力: 14438.696666666667 / 137
友情点: 0 / 841060`
*連続ログイン5日目
※ログインが途切れるか、7日到達すると
1日目から再開されます*
`叡智の業火 X 2
4月交換券(2023) X 1
`*Fate/Grand Order 春の新米マスター応援キャンペーン2023！
日替りログインボーナス*
*開催期間中、1日1回 6日間日替りでログインボーナスをプレゼント！*
`呼符 X 1
`_2023-04-02 03:31:40_
--------
*b6bbcdbd5addb82b8007d1a35f461999*
`登陆天数: 82天 / 947天
等级: 125
石头: 0
呼符: 0
体力: 100775.07333333333 / 137
友情点: 0 / 948625`
*連続ログイン5日目
※ログインが途切れるか、7日到達すると
1日目から再開されます*
`叡智の業火 X 2
4月交換券(2023) X 1
`*Fate/Grand Order 春の新米マスター応援キャンペーン2023！
日替りログインボーナス*
*開催期間中、1日1回 6日間日替りでログインボーナスをプレゼント！*
`呼符 X 1
`_2023-04-02 03:31:50_
--------
