【登录信息】
*318194637fc953496e5082ebcbeae7a2*
`登陆天数: 84天 / 1549天
等级: 141
石头: 15
呼符: 3
体力: 6807.36 / 140
友情点: 510 / 2433820`
*連続ログイン7日間到達おめでとうございます！
明日は1日目からリスタートされます。*
`獣の足跡 X 1
呼符 X 1
4月交換券(2023) X 1
`*日替りログインボーナス*
*開催期間中、1日1回 4週間日替りでログインボーナスをプレゼント！*
`巡霊の葉 X 30
`_2023-04-04 03:31:52_
--------
*9d78e90bb76b42970abd7495d7329768*
`登陆天数: 84天 / 829天
等级: 128
石头: 640
呼符: 68
体力: 15014.763333333334 / 137
友情点: 0 / 841060`
*連続ログイン7日間到達おめでとうございます！
明日は1日目からリスタートされます。*
`獣の足跡 X 1
呼符 X 1
4月交換券(2023) X 1
`*日替りログインボーナス*
*開催期間中、1日1回 4週間日替りでログインボーナスをプレゼント！*
`巡霊の葉 X 30
`_2023-04-04 03:32:00_
--------
*b6bbcdbd5addb82b8007d1a35f461999*
`登陆天数: 84天 / 949天
等级: 125
石头: 0
呼符: 0
体力: 101351.14333333333 / 137
友情点: 0 / 948625`
*連続ログイン7日間到達おめでとうございます！
明日は1日目からリスタートされます。*
`獣の足跡 X 1
呼符 X 1
4月交換券(2023) X 1
`*日替りログインボーナス*
*開催期間中、1日1回 4週間日替りでログインボーナスをプレゼント！*
`巡霊の葉 X 30
`_2023-04-04 03:32:10_
--------
