【登录信息】
*318194637fc953496e5082ebcbeae7a2*
`登陆天数: 85天 / 1550天
等级: 141
石头: 15
呼符: 3
体力: 7095.29 / 140
友情点: 0 / 2433820`
*連続ログイン1日目
※ログインが途切れるか、7日到達すると
1日目から再開されます*
`フレンドポイント X 2000
4月交換券(2023) X 1
`*日替りログインボーナス*
*開催期間中、1日1回 4週間日替りでログインボーナスをプレゼント！*
`巡霊の葉 X 100
`_2023-04-05 03:31:32_
--------
*9d78e90bb76b42970abd7495d7329768*
`登陆天数: 85天 / 830天
等级: 128
石头: 640
呼符: 68
体力: 15302.696666666667 / 137
友情点: 0 / 841060`
*連続ログイン1日目
※ログインが途切れるか、7日到達すると
1日目から再開されます*
`フレンドポイント X 2000
4月交換券(2023) X 1
`*日替りログインボーナス*
*開催期間中、1日1回 4週間日替りでログインボーナスをプレゼント！*
`巡霊の葉 X 100
`_2023-04-05 03:31:39_
--------
*b6bbcdbd5addb82b8007d1a35f461999*
`登陆天数: 85天 / 950天
等级: 125
石头: 0
呼符: 0
体力: 101639.07333333333 / 137
友情点: 0 / 948625`
*連続ログイン1日目
※ログインが途切れるか、7日到達すると
1日目から再開されます*
`フレンドポイント X 2000
4月交換券(2023) X 1
`*日替りログインボーナス*
*開催期間中、1日1回 4週間日替りでログインボーナスをプレゼント！*
`巡霊の葉 X 100
`_2023-04-05 03:31:50_
--------
