【登录信息】
*318194637fc953496e5082ebcbeae7a2*
`登陆天数: 86天 / 1551天
等级: 141
石头: 15
呼符: 3
体力: 7383.3533333333335 / 140
友情点: 340 / 2434160`
*連続ログイン2日目
※ログインが途切れるか、7日到達すると
1日目から再開されます*
`聖晶石 X 1
4月交換券(2023) X 1
`*日替りログインボーナス*
*開催期間中、1日1回 4週間日替りでログインボーナスをプレゼント！*
`巡霊の葉 X 30
`_2023-04-06 03:31:50_
--------
*9d78e90bb76b42970abd7495d7329768*
`登陆天数: 86天 / 831天
等级: 128
石头: 640
呼符: 68
体力: 15590.756666666666 / 137
友情点: 0 / 841060`
*連続ログイン2日目
※ログインが途切れるか、7日到達すると
1日目から再開されます*
`聖晶石 X 1
4月交換券(2023) X 1
`*日替りログインボーナス*
*開催期間中、1日1回 4週間日替りでログインボーナスをプレゼント！*
`巡霊の葉 X 30
`_2023-04-06 03:31:58_
--------
*b6bbcdbd5addb82b8007d1a35f461999*
`登陆天数: 86天 / 951天
等级: 125
石头: 0
呼符: 0
体力: 101927.13666666667 / 137
友情点: 0 / 948625`
*連続ログイン2日目
※ログインが途切れるか、7日到達すると
1日目から再開されます*
`聖晶石 X 1
4月交換券(2023) X 1
`*日替りログインボーナス*
*開催期間中、1日1回 4週間日替りでログインボーナスをプレゼント！*
`巡霊の葉 X 30
`_2023-04-06 03:32:08_
--------
