【登录信息】
*318194637fc953496e5082ebcbeae7a2*
`登陆天数: 90天 / 1555天
等级: 141
石头: 15
呼符: 3
体力: 8535.293333333333 / 140
友情点: 12410 / 2475560`
*連続ログイン6日目
※ログインが途切れるか、7日到達すると
1日目から再開されます*
`聖晶石 X 2
4月交換券(2023) X 1
`*日替りログインボーナス*
*開催期間中、1日1回 4週間日替りでログインボーナスをプレゼント！*
`巡霊の葉 X 30
`_2023-04-10 03:31:33_
--------
*9d78e90bb76b42970abd7495d7329768*
`登陆天数: 90天 / 835天
等级: 128
石头: 640
呼符: 68
体力: 16742.7 / 137
友情点: 0 / 841060`
*連続ログイン6日目
※ログインが途切れるか、7日到達すると
1日目から再開されます*
`聖晶石 X 2
4月交換券(2023) X 1
`*日替りログインボーナス*
*開催期間中、1日1回 4週間日替りでログインボーナスをプレゼント！*
`巡霊の葉 X 30
`_2023-04-10 03:31:41_
--------
*b6bbcdbd5addb82b8007d1a35f461999*
`登陆天数: 90天 / 955天
等级: 125
石头: 0
呼符: 0
体力: 103079.07666666666 / 137
友情点: 0 / 948685`
*連続ログイン6日目
※ログインが途切れるか、7日到達すると
1日目から再開されます*
`聖晶石 X 2
4月交換券(2023) X 1
`*日替りログインボーナス*
*開催期間中、1日1回 4週間日替りでログインボーナスをプレゼント！*
`巡霊の葉 X 30
`_2023-04-10 03:31:51_
--------
