【登录信息】
*318194637fc953496e5082ebcbeae7a2*
`登陆天数: 91天 / 1556天
等级: 141
石头: 15
呼符: 3
体力: 8823.4 / 140
友情点: 4080 / 2480240`
*連続ログイン7日間到達おめでとうございます！
明日は1日目からリスタートされます。*
`獣の足跡 X 1
呼符 X 1
4月交換券(2023) X 1
`*日替りログインボーナス*
*開催期間中、1日1回 4週間日替りでログインボーナスをプレゼント！*
`巡霊の葉 X 30
`_2023-04-11 03:32:04_
--------
*9d78e90bb76b42970abd7495d7329768*
`登陆天数: 91天 / 836天
等级: 128
石头: 640
呼符: 68
体力: 17030.803333333333 / 137
友情点: 100 / 841160`
*連続ログイン7日間到達おめでとうございます！
明日は1日目からリスタートされます。*
`獣の足跡 X 1
呼符 X 1
4月交換券(2023) X 1
`*日替りログインボーナス*
*開催期間中、1日1回 4週間日替りでログインボーナスをプレゼント！*
`巡霊の葉 X 30
`_2023-04-11 03:32:12_
--------
*b6bbcdbd5addb82b8007d1a35f461999*
`登陆天数: 91天 / 956天
等级: 125
石头: 0
呼符: 0
体力: 103367.18333333333 / 137
友情点: 140 / 948825`
*連続ログイン7日間到達おめでとうございます！
明日は1日目からリスタートされます。*
`獣の足跡 X 1
呼符 X 1
4月交換券(2023) X 1
`*日替りログインボーナス*
*開催期間中、1日1回 4週間日替りでログインボーナスをプレゼント！*
`巡霊の葉 X 30
`_2023-04-11 03:32:22_
--------
