【登录信息】
*318194637fc953496e5082ebcbeae7a2*
`登陆天数: 94天 / 1559天
等级: 141
石头: 15
呼符: 3
体力: 9687.303333333333 / 140
友情点: 14585 / 2504695`
*連続ログイン3日目
※ログインが途切れるか、7日到達すると
1日目から再開されます*
`叡智の業火 X 1
4月交換券(2023) X 1
`*日替りログインボーナス*
*開催期間中、1日1回 4週間日替りでログインボーナスをプレゼント！*
`巡霊の葉 X 30
`_2023-04-14 03:31:36_
--------
*9d78e90bb76b42970abd7495d7329768*
`登陆天数: 94天 / 839天
等级: 128
石头: 640
呼符: 68
体力: 17894.71 / 137
友情点: 300 / 841620`
*連続ログイン3日目
※ログインが途切れるか、7日到達すると
1日目から再開されます*
`叡智の業火 X 1
4月交換券(2023) X 1
`*日替りログインボーナス*
*開催期間中、1日1回 4週間日替りでログインボーナスをプレゼント！*
`巡霊の葉 X 30
`_2023-04-14 03:31:44_
--------
*b6bbcdbd5addb82b8007d1a35f461999*
`登陆天数: 94天 / 959天
等级: 125
石头: 0
呼符: 0
体力: 104231.08666666667 / 137
友情点: 540 / 950465`
*連続ログイン3日目
※ログインが途切れるか、7日到達すると
1日目から再開されます*
`叡智の業火 X 1
4月交換券(2023) X 1
`*日替りログインボーナス*
*開催期間中、1日1回 4週間日替りでログインボーナスをプレゼント！*
`巡霊の葉 X 30
`_2023-04-14 03:31:54_
--------
