【登录信息】
*318194637fc953496e5082ebcbeae7a2*
`登陆天数: 95天 / 1560天
等级: 141
石头: 15
呼符: 3
体力: 9975.313333333334 / 140
友情点: 6800 / 2511495`
*連続ログイン4日目
※ログインが途切れるか、7日到達すると
1日目から再開されます*
`聖晶石 X 1
4月交換券(2023) X 1
`*日替りログインボーナス*
*開催期間中、1日1回 4週間日替りでログインボーナスをプレゼント！*
`巡霊の葉 X 30
`_2023-04-15 03:31:38_
--------
*9d78e90bb76b42970abd7495d7329768*
`登陆天数: 95天 / 840天
等级: 128
石头: 640
呼符: 68
体力: 18182.72 / 137
友情点: 0 / 841620`
*連続ログイン4日目
※ログインが途切れるか、7日到達すると
1日目から再開されます*
`聖晶石 X 1
4月交換券(2023) X 1
`*日替りログインボーナス*
*開催期間中、1日1回 4週間日替りでログインボーナスをプレゼント！*
`巡霊の葉 X 30
`_2023-04-15 03:31:46_
--------
*b6bbcdbd5addb82b8007d1a35f461999*
`登陆天数: 95天 / 960天
等级: 125
石头: 0
呼符: 0
体力: 104519.09666666666 / 137
友情点: 0 / 950465`
*連続ログイン4日目
※ログインが途切れるか、7日到達すると
1日目から再開されます*
`聖晶石 X 1
4月交換券(2023) X 1
`*日替りログインボーナス*
*開催期間中、1日1回 4週間日替りでログインボーナスをプレゼント！*
`巡霊の葉 X 30
`_2023-04-15 03:31:57_
--------
