【登录信息】
*318194637fc953496e5082ebcbeae7a2*
`登陆天数: 96天 / 1561天
等级: 141
石头: 15
呼符: 3
体力: 10263.276666666667 / 140
友情点: 13260 / 2524755`
*連続ログイン5日目
※ログインが途切れるか、7日到達すると
1日目から再開されます*
`叡智の業火 X 2
4月交換券(2023) X 1
`*日替りログインボーナス*
*開催期間中、1日1回 4週間日替りでログインボーナスをプレゼント！*
`聖晶石 X 6
巡霊の葉 X 50
`_2023-04-16 03:31:27_
--------
*9d78e90bb76b42970abd7495d7329768*
`登陆天数: 96天 / 841天
等级: 128
石头: 640
呼符: 68
体力: 18470.68 / 137
友情点: 0 / 841620`
*連続ログイン5日目
※ログインが途切れるか、7日到達すると
1日目から再開されます*
`叡智の業火 X 2
4月交換券(2023) X 1
`*日替りログインボーナス*
*開催期間中、1日1回 4週間日替りでログインボーナスをプレゼント！*
`聖晶石 X 6
巡霊の葉 X 50
`_2023-04-16 03:31:35_
--------
*b6bbcdbd5addb82b8007d1a35f461999*
`登陆天数: 96天 / 961天
等级: 125
石头: 0
呼符: 0
体力: 104807.06 / 137
友情点: 0 / 950465`
*連続ログイン5日目
※ログインが途切れるか、7日到達すると
1日目から再開されます*
`叡智の業火 X 2
4月交換券(2023) X 1
`*日替りログインボーナス*
*開催期間中、1日1回 4週間日替りでログインボーナスをプレゼント！*
`聖晶石 X 6
巡霊の葉 X 50
`_2023-04-16 03:31:45_
--------
