【登录信息】
*318194637fc953496e5082ebcbeae7a2*
`登陆天数: 99天 / 1564天
等级: 141
石头: 15
呼符: 3
体力: 11127.303333333333 / 140
友情点: 20655 / 2566660`
*連続ログイン1日目
※ログインが途切れるか、7日到達すると
1日目から再開されます*
`フレンドポイント X 2000
4月交換券(2023) X 1
`*日替りログインボーナス*
*開催期間中、1日1回 4週間日替りでログインボーナスをプレゼント！*
`巡霊の葉 X 100
`_2023-04-19 03:31:35_
--------
*9d78e90bb76b42970abd7495d7329768*
`登陆天数: 99天 / 844天
等级: 128
石头: 640
呼符: 68
体力: 19334.706666666665 / 137
友情点: 0 / 842140`
*連続ログイン1日目
※ログインが途切れるか、7日到達すると
1日目から再開されます*
`フレンドポイント X 2000
4月交換券(2023) X 1
`*日替りログインボーナス*
*開催期間中、1日1回 4週間日替りでログインボーナスをプレゼント！*
`巡霊の葉 X 100
`_2023-04-19 03:31:43_
--------
*b6bbcdbd5addb82b8007d1a35f461999*
`登陆天数: 99天 / 964天
等级: 125
石头: 0
呼符: 0
体力: 105671.08666666667 / 137
友情点: 0 / 950845`
*連続ログイン1日目
※ログインが途切れるか、7日到達すると
1日目から再開されます*
`フレンドポイント X 2000
4月交換券(2023) X 1
`*日替りログインボーナス*
*開催期間中、1日1回 4週間日替りでログインボーナスをプレゼント！*
`巡霊の葉 X 100
`_2023-04-19 03:31:53_
--------
