【登录信息】
*318194637fc953496e5082ebcbeae7a2*
`登陆天数: 101天 / 1566天
等级: 141
石头: 15
呼符: 3
体力: 11703.31 / 140
友情点: 170 / 2579580`
*連続ログイン3日目
※ログインが途切れるか、7日到達すると
1日目から再開されます*
`叡智の業火 X 1
4月交換券(2023) X 1
`*日替りログインボーナス*
*開催期間中、1日1回 4週間日替りでログインボーナスをプレゼント！*
`巡霊の葉 X 30
`_2023-04-21 03:31:37_
--------
*9d78e90bb76b42970abd7495d7329768*
`登陆天数: 101天 / 846天
等级: 128
石头: 640
呼符: 68
体力: 19910.713333333333 / 137
友情点: 0 / 842140`
*連続ログイン3日目
※ログインが途切れるか、7日到達すると
1日目から再開されます*
`叡智の業火 X 1
4月交換券(2023) X 1
`*日替りログインボーナス*
*開催期間中、1日1回 4週間日替りでログインボーナスをプレゼント！*
`巡霊の葉 X 30
`_2023-04-21 03:31:45_
--------
*b6bbcdbd5addb82b8007d1a35f461999*
`登陆天数: 101天 / 966天
等级: 125
石头: 0
呼符: 0
体力: 106247.09333333334 / 137
友情点: 0 / 950845`
*連続ログイン3日目
※ログインが途切れるか、7日到達すると
1日目から再開されます*
`叡智の業火 X 1
4月交換券(2023) X 1
`*日替りログインボーナス*
*開催期間中、1日1回 4週間日替りでログインボーナスをプレゼント！*
`巡霊の葉 X 30
`_2023-04-21 03:31:56_
--------
