【登录信息】
*318194637fc953496e5082ebcbeae7a2*
`登陆天数: 102天 / 1567天
等级: 141
石头: 15
呼符: 3
体力: 11991.306666666667 / 140
友情点: 12155 / 2591735`
*連続ログイン4日目
※ログインが途切れるか、7日到達すると
1日目から再開されます*
`聖晶石 X 1
4月交換券(2023) X 1
`*日替りログインボーナス*
*開催期間中、1日1回 4週間日替りでログインボーナスをプレゼント！*
`巡霊の葉 X 30
`_2023-04-22 03:31:36_
--------
*9d78e90bb76b42970abd7495d7329768*
`登陆天数: 102天 / 847天
等级: 128
石头: 640
呼符: 68
体力: 20198.713333333333 / 137
友情点: 0 / 842140`
*連続ログイン4日目
※ログインが途切れるか、7日到達すると
1日目から再開されます*
`聖晶石 X 1
4月交換券(2023) X 1
`*日替りログインボーナス*
*開催期間中、1日1回 4週間日替りでログインボーナスをプレゼント！*
`巡霊の葉 X 30
`_2023-04-22 03:31:44_
--------
*b6bbcdbd5addb82b8007d1a35f461999*
`登陆天数: 102天 / 967天
等级: 125
石头: 0
呼符: 0
体力: 106535.09 / 137
友情点: 0 / 950845`
*連続ログイン4日目
※ログインが途切れるか、7日到達すると
1日目から再開されます*
`聖晶石 X 1
4月交換券(2023) X 1
`*日替りログインボーナス*
*開催期間中、1日1回 4週間日替りでログインボーナスをプレゼント！*
`巡霊の葉 X 30
`_2023-04-22 03:31:55_
--------
