【登录信息】
*318194637fc953496e5082ebcbeae7a2*
`登陆天数: 103天 / 1568天
等级: 141
石头: 15
呼符: 3
体力: 12279.263333333334 / 140
友情点: 4270 / 2596205`
*連続ログイン5日目
※ログインが途切れるか、7日到達すると
1日目から再開されます*
`叡智の業火 X 2
4月交換券(2023) X 1
`*日替りログインボーナス*
*開催期間中、1日1回 4週間日替りでログインボーナスをプレゼント！*
`聖晶石 X 9
巡霊の葉 X 50
`_2023-04-23 03:31:23_
--------
*9d78e90bb76b42970abd7495d7329768*
`登陆天数: 103天 / 848天
等级: 128
石头: 640
呼符: 68
体力: 20486.67 / 137
友情点: 0 / 842140`
*連続ログイン5日目
※ログインが途切れるか、7日到達すると
1日目から再開されます*
`叡智の業火 X 2
4月交換券(2023) X 1
`*日替りログインボーナス*
*開催期間中、1日1回 4週間日替りでログインボーナスをプレゼント！*
`聖晶石 X 9
巡霊の葉 X 50
`_2023-04-23 03:31:31_
--------
*b6bbcdbd5addb82b8007d1a35f461999*
`登陆天数: 103天 / 968天
等级: 125
石头: 0
呼符: 0
体力: 106823.04666666666 / 137
友情点: 0 / 950845`
*連続ログイン5日目
※ログインが途切れるか、7日到達すると
1日目から再開されます*
`叡智の業火 X 2
4月交換券(2023) X 1
`*日替りログインボーナス*
*開催期間中、1日1回 4週間日替りでログインボーナスをプレゼント！*
`聖晶石 X 9
巡霊の葉 X 50
`_2023-04-23 03:31:42_
--------
