【登录信息】
*318194637fc953496e5082ebcbeae7a2*
`登陆天数: 104天 / 1569天
等级: 141
石头: 15
呼符: 3
体力: 12567.273333333333 / 140
友情点: 11900 / 2608105`
*連続ログイン6日目
※ログインが途切れるか、7日到達すると
1日目から再開されます*
`聖晶石 X 2
4月交換券(2023) X 1
`*日替りログインボーナス*
*開催期間中、1日1回 4週間日替りでログインボーナスをプレゼント！*
`巡霊の葉 X 30
`_2023-04-24 03:31:26_
--------
*9d78e90bb76b42970abd7495d7329768*
`登陆天数: 104天 / 849天
等级: 128
石头: 640
呼符: 68
体力: 20774.676666666666 / 137
友情点: 90 / 842230`
*連続ログイン6日目
※ログインが途切れるか、7日到達すると
1日目から再開されます*
`聖晶石 X 2
4月交換券(2023) X 1
`*日替りログインボーナス*
*開催期間中、1日1回 4週間日替りでログインボーナスをプレゼント！*
`巡霊の葉 X 30
`_2023-04-24 03:31:34_
--------
*b6bbcdbd5addb82b8007d1a35f461999*
`登陆天数: 104天 / 969天
等级: 125
石头: 0
呼符: 0
体力: 107111.05666666667 / 137
友情点: 260 / 951105`
*連続ログイン6日目
※ログインが途切れるか、7日到達すると
1日目から再開されます*
`聖晶石 X 2
4月交換券(2023) X 1
`*日替りログインボーナス*
*開催期間中、1日1回 4週間日替りでログインボーナスをプレゼント！*
`巡霊の葉 X 30
`_2023-04-24 03:31:44_
--------
