【登录信息】
*318194637fc953496e5082ebcbeae7a2*
`登陆天数: 106天 / 1571天
等级: 141
石头: 15
呼符: 3
体力: 13143.333333333334 / 140
友情点: 8550 / 2638815`
*連続ログイン1日目
※ログインが途切れるか、7日到達すると
1日目から再開されます*
`フレンドポイント X 2000
4月交換券(2023) X 1
`*日替りログインボーナス*
*開催期間中、1日1回 4週間日替りでログインボーナスをプレゼント！*
`巡霊の葉 X 100
`_2023-04-26 03:31:44_
--------
*9d78e90bb76b42970abd7495d7329768*
`登陆天数: 106天 / 851天
等级: 128
石头: 640
呼符: 68
体力: 21350.736666666668 / 137
友情点: 0 / 842230`
*連続ログイン1日目
※ログインが途切れるか、7日到達すると
1日目から再開されます*
`フレンドポイント X 2000
4月交換券(2023) X 1
`*日替りログインボーナス*
*開催期間中、1日1回 4週間日替りでログインボーナスをプレゼント！*
`巡霊の葉 X 100
`_2023-04-26 03:31:52_
--------
*b6bbcdbd5addb82b8007d1a35f461999*
`登陆天数: 106天 / 971天
等级: 125
石头: 0
呼符: 0
体力: 107687.11333333333 / 137
友情点: 0 / 951105`
*連続ログイン1日目
※ログインが途切れるか、7日到達すると
1日目から再開されます*
`フレンドポイント X 2000
4月交換券(2023) X 1
`*日替りログインボーナス*
*開催期間中、1日1回 4週間日替りでログインボーナスをプレゼント！*
`巡霊の葉 X 100
`_2023-04-26 03:32:02_
--------
