【登录信息】
*318194637fc953496e5082ebcbeae7a2*
`登陆天数: 109天 / 1574天
等级: 141
石头: 208
呼符: 14
体力: 383.26666666666665 / 140
友情点: 17685 / 2685000`
*連続ログイン4日目
※ログインが途切れるか、7日到達すると
1日目から再開されます*
`聖晶石 X 1
4月交換券(2023) X 1
`*日替りログインボーナス*
*開催期間中、1日1回 4週間日替りでログインボーナスをプレゼント！*
`巡霊の葉 X 30
`_2023-04-29 03:31:32_
--------
*9d78e90bb76b42970abd7495d7329768*
`登陆天数: 109天 / 854天
等级: 128
石头: 640
呼符: 68
体力: 22214.696666666667 / 137
友情点: 0 / 842230`
*連続ログイン4日目
※ログインが途切れるか、7日到達すると
1日目から再開されます*
`聖晶石 X 1
4月交換券(2023) X 1
`*日替りログインボーナス*
*開催期間中、1日1回 4週間日替りでログインボーナスをプレゼント！*
`巡霊の葉 X 30
`_2023-04-29 03:31:40_
--------
*b6bbcdbd5addb82b8007d1a35f461999*
`登陆天数: 109天 / 974天
等级: 125
石头: 0
呼符: 0
体力: 108551.07666666666 / 137
友情点: 0 / 951105`
*連続ログイン4日目
※ログインが途切れるか、7日到達すると
1日目から再開されます*
`聖晶石 X 1
4月交換券(2023) X 1
`*日替りログインボーナス*
*開催期間中、1日1回 4週間日替りでログインボーナスをプレゼント！*
`巡霊の葉 X 30
`_2023-04-29 03:31:50_
--------
