【登录信息】
*318194637fc953496e5082ebcbeae7a2*
`登陆天数: 110天 / 1575天
等级: 141
石头: 208
呼符: 14
体力: 671.3 / 140
友情点: 10 / 2685010`
*連続ログイン5日目
※ログインが途切れるか、7日到達すると
1日目から再開されます*
`叡智の業火 X 2
4月交換券(2023) X 1
`*日替りログインボーナス*
*開催期間中、1日1回 4週間日替りでログインボーナスをプレゼント！*
`聖晶石 X 9
巡霊の葉 X 50
`_2023-04-30 03:31:42_
--------
*9d78e90bb76b42970abd7495d7329768*
`登陆天数: 110天 / 855天
等级: 128
石头: 640
呼符: 68
体力: 22502.73 / 137
友情点: 0 / 842230`
*連続ログイン5日目
※ログインが途切れるか、7日到達すると
1日目から再開されます*
`叡智の業火 X 2
4月交換券(2023) X 1
`*日替りログインボーナス*
*開催期間中、1日1回 4週間日替りでログインボーナスをプレゼント！*
`聖晶石 X 9
巡霊の葉 X 50
`_2023-04-30 03:31:50_
--------
*b6bbcdbd5addb82b8007d1a35f461999*
`登陆天数: 110天 / 975天
等级: 125
石头: 0
呼符: 0
体力: 108839.11 / 137
友情点: 0 / 951105`
*連続ログイン5日目
※ログインが途切れるか、7日到達すると
1日目から再開されます*
`叡智の業火 X 2
4月交換券(2023) X 1
`*日替りログインボーナス*
*開催期間中、1日1回 4週間日替りでログインボーナスをプレゼント！*
`聖晶石 X 9
巡霊の葉 X 50
`_2023-04-30 03:32:00_
--------
