【登录信息】
[318194637fc953496e5082ebcbeae7a2]
`登陆天数: 61天 / 1132天
等级: 141
石头: 86
呼符: 12
友情点: 0 / 117279605`
*連続ログイン5日目
※ログインが途切れるか、7日到達すると
1日目から再開されます*
`叡智の猛火 X 2
2月交換券(2022) X 1
`*株式会社ラセングルからのお知らせ*
*開催期間中、初回ログインで「聖晶石×10」をプレゼント！*
`聖晶石 X 10
`_2022-02-02 03:32:11_
--------
[9d78e90bb76b42970abd7495d7329768]
`登陆天数: 61天 / 412天
等级: 128
石头: 128
呼符: 27
友情点: 25 / 717080`
*連続ログイン5日目
※ログインが途切れるか、7日到達すると
1日目から再開されます*
`叡智の猛火 X 2
2月交換券(2022) X 1
`*株式会社ラセングルからのお知らせ*
*開催期間中、初回ログインで「聖晶石×10」をプレゼント！*
`聖晶石 X 10
`_2022-02-02 03:32:19_
--------
[2c25a694117debb52819318b9f5094b0]
`登陆天数: 27天 / 762天
等级: 134
石头: 0
呼符: 0
友情点: 0 / 2102235`
*連続ログイン6日目
※ログインが途切れるか、7日到達すると
1日目から再開されます*
`聖晶石 X 2
2月交換券(2022) X 1
`*株式会社ラセングルからのお知らせ*
*開催期間中、初回ログインで「聖晶石×10」をプレゼント！*
`聖晶石 X 10
`_2022-02-02 03:32:27_
--------
