【登录信息】
[318194637fc953496e5082ebcbeae7a2]
`登陆天数: 62天 / 1133天
等级: 141
石头: 86
呼符: 12
友情点: 0 / 117279605`
*連続ログイン6日目
※ログインが途切れるか、7日到達すると
1日目から再開されます*
`聖晶石 X 2
2月交換券(2022) X 1
`*バレンタイン2022
開催直前特別ログインボーナス！*
*開催期間中、1日1回 最大7回 ログインボーナスをプレゼント！*
`白銀の果実 X 1
`_2022-02-03 03:31:55_
--------
[9d78e90bb76b42970abd7495d7329768]
`登陆天数: 62天 / 413天
等级: 128
石头: 128
呼符: 27
友情点: 10 / 717090`
*連続ログイン6日目
※ログインが途切れるか、7日到達すると
1日目から再開されます*
`聖晶石 X 2
2月交換券(2022) X 1
`*バレンタイン2022
開催直前特別ログインボーナス！*
*開催期間中、1日1回 最大7回 ログインボーナスをプレゼント！*
`白銀の果実 X 1
`_2022-02-03 03:32:03_
--------
[2c25a694117debb52819318b9f5094b0]
`登陆天数: 28天 / 763天
等级: 134
石头: 0
呼符: 0
友情点: 0 / 2102235`
*連続ログイン7日間到達おめでとうございます！
明日は1日目からリスタートされます。*
`獣の足跡 X 1
呼符 X 1
2月交換券(2022) X 1
`*バレンタイン2022
開催直前特別ログインボーナス！*
*開催期間中、1日1回 最大7回 ログインボーナスをプレゼント！*
`白銀の果実 X 1
`_2022-02-03 03:32:10_
--------
