【登录信息】
[318194637fc953496e5082ebcbeae7a2]
`登陆天数: 63天 / 1134天
等级: 141
石头: 86
呼符: 12
友情点: 0 / 117279605`
*連続ログイン7日間到達おめでとうございます！
明日は1日目からリスタートされます。*
`獣の足跡 X 1
呼符 X 1
2月交換券(2022) X 1
`*「FGO カルデア・サテライトステーション 2021-2022」高知会場代替開催直前ログインボーナス*
*開催期間中、1日1回 最大3回 ログインボーナスをプレゼント！*
`黄金の果実 X 1
`_2022-02-04 03:31:55_
--------
[9d78e90bb76b42970abd7495d7329768]
`登陆天数: 63天 / 414天
等级: 128
石头: 128
呼符: 27
友情点: 35 / 717125`
*連続ログイン7日間到達おめでとうございます！
明日は1日目からリスタートされます。*
`獣の足跡 X 1
呼符 X 1
2月交換券(2022) X 1
`*「FGO カルデア・サテライトステーション 2021-2022」高知会場代替開催直前ログインボーナス*
*開催期間中、1日1回 最大3回 ログインボーナスをプレゼント！*
`黄金の果実 X 1
`_2022-02-04 03:32:03_
--------
[2c25a694117debb52819318b9f5094b0]
`登陆天数: 29天 / 764天
等级: 134
石头: 0
呼符: 0
友情点: 0 / 2102235`
*連続ログイン1日目
※ログインが途切れるか、7日到達すると
1日目から再開されます*
`フレンドポイント X 2000
2月交換券(2022) X 1
`*「FGO カルデア・サテライトステーション 2021-2022」高知会場代替開催直前ログインボーナス*
*開催期間中、1日1回 最大3回 ログインボーナスをプレゼント！*
`黄金の果実 X 1
`_2022-02-04 03:32:11_
--------
