【登录信息】
[318194637fc953496e5082ebcbeae7a2]
`登陆天数: 67天 / 1138天
等级: 141
石头: 86
呼符: 12
友情点: 340 / 117281815`
*連続ログイン4日目
※ログインが途切れるか、7日到達すると
1日目から再開されます*
`聖晶石 X 1
2月交換券(2022) X 1
`*バレンタイン2022
開催直前特別ログインボーナス！*
*開催期間中、1日1回 最大7回 ログインボーナスをプレゼント！*
`聖晶石 X 1
`_2022-02-08 03:31:30_
--------
[9d78e90bb76b42970abd7495d7329768]
`登陆天数: 67天 / 418天
等级: 128
石头: 128
呼符: 27
友情点: 0 / 717160`
*連続ログイン4日目
※ログインが途切れるか、7日到達すると
1日目から再開されます*
`聖晶石 X 1
2月交換券(2022) X 1
`*バレンタイン2022
開催直前特別ログインボーナス！*
*開催期間中、1日1回 最大7回 ログインボーナスをプレゼント！*
`聖晶石 X 1
`_2022-02-08 03:31:38_
--------
[2c25a694117debb52819318b9f5094b0]
`登陆天数: 33天 / 768天
等级: 134
石头: 1
呼符: 0
友情点: 0 / 2102235`
*連続ログイン5日目
※ログインが途切れるか、7日到達すると
1日目から再開されます*
`叡智の猛火 X 2
2月交換券(2022) X 1
`*バレンタイン2022
開催直前特別ログインボーナス！*
*開催期間中、1日1回 最大7回 ログインボーナスをプレゼント！*
`聖晶石 X 1
`_2022-02-08 03:31:46_
--------
