【登录信息】
[318194637fc953496e5082ebcbeae7a2]
`登陆天数: 70天 / 1141天
等级: 141
石头: 86
呼符: 12
友情点: 255 / 117283005`
*連続ログイン7日間到達おめでとうございます！
明日は1日目からリスタートされます。*
`獣の足跡 X 1
呼符 X 1
2月交換券(2022) X 1
`_2022-02-11 03:31:40_
--------
[9d78e90bb76b42970abd7495d7329768]
`登陆天数: 70天 / 421天
等级: 128
石头: 128
呼符: 27
友情点: 0 / 717160`
*連続ログイン7日間到達おめでとうございます！
明日は1日目からリスタートされます。*
`獣の足跡 X 1
呼符 X 1
2月交換券(2022) X 1
`_2022-02-11 03:31:48_
--------
[2c25a694117debb52819318b9f5094b0]
`登陆天数: 36天 / 771天
等级: 134
石头: 1
呼符: 0
友情点: 25 / 2102285`
*連続ログイン1日目
※ログインが途切れるか、7日到達すると
1日目から再開されます*
`フレンドポイント X 2000
2月交換券(2022) X 1
`_2022-02-11 03:31:55_
--------
