【登录信息】
[318194637fc953496e5082ebcbeae7a2]
`登陆天数: 74天 / 1145天
等级: 141
石头: 86
呼符: 12
友情点: 765 / 117285215`
*連続ログイン4日目
※ログインが途切れるか、7日到達すると
1日目から再開されます*
`聖晶石 X 1
2月交換券(2022) X 1
`_2022-02-15 03:31:45_
--------
[9d78e90bb76b42970abd7495d7329768]
`登陆天数: 74天 / 425天
等级: 128
石头: 128
呼符: 27
友情点: 0 / 717170`
*連続ログイン4日目
※ログインが途切れるか、7日到達すると
1日目から再開されます*
`聖晶石 X 1
2月交換券(2022) X 1
`_2022-02-15 03:31:53_
--------
[2c25a694117debb52819318b9f5094b0]
`登陆天数: 40天 / 775天
等级: 134
石头: 1
呼符: 0
友情点: 0 / 2102485`
*連続ログイン5日目
※ログインが途切れるか、7日到達すると
1日目から再開されます*
`叡智の猛火 X 2
2月交換券(2022) X 1
`_2022-02-15 03:32:01_
--------
