【登录信息】
[318194637fc953496e5082ebcbeae7a2]
`登陆天数: 76天 / 1147天
等级: 141
石头: 86
呼符: 12
友情点: 935 / 117287470`
*連続ログイン6日目
※ログインが途切れるか、7日到達すると
1日目から再開されます*
`聖晶石 X 2
2月交換券(2022) X 1
`_2022-02-17 03:32:13_
--------
[9d78e90bb76b42970abd7495d7329768]
`登陆天数: 76天 / 427天
等级: 128
石头: 128
呼符: 27
友情点: 125 / 717295`
*連続ログイン6日目
※ログインが途切れるか、7日到達すると
1日目から再開されます*
`聖晶石 X 2
2月交換券(2022) X 1
`_2022-02-17 03:32:21_
--------
[2c25a694117debb52819318b9f5094b0]
`登陆天数: 42天 / 777天
等级: 134
石头: 1
呼符: 0
友情点: 0 / 2102485`
*連続ログイン7日間到達おめでとうございます！
明日は1日目からリスタートされます。*
`獣の足跡 X 1
呼符 X 1
2月交換券(2022) X 1
`_2022-02-17 03:32:29_
--------
