【登录信息】
[318194637fc953496e5082ebcbeae7a2]
`登陆天数: 79天 / 1150天
等级: 141
石头: 86
呼符: 12
友情点: 510 / 117289000`
*連続ログイン2日目
※ログインが途切れるか、7日到達すると
1日目から再開されます*
`聖晶石 X 1
2月交換券(2022) X 1
`_2022-02-20 03:31:47_
--------
[9d78e90bb76b42970abd7495d7329768]
`登陆天数: 79天 / 430天
等级: 128
石头: 128
呼符: 27
友情点: 0 / 717295`
*連続ログイン2日目
※ログインが途切れるか、7日到達すると
1日目から再開されます*
`聖晶石 X 1
2月交換券(2022) X 1
`_2022-02-20 03:31:55_
--------
[2c25a694117debb52819318b9f5094b0]
`登陆天数: 45天 / 780天
等级: 134
石头: 1
呼符: 0
友情点: 0 / 2102485`
*連続ログイン3日目
※ログインが途切れるか、7日到達すると
1日目から再開されます*
`叡智の猛火 X 1
2月交換券(2022) X 1
`_2022-02-20 03:32:03_
--------
