【登录信息】
[318194637fc953496e5082ebcbeae7a2]
`登陆天数: 82天 / 1153天
等级: 141
石头: 86
呼符: 12
友情点: 340 / 117291925`
*連続ログイン5日目
※ログインが途切れるか、7日到達すると
1日目から再開されます*
`叡智の猛火 X 2
2月交換券(2022) X 1
`_2022-02-23 03:31:49_
--------
[9d78e90bb76b42970abd7495d7329768]
`登陆天数: 82天 / 433天
等级: 128
石头: 128
呼符: 27
友情点: 0 / 717320`
*連続ログイン5日目
※ログインが途切れるか、7日到達すると
1日目から再開されます*
`叡智の猛火 X 2
2月交換券(2022) X 1
`_2022-02-23 03:31:57_
--------
[2c25a694117debb52819318b9f5094b0]
`登陆天数: 48天 / 783天
等级: 134
石头: 1
呼符: 0
友情点: 0 / 2102885`
*連続ログイン6日目
※ログインが途切れるか、7日到達すると
1日目から再開されます*
`聖晶石 X 2
2月交換券(2022) X 1
`_2022-02-23 03:32:05_
--------
