【登录信息】
[318194637fc953496e5082ebcbeae7a2]
`登陆天数: 83天 / 1154天
等级: 141
石头: 86
呼符: 12
友情点: 510 / 117292435`
*連続ログイン6日目
※ログインが途切れるか、7日到達すると
1日目から再開されます*
`聖晶石 X 2
2月交換券(2022) X 1
`*ホワイトデー2022開催直前特別ログインボーナス*
*開催期間中、1日1回 最大7回 ログインボーナスをプレゼント！*
`赤銅の果実 X 1
`_2022-02-24 03:31:56_
--------
[9d78e90bb76b42970abd7495d7329768]
`登陆天数: 83天 / 434天
等级: 128
石头: 128
呼符: 27
友情点: 0 / 717320`
*連続ログイン6日目
※ログインが途切れるか、7日到達すると
1日目から再開されます*
`聖晶石 X 2
2月交換券(2022) X 1
`*ホワイトデー2022開催直前特別ログインボーナス*
*開催期間中、1日1回 最大7回 ログインボーナスをプレゼント！*
`赤銅の果実 X 1
`_2022-02-24 03:32:04_
--------
[2c25a694117debb52819318b9f5094b0]
`登陆天数: 49天 / 784天
等级: 134
石头: 14
呼符: 0
友情点: 0 / 2102885`
*連続ログイン7日間到達おめでとうございます！
明日は1日目からリスタートされます。*
`獣の足跡 X 1
呼符 X 1
2月交換券(2022) X 1
`*ホワイトデー2022開催直前特別ログインボーナス*
*開催期間中、1日1回 最大7回 ログインボーナスをプレゼント！*
`赤銅の果実 X 1
`_2022-02-24 03:32:12_
--------
