【登录信息】
[318194637fc953496e5082ebcbeae7a2]
`登陆天数: 84天 / 1155天
等级: 141
石头: 86
呼符: 12
友情点: 1455 / 117293890`
*連続ログイン7日間到達おめでとうございます！
明日は1日目からリスタートされます。*
`獣の足跡 X 1
呼符 X 1
2月交換券(2022) X 1
`*「FGO カルデア・サテライトステーション 2021-2022」北海道会場代替開催直前ログインボーナス*
*開催期間中、1日1回 最大3回 ログインボーナスをプレゼント！*
`黄金の果実 X 1
`_2022-02-25 03:31:45_
--------
[9d78e90bb76b42970abd7495d7329768]
`登陆天数: 84天 / 435天
等级: 128
石头: 128
呼符: 27
友情点: 35 / 717355`
*連続ログイン7日間到達おめでとうございます！
明日は1日目からリスタートされます。*
`獣の足跡 X 1
呼符 X 1
2月交換券(2022) X 1
`*「FGO カルデア・サテライトステーション 2021-2022」北海道会場代替開催直前ログインボーナス*
*開催期間中、1日1回 最大3回 ログインボーナスをプレゼント！*
`黄金の果実 X 1
`_2022-02-25 03:31:53_
--------
[2c25a694117debb52819318b9f5094b0]
`登陆天数: 50天 / 785天
等级: 134
石头: 0
呼符: 0
友情点: 0 / 2104885`
*連続ログイン1日目
※ログインが途切れるか、7日到達すると
1日目から再開されます*
`フレンドポイント X 2000
2月交換券(2022) X 1
`*「FGO カルデア・サテライトステーション 2021-2022」北海道会場代替開催直前ログインボーナス*
*開催期間中、1日1回 最大3回 ログインボーナスをプレゼント！*
`黄金の果実 X 1
`_2022-02-25 03:32:00_
--------
