【登录信息】
*318194637fc953496e5082ebcbeae7a2*
`登陆天数: 58天 / 1758天
等级: 141
石头: 5
呼符: 0
体力: 44440.346666666665 / 140
友情点: 1955 / 3639580`
*連続ログイン2日目
※ログインが途切れるか、7日到達すると
1日目から再開されます*
`聖晶石 X 1
11月交換券(2023) X 1
`*聖杯戦線 ～白天の城、黒夜の城～開幕記念 ログインボーナス*
*開催期間中、1日1回 最大21回ログインボーナスをプレゼント！*
`白銀の果実 X 1
`_2023-11-01 03:31:47_
--------
*9d78e90bb76b42970abd7495d7329768*
`登陆天数: 58天 / 1038天
等级: 128
石头: 640
呼符: 68
体力: 75782.75 / 137
友情点: 80 / 856150`
*連続ログイン2日目
※ログインが途切れるか、7日到達すると
1日目から再開されます*
`聖晶石 X 1
11月交換券(2023) X 1
`*聖杯戦線 ～白天の城、黒夜の城～開幕記念 ログインボーナス*
*開催期間中、1日1回 最大21回ログインボーナスをプレゼント！*
`白銀の果実 X 1
`_2023-11-01 03:31:56_
--------
*b6bbcdbd5addb82b8007d1a35f461999*
`登陆天数: 58天 / 1158天
等级: 125
石头: 0
呼符: 0
体力: 162119.13333333333 / 137
友情点: 160 / 973300`
*連続ログイン2日目
※ログインが途切れるか、7日到達すると
1日目から再開されます*
`聖晶石 X 1
11月交換券(2023) X 1
`*聖杯戦線 ～白天の城、黒夜の城～開幕記念 ログインボーナス*
*開催期間中、1日1回 最大21回ログインボーナスをプレゼント！*
`白銀の果実 X 1
`_2023-11-01 03:32:07_
--------
