【登录信息】
*318194637fc953496e5082ebcbeae7a2*
`登陆天数: 62天 / 1762天
等级: 141
石头: 5
呼符: 0
体力: 45592.31 / 140
友情点: 3315 / 3650290`
*連続ログイン6日目
※ログインが途切れるか、7日到達すると
1日目から再開されます*
`聖晶石 X 2
11月交換券(2023) X 1
`*聖杯戦線 ～白天の城、黒夜の城～開幕記念 ログインボーナス*
*開催期間中、1日1回 最大21回ログインボーナスをプレゼント！*
`白銀の果実 X 1
`_2023-11-05 03:31:35_
--------
*9d78e90bb76b42970abd7495d7329768*
`登陆天数: 62天 / 1042天
等级: 128
石头: 640
呼符: 68
体力: 76934.71333333333 / 137
友情点: 210 / 856890`
*連続ログイン6日目
※ログインが途切れるか、7日到達すると
1日目から再開されます*
`聖晶石 X 2
11月交換券(2023) X 1
`*聖杯戦線 ～白天の城、黒夜の城～開幕記念 ログインボーナス*
*開催期間中、1日1回 最大21回ログインボーナスをプレゼント！*
`白銀の果実 X 1
`_2023-11-05 03:31:44_
--------
*b6bbcdbd5addb82b8007d1a35f461999*
`登陆天数: 62天 / 1162天
等级: 125
石头: 0
呼符: 0
体力: 163271.09333333332 / 137
友情点: 120 / 974280`
*連続ログイン6日目
※ログインが途切れるか、7日到達すると
1日目から再開されます*
`聖晶石 X 2
11月交換券(2023) X 1
`*聖杯戦線 ～白天の城、黒夜の城～開幕記念 ログインボーナス*
*開催期間中、1日1回 最大21回ログインボーナスをプレゼント！*
`白銀の果実 X 1
`_2023-11-05 03:31:56_
--------
