【登录信息】
*318194637fc953496e5082ebcbeae7a2*
`登陆天数: 63天 / 1763天
等级: 141
石头: 5
呼符: 0
体力: 45880.29 / 140
友情点: 3655 / 3653945`
*連続ログイン7日間到達おめでとうございます！
明日は1日目からリスタートされます。*
`獣の足跡 X 1
呼符 X 1
11月交換券(2023) X 1
`*聖杯戦線 ～白天の城、黒夜の城～開幕記念 ログインボーナス*
*開催期間中、1日1回 最大21回ログインボーナスをプレゼント！*
`白銀の果実 X 1
`_2023-11-06 03:31:29_
--------
*9d78e90bb76b42970abd7495d7329768*
`登陆天数: 63天 / 1043天
等级: 128
石头: 640
呼符: 68
体力: 77222.69333333333 / 137
友情点: 290 / 857180`
*連続ログイン7日間到達おめでとうございます！
明日は1日目からリスタートされます。*
`獣の足跡 X 1
呼符 X 1
11月交換券(2023) X 1
`*聖杯戦線 ～白天の城、黒夜の城～開幕記念 ログインボーナス*
*開催期間中、1日1回 最大21回ログインボーナスをプレゼント！*
`白銀の果実 X 1
`_2023-11-06 03:31:39_
--------
*b6bbcdbd5addb82b8007d1a35f461999*
`登陆天数: 63天 / 1163天
等级: 125
石头: 0
呼符: 0
体力: 163559.07666666666 / 137
友情点: 150 / 974430`
*連続ログイン7日間到達おめでとうございます！
明日は1日目からリスタートされます。*
`獣の足跡 X 1
呼符 X 1
11月交換券(2023) X 1
`*聖杯戦線 ～白天の城、黒夜の城～開幕記念 ログインボーナス*
*開催期間中、1日1回 最大21回ログインボーナスをプレゼント！*
`白銀の果実 X 1
`_2023-11-06 03:31:50_
--------
