【登录信息】
*318194637fc953496e5082ebcbeae7a2*
`登陆天数: 64天 / 1764天
等级: 141
石头: 5
呼符: 0
体力: 46168.31333333333 / 140
友情点: 2465 / 3656420`
*連続ログイン1日目
※ログインが途切れるか、7日到達すると
1日目から再開されます*
`フレンドポイント X 2000
11月交換券(2023) X 1
`*聖杯戦線 ～白天の城、黒夜の城～開幕記念 ログインボーナス*
*開催期間中、1日1回 最大21回ログインボーナスをプレゼント！*
`白銀の果実 X 1
`_2023-11-07 03:31:36_
--------
*9d78e90bb76b42970abd7495d7329768*
`登陆天数: 64天 / 1044天
等级: 128
石头: 640
呼符: 68
体力: 77510.71666666666 / 137
友情点: 130 / 857310`
*連続ログイン1日目
※ログインが途切れるか、7日到達すると
1日目から再開されます*
`フレンドポイント X 2000
11月交換券(2023) X 1
`*聖杯戦線 ～白天の城、黒夜の城～開幕記念 ログインボーナス*
*開催期間中、1日1回 最大21回ログインボーナスをプレゼント！*
`白銀の果実 X 1
`_2023-11-07 03:31:45_
--------
*b6bbcdbd5addb82b8007d1a35f461999*
`登陆天数: 64天 / 1164天
等级: 125
石头: 0
呼符: 0
体力: 163847.1 / 137
友情点: 90 / 974540`
*連続ログイン1日目
※ログインが途切れるか、7日到達すると
1日目から再開されます*
`フレンドポイント X 2000
11月交換券(2023) X 1
`*聖杯戦線 ～白天の城、黒夜の城～開幕記念 ログインボーナス*
*開催期間中、1日1回 最大21回ログインボーナスをプレゼント！*
`白銀の果実 X 1
`_2023-11-07 03:31:57_
--------
