【登录信息】
*318194637fc953496e5082ebcbeae7a2*
`登陆天数: 65天 / 1765天
等级: 141
石头: 5
呼符: 0
体力: 46456.263333333336 / 140
友情点: 2240 / 3658660`
*連続ログイン2日目
※ログインが途切れるか、7日到達すると
1日目から再開されます*
`聖晶石 X 1
11月交換券(2023) X 1
`*聖杯戦線 ～白天の城、黒夜の城～開幕記念 ログインボーナス*
*開催期間中、1日1回 最大21回ログインボーナスをプレゼント！*
`白銀の果実 X 1
`_2023-11-08 03:31:21_
--------
*9d78e90bb76b42970abd7495d7329768*
`登陆天数: 65天 / 1045天
等级: 128
石头: 640
呼符: 68
体力: 77798.66666666667 / 137
友情点: 130 / 857440`
*連続ログイン2日目
※ログインが途切れるか、7日到達すると
1日目から再開されます*
`聖晶石 X 1
11月交換券(2023) X 1
`*聖杯戦線 ～白天の城、黒夜の城～開幕記念 ログインボーナス*
*開催期間中、1日1回 最大21回ログインボーナスをプレゼント！*
`白銀の果実 X 1
`_2023-11-08 03:31:30_
--------
*b6bbcdbd5addb82b8007d1a35f461999*
`登陆天数: 65天 / 1165天
等级: 125
石头: 0
呼符: 0
体力: 164135.04666666666 / 137
友情点: 170 / 975350`
*連続ログイン2日目
※ログインが途切れるか、7日到達すると
1日目から再開されます*
`聖晶石 X 1
11月交換券(2023) X 1
`*聖杯戦線 ～白天の城、黒夜の城～開幕記念 ログインボーナス*
*開催期間中、1日1回 最大21回ログインボーナスをプレゼント！*
`白銀の果実 X 1
`_2023-11-08 03:31:41_
--------
