【登录信息】
*318194637fc953496e5082ebcbeae7a2*
`登陆天数: 66天 / 1766天
等级: 141
石头: 5
呼符: 0
体力: 46744.3 / 140
友情点: 4330 / 3662990`
*連続ログイン3日目
※ログインが途切れるか、7日到達すると
1日目から再開されます*
`叡智の業火 X 1
11月交換券(2023) X 1
`*聖杯戦線 ～白天の城、黒夜の城～開幕記念 ログインボーナス*
*開催期間中、1日1回 最大21回ログインボーナスをプレゼント！*
`黄金の果実 X 1
`_2023-11-09 03:31:32_
--------
*9d78e90bb76b42970abd7495d7329768*
`登陆天数: 66天 / 1046天
等级: 128
石头: 640
呼符: 68
体力: 78086.70333333334 / 137
友情点: 320 / 857960`
*連続ログイン3日目
※ログインが途切れるか、7日到達すると
1日目から再開されます*
`叡智の業火 X 1
11月交換券(2023) X 1
`*聖杯戦線 ～白天の城、黒夜の城～開幕記念 ログインボーナス*
*開催期間中、1日1回 最大21回ログインボーナスをプレゼント！*
`黄金の果実 X 1
`_2023-11-09 03:31:42_
--------
*b6bbcdbd5addb82b8007d1a35f461999*
`登陆天数: 66天 / 1166天
等级: 125
石头: 0
呼符: 0
体力: 164423.08666666667 / 137
友情点: 570 / 975920`
*連続ログイン3日目
※ログインが途切れるか、7日到達すると
1日目から再開されます*
`叡智の業火 X 1
11月交換券(2023) X 1
`*聖杯戦線 ～白天の城、黒夜の城～開幕記念 ログインボーナス*
*開催期間中、1日1回 最大21回ログインボーナスをプレゼント！*
`黄金の果実 X 1
`_2023-11-09 03:31:53_
--------
