【登录信息】
*318194637fc953496e5082ebcbeae7a2*
`登陆天数: 68天 / 1768天
等级: 141
石头: 5
呼符: 0
体力: 47320.29 / 140
友情点: 2910 / 3674880`
*連続ログイン5日目
※ログインが途切れるか、7日到達すると
1日目から再開されます*
`叡智の業火 X 2
11月交換券(2023) X 1
`*聖杯戦線 ～白天の城、黒夜の城～開幕記念 ログインボーナス*
*開催期間中、1日1回 最大21回ログインボーナスをプレゼント！*
`白銀の果実 X 1
`_2023-11-11 03:31:29_
--------
*9d78e90bb76b42970abd7495d7329768*
`登陆天数: 68天 / 1048天
等级: 128
石头: 640
呼符: 68
体力: 78662.69333333333 / 137
友情点: 240 / 858610`
*連続ログイン5日目
※ログインが途切れるか、7日到達すると
1日目から再開されます*
`叡智の業火 X 2
11月交換券(2023) X 1
`*聖杯戦線 ～白天の城、黒夜の城～開幕記念 ログインボーナス*
*開催期間中、1日1回 最大21回ログインボーナスをプレゼント！*
`白銀の果実 X 1
`_2023-11-11 03:31:38_
--------
*b6bbcdbd5addb82b8007d1a35f461999*
`登陆天数: 68天 / 1168天
等级: 125
石头: 0
呼符: 0
体力: 164999.07666666666 / 137
友情点: 420 / 976730`
*連続ログイン5日目
※ログインが途切れるか、7日到達すると
1日目から再開されます*
`叡智の業火 X 2
11月交換券(2023) X 1
`*聖杯戦線 ～白天の城、黒夜の城～開幕記念 ログインボーナス*
*開催期間中、1日1回 最大21回ログインボーナスをプレゼント！*
`白銀の果実 X 1
`_2023-11-11 03:31:50_
--------
