【登录信息】
*318194637fc953496e5082ebcbeae7a2*
`登陆天数: 69天 / 1769天
等级: 141
石头: 5
呼符: 0
体力: 47608.28333333333 / 140
友情点: 3570 / 3678460`
*連続ログイン6日目
※ログインが途切れるか、7日到達すると
1日目から再開されます*
`聖晶石 X 2
11月交換券(2023) X 1
`*聖杯戦線 ～白天の城、黒夜の城～開幕記念 ログインボーナス*
*開催期間中、1日1回 最大21回ログインボーナスをプレゼント！*
`白銀の果実 X 1
`_2023-11-12 03:31:27_
--------
*9d78e90bb76b42970abd7495d7329768*
`登陆天数: 69天 / 1049天
等级: 128
石头: 640
呼符: 68
体力: 78950.68666666666 / 137
友情点: 260 / 858870`
*連続ログイン6日目
※ログインが途切れるか、7日到達すると
1日目から再開されます*
`聖晶石 X 2
11月交換券(2023) X 1
`*聖杯戦線 ～白天の城、黒夜の城～開幕記念 ログインボーナス*
*開催期間中、1日1回 最大21回ログインボーナスをプレゼント！*
`白銀の果実 X 1
`_2023-11-12 03:31:36_
--------
*b6bbcdbd5addb82b8007d1a35f461999*
`登陆天数: 69天 / 1169天
等级: 125
石头: 0
呼符: 0
体力: 165287.07 / 137
友情点: 390 / 977120`
*連続ログイン6日目
※ログインが途切れるか、7日到達すると
1日目から再開されます*
`聖晶石 X 2
11月交換券(2023) X 1
`*聖杯戦線 ～白天の城、黒夜の城～開幕記念 ログインボーナス*
*開催期間中、1日1回 最大21回ログインボーナスをプレゼント！*
`白銀の果実 X 1
`_2023-11-12 03:31:48_
--------
