【登录信息】
*318194637fc953496e5082ebcbeae7a2*
`登陆天数: 70天 / 1770天
等级: 141
石头: 5
呼符: 0
体力: 47896.346666666665 / 140
友情点: 5690 / 3684160`
*連続ログイン7日間到達おめでとうございます！
明日は1日目からリスタートされます。*
`獣の足跡 X 1
呼符 X 1
11月交換券(2023) X 1
`*聖杯戦線 ～白天の城、黒夜の城～開幕記念 ログインボーナス*
*開催期間中、1日1回 最大21回ログインボーナスをプレゼント！*
`白銀の果実 X 1
`_2023-11-13 03:31:45_
--------
*9d78e90bb76b42970abd7495d7329768*
`登陆天数: 70天 / 1050天
等级: 128
石头: 640
呼符: 68
体力: 79238.75 / 137
友情点: 300 / 859170`
*連続ログイン7日間到達おめでとうございます！
明日は1日目からリスタートされます。*
`獣の足跡 X 1
呼符 X 1
11月交換券(2023) X 1
`*聖杯戦線 ～白天の城、黒夜の城～開幕記念 ログインボーナス*
*開催期間中、1日1回 最大21回ログインボーナスをプレゼント！*
`白銀の果実 X 1
`_2023-11-13 03:31:56_
--------
*b6bbcdbd5addb82b8007d1a35f461999*
`登陆天数: 70天 / 1170天
等级: 125
石头: 0
呼符: 0
体力: 165575.13333333333 / 137
友情点: 200 / 977320`
*連続ログイン7日間到達おめでとうございます！
明日は1日目からリスタートされます。*
`獣の足跡 X 1
呼符 X 1
11月交換券(2023) X 1
`*聖杯戦線 ～白天の城、黒夜の城～開幕記念 ログインボーナス*
*開催期間中、1日1回 最大21回ログインボーナスをプレゼント！*
`白銀の果実 X 1
`_2023-11-13 03:32:07_
--------
