【登录信息】
*318194637fc953496e5082ebcbeae7a2*
`登陆天数: 71天 / 1771天
等级: 141
石头: 5
呼符: 0
体力: 48184.34333333333 / 140
友情点: 3100 / 3690070`
*連続ログイン1日目
※ログインが途切れるか、7日到達すると
1日目から再開されます*
`フレンドポイント X 2000
11月交換券(2023) X 1
`*聖杯戦線 ～白天の城、黒夜の城～開幕記念 ログインボーナス*
*開催期間中、1日1回 最大21回ログインボーナスをプレゼント！*
`白銀の果実 X 1
`_2023-11-14 03:31:45_
--------
*9d78e90bb76b42970abd7495d7329768*
`登陆天数: 71天 / 1051天
等级: 128
石头: 640
呼符: 68
体力: 79526.74666666667 / 137
友情点: 210 / 859380`
*連続ログイン1日目
※ログインが途切れるか、7日到達すると
1日目から再開されます*
`フレンドポイント X 2000
11月交換券(2023) X 1
`*聖杯戦線 ～白天の城、黒夜の城～開幕記念 ログインボーナス*
*開催期間中、1日1回 最大21回ログインボーナスをプレゼント！*
`白銀の果実 X 1
`_2023-11-14 03:31:54_
--------
*b6bbcdbd5addb82b8007d1a35f461999*
`登陆天数: 71天 / 1171天
等级: 125
石头: 0
呼符: 0
体力: 165863.12666666668 / 137
友情点: 410 / 977740`
*連続ログイン1日目
※ログインが途切れるか、7日到達すると
1日目から再開されます*
`フレンドポイント X 2000
11月交換券(2023) X 1
`*聖杯戦線 ～白天の城、黒夜の城～開幕記念 ログインボーナス*
*開催期間中、1日1回 最大21回ログインボーナスをプレゼント！*
`白銀の果実 X 1
`_2023-11-14 03:32:05_
--------
