【登录信息】
*318194637fc953496e5082ebcbeae7a2*
`登陆天数: 72天 / 1772天
等级: 141
石头: 5
呼符: 0
体力: 48473.05 / 140
友情点: 4620 / 3694890`
*連続ログイン2日目
※ログインが途切れるか、7日到達すると
1日目から再開されます*
`聖晶石 X 1
11月交換券(2023) X 1
`*聖杯戦線 ～白天の城、黒夜の城～開幕記念 ログインボーナス*
*開催期間中、1日1回 最大21回ログインボーナスをプレゼント！*
`白銀の果実 X 1
`_2023-11-15 03:35:17_
--------
*9d78e90bb76b42970abd7495d7329768*
`登陆天数: 72天 / 1052天
等级: 128
石头: 640
呼符: 68
体力: 79815.45333333334 / 137
友情点: 170 / 859550`
*連続ログイン2日目
※ログインが途切れるか、7日到達すると
1日目から再開されます*
`聖晶石 X 1
11月交換券(2023) X 1
`*聖杯戦線 ～白天の城、黒夜の城～開幕記念 ログインボーナス*
*開催期間中、1日1回 最大21回ログインボーナスをプレゼント！*
`白銀の果実 X 1
`_2023-11-15 03:35:26_
--------
*b6bbcdbd5addb82b8007d1a35f461999*
`登陆天数: 72天 / 1172天
等级: 125
石头: 0
呼符: 0
体力: 166151.83333333334 / 137
友情点: 190 / 977950`
*連続ログイン2日目
※ログインが途切れるか、7日到達すると
1日目から再開されます*
`聖晶石 X 1
11月交換券(2023) X 1
`*聖杯戦線 ～白天の城、黒夜の城～開幕記念 ログインボーナス*
*開催期間中、1日1回 最大21回ログインボーナスをプレゼント！*
`白銀の果実 X 1
`_2023-11-15 03:35:38_
--------
