【登录信息】
*318194637fc953496e5082ebcbeae7a2*
`登陆天数: 73天 / 1773天
等级: 141
石头: 5
呼符: 0
体力: 48760.39333333333 / 140
友情点: 3250 / 3700950`
*連続ログイン3日目
※ログインが途切れるか、7日到達すると
1日目から再開されます*
`叡智の業火 X 1
11月交換券(2023) X 1
`*使用期限付コンティニューアイテムプレゼント！*
*開催期間中、初回ログインでコンティニューアイテム「霊脈石×3」をプレゼント！*
`霊脈石 X 3
`_2023-11-16 03:31:59_
--------
*9d78e90bb76b42970abd7495d7329768*
`登陆天数: 73天 / 1053天
等级: 128
石头: 640
呼符: 68
体力: 80102.8 / 137
友情点: 250 / 859800`
*連続ログイン3日目
※ログインが途切れるか、7日到達すると
1日目から再開されます*
`叡智の業火 X 1
11月交換券(2023) X 1
`*使用期限付コンティニューアイテムプレゼント！*
*開催期間中、初回ログインでコンティニューアイテム「霊脈石×3」をプレゼント！*
`霊脈石 X 3
`_2023-11-16 03:32:10_
--------
*b6bbcdbd5addb82b8007d1a35f461999*
`登陆天数: 73天 / 1173天
等级: 125
石头: 0
呼符: 0
体力: 166439.19 / 137
友情点: 330 / 978280`
*連続ログイン3日目
※ログインが途切れるか、7日到達すると
1日目から再開されます*
`叡智の業火 X 1
11月交換券(2023) X 1
`*使用期限付コンティニューアイテムプレゼント！*
*開催期間中、初回ログインでコンティニューアイテム「霊脈石×3」をプレゼント！*
`霊脈石 X 3
`_2023-11-16 03:32:23_
--------
