【登录信息】
*318194637fc953496e5082ebcbeae7a2*
`登陆天数: 74天 / 1774天
等级: 141
石头: 5
呼符: 0
体力: 49048.31 / 140
友情点: 5285 / 3706235`
*連続ログイン4日目
※ログインが途切れるか、7日到達すると
1日目から再開されます*
`聖晶石 X 1
11月交換券(2023) X 1
`_2023-11-17 03:31:36_
--------
*9d78e90bb76b42970abd7495d7329768*
`登陆天数: 74天 / 1054天
等级: 128
石头: 640
呼符: 68
体力: 80390.71333333333 / 137
友情点: 350 / 860170`
*連続ログイン4日目
※ログインが途切れるか、7日到達すると
1日目から再開されます*
`聖晶石 X 1
11月交換券(2023) X 1
`_2023-11-17 03:31:45_
--------
*b6bbcdbd5addb82b8007d1a35f461999*
`登陆天数: 74天 / 1174天
等级: 125
石头: 0
呼符: 0
体力: 166727.09666666668 / 137
友情点: 440 / 978720`
*連続ログイン4日目
※ログインが途切れるか、7日到達すると
1日目から再開されます*
`聖晶石 X 1
11月交換券(2023) X 1
`_2023-11-17 03:31:56_
--------
