【登录信息】
*318194637fc953496e5082ebcbeae7a2*
`登陆天数: 75天 / 1775天
等级: 141
石头: 5
呼符: 0
体力: 49336.33666666667 / 140
友情点: 3005 / 3709270`
*連続ログイン5日目
※ログインが途切れるか、7日到達すると
1日目から再開されます*
`叡智の業火 X 2
11月交換券(2023) X 1
`*2900万DL突破記念 特別回数ログインボーナス*
*開催期間中、1日1回 最大10回 回数ログインボーナスをプレゼント！*
`白銀の果実 X 10
`_2023-11-18 03:31:42_
--------
*9d78e90bb76b42970abd7495d7329768*
`登陆天数: 75天 / 1055天
等级: 128
石头: 640
呼符: 68
体力: 80678.74666666667 / 137
友情点: 220 / 860400`
*連続ログイン5日目
※ログインが途切れるか、7日到達すると
1日目から再開されます*
`叡智の業火 X 2
11月交換券(2023) X 1
`*2900万DL突破記念 特別回数ログインボーナス*
*開催期間中、1日1回 最大10回 回数ログインボーナスをプレゼント！*
`白銀の果実 X 10
`_2023-11-18 03:31:54_
--------
*b6bbcdbd5addb82b8007d1a35f461999*
`登陆天数: 75天 / 1175天
等级: 125
石头: 0
呼符: 0
体力: 167015.13666666666 / 137
友情点: 170 / 978890`
*連続ログイン5日目
※ログインが途切れるか、7日到達すると
1日目から再開されます*
`叡智の業火 X 2
11月交換券(2023) X 1
`*2900万DL突破記念 特別回数ログインボーナス*
*開催期間中、1日1回 最大10回 回数ログインボーナスをプレゼント！*
`白銀の果実 X 10
`_2023-11-18 03:32:08_
--------
