【登录信息】
*318194637fc953496e5082ebcbeae7a2*
`登陆天数: 76天 / 1776天
等级: 141
石头: 5
呼符: 0
体力: 49624.31 / 140
友情点: 4165 / 3713435`
*連続ログイン6日目
※ログインが途切れるか、7日到達すると
1日目から再開されます*
`聖晶石 X 2
11月交換券(2023) X 1
`*2900万DL突破記念 特別回数ログインボーナス*
*開催期間中、1日1回 最大10回 回数ログインボーナスをプレゼント！*
`マナプリズム X 100
黄金の果実 X 10
`_2023-11-19 03:31:35_
--------
*9d78e90bb76b42970abd7495d7329768*
`登陆天数: 76天 / 1056天
等级: 128
石头: 640
呼符: 68
体力: 80966.72 / 137
友情点: 280 / 860680`
*連続ログイン6日目
※ログインが途切れるか、7日到達すると
1日目から再開されます*
`聖晶石 X 2
11月交換券(2023) X 1
`*2900万DL突破記念 特別回数ログインボーナス*
*開催期間中、1日1回 最大10回 回数ログインボーナスをプレゼント！*
`マナプリズム X 100
黄金の果実 X 10
`_2023-11-19 03:31:46_
--------
*b6bbcdbd5addb82b8007d1a35f461999*
`登陆天数: 76天 / 1176天
等级: 125
石头: 0
呼符: 0
体力: 167303.11 / 137
友情点: 220 / 979310`
*連続ログイン6日目
※ログインが途切れるか、7日到達すると
1日目から再開されます*
`聖晶石 X 2
11月交換券(2023) X 1
`*2900万DL突破記念 特別回数ログインボーナス*
*開催期間中、1日1回 最大10回 回数ログインボーナスをプレゼント！*
`マナプリズム X 100
黄金の果実 X 10
`_2023-11-19 03:32:00_
--------
