【登录信息】
*318194637fc953496e5082ebcbeae7a2*
`登陆天数: 77天 / 1777天
等级: 141
石头: 5
呼符: 0
体力: 49912.33 / 140
友情点: 2260 / 3715705`
*連続ログイン7日間到達おめでとうございます！
明日は1日目からリスタートされます。*
`獣の足跡 X 1
呼符 X 1
11月交換券(2023) X 1
`*2900万DL突破記念 特別回数ログインボーナス*
*開催期間中、1日1回 最大10回 回数ログインボーナスをプレゼント！*
`QP X 10000000
`_2023-11-20 03:31:40_
--------
*9d78e90bb76b42970abd7495d7329768*
`登陆天数: 77天 / 1057天
等级: 128
石头: 640
呼符: 68
体力: 81254.73666666666 / 137
友情点: 190 / 860870`
*連続ログイン7日間到達おめでとうございます！
明日は1日目からリスタートされます。*
`獣の足跡 X 1
呼符 X 1
11月交換券(2023) X 1
`*2900万DL突破記念 特別回数ログインボーナス*
*開催期間中、1日1回 最大10回 回数ログインボーナスをプレゼント！*
`QP X 10000000
`_2023-11-20 03:31:51_
--------
*b6bbcdbd5addb82b8007d1a35f461999*
`登陆天数: 77天 / 1177天
等级: 125
石头: 0
呼符: 0
体力: 167591.12333333332 / 137
友情点: 80 / 979390`
*連続ログイン7日間到達おめでとうございます！
明日は1日目からリスタートされます。*
`獣の足跡 X 1
呼符 X 1
11月交換券(2023) X 1
`*2900万DL突破記念 特別回数ログインボーナス*
*開催期間中、1日1回 最大10回 回数ログインボーナスをプレゼント！*
`QP X 10000000
`_2023-11-20 03:32:04_
--------
