【登录信息】
*318194637fc953496e5082ebcbeae7a2*
`登陆天数: 78天 / 1778天
等级: 141
石头: 5
呼符: 0
体力: 50200.29666666667 / 140
友情点: 1985 / 3717690`
*連続ログイン1日目
※ログインが途切れるか、7日到達すると
1日目から再開されます*
`フレンドポイント X 2000
11月交換券(2023) X 1
`*2900万DL突破記念 特別回数ログインボーナス*
*開催期間中、1日1回 最大10回 回数ログインボーナスをプレゼント！*
`叡智の業火 X 10
`_2023-11-21 03:31:31_
--------
*9d78e90bb76b42970abd7495d7329768*
`登陆天数: 78天 / 1058天
等级: 128
石头: 640
呼符: 68
体力: 81542.70666666667 / 137
友情点: 250 / 861130`
*連続ログイン1日目
※ログインが途切れるか、7日到達すると
1日目から再開されます*
`フレンドポイント X 2000
11月交換券(2023) X 1
`*2900万DL突破記念 特別回数ログインボーナス*
*開催期間中、1日1回 最大10回 回数ログインボーナスをプレゼント！*
`叡智の業火 X 10
`_2023-11-21 03:31:42_
--------
*b6bbcdbd5addb82b8007d1a35f461999*
`登陆天数: 78天 / 1178天
等级: 125
石头: 0
呼符: 0
体力: 167879.09333333332 / 137
友情点: 130 / 979550`
*連続ログイン1日目
※ログインが途切れるか、7日到達すると
1日目から再開されます*
`フレンドポイント X 2000
11月交換券(2023) X 1
`*2900万DL突破記念 特別回数ログインボーナス*
*開催期間中、1日1回 最大10回 回数ログインボーナスをプレゼント！*
`叡智の業火 X 10
`_2023-11-21 03:31:55_
--------
