【登录信息】
*318194637fc953496e5082ebcbeae7a2*
`登陆天数: 79天 / 1779天
等级: 141
石头: 5
呼符: 0
体力: 50488.33 / 140
友情点: 2550 / 3720280`
*連続ログイン2日目
※ログインが途切れるか、7日到達すると
1日目から再開されます*
`聖晶石 X 1
11月交換券(2023) X 1
`*2900万DL突破記念 特別回数ログインボーナス*
*開催期間中、1日1回 最大10回 回数ログインボーナスをプレゼント！*
`英霊結晶・星のフォウくん X 10
英霊結晶・太陽のフォウくん X 10
`_2023-11-22 03:31:40_
--------
*9d78e90bb76b42970abd7495d7329768*
`登陆天数: 79天 / 1059天
等级: 128
石头: 640
呼符: 68
体力: 81830.73666666666 / 137
友情点: 230 / 861370`
*連続ログイン2日目
※ログインが途切れるか、7日到達すると
1日目から再開されます*
`聖晶石 X 1
11月交換券(2023) X 1
`*2900万DL突破記念 特別回数ログインボーナス*
*開催期間中、1日1回 最大10回 回数ログインボーナスをプレゼント！*
`英霊結晶・星のフォウくん X 10
英霊結晶・太陽のフォウくん X 10
`_2023-11-22 03:31:51_
--------
*b6bbcdbd5addb82b8007d1a35f461999*
`登陆天数: 79天 / 1179天
等级: 125
石头: 0
呼符: 0
体力: 168167.12333333332 / 137
友情点: 70 / 979620`
*連続ログイン2日目
※ログインが途切れるか、7日到達すると
1日目から再開されます*
`聖晶石 X 1
11月交換券(2023) X 1
`*2900万DL突破記念 特別回数ログインボーナス*
*開催期間中、1日1回 最大10回 回数ログインボーナスをプレゼント！*
`英霊結晶・星のフォウくん X 10
英霊結晶・太陽のフォウくん X 10
`_2023-11-22 03:32:04_
--------
