【登录信息】
*318194637fc953496e5082ebcbeae7a2*
`登陆天数: 80天 / 1780天
等级: 141
石头: 5
呼符: 0
体力: 50776.31 / 140
友情点: 3995 / 3724285`
*連続ログイン3日目
※ログインが途切れるか、7日到達すると
1日目から再開されます*
`叡智の業火 X 1
11月交換券(2023) X 1
`*日替りログインボーナス*
*開催期間中、1日1回 2週間日替りでログインボーナスをプレゼント！*
`巡霊の葉 X 30
`_2023-11-23 03:31:35_
--------
*9d78e90bb76b42970abd7495d7329768*
`登陆天数: 80天 / 1060天
等级: 128
石头: 640
呼符: 68
体力: 82118.71666666666 / 137
友情点: 160 / 861530`
*連続ログイン3日目
※ログインが途切れるか、7日到達すると
1日目から再開されます*
`叡智の業火 X 1
11月交換券(2023) X 1
`*日替りログインボーナス*
*開催期間中、1日1回 2週間日替りでログインボーナスをプレゼント！*
`巡霊の葉 X 30
`_2023-11-23 03:31:45_
--------
*b6bbcdbd5addb82b8007d1a35f461999*
`登陆天数: 80天 / 1180天
等级: 125
石头: 0
呼符: 0
体力: 168455.10333333333 / 137
友情点: 100 / 979750`
*連続ログイン3日目
※ログインが途切れるか、7日到達すると
1日目から再開されます*
`叡智の業火 X 1
11月交換券(2023) X 1
`*日替りログインボーナス*
*開催期間中、1日1回 2週間日替りでログインボーナスをプレゼント！*
`巡霊の葉 X 30
`_2023-11-23 03:31:58_
--------
