【登录信息】
*318194637fc953496e5082ebcbeae7a2*
`登陆天数: 81天 / 1781天
等级: 141
石头: 5
呼符: 0
体力: 51064.293333333335 / 140
友情点: 2975 / 3728070`
*連続ログイン4日目
※ログインが途切れるか、7日到達すると
1日目から再開されます*
`聖晶石 X 1
11月交換券(2023) X 1
`*日替りログインボーナス*
*開催期間中、1日1回 2週間日替りでログインボーナスをプレゼント！*
`巡霊の葉 X 30
`_2023-11-24 03:31:29_
--------
*9d78e90bb76b42970abd7495d7329768*
`登陆天数: 81天 / 1061天
等级: 128
石头: 640
呼符: 68
体力: 82406.7 / 137
友情点: 190 / 861720`
*連続ログイン4日目
※ログインが途切れるか、7日到達すると
1日目から再開されます*
`聖晶石 X 1
11月交換券(2023) X 1
`*日替りログインボーナス*
*開催期間中、1日1回 2週間日替りでログインボーナスをプレゼント！*
`巡霊の葉 X 30
`_2023-11-24 03:31:40_
--------
*b6bbcdbd5addb82b8007d1a35f461999*
`登陆天数: 81天 / 1181天
等级: 125
石头: 0
呼符: 0
体力: 168743.09 / 137
友情点: 210 / 979960`
*連続ログイン4日目
※ログインが途切れるか、7日到達すると
1日目から再開されます*
`聖晶石 X 1
11月交換券(2023) X 1
`*日替りログインボーナス*
*開催期間中、1日1回 2週間日替りでログインボーナスをプレゼント！*
`巡霊の葉 X 30
`_2023-11-24 03:31:53_
--------
