【登录信息】
*318194637fc953496e5082ebcbeae7a2*
`登陆天数: 82天 / 1782天
等级: 141
石头: 5
呼符: 0
体力: 51352.3 / 140
友情点: 2720 / 3730790`
*連続ログイン5日目
※ログインが途切れるか、7日到達すると
1日目から再開されます*
`叡智の業火 X 2
11月交換券(2023) X 1
`*日替りログインボーナス*
*開催期間中、1日1回 2週間日替りでログインボーナスをプレゼント！*
`聖晶石 X 2
巡霊の葉 X 100
`_2023-11-25 03:31:31_
--------
*9d78e90bb76b42970abd7495d7329768*
`登陆天数: 82天 / 1062天
等级: 128
石头: 640
呼符: 68
体力: 82694.70666666667 / 137
友情点: 260 / 862190`
*連続ログイン5日目
※ログインが途切れるか、7日到達すると
1日目から再開されます*
`叡智の業火 X 2
11月交換券(2023) X 1
`*日替りログインボーナス*
*開催期間中、1日1回 2週間日替りでログインボーナスをプレゼント！*
`聖晶石 X 2
巡霊の葉 X 100
`_2023-11-25 03:31:42_
--------
*b6bbcdbd5addb82b8007d1a35f461999*
`登陆天数: 82天 / 1182天
等级: 125
石头: 0
呼符: 0
体力: 169031.09666666668 / 137
友情点: 270 / 980230`
*連続ログイン5日目
※ログインが途切れるか、7日到達すると
1日目から再開されます*
`叡智の業火 X 2
11月交換券(2023) X 1
`*日替りログインボーナス*
*開催期間中、1日1回 2週間日替りでログインボーナスをプレゼント！*
`聖晶石 X 2
巡霊の葉 X 100
`_2023-11-25 03:31:56_
--------
