【登录信息】
*318194637fc953496e5082ebcbeae7a2*
`登陆天数: 83天 / 1783天
等级: 141
石头: 5
呼符: 0
体力: 51640.316666666666 / 140
友情点: 2805 / 3733595`
*連続ログイン6日目
※ログインが途切れるか、7日到達すると
1日目から再開されます*
`聖晶石 X 2
11月交換券(2023) X 1
`*日替りログインボーナス*
*開催期間中、1日1回 2週間日替りでログインボーナスをプレゼント！*
`巡霊の葉 X 30
`_2023-11-26 03:31:37_
--------
*9d78e90bb76b42970abd7495d7329768*
`登陆天数: 83天 / 1063天
等级: 128
石头: 640
呼符: 68
体力: 82982.72666666667 / 137
友情点: 225 / 862415`
*連続ログイン6日目
※ログインが途切れるか、7日到達すると
1日目から再開されます*
`聖晶石 X 2
11月交換券(2023) X 1
`*日替りログインボーナス*
*開催期間中、1日1回 2週間日替りでログインボーナスをプレゼント！*
`巡霊の葉 X 30
`_2023-11-26 03:31:48_
--------
*b6bbcdbd5addb82b8007d1a35f461999*
`登陆天数: 83天 / 1183天
等级: 125
石头: 0
呼符: 0
体力: 169319.11333333334 / 137
友情点: 240 / 980470`
*連続ログイン6日目
※ログインが途切れるか、7日到達すると
1日目から再開されます*
`聖晶石 X 2
11月交換券(2023) X 1
`*日替りログインボーナス*
*開催期間中、1日1回 2週間日替りでログインボーナスをプレゼント！*
`巡霊の葉 X 30
`_2023-11-26 03:32:01_
--------
