【登录信息】
*318194637fc953496e5082ebcbeae7a2*
`登陆天数: 84天 / 1784天
等级: 141
石头: 5
呼符: 0
体力: 51928.29 / 140
友情点: 3740 / 3738555`
*連続ログイン7日間到達おめでとうございます！
明日は1日目からリスタートされます。*
`獣の足跡 X 1
呼符 X 1
11月交換券(2023) X 1
`*日替りログインボーナス*
*開催期間中、1日1回 2週間日替りでログインボーナスをプレゼント！*
`巡霊の葉 X 30
`_2023-11-27 03:31:29_
--------
*9d78e90bb76b42970abd7495d7329768*
`登陆天数: 84天 / 1064天
等级: 128
石头: 640
呼符: 68
体力: 83270.69333333333 / 137
友情点: 210 / 862625`
*連続ログイン7日間到達おめでとうございます！
明日は1日目からリスタートされます。*
`獣の足跡 X 1
呼符 X 1
11月交換券(2023) X 1
`*日替りログインボーナス*
*開催期間中、1日1回 2週間日替りでログインボーナスをプレゼント！*
`巡霊の葉 X 30
`_2023-11-27 03:31:38_
--------
*b6bbcdbd5addb82b8007d1a35f461999*
`登陆天数: 84天 / 1184天
等级: 125
石头: 0
呼符: 0
体力: 169607.07666666666 / 137
友情点: 240 / 980710`
*連続ログイン7日間到達おめでとうございます！
明日は1日目からリスタートされます。*
`獣の足跡 X 1
呼符 X 1
11月交換券(2023) X 1
`*日替りログインボーナス*
*開催期間中、1日1回 2週間日替りでログインボーナスをプレゼント！*
`巡霊の葉 X 30
`_2023-11-27 03:31:50_
--------
