【登录信息】
*318194637fc953496e5082ebcbeae7a2*
`登陆天数: 85天 / 1785天
等级: 141
石头: 5
呼符: 0
体力: 52216.33 / 140
友情点: 2125 / 3741320`
*連続ログイン1日目
※ログインが途切れるか、7日到達すると
1日目から再開されます*
`フレンドポイント X 2000
11月交換券(2023) X 1
`*日替りログインボーナス*
*開催期間中、1日1回 2週間日替りでログインボーナスをプレゼント！*
`巡霊の葉 X 30
`_2023-11-28 03:31:41_
--------
*9d78e90bb76b42970abd7495d7329768*
`登陆天数: 85天 / 1065天
等级: 128
石头: 640
呼符: 68
体力: 83558.73666666666 / 137
友情点: 260 / 862885`
*連続ログイン1日目
※ログインが途切れるか、7日到達すると
1日目から再開されます*
`フレンドポイント X 2000
11月交換券(2023) X 1
`*日替りログインボーナス*
*開催期間中、1日1回 2週間日替りでログインボーナスをプレゼント！*
`巡霊の葉 X 30
`_2023-11-28 03:31:51_
--------
*b6bbcdbd5addb82b8007d1a35f461999*
`登陆天数: 85天 / 1185天
等级: 125
石头: 0
呼符: 0
体力: 169895.12333333332 / 137
友情点: 180 / 980900`
*連続ログイン1日目
※ログインが途切れるか、7日到達すると
1日目から再開されます*
`フレンドポイント X 2000
11月交換券(2023) X 1
`*日替りログインボーナス*
*開催期間中、1日1回 2週間日替りでログインボーナスをプレゼント！*
`巡霊の葉 X 30
`_2023-11-28 03:32:04_
--------
