【登录信息】
*318194637fc953496e5082ebcbeae7a2*
`登陆天数: 86天 / 1786天
等级: 141
石头: 5
呼符: 0
体力: 52504.29666666667 / 140
友情点: 1445 / 3742765`
*連続ログイン2日目
※ログインが途切れるか、7日到達すると
1日目から再開されます*
`聖晶石 X 1
11月交換券(2023) X 1
`*日替りログインボーナス*
*開催期間中、1日1回 2週間日替りでログインボーナスをプレゼント！*
`聖晶石 X 3
巡霊の葉 X 50
`_2023-11-29 03:31:30_
--------
*9d78e90bb76b42970abd7495d7329768*
`登陆天数: 86天 / 1066天
等级: 128
石头: 640
呼符: 68
体力: 83846.7 / 137
友情点: 100 / 862985`
*連続ログイン2日目
※ログインが途切れるか、7日到達すると
1日目から再開されます*
`聖晶石 X 1
11月交換券(2023) X 1
`*日替りログインボーナス*
*開催期間中、1日1回 2週間日替りでログインボーナスをプレゼント！*
`聖晶石 X 3
巡霊の葉 X 50
`_2023-11-29 03:31:41_
--------
*b6bbcdbd5addb82b8007d1a35f461999*
`登陆天数: 86天 / 1186天
等级: 125
石头: 0
呼符: 0
体力: 170183.08333333334 / 137
友情点: 110 / 981010`
*連続ログイン2日目
※ログインが途切れるか、7日到達すると
1日目から再開されます*
`聖晶石 X 1
11月交換券(2023) X 1
`*日替りログインボーナス*
*開催期間中、1日1回 2週間日替りでログインボーナスをプレゼント！*
`聖晶石 X 3
巡霊の葉 X 50
`_2023-11-29 03:31:52_
--------
