【登录信息】
*318194637fc953496e5082ebcbeae7a2*
`登陆天数: 87天 / 1787天
等级: 141
石头: 5
呼符: 0
体力: 52792.316666666666 / 140
友情点: 1360 / 3744125`
*連続ログイン3日目
※ログインが途切れるか、7日到達すると
1日目から再開されます*
`叡智の業火 X 1
11月交換券(2023) X 1
`*日替りログインボーナス*
*開催期間中、1日1回 2週間日替りでログインボーナスをプレゼント！*
`巡霊の葉 X 30
`_2023-11-30 03:31:37_
--------
*9d78e90bb76b42970abd7495d7329768*
`登陆天数: 87天 / 1067天
等级: 128
石头: 640
呼符: 68
体力: 84134.72 / 137
友情点: 90 / 863075`
*連続ログイン3日目
※ログインが途切れるか、7日到達すると
1日目から再開されます*
`叡智の業火 X 1
11月交換券(2023) X 1
`*日替りログインボーナス*
*開催期間中、1日1回 2週間日替りでログインボーナスをプレゼント！*
`巡霊の葉 X 30
`_2023-11-30 03:31:46_
--------
*b6bbcdbd5addb82b8007d1a35f461999*
`登陆天数: 87天 / 1187天
等级: 125
石头: 0
呼符: 0
体力: 170471.1 / 137
友情点: 240 / 981450`
*連続ログイン3日目
※ログインが途切れるか、7日到達すると
1日目から再開されます*
`叡智の業火 X 1
11月交換券(2023) X 1
`*日替りログインボーナス*
*開催期間中、1日1回 2週間日替りでログインボーナスをプレゼント！*
`巡霊の葉 X 30
`_2023-11-30 03:31:58_
--------
