【登录信息】
*318194637fc953496e5082ebcbeae7a2*
`登陆天数: 112天 / 1577天
等级: 141
石头: 208
呼符: 14
体力: 1247.2866666666666 / 140
友情点: 1700 / 2689685`
*連続ログイン7日間到達おめでとうございます！
明日は1日目からリスタートされます。*
`獣の足跡 X 1
呼符 X 1
5月交換券(2023) X 1
`_2023-05-02 03:31:38_
--------
*9d78e90bb76b42970abd7495d7329768*
`登陆天数: 112天 / 857天
等级: 128
石头: 640
呼符: 68
体力: 23078.716666666667 / 137
友情点: 0 / 842230`
*連続ログイン7日間到達おめでとうございます！
明日は1日目からリスタートされます。*
`獣の足跡 X 1
呼符 X 1
5月交換券(2023) X 1
`_2023-05-02 03:31:46_
--------
*b6bbcdbd5addb82b8007d1a35f461999*
`登陆天数: 112天 / 977天
等级: 125
石头: 0
呼符: 0
体力: 109415.09666666666 / 137
友情点: 0 / 951105`
*連続ログイン7日間到達おめでとうございます！
明日は1日目からリスタートされます。*
`獣の足跡 X 1
呼符 X 1
5月交換券(2023) X 1
`_2023-05-02 03:31:56_
--------
