【登录信息】
*318194637fc953496e5082ebcbeae7a2*
`登陆天数: 115天 / 1580天
等级: 141
石头: 220
呼符: 15
体力: 676.0766666666667 / 140
友情点: 2040 / 2702210`
*連続ログイン3日目
※ログインが途切れるか、7日到達すると
1日目から再開されます*
`叡智の業火 X 1
5月交換券(2023) X 1
`_2023-05-05 03:31:40_
--------
*9d78e90bb76b42970abd7495d7329768*
`登陆天数: 115天 / 860天
等级: 128
石头: 640
呼符: 68
体力: 23942.72333333333 / 137
友情点: 0 / 842230`
*連続ログイン3日目
※ログインが途切れるか、7日到達すると
1日目から再開されます*
`叡智の業火 X 1
5月交換券(2023) X 1
`_2023-05-05 03:31:48_
--------
*b6bbcdbd5addb82b8007d1a35f461999*
`登陆天数: 115天 / 980天
等级: 125
石头: 0
呼符: 0
体力: 110279.10333333333 / 137
友情点: 0 / 951105`
*連続ログイン3日目
※ログインが途切れるか、7日到達すると
1日目から再開されます*
`叡智の業火 X 1
5月交換券(2023) X 1
`_2023-05-05 03:31:58_
--------
