【登录信息】
*318194637fc953496e5082ebcbeae7a2*
`登陆天数: 116天 / 1581天
等级: 141
石头: 220
呼符: 15
体力: 964.0466666666666 / 140
友情点: 6120 / 2708330`
*連続ログイン4日目
※ログインが途切れるか、7日到達すると
1日目から再開されます*
`聖晶石 X 1
5月交換券(2023) X 1
`_2023-05-06 03:31:31_
--------
*9d78e90bb76b42970abd7495d7329768*
`登陆天数: 116天 / 861天
等级: 128
石头: 640
呼符: 68
体力: 24230.693333333333 / 137
友情点: 300 / 842530`
*連続ログイン4日目
※ログインが途切れるか、7日到達すると
1日目から再開されます*
`聖晶石 X 1
5月交換券(2023) X 1
`_2023-05-06 03:31:39_
--------
*b6bbcdbd5addb82b8007d1a35f461999*
`登陆天数: 116天 / 981天
等级: 125
石头: 0
呼符: 0
体力: 110567.07 / 137
友情点: 230 / 951535`
*連続ログイン4日目
※ログインが途切れるか、7日到達すると
1日目から再開されます*
`聖晶石 X 1
5月交換券(2023) X 1
`_2023-05-06 03:31:49_
--------
