【登录信息】
*318194637fc953496e5082ebcbeae7a2*
`登陆天数: 117天 / 1582天
等级: 141
石头: 222
呼符: 15
体力: 160.7 / 140
友情点: 7650 / 2733030`
*連続ログイン5日目
※ログインが途切れるか、7日到達すると
1日目から再開されます*
`叡智の業火 X 2
5月交換券(2023) X 1
`_2023-05-07 03:31:42_
--------
*9d78e90bb76b42970abd7495d7329768*
`登陆天数: 117天 / 862天
等级: 128
石头: 640
呼符: 68
体力: 24518.73 / 137
友情点: 0 / 842530`
*連続ログイン5日目
※ログインが途切れるか、7日到達すると
1日目から再開されます*
`叡智の業火 X 2
5月交換券(2023) X 1
`_2023-05-07 03:31:50_
--------
*b6bbcdbd5addb82b8007d1a35f461999*
`登陆天数: 117天 / 982天
等级: 125
石头: 0
呼符: 0
体力: 110855.10666666667 / 137
友情点: 0 / 951535`
*連続ログイン5日目
※ログインが途切れるか、7日到達すると
1日目から再開されます*
`叡智の業火 X 2
5月交換券(2023) X 1
`_2023-05-07 03:32:00_
--------
