【登录信息】
*318194637fc953496e5082ebcbeae7a2*
`登陆天数: 118天 / 1583天
等级: 141
石头: 222
呼符: 15
体力: 448.65 / 140
友情点: 12835 / 2746065`
*連続ログイン6日目
※ログインが途切れるか、7日到達すると
1日目から再開されます*
`聖晶石 X 2
5月交換券(2023) X 1
`*「Fate/Grand Order キャストトーク in マチ★アソビvol.26」開催記念プレゼント*
*開催期間中、初回ログインで「聖晶石×10」をプレゼント！*
`聖晶石 X 10
`_2023-05-08 03:31:27_
--------
*9d78e90bb76b42970abd7495d7329768*
`登陆天数: 118天 / 863天
等级: 128
石头: 640
呼符: 68
体力: 24806.68 / 137
友情点: 0 / 842530`
*連続ログイン6日目
※ログインが途切れるか、7日到達すると
1日目から再開されます*
`聖晶石 X 2
5月交換券(2023) X 1
`*「Fate/Grand Order キャストトーク in マチ★アソビvol.26」開催記念プレゼント*
*開催期間中、初回ログインで「聖晶石×10」をプレゼント！*
`聖晶石 X 10
`_2023-05-08 03:31:35_
--------
*b6bbcdbd5addb82b8007d1a35f461999*
`登陆天数: 118天 / 983天
等级: 125
石头: 0
呼符: 0
体力: 111143.06 / 137
友情点: 0 / 951535`
*連続ログイン6日目
※ログインが途切れるか、7日到達すると
1日目から再開されます*
`聖晶石 X 2
5月交換券(2023) X 1
`*「Fate/Grand Order キャストトーク in マチ★アソビvol.26」開催記念プレゼント*
*開催期間中、初回ログインで「聖晶石×10」をプレゼント！*
`聖晶石 X 10
`_2023-05-08 03:31:46_
--------
