【登录信息】
*318194637fc953496e5082ebcbeae7a2*
`登陆天数: 119天 / 1584天
等级: 141
石头: 222
呼符: 15
体力: 736.7433333333333 / 140
友情点: 13345 / 2759410`
*連続ログイン7日間到達おめでとうございます！
明日は1日目からリスタートされます。*
`獣の足跡 X 1
呼符 X 1
5月交換券(2023) X 1
`_2023-05-09 03:31:55_
--------
*9d78e90bb76b42970abd7495d7329768*
`登陆天数: 119天 / 864天
等级: 128
石头: 640
呼符: 68
体力: 25094.773333333334 / 137
友情点: 0 / 842530`
*連続ログイン7日間到達おめでとうございます！
明日は1日目からリスタートされます。*
`獣の足跡 X 1
呼符 X 1
5月交換券(2023) X 1
`_2023-05-09 03:32:03_
--------
*b6bbcdbd5addb82b8007d1a35f461999*
`登陆天数: 119天 / 984天
等级: 125
石头: 0
呼符: 0
体力: 111431.15333333334 / 137
友情点: 40 / 951575`
*連続ログイン7日間到達おめでとうございます！
明日は1日目からリスタートされます。*
`獣の足跡 X 1
呼符 X 1
5月交換券(2023) X 1
`_2023-05-09 03:32:13_
--------
