【登录信息】
*318194637fc953496e5082ebcbeae7a2*
`登陆天数: 120天 / 1585天
等级: 141
石头: 222
呼符: 15
体力: 1024.72 / 140
友情点: 13855 / 2773465`
*連続ログイン1日目
※ログインが途切れるか、7日到達すると
1日目から再開されます*
`フレンドポイント X 2000
5月交換券(2023) X 1
`_2023-05-10 03:31:48_
--------
*9d78e90bb76b42970abd7495d7329768*
`登陆天数: 120天 / 865天
等级: 128
石头: 640
呼符: 68
体力: 25382.75 / 137
友情点: 0 / 842530`
*連続ログイン1日目
※ログインが途切れるか、7日到達すると
1日目から再開されます*
`フレンドポイント X 2000
5月交換券(2023) X 1
`_2023-05-10 03:31:56_
--------
*b6bbcdbd5addb82b8007d1a35f461999*
`登陆天数: 120天 / 985天
等级: 125
石头: 0
呼符: 0
体力: 111719.13 / 137
友情点: 0 / 951575`
*連続ログイン1日目
※ログインが途切れるか、7日到達すると
1日目から再開されます*
`フレンドポイント X 2000
5月交換券(2023) X 1
`_2023-05-10 03:32:06_
--------
