【登录信息】
*318194637fc953496e5082ebcbeae7a2*
`登陆天数: 122天 / 1587天
等级: 141
石头: 222
呼符: 15
体力: 1600.74 / 140
友情点: 4845 / 2788510`
*連続ログイン3日目
※ログインが途切れるか、7日到達すると
1日目から再開されます*
`叡智の業火 X 1
5月交換券(2023) X 1
`*日替りログインボーナス*
*開催期間中、1日1回 2週間日替りでログインボーナスをプレゼント！*
`巡霊の葉 X 30
`_2023-05-12 03:31:54_
--------
*9d78e90bb76b42970abd7495d7329768*
`登陆天数: 122天 / 867天
等级: 128
石头: 640
呼符: 68
体力: 25958.773333333334 / 137
友情点: 230 / 842760`
*連続ログイン3日目
※ログインが途切れるか、7日到達すると
1日目から再開されます*
`叡智の業火 X 1
5月交換券(2023) X 1
`*日替りログインボーナス*
*開催期間中、1日1回 2週間日替りでログインボーナスをプレゼント！*
`巡霊の葉 X 30
`_2023-05-12 03:32:02_
--------
*b6bbcdbd5addb82b8007d1a35f461999*
`登陆天数: 122天 / 987天
等级: 125
石头: 0
呼符: 0
体力: 112295.15 / 137
友情点: 140 / 951715`
*連続ログイン3日目
※ログインが途切れるか、7日到達すると
1日目から再開されます*
`叡智の業火 X 1
5月交換券(2023) X 1
`*日替りログインボーナス*
*開催期間中、1日1回 2週間日替りでログインボーナスをプレゼント！*
`巡霊の葉 X 30
`_2023-05-12 03:32:13_
--------
