【登录信息】
*318194637fc953496e5082ebcbeae7a2*
`登陆天数: 123天 / 1588天
等级: 141
石头: 222
呼符: 15
体力: 1888.6933333333334 / 140
友情点: 5440 / 2794150`
*連続ログイン4日目
※ログインが途切れるか、7日到達すると
1日目から再開されます*
`聖晶石 X 1
5月交換券(2023) X 1
`*日替りログインボーナス*
*開催期間中、1日1回 2週間日替りでログインボーナスをプレゼント！*
`聖晶石 X 2
巡霊の葉 X 100
`_2023-05-13 03:31:40_
--------
*9d78e90bb76b42970abd7495d7329768*
`登陆天数: 123天 / 868天
等级: 128
石头: 640
呼符: 68
体力: 26246.72333333333 / 137
友情点: 120 / 842880`
*連続ログイン4日目
※ログインが途切れるか、7日到達すると
1日目から再開されます*
`聖晶石 X 1
5月交換券(2023) X 1
`*日替りログインボーナス*
*開催期間中、1日1回 2週間日替りでログインボーナスをプレゼント！*
`聖晶石 X 2
巡霊の葉 X 100
`_2023-05-13 03:31:48_
--------
*b6bbcdbd5addb82b8007d1a35f461999*
`登陆天数: 123天 / 988天
等级: 125
石头: 0
呼符: 0
体力: 112583.10333333333 / 137
友情点: 100 / 951815`
*連続ログイン4日目
※ログインが途切れるか、7日到達すると
1日目から再開されます*
`聖晶石 X 1
5月交換券(2023) X 1
`*日替りログインボーナス*
*開催期間中、1日1回 2週間日替りでログインボーナスをプレゼント！*
`聖晶石 X 2
巡霊の葉 X 100
`_2023-05-13 03:31:58_
--------
