【登录信息】
*318194637fc953496e5082ebcbeae7a2*
`登陆天数: 124天 / 1589天
等级: 141
石头: 222
呼符: 15
体力: 2176.69 / 140
友情点: 6645 / 2800795`
*連続ログイン5日目
※ログインが途切れるか、7日到達すると
1日目から再開されます*
`叡智の業火 X 2
5月交換券(2023) X 1
`*日替りログインボーナス*
*開催期間中、1日1回 2週間日替りでログインボーナスをプレゼント！*
`巡霊の葉 X 30
`_2023-05-14 03:31:39_
--------
*9d78e90bb76b42970abd7495d7329768*
`登陆天数: 124天 / 869天
等级: 128
石头: 640
呼符: 68
体力: 26534.72 / 137
友情点: 0 / 842880`
*連続ログイン5日目
※ログインが途切れるか、7日到達すると
1日目から再開されます*
`叡智の業火 X 2
5月交換券(2023) X 1
`*日替りログインボーナス*
*開催期間中、1日1回 2週間日替りでログインボーナスをプレゼント！*
`巡霊の葉 X 30
`_2023-05-14 03:31:47_
--------
*b6bbcdbd5addb82b8007d1a35f461999*
`登陆天数: 124天 / 989天
等级: 125
石头: 0
呼符: 0
体力: 112871.1 / 137
友情点: 0 / 951815`
*連続ログイン5日目
※ログインが途切れるか、7日到達すると
1日目から再開されます*
`叡智の業火 X 2
5月交換券(2023) X 1
`*日替りログインボーナス*
*開催期間中、1日1回 2週間日替りでログインボーナスをプレゼント！*
`巡霊の葉 X 30
`_2023-05-14 03:31:57_
--------
