【登录信息】
*318194637fc953496e5082ebcbeae7a2*
`登陆天数: 125天 / 1590天
等级: 141
石头: 222
呼符: 15
体力: 2464.673333333333 / 140
友情点: 9035 / 2809830`
*連続ログイン6日目
※ログインが途切れるか、7日到達すると
1日目から再開されます*
`聖晶石 X 2
5月交換券(2023) X 1
`*日替りログインボーナス*
*開催期間中、1日1回 2週間日替りでログインボーナスをプレゼント！*
`巡霊の葉 X 30
`_2023-05-15 03:31:34_
--------
*9d78e90bb76b42970abd7495d7329768*
`登陆天数: 125天 / 870天
等级: 128
石头: 640
呼符: 68
体力: 26822.706666666665 / 137
友情点: 10 / 842890`
*連続ログイン6日目
※ログインが途切れるか、7日到達すると
1日目から再開されます*
`聖晶石 X 2
5月交換券(2023) X 1
`*日替りログインボーナス*
*開催期間中、1日1回 2週間日替りでログインボーナスをプレゼント！*
`巡霊の葉 X 30
`_2023-05-15 03:31:42_
--------
*b6bbcdbd5addb82b8007d1a35f461999*
`登陆天数: 125天 / 990天
等级: 125
石头: 0
呼符: 0
体力: 113159.08333333333 / 137
友情点: 0 / 951815`
*連続ログイン6日目
※ログインが途切れるか、7日到達すると
1日目から再開されます*
`聖晶石 X 2
5月交換券(2023) X 1
`*日替りログインボーナス*
*開催期間中、1日1回 2週間日替りでログインボーナスをプレゼント！*
`巡霊の葉 X 30
`_2023-05-15 03:31:53_
--------
