【登录信息】
*318194637fc953496e5082ebcbeae7a2*
`登陆天数: 126天 / 1591天
等级: 141
石头: 222
呼符: 15
体力: 2752.7 / 140
友情点: 8330 / 2818160`
*連続ログイン7日間到達おめでとうございます！
明日は1日目からリスタートされます。*
`獣の足跡 X 1
呼符 X 1
5月交換券(2023) X 1
`*日替りログインボーナス*
*開催期間中、1日1回 2週間日替りでログインボーナスをプレゼント！*
`巡霊の葉 X 30
`_2023-05-16 03:31:42_
--------
*9d78e90bb76b42970abd7495d7329768*
`登陆天数: 126天 / 871天
等级: 128
石头: 640
呼符: 68
体力: 27110.73 / 137
友情点: 0 / 842890`
*連続ログイン7日間到達おめでとうございます！
明日は1日目からリスタートされます。*
`獣の足跡 X 1
呼符 X 1
5月交換券(2023) X 1
`*日替りログインボーナス*
*開催期間中、1日1回 2週間日替りでログインボーナスをプレゼント！*
`巡霊の葉 X 30
`_2023-05-16 03:31:50_
--------
*b6bbcdbd5addb82b8007d1a35f461999*
`登陆天数: 126天 / 991天
等级: 125
石头: 0
呼符: 0
体力: 113447.11 / 137
友情点: 0 / 951815`
*連続ログイン7日間到達おめでとうございます！
明日は1日目からリスタートされます。*
`獣の足跡 X 1
呼符 X 1
5月交換券(2023) X 1
`*日替りログインボーナス*
*開催期間中、1日1回 2週間日替りでログインボーナスをプレゼント！*
`巡霊の葉 X 30
`_2023-05-16 03:32:00_
--------
