【登录信息】
*318194637fc953496e5082ebcbeae7a2*
`登陆天数: 128天 / 1593天
等级: 141
石头: 222
呼符: 15
体力: 3328.6833333333334 / 140
友情点: 6885 / 2833775`
*連続ログイン2日目
※ログインが途切れるか、7日到達すると
1日目から再開されます*
`聖晶石 X 1
5月交換券(2023) X 1
`*日替りログインボーナス*
*開催期間中、1日1回 2週間日替りでログインボーナスをプレゼント！*
`巡霊の葉 X 30
`_2023-05-18 03:31:37_
--------
*9d78e90bb76b42970abd7495d7329768*
`登陆天数: 128天 / 873天
等级: 128
石头: 640
呼符: 68
体力: 27686.713333333333 / 137
友情点: 120 / 843010`
*連続ログイン2日目
※ログインが途切れるか、7日到達すると
1日目から再開されます*
`聖晶石 X 1
5月交換券(2023) X 1
`*日替りログインボーナス*
*開催期間中、1日1回 2週間日替りでログインボーナスをプレゼント！*
`巡霊の葉 X 30
`_2023-05-18 03:31:45_
--------
*b6bbcdbd5addb82b8007d1a35f461999*
`登陆天数: 128天 / 993天
等级: 125
石头: 0
呼符: 0
体力: 114023.09333333334 / 137
友情点: 20 / 951835`
*連続ログイン2日目
※ログインが途切れるか、7日到達すると
1日目から再開されます*
`聖晶石 X 1
5月交換券(2023) X 1
`*日替りログインボーナス*
*開催期間中、1日1回 2週間日替りでログインボーナスをプレゼント！*
`巡霊の葉 X 30
`_2023-05-18 03:31:55_
--------
