【登录信息】
*318194637fc953496e5082ebcbeae7a2*
`登陆天数: 130天 / 1595天
等级: 141
石头: 222
呼符: 15
体力: 3904.71 / 140
友情点: 6800 / 2848000`
*連続ログイン4日目
※ログインが途切れるか、7日到達すると
1日目から再開されます*
`聖晶石 X 1
5月交換券(2023) X 1
`*日替りログインボーナス*
*開催期間中、1日1回 2週間日替りでログインボーナスをプレゼント！*
`聖晶石 X 2
巡霊の葉 X 100
`_2023-05-20 03:31:45_
--------
*9d78e90bb76b42970abd7495d7329768*
`登陆天数: 130天 / 875天
等级: 128
石头: 640
呼符: 68
体力: 28262.74 / 137
友情点: 240 / 843430`
*連続ログイン4日目
※ログインが途切れるか、7日到達すると
1日目から再開されます*
`聖晶石 X 1
5月交換券(2023) X 1
`*日替りログインボーナス*
*開催期間中、1日1回 2週間日替りでログインボーナスをプレゼント！*
`聖晶石 X 2
巡霊の葉 X 100
`_2023-05-20 03:31:53_
--------
*b6bbcdbd5addb82b8007d1a35f461999*
`登陆天数: 130天 / 995天
等级: 125
石头: 0
呼符: 0
体力: 114599.12 / 137
友情点: 360 / 952425`
*連続ログイン4日目
※ログインが途切れるか、7日到達すると
1日目から再開されます*
`聖晶石 X 1
5月交換券(2023) X 1
`*日替りログインボーナス*
*開催期間中、1日1回 2週間日替りでログインボーナスをプレゼント！*
`聖晶石 X 2
巡霊の葉 X 100
`_2023-05-20 03:32:04_
--------
