【登录信息】
*318194637fc953496e5082ebcbeae7a2*
`登陆天数: 132天 / 1597天
等级: 141
石头: 222
呼符: 15
体力: 4480.696666666667 / 140
友情点: 22015 / 2886505`
*連続ログイン6日目
※ログインが途切れるか、7日到達すると
1日目から再開されます*
`聖晶石 X 2
5月交換券(2023) X 1
`*日替りログインボーナス*
*開催期間中、1日1回 2週間日替りでログインボーナスをプレゼント！*
`巡霊の葉 X 30
`_2023-05-22 03:31:41_
--------
*9d78e90bb76b42970abd7495d7329768*
`登陆天数: 132天 / 877天
等级: 128
石头: 640
呼符: 68
体力: 28838.726666666666 / 137
友情点: 10 / 843440`
*連続ログイン6日目
※ログインが途切れるか、7日到達すると
1日目から再開されます*
`聖晶石 X 2
5月交換券(2023) X 1
`*日替りログインボーナス*
*開催期間中、1日1回 2週間日替りでログインボーナスをプレゼント！*
`巡霊の葉 X 30
`_2023-05-22 03:31:49_
--------
*b6bbcdbd5addb82b8007d1a35f461999*
`登陆天数: 132天 / 997天
等级: 125
石头: 0
呼符: 0
体力: 115175.10666666667 / 137
友情点: 0 / 952425`
*連続ログイン6日目
※ログインが途切れるか、7日到達すると
1日目から再開されます*
`聖晶石 X 2
5月交換券(2023) X 1
`*日替りログインボーナス*
*開催期間中、1日1回 2週間日替りでログインボーナスをプレゼント！*
`巡霊の葉 X 30
`_2023-05-22 03:31:59_
--------
