【登录信息】
*318194637fc953496e5082ebcbeae7a2*
`登陆天数: 133天 / 1598天
等级: 141
石头: 222
呼符: 15
体力: 4768.7 / 140
友情点: 6290 / 2892995`
*連続ログイン7日間到達おめでとうございます！
明日は1日目からリスタートされます。*
`獣の足跡 X 1
呼符 X 1
5月交換券(2023) X 1
`*日替りログインボーナス*
*開催期間中、1日1回 2週間日替りでログインボーナスをプレゼント！*
`巡霊の葉 X 30
`_2023-05-23 03:31:43_
--------
*9d78e90bb76b42970abd7495d7329768*
`登陆天数: 133天 / 878天
等级: 128
石头: 640
呼符: 68
体力: 29126.733333333334 / 137
友情点: 270 / 843710`
*連続ログイン7日間到達おめでとうございます！
明日は1日目からリスタートされます。*
`獣の足跡 X 1
呼符 X 1
5月交換券(2023) X 1
`*日替りログインボーナス*
*開催期間中、1日1回 2週間日替りでログインボーナスをプレゼント！*
`巡霊の葉 X 30
`_2023-05-23 03:31:51_
--------
*b6bbcdbd5addb82b8007d1a35f461999*
`登陆天数: 133天 / 998天
等级: 125
石头: 0
呼符: 0
体力: 115463.11 / 137
友情点: 180 / 952605`
*連続ログイン7日間到達おめでとうございます！
明日は1日目からリスタートされます。*
`獣の足跡 X 1
呼符 X 1
5月交換券(2023) X 1
`*日替りログインボーナス*
*開催期間中、1日1回 2週間日替りでログインボーナスをプレゼント！*
`巡霊の葉 X 30
`_2023-05-23 03:32:01_
--------
