【登录信息】
*318194637fc953496e5082ebcbeae7a2*
`登陆天数: 134天 / 1599天
等级: 141
石头: 222
呼符: 15
体力: 5056.663333333333 / 140
友情点: 17850 / 2911045`
*連続ログイン1日目
※ログインが途切れるか、7日到達すると
1日目から再開されます*
`フレンドポイント X 2000
5月交換券(2023) X 1
`*日替りログインボーナス*
*開催期間中、1日1回 2週間日替りでログインボーナスをプレゼント！*
`聖晶石 X 3
巡霊の葉 X 50
`_2023-05-24 03:31:31_
--------
*9d78e90bb76b42970abd7495d7329768*
`登陆天数: 134天 / 879天
等级: 128
石头: 640
呼符: 68
体力: 29414.693333333333 / 137
友情点: 0 / 843710`
*連続ログイン1日目
※ログインが途切れるか、7日到達すると
1日目から再開されます*
`フレンドポイント X 2000
5月交換券(2023) X 1
`*日替りログインボーナス*
*開催期間中、1日1回 2週間日替りでログインボーナスをプレゼント！*
`聖晶石 X 3
巡霊の葉 X 50
`_2023-05-24 03:31:39_
--------
*b6bbcdbd5addb82b8007d1a35f461999*
`登陆天数: 134天 / 999天
等级: 125
石头: 0
呼符: 0
体力: 115751.07333333333 / 137
友情点: 0 / 952605`
*連続ログイン1日目
※ログインが途切れるか、7日到達すると
1日目から再開されます*
`フレンドポイント X 2000
5月交換券(2023) X 1
`*日替りログインボーナス*
*開催期間中、1日1回 2週間日替りでログインボーナスをプレゼント！*
`聖晶石 X 3
巡霊の葉 X 50
`_2023-05-24 03:31:49_
--------
