【登录信息】
*318194637fc953496e5082ebcbeae7a2*
`登陆天数: 135天 / 1600天
等级: 141
石头: 222
呼符: 15
体力: 5344.7 / 140
友情点: 20365 / 2931410`
*連続ログイン2日目
※ログインが途切れるか、7日到達すると
1日目から再開されます*
`聖晶石 X 1
5月交換券(2023) X 1
`*FGO カルデア放送局 ライト版 FGO Fes. 2023＆ゲーム最新情報 放送記念 初回ログインボーナス*
*開催期間中、初回ログインで「聖晶石×14」をプレゼント！*
`聖晶石 X 14
`_2023-05-25 03:31:42_
--------
*9d78e90bb76b42970abd7495d7329768*
`登陆天数: 135天 / 880天
等级: 128
石头: 640
呼符: 68
体力: 29702.733333333334 / 137
友情点: 0 / 843710`
*連続ログイン2日目
※ログインが途切れるか、7日到達すると
1日目から再開されます*
`聖晶石 X 1
5月交換券(2023) X 1
`*FGO カルデア放送局 ライト版 FGO Fes. 2023＆ゲーム最新情報 放送記念 初回ログインボーナス*
*開催期間中、初回ログインで「聖晶石×14」をプレゼント！*
`聖晶石 X 14
`_2023-05-25 03:31:50_
--------
*b6bbcdbd5addb82b8007d1a35f461999*
`登陆天数: 135天 / 1000天
等级: 125
石头: 0
呼符: 0
体力: 116039.11 / 137
友情点: 0 / 952605`
*連続ログイン2日目
※ログインが途切れるか、7日到達すると
1日目から再開されます*
`聖晶石 X 1
5月交換券(2023) X 1
`*FGO カルデア放送局 ライト版 FGO Fes. 2023＆ゲーム最新情報 放送記念 初回ログインボーナス*
*開催期間中、初回ログインで「聖晶石×14」をプレゼント！*
`聖晶石 X 14
`_2023-05-25 03:32:01_
--------
