【登录信息】
*318194637fc953496e5082ebcbeae7a2*
`登陆天数: 136天 / 1601天
等级: 141
石头: 222
呼符: 15
体力: 5632.716666666666 / 140
友情点: 2380 / 2933790`
*連続ログイン3日目
※ログインが途切れるか、7日到達すると
1日目から再開されます*
`叡智の業火 X 1
5月交換券(2023) X 1
`_2023-05-26 03:31:47_
--------
*9d78e90bb76b42970abd7495d7329768*
`登陆天数: 136天 / 881天
等级: 128
石头: 640
呼符: 68
体力: 29990.746666666666 / 137
友情点: 280 / 843990`
*連続ログイン3日目
※ログインが途切れるか、7日到達すると
1日目から再開されます*
`叡智の業火 X 1
5月交換券(2023) X 1
`_2023-05-26 03:31:55_
--------
*b6bbcdbd5addb82b8007d1a35f461999*
`登陆天数: 136天 / 1001天
等级: 125
石头: 0
呼符: 0
体力: 116327.12666666666 / 137
友情点: 175 / 952780`
*連続ログイン3日目
※ログインが途切れるか、7日到達すると
1日目から再開されます*
`叡智の業火 X 1
5月交換券(2023) X 1
`_2023-05-26 03:32:05_
--------
