【登录信息】
*318194637fc953496e5082ebcbeae7a2*
`登陆天数: 137天 / 1602天
等级: 141
石头: 222
呼符: 15
体力: 5920.676666666666 / 140
友情点: 23545 / 2957335`
*連続ログイン4日目
※ログインが途切れるか、7日到達すると
1日目から再開されます*
`聖晶石 X 1
5月交換券(2023) X 1
`_2023-05-27 03:31:35_
--------
*9d78e90bb76b42970abd7495d7329768*
`登陆天数: 137天 / 882天
等级: 128
石头: 640
呼符: 68
体力: 30278.706666666665 / 137
友情点: 0 / 843990`
*連続ログイン4日目
※ログインが途切れるか、7日到達すると
1日目から再開されます*
`聖晶石 X 1
5月交換券(2023) X 1
`_2023-05-27 03:31:43_
--------
*b6bbcdbd5addb82b8007d1a35f461999*
`登陆天数: 137天 / 1002天
等级: 125
石头: 0
呼符: 0
体力: 116615.08666666667 / 137
友情点: 0 / 952780`
*連続ログイン4日目
※ログインが途切れるか、7日到達すると
1日目から再開されます*
`聖晶石 X 1
5月交換券(2023) X 1
`_2023-05-27 03:31:53_
--------
