【登录信息】
*318194637fc953496e5082ebcbeae7a2*
`登陆天数: 138天 / 1603天
等级: 141
石头: 222
呼符: 15
体力: 6208.7266666666665 / 140
友情点: 20485 / 2977820`
*連続ログイン5日目
※ログインが途切れるか、7日到達すると
1日目から再開されます*
`叡智の業火 X 2
5月交換券(2023) X 1
`_2023-05-28 03:31:50_
--------
*9d78e90bb76b42970abd7495d7329768*
`登陆天数: 138天 / 883天
等级: 128
石头: 640
呼符: 68
体力: 30566.76 / 137
友情点: 0 / 843990`
*連続ログイン5日目
※ログインが途切れるか、7日到達すると
1日目から再開されます*
`叡智の業火 X 2
5月交換券(2023) X 1
`_2023-05-28 03:31:58_
--------
*b6bbcdbd5addb82b8007d1a35f461999*
`登陆天数: 138天 / 1003天
等级: 125
石头: 0
呼符: 0
体力: 116903.13666666667 / 137
友情点: 0 / 952780`
*連続ログイン5日目
※ログインが途切れるか、7日到達すると
1日目から再開されます*
`叡智の業火 X 2
5月交換券(2023) X 1
`_2023-05-28 03:32:09_
--------
