【登录信息】
*318194637fc953496e5082ebcbeae7a2*
`登陆天数: 140天 / 1605天
等级: 141
石头: 222
呼符: 15
体力: 6784.7266666666665 / 140
友情点: 5695 / 2991535`
*連続ログイン7日間到達おめでとうございます！
明日は1日目からリスタートされます。*
`獣の足跡 X 1
呼符 X 1
5月交換券(2023) X 1
`_2023-05-30 03:31:50_
--------
*9d78e90bb76b42970abd7495d7329768*
`登陆天数: 140天 / 885天
等级: 128
石头: 640
呼符: 68
体力: 31142.76 / 137
友情点: 0 / 843990`
*連続ログイン7日間到達おめでとうございます！
明日は1日目からリスタートされます。*
`獣の足跡 X 1
呼符 X 1
5月交換券(2023) X 1
`_2023-05-30 03:31:58_
--------
*b6bbcdbd5addb82b8007d1a35f461999*
`登陆天数: 140天 / 1005天
等级: 125
石头: 0
呼符: 0
体力: 117479.13666666667 / 137
友情点: 0 / 952780`
*連続ログイン7日間到達おめでとうございます！
明日は1日目からリスタートされます。*
`獣の足跡 X 1
呼符 X 1
5月交換券(2023) X 1
`_2023-05-30 03:32:09_
--------
