【登录信息】
*318194637fc953496e5082ebcbeae7a2*
`登陆天数: 141天 / 1606天
等级: 141
石头: 5
呼符: 0
体力: 88.32 / 140
友情点: 1360 / 3012325`
*連続ログイン1日目
※ログインが途切れるか、7日到達すると
1日目から再開されます*
`フレンドポイント X 2000
5月交換券(2023) X 1
`_2023-05-31 03:31:39_
--------
*9d78e90bb76b42970abd7495d7329768*
`登陆天数: 141天 / 886天
等级: 128
石头: 640
呼符: 68
体力: 31430.72 / 137
友情点: 0 / 843990`
*連続ログイン1日目
※ログインが途切れるか、7日到達すると
1日目から再開されます*
`フレンドポイント X 2000
5月交換券(2023) X 1
`_2023-05-31 03:31:47_
--------
*b6bbcdbd5addb82b8007d1a35f461999*
`登陆天数: 141天 / 1006天
等级: 125
石头: 0
呼符: 0
体力: 117767.1 / 137
友情点: 0 / 952780`
*連続ログイン1日目
※ログインが途切れるか、7日到達すると
1日目から再開されます*
`フレンドポイント X 2000
5月交換券(2023) X 1
`_2023-05-31 03:31:57_
--------
