【登录信息】
*318194637fc953496e5082ebcbeae7a2*
`登陆天数: 142天 / 1607天
等级: 141
石头: 5
呼符: 0
体力: 376.28666666666663 / 140
友情点: 10710 / 3023035`
*連続ログイン2日目
※ログインが途切れるか、7日到達すると
1日目から再開されます*
`聖晶石 X 1
6月交換券(2023) X 1
`_2023-06-01 03:31:28_
--------
*9d78e90bb76b42970abd7495d7329768*
`登陆天数: 142天 / 887天
等级: 128
石头: 640
呼符: 68
体力: 31718.68666666667 / 137
友情点: 0 / 843990`
*連続ログイン2日目
※ログインが途切れるか、7日到達すると
1日目から再開されます*
`聖晶石 X 1
6月交換券(2023) X 1
`_2023-06-01 03:31:37_
--------
*b6bbcdbd5addb82b8007d1a35f461999*
`登陆天数: 142天 / 1007天
等级: 125
石头: 0
呼符: 0
体力: 118055.06666666667 / 137
友情点: 0 / 952780`
*連続ログイン2日目
※ログインが途切れるか、7日到達すると
1日目から再開されます*
`聖晶石 X 1
6月交換券(2023) X 1
`_2023-06-01 03:31:47_
--------
