【登录信息】
*318194637fc953496e5082ebcbeae7a2*
`登陆天数: 143天 / 1608天
等级: 141
石头: 5
呼符: 0
体力: 664.36 / 140
友情点: 6800 / 3029835`
*連続ログイン3日目
※ログインが途切れるか、7日到達すると
1日目から再開されます*
`叡智の業火 X 1
6月交換券(2023) X 1
`_2023-06-02 03:31:51_
--------
*9d78e90bb76b42970abd7495d7329768*
`登陆天数: 143天 / 888天
等级: 128
石头: 640
呼符: 68
体力: 32006.76 / 137
友情点: 0 / 843990`
*連続ログイン3日目
※ログインが途切れるか、7日到達すると
1日目から再開されます*
`叡智の業火 X 1
6月交換券(2023) X 1
`_2023-06-02 03:31:59_
--------
*b6bbcdbd5addb82b8007d1a35f461999*
`登陆天数: 143天 / 1008天
等级: 125
石头: 0
呼符: 0
体力: 118343.14 / 137
友情点: 0 / 952780`
*連続ログイン3日目
※ログインが途切れるか、7日到達すると
1日目から再開されます*
`叡智の業火 X 1
6月交換券(2023) X 1
`_2023-06-02 03:32:09_
--------
