【登录信息】
*318194637fc953496e5082ebcbeae7a2*
`登陆天数: 146天 / 1611天
等级: 141
石头: 5
呼符: 0
体力: 1528.32 / 140
友情点: 4930 / 3045400`
*連続ログイン6日目
※ログインが途切れるか、7日到達すると
1日目から再開されます*
`聖晶石 X 2
6月交換券(2023) X 1
`_2023-06-05 03:31:39_
--------
*9d78e90bb76b42970abd7495d7329768*
`登陆天数: 146天 / 891天
等级: 128
石头: 640
呼符: 68
体力: 32870.72 / 137
友情点: 0 / 843990`
*連続ログイン6日目
※ログインが途切れるか、7日到達すると
1日目から再開されます*
`聖晶石 X 2
6月交換券(2023) X 1
`_2023-06-05 03:31:47_
--------
*b6bbcdbd5addb82b8007d1a35f461999*
`登陆天数: 146天 / 1011天
等级: 125
石头: 0
呼符: 0
体力: 119207.1 / 137
友情点: 0 / 952780`
*連続ログイン6日目
※ログインが途切れるか、7日到達すると
1日目から再開されます*
`聖晶石 X 2
6月交換券(2023) X 1
`_2023-06-05 03:31:57_
--------
