【登录信息】
*318194637fc953496e5082ebcbeae7a2*
`登陆天数: 147天 / 1612天
等级: 141
石头: 5
呼符: 0
体力: 1816.2866666666666 / 140
友情点: 2890 / 3048290`
*連続ログイン7日間到達おめでとうございます！
明日は1日目からリスタートされます。*
`獣の足跡 X 1
呼符 X 1
6月交換券(2023) X 1
`_2023-06-06 03:31:29_
--------
*9d78e90bb76b42970abd7495d7329768*
`登陆天数: 147天 / 892天
等级: 128
石头: 640
呼符: 68
体力: 33158.69 / 137
友情点: 0 / 843990`
*連続ログイン7日間到達おめでとうございます！
明日は1日目からリスタートされます。*
`獣の足跡 X 1
呼符 X 1
6月交換券(2023) X 1
`_2023-06-06 03:31:37_
--------
*b6bbcdbd5addb82b8007d1a35f461999*
`登陆天数: 147天 / 1012天
等级: 125
石头: 0
呼符: 0
体力: 119495.06666666667 / 137
友情点: 0 / 952780`
*連続ログイン7日間到達おめでとうございます！
明日は1日目からリスタートされます。*
`獣の足跡 X 1
呼符 X 1
6月交換券(2023) X 1
`_2023-06-06 03:31:48_
--------
