【登录信息】
*318194637fc953496e5082ebcbeae7a2*
`登陆天数: 148天 / 1613天
等级: 141
石头: 5
呼符: 0
体力: 2104.2766666666666 / 140
友情点: 4590 / 3052880`
*連続ログイン1日目
※ログインが途切れるか、7日到達すると
1日目から再開されます*
`フレンドポイント X 2000
6月交換券(2023) X 1
`_2023-06-07 03:31:26_
--------
*9d78e90bb76b42970abd7495d7329768*
`登陆天数: 148天 / 893天
等级: 128
石头: 640
呼符: 68
体力: 33446.68 / 137
友情点: 0 / 843990`
*連続ログイン1日目
※ログインが途切れるか、7日到達すると
1日目から再開されます*
`フレンドポイント X 2000
6月交換券(2023) X 1
`_2023-06-07 03:31:34_
--------
*b6bbcdbd5addb82b8007d1a35f461999*
`登陆天数: 148天 / 1013天
等级: 125
石头: 0
呼符: 0
体力: 119783.05666666667 / 137
友情点: 0 / 952780`
*連続ログイン1日目
※ログインが途切れるか、7日到達すると
1日目から再開されます*
`フレンドポイント X 2000
6月交換券(2023) X 1
`_2023-06-07 03:31:45_
--------
