【登录信息】
*318194637fc953496e5082ebcbeae7a2*
`登陆天数: 149天 / 1614天
等级: 141
石头: 5
呼符: 0
体力: 2392.3 / 140
友情点: 4420 / 3057300`
*連続ログイン2日目
※ログインが途切れるか、7日到達すると
1日目から再開されます*
`聖晶石 X 1
6月交換券(2023) X 1
`*奏章Ⅰ 
虚数羅針内界 ペーパームーン
開幕直前ログインボーナス*
*開催期間中、1日1回 7日間日替りでログインボーナスをプレゼント！*
`QP X 3000000
白銀の果実 X 1
`_2023-06-08 03:31:33_
--------
*9d78e90bb76b42970abd7495d7329768*
`登陆天数: 149天 / 894天
等级: 128
石头: 640
呼符: 68
体力: 33734.70333333333 / 137
友情点: 0 / 843990`
*連続ログイン2日目
※ログインが途切れるか、7日到達すると
1日目から再開されます*
`聖晶石 X 1
6月交換券(2023) X 1
`*奏章Ⅰ 
虚数羅針内界 ペーパームーン
開幕直前ログインボーナス*
*開催期間中、1日1回 7日間日替りでログインボーナスをプレゼント！*
`QP X 3000000
白銀の果実 X 1
`_2023-06-08 03:31:41_
--------
*b6bbcdbd5addb82b8007d1a35f461999*
`登陆天数: 149天 / 1014天
等级: 125
石头: 0
呼符: 0
体力: 120071.08 / 137
友情点: 0 / 952780`
*連続ログイン2日目
※ログインが途切れるか、7日到達すると
1日目から再開されます*
`聖晶石 X 1
6月交換券(2023) X 1
`*奏章Ⅰ 
虚数羅針内界 ペーパームーン
開幕直前ログインボーナス*
*開催期間中、1日1回 7日間日替りでログインボーナスをプレゼント！*
`QP X 3000000
白銀の果実 X 1
`_2023-06-08 03:31:52_
--------
