【登录信息】
*318194637fc953496e5082ebcbeae7a2*
`登陆天数: 150天 / 1615天
等级: 141
石头: 5
呼符: 0
体力: 2680.286666666667 / 140
友情点: 935 / 3058235`
*連続ログイン3日目
※ログインが途切れるか、7日到達すると
1日目から再開されます*
`叡智の業火 X 1
6月交換券(2023) X 1
`*奏章Ⅰ 
虚数羅針内界 ペーパームーン
開幕直前ログインボーナス*
*開催期間中、1日1回 7日間日替りでログインボーナスをプレゼント！*
`英霊結晶・星のフォウくん X 2
白銀の果実 X 1
`_2023-06-09 03:31:29_
--------
*9d78e90bb76b42970abd7495d7329768*
`登陆天数: 150天 / 895天
等级: 128
石头: 640
呼符: 68
体力: 34022.68666666667 / 137
友情点: 0 / 843990`
*連続ログイン3日目
※ログインが途切れるか、7日到達すると
1日目から再開されます*
`叡智の業火 X 1
6月交換券(2023) X 1
`*奏章Ⅰ 
虚数羅針内界 ペーパームーン
開幕直前ログインボーナス*
*開催期間中、1日1回 7日間日替りでログインボーナスをプレゼント！*
`英霊結晶・星のフォウくん X 2
白銀の果実 X 1
`_2023-06-09 03:31:37_
--------
*b6bbcdbd5addb82b8007d1a35f461999*
`登陆天数: 150天 / 1015天
等级: 125
石头: 0
呼符: 0
体力: 120359.06666666667 / 137
友情点: 10 / 952790`
*連続ログイン3日目
※ログインが途切れるか、7日到達すると
1日目から再開されます*
`叡智の業火 X 1
6月交換券(2023) X 1
`*奏章Ⅰ 
虚数羅針内界 ペーパームーン
開幕直前ログインボーナス*
*開催期間中、1日1回 7日間日替りでログインボーナスをプレゼント！*
`英霊結晶・星のフォウくん X 2
白銀の果実 X 1
`_2023-06-09 03:31:47_
--------
