【登录信息】
*318194637fc953496e5082ebcbeae7a2*
`登陆天数: 151天 / 1616天
等级: 141
石头: 5
呼符: 0
体力: 2968.35 / 140
友情点: 9350 / 3067585`
*連続ログイン4日目
※ログインが途切れるか、7日到達すると
1日目から再開されます*
`聖晶石 X 1
6月交換券(2023) X 1
`*奏章Ⅰ 
虚数羅針内界 ペーパームーン
開幕直前ログインボーナス*
*開催期間中、1日1回 7日間日替りでログインボーナスをプレゼント！*
`英霊結晶・太陽のフォウくん X 2
白銀の果実 X 1
`_2023-06-10 03:31:48_
--------
*9d78e90bb76b42970abd7495d7329768*
`登陆天数: 151天 / 896天
等级: 128
石头: 640
呼符: 68
体力: 34310.753333333334 / 137
友情点: 0 / 843990`
*連続ログイン4日目
※ログインが途切れるか、7日到達すると
1日目から再開されます*
`聖晶石 X 1
6月交換券(2023) X 1
`*奏章Ⅰ 
虚数羅針内界 ペーパームーン
開幕直前ログインボーナス*
*開催期間中、1日1回 7日間日替りでログインボーナスをプレゼント！*
`英霊結晶・太陽のフォウくん X 2
白銀の果実 X 1
`_2023-06-10 03:31:56_
--------
*b6bbcdbd5addb82b8007d1a35f461999*
`登陆天数: 151天 / 1016天
等级: 125
石头: 0
呼符: 0
体力: 120647.13 / 137
友情点: 0 / 952790`
*連続ログイン4日目
※ログインが途切れるか、7日到達すると
1日目から再開されます*
`聖晶石 X 1
6月交換券(2023) X 1
`*奏章Ⅰ 
虚数羅針内界 ペーパームーン
開幕直前ログインボーナス*
*開催期間中、1日1回 7日間日替りでログインボーナスをプレゼント！*
`英霊結晶・太陽のフォウくん X 2
白銀の果実 X 1
`_2023-06-10 03:32:07_
--------
