【登录信息】
*318194637fc953496e5082ebcbeae7a2*
`登陆天数: 152天 / 1617天
等级: 141
石头: 5
呼符: 0
体力: 3256.2766666666666 / 140
友情点: 3060 / 3070645`
*連続ログイン5日目
※ログインが途切れるか、7日到達すると
1日目から再開されます*
`叡智の業火 X 2
6月交換券(2023) X 1
`*奏章Ⅰ 
虚数羅針内界 ペーパームーン
開幕直前ログインボーナス*
*開催期間中、1日1回 7日間日替りでログインボーナスをプレゼント！*
`マナプリズム X 50
黄金の果実 X 1
`_2023-06-11 03:31:26_
--------
*9d78e90bb76b42970abd7495d7329768*
`登陆天数: 152天 / 897天
等级: 128
石头: 640
呼符: 68
体力: 34598.676666666666 / 137
友情点: 0 / 843990`
*連続ログイン5日目
※ログインが途切れるか、7日到達すると
1日目から再開されます*
`叡智の業火 X 2
6月交換券(2023) X 1
`*奏章Ⅰ 
虚数羅針内界 ペーパームーン
開幕直前ログインボーナス*
*開催期間中、1日1回 7日間日替りでログインボーナスをプレゼント！*
`マナプリズム X 50
黄金の果実 X 1
`_2023-06-11 03:31:34_
--------
*b6bbcdbd5addb82b8007d1a35f461999*
`登陆天数: 152天 / 1017天
等级: 125
石头: 0
呼符: 0
体力: 120935.05666666667 / 137
友情点: 0 / 952790`
*連続ログイン5日目
※ログインが途切れるか、7日到達すると
1日目から再開されます*
`叡智の業火 X 2
6月交換券(2023) X 1
`*奏章Ⅰ 
虚数羅針内界 ペーパームーン
開幕直前ログインボーナス*
*開催期間中、1日1回 7日間日替りでログインボーナスをプレゼント！*
`マナプリズム X 50
黄金の果実 X 1
`_2023-06-11 03:31:44_
--------
