【登录信息】
*318194637fc953496e5082ebcbeae7a2*
`登陆天数: 154天 / 1619天
等级: 141
石头: 5
呼符: 0
体力: 3832.3 / 140
友情点: 21845 / 3107120`
*連続ログイン7日間到達おめでとうございます！
明日は1日目からリスタートされます。*
`獣の足跡 X 1
呼符 X 1
6月交換券(2023) X 1
`*奏章Ⅰ 
虚数羅針内界 ペーパームーン
開幕直前ログインボーナス*
*開催期間中、1日1回 7日間日替りでログインボーナスをプレゼント！*
`英霊結晶・太陽のフォウくん X 3
黄金の果実 X 1
`_2023-06-13 03:31:33_
--------
*9d78e90bb76b42970abd7495d7329768*
`登陆天数: 154天 / 899天
等级: 128
石头: 640
呼符: 68
体力: 35174.70333333333 / 137
友情点: 0 / 843990`
*連続ログイン7日間到達おめでとうございます！
明日は1日目からリスタートされます。*
`獣の足跡 X 1
呼符 X 1
6月交換券(2023) X 1
`*奏章Ⅰ 
虚数羅針内界 ペーパームーン
開幕直前ログインボーナス*
*開催期間中、1日1回 7日間日替りでログインボーナスをプレゼント！*
`英霊結晶・太陽のフォウくん X 3
黄金の果実 X 1
`_2023-06-13 03:31:41_
--------
*b6bbcdbd5addb82b8007d1a35f461999*
`登陆天数: 154天 / 1019天
等级: 125
石头: 0
呼符: 0
体力: 121511.08 / 137
友情点: 0 / 952790`
*連続ログイン7日間到達おめでとうございます！
明日は1日目からリスタートされます。*
`獣の足跡 X 1
呼符 X 1
6月交換券(2023) X 1
`*奏章Ⅰ 
虚数羅針内界 ペーパームーン
開幕直前ログインボーナス*
*開催期間中、1日1回 7日間日替りでログインボーナスをプレゼント！*
`英霊結晶・太陽のフォウくん X 3
黄金の果実 X 1
`_2023-06-13 03:31:52_
--------
