【登录信息】
*318194637fc953496e5082ebcbeae7a2*
`登陆天数: 155天 / 1620天
等级: 141
石头: 5
呼符: 0
体力: 4120.303333333333 / 140
友情点: 19380 / 3126700`
*連続ログイン1日目
※ログインが途切れるか、7日到達すると
1日目から再開されます*
`フレンドポイント X 2000
6月交換券(2023) X 1
`*奏章Ⅰ 
虚数羅針内界 ペーパームーン
開幕直前ログインボーナス*
*開催期間中、1日1回 7日間日替りでログインボーナスをプレゼント！*
`マナプリズム X 100
黄金の果実 X 2
`_2023-06-14 03:31:34_
--------
*9d78e90bb76b42970abd7495d7329768*
`登陆天数: 155天 / 900天
等级: 128
石头: 640
呼符: 68
体力: 35462.70333333333 / 137
友情点: 0 / 843990`
*連続ログイン1日目
※ログインが途切れるか、7日到達すると
1日目から再開されます*
`フレンドポイント X 2000
6月交換券(2023) X 1
`*奏章Ⅰ 
虚数羅針内界 ペーパームーン
開幕直前ログインボーナス*
*開催期間中、1日1回 7日間日替りでログインボーナスをプレゼント！*
`マナプリズム X 100
黄金の果実 X 2
`_2023-06-14 03:31:42_
--------
*b6bbcdbd5addb82b8007d1a35f461999*
`登陆天数: 155天 / 1020天
等级: 125
石头: 0
呼符: 0
体力: 121799.08333333333 / 137
友情点: 0 / 952790`
*連続ログイン1日目
※ログインが途切れるか、7日到達すると
1日目から再開されます*
`フレンドポイント X 2000
6月交換券(2023) X 1
`*奏章Ⅰ 
虚数羅針内界 ペーパームーン
開幕直前ログインボーナス*
*開催期間中、1日1回 7日間日替りでログインボーナスをプレゼント！*
`マナプリズム X 100
黄金の果実 X 2
`_2023-06-14 03:31:53_
--------
