【登录信息】
*318194637fc953496e5082ebcbeae7a2*
`登陆天数: 156天 / 1621天
等级: 141
石头: 5
呼符: 0
体力: 4408.323333333334 / 140
友情点: 20740 / 3147440`
*連続ログイン2日目
※ログインが途切れるか、7日到達すると
1日目から再開されます*
`聖晶石 X 1
6月交換券(2023) X 1
`*Dandelion1 生放送放送 初回ログインボーナス*
*開催期間中、初回ログインで「聖晶石×14」をプレゼント！*
`聖晶石 X 14
`_2023-06-15 03:31:40_
--------
*9d78e90bb76b42970abd7495d7329768*
`登陆天数: 156天 / 901天
等级: 128
石头: 640
呼符: 68
体力: 35750.723333333335 / 137
友情点: 0 / 843990`
*連続ログイン2日目
※ログインが途切れるか、7日到達すると
1日目から再開されます*
`聖晶石 X 1
6月交換券(2023) X 1
`*Dandelion1 生放送放送 初回ログインボーナス*
*開催期間中、初回ログインで「聖晶石×14」をプレゼント！*
`聖晶石 X 14
`_2023-06-15 03:31:48_
--------
*b6bbcdbd5addb82b8007d1a35f461999*
`登陆天数: 156天 / 1021天
等级: 125
石头: 0
呼符: 0
体力: 122087.10333333333 / 137
友情点: 0 / 952790`
*連続ログイン2日目
※ログインが途切れるか、7日到達すると
1日目から再開されます*
`聖晶石 X 1
6月交換券(2023) X 1
`*Dandelion1 生放送放送 初回ログインボーナス*
*開催期間中、初回ログインで「聖晶石×14」をプレゼント！*
`聖晶石 X 14
`_2023-06-15 03:31:58_
--------
