【登录信息】
*318194637fc953496e5082ebcbeae7a2*
`登陆天数: 157天 / 1622天
等级: 141
石头: 5
呼符: 0
体力: 4696.31 / 140
友情点: 18700 / 3166140`
*連続ログイン3日目
※ログインが途切れるか、7日到達すると
1日目から再開されます*
`叡智の業火 X 1
6月交換券(2023) X 1
`_2023-06-16 03:31:36_
--------
*9d78e90bb76b42970abd7495d7329768*
`登陆天数: 157天 / 902天
等级: 128
石头: 640
呼符: 68
体力: 36038.71333333333 / 137
友情点: 0 / 843990`
*連続ログイン3日目
※ログインが途切れるか、7日到達すると
1日目から再開されます*
`叡智の業火 X 1
6月交換券(2023) X 1
`_2023-06-16 03:31:44_
--------
*b6bbcdbd5addb82b8007d1a35f461999*
`登陆天数: 157天 / 1022天
等级: 125
石头: 0
呼符: 0
体力: 122375.09 / 137
友情点: 0 / 952790`
*連続ログイン3日目
※ログインが途切れるか、7日到達すると
1日目から再開されます*
`叡智の業火 X 1
6月交換券(2023) X 1
`_2023-06-16 03:31:55_
--------
