【登录信息】
*318194637fc953496e5082ebcbeae7a2*
`登陆天数: 158天 / 1623天
等级: 141
石头: 5
呼符: 0
体力: 4984.376666666667 / 140
友情点: 11475 / 3177615`
*連続ログイン4日目
※ログインが途切れるか、7日到達すると
1日目から再開されます*
`聖晶石 X 1
6月交換券(2023) X 1
`_2023-06-17 03:31:56_
--------
*9d78e90bb76b42970abd7495d7329768*
`登陆天数: 158天 / 903天
等级: 128
石头: 640
呼符: 68
体力: 36326.776666666665 / 137
友情点: 360 / 844350`
*連続ログイン4日目
※ログインが途切れるか、7日到達すると
1日目から再開されます*
`聖晶石 X 1
6月交換券(2023) X 1
`_2023-06-17 03:32:04_
--------
*b6bbcdbd5addb82b8007d1a35f461999*
`登陆天数: 158天 / 1023天
等级: 125
石头: 0
呼符: 0
体力: 122663.15333333334 / 137
友情点: 610 / 953400`
*連続ログイン4日目
※ログインが途切れるか、7日到達すると
1日目から再開されます*
`聖晶石 X 1
6月交換券(2023) X 1
`_2023-06-17 03:32:14_
--------
