【登录信息】
*318194637fc953496e5082ebcbeae7a2*
`登陆天数: 159天 / 1624天
等级: 141
石头: 5
呼符: 0
体力: 5272.293333333333 / 140
友情点: 1870 / 3179485`
*連続ログイン5日目
※ログインが途切れるか、7日到達すると
1日目から再開されます*
`叡智の業火 X 2
6月交換券(2023) X 1
`_2023-06-18 03:31:31_
--------
*9d78e90bb76b42970abd7495d7329768*
`登陆天数: 159天 / 904天
等级: 128
石头: 640
呼符: 68
体力: 36614.693333333336 / 137
友情点: 200 / 844550`
*連続ログイン5日目
※ログインが途切れるか、7日到達すると
1日目から再開されます*
`叡智の業火 X 2
6月交換券(2023) X 1
`_2023-06-18 03:31:39_
--------
*b6bbcdbd5addb82b8007d1a35f461999*
`登陆天数: 159天 / 1024天
等级: 125
石头: 0
呼符: 0
体力: 122951.07333333333 / 137
友情点: 160 / 953560`
*連続ログイン5日目
※ログインが途切れるか、7日到達すると
1日目から再開されます*
`叡智の業火 X 2
6月交換券(2023) X 1
`_2023-06-18 03:31:49_
--------
