【登录信息】
*318194637fc953496e5082ebcbeae7a2*
`登陆天数: 160天 / 1625天
等级: 141
石头: 5
呼符: 0
体力: 5560.316666666667 / 140
友情点: 6885 / 3186370`
*連続ログイン6日目
※ログインが途切れるか、7日到達すると
1日目から再開されます*
`聖晶石 X 2
6月交換券(2023) X 1
`_2023-06-19 03:31:38_
--------
*9d78e90bb76b42970abd7495d7329768*
`登陆天数: 160天 / 905天
等级: 128
石头: 640
呼符: 68
体力: 36902.72 / 137
友情点: 120 / 844670`
*連続ログイン6日目
※ログインが途切れるか、7日到達すると
1日目から再開されます*
`聖晶石 X 2
6月交換券(2023) X 1
`_2023-06-19 03:31:46_
--------
*b6bbcdbd5addb82b8007d1a35f461999*
`登陆天数: 160天 / 1025天
等级: 125
石头: 0
呼符: 0
体力: 123239.09666666666 / 137
友情点: 50 / 953610`
*連続ログイン6日目
※ログインが途切れるか、7日到達すると
1日目から再開されます*
`聖晶石 X 2
6月交換券(2023) X 1
`_2023-06-19 03:31:57_
--------
