【登录信息】
*318194637fc953496e5082ebcbeae7a2*
`登陆天数: 161天 / 1626天
等级: 141
石头: 5
呼符: 0
体力: 5848.33 / 140
友情点: 1275 / 3187645`
*連続ログイン7日間到達おめでとうございます！
明日は1日目からリスタートされます。*
`獣の足跡 X 1
呼符 X 1
6月交換券(2023) X 1
`_2023-06-20 03:31:42_
--------
*9d78e90bb76b42970abd7495d7329768*
`登陆天数: 161天 / 906天
等级: 128
石头: 640
呼符: 68
体力: 37190.73333333333 / 137
友情点: 60 / 844730`
*連続ログイン7日間到達おめでとうございます！
明日は1日目からリスタートされます。*
`獣の足跡 X 1
呼符 X 1
6月交換券(2023) X 1
`_2023-06-20 03:31:50_
--------
*b6bbcdbd5addb82b8007d1a35f461999*
`登陆天数: 161天 / 1026天
等级: 125
石头: 0
呼符: 0
体力: 123527.11 / 137
友情点: 80 / 953690`
*連続ログイン7日間到達おめでとうございます！
明日は1日目からリスタートされます。*
`獣の足跡 X 1
呼符 X 1
6月交換券(2023) X 1
`_2023-06-20 03:32:01_
--------
