【登录信息】
*318194637fc953496e5082ebcbeae7a2*
`登陆天数: 162天 / 1627天
等级: 141
石头: 5
呼符: 0
体力: 6136.346666666666 / 140
友情点: 13855 / 3201700`
*連続ログイン1日目
※ログインが途切れるか、7日到達すると
1日目から再開されます*
`フレンドポイント X 2000
6月交換券(2023) X 1
`_2023-06-21 03:31:47_
--------
*9d78e90bb76b42970abd7495d7329768*
`登陆天数: 162天 / 907天
等级: 128
石头: 640
呼符: 68
体力: 37478.746666666666 / 137
友情点: 0 / 844730`
*連続ログイン1日目
※ログインが途切れるか、7日到達すると
1日目から再開されます*
`フレンドポイント X 2000
6月交換券(2023) X 1
`_2023-06-21 03:31:55_
--------
*b6bbcdbd5addb82b8007d1a35f461999*
`登陆天数: 162天 / 1027天
等级: 125
石头: 0
呼符: 0
体力: 123815.12666666666 / 137
友情点: 0 / 953690`
*連続ログイン1日目
※ログインが途切れるか、7日到達すると
1日目から再開されます*
`フレンドポイント X 2000
6月交換券(2023) X 1
`_2023-06-21 03:32:06_
--------
