【登录信息】
*318194637fc953496e5082ebcbeae7a2*
`登陆天数: 164天 / 1629天
等级: 141
石头: 5
呼符: 0
体力: 6712.373333333333 / 140
友情点: 9350 / 3216585`
*連続ログイン3日目
※ログインが途切れるか、7日到達すると
1日目から再開されます*
`叡智の業火 X 1
6月交換券(2023) X 1
`_2023-06-23 03:31:55_
--------
*9d78e90bb76b42970abd7495d7329768*
`登陆天数: 164天 / 909天
等级: 128
石头: 640
呼符: 68
体力: 38054.776666666665 / 137
友情点: 0 / 844730`
*連続ログイン3日目
※ログインが途切れるか、7日到達すると
1日目から再開されます*
`叡智の業火 X 1
6月交換券(2023) X 1
`_2023-06-23 03:32:03_
--------
*b6bbcdbd5addb82b8007d1a35f461999*
`登陆天数: 164天 / 1029天
等级: 125
石头: 0
呼符: 0
体力: 124391.15333333334 / 137
友情点: 20 / 953710`
*連続ログイン3日目
※ログインが途切れるか、7日到達すると
1日目から再開されます*
`叡智の業火 X 1
6月交換券(2023) X 1
`_2023-06-23 03:32:14_
--------
