【登录信息】
*318194637fc953496e5082ebcbeae7a2*
`登陆天数: 165天 / 1630天
等级: 141
石头: 5
呼符: 0
体力: 7000.3133333333335 / 140
友情点: 4335 / 3220950`
*連続ログイン4日目
※ログインが途切れるか、7日到達すると
1日目から再開されます*
`聖晶石 X 1
6月交換券(2023) X 1
`_2023-06-24 03:31:37_
--------
*9d78e90bb76b42970abd7495d7329768*
`登陆天数: 165天 / 910天
等级: 128
石头: 640
呼符: 68
体力: 38342.71333333333 / 137
友情点: 0 / 844730`
*連続ログイン4日目
※ログインが途切れるか、7日到達すると
1日目から再開されます*
`聖晶石 X 1
6月交換券(2023) X 1
`_2023-06-24 03:31:45_
--------
*b6bbcdbd5addb82b8007d1a35f461999*
`登陆天数: 165天 / 1030天
等级: 125
石头: 0
呼符: 0
体力: 124679.09333333334 / 137
友情点: 0 / 953710`
*連続ログイン4日目
※ログインが途切れるか、7日到達すると
1日目から再開されます*
`聖晶石 X 1
6月交換券(2023) X 1
`_2023-06-24 03:31:55_
--------
