【登录信息】
*318194637fc953496e5082ebcbeae7a2*
`登陆天数: 166天 / 1631天
等级: 141
石头: 5
呼符: 0
体力: 7288.316666666667 / 140
友情点: 2040 / 3222990`
*連続ログイン5日目
※ログインが途切れるか、7日到達すると
1日目から再開されます*
`叡智の業火 X 2
6月交換券(2023) X 1
`_2023-06-25 03:31:38_
--------
*9d78e90bb76b42970abd7495d7329768*
`登陆天数: 166天 / 911天
等级: 128
石头: 640
呼符: 68
体力: 38630.72 / 137
友情点: 110 / 844840`
*連続ログイン5日目
※ログインが途切れるか、7日到達すると
1日目から再開されます*
`叡智の業火 X 2
6月交換券(2023) X 1
`_2023-06-25 03:31:46_
--------
*b6bbcdbd5addb82b8007d1a35f461999*
`登陆天数: 166天 / 1031天
等级: 125
石头: 0
呼符: 0
体力: 124967.09666666666 / 137
友情点: 140 / 953850`
*連続ログイン5日目
※ログインが途切れるか、7日到達すると
1日目から再開されます*
`叡智の業火 X 2
6月交換券(2023) X 1
`_2023-06-25 03:31:57_
--------
