【登录信息】
*318194637fc953496e5082ebcbeae7a2*
`登陆天数: 167天 / 1632天
等级: 141
石头: 5
呼符: 0
体力: 7576.366666666667 / 140
友情点: 8415 / 3231405`
*連続ログイン6日目
※ログインが途切れるか、7日到達すると
1日目から再開されます*
`聖晶石 X 2
6月交換券(2023) X 1
`_2023-06-26 03:31:53_
--------
*9d78e90bb76b42970abd7495d7329768*
`登陆天数: 167天 / 912天
等级: 128
石头: 640
呼符: 68
体力: 38918.77 / 137
友情点: 10 / 844850`
*連続ログイン6日目
※ログインが途切れるか、7日到達すると
1日目から再開されます*
`聖晶石 X 2
6月交換券(2023) X 1
`_2023-06-26 03:32:01_
--------
*b6bbcdbd5addb82b8007d1a35f461999*
`登陆天数: 167天 / 1032天
等级: 125
石头: 0
呼符: 0
体力: 125255.14666666667 / 137
友情点: 10 / 953860`
*連続ログイン6日目
※ログインが途切れるか、7日到達すると
1日目から再開されます*
`聖晶石 X 2
6月交換券(2023) X 1
`_2023-06-26 03:32:12_
--------
