【登录信息】
*318194637fc953496e5082ebcbeae7a2*
`登陆天数: 168天 / 1633天
等级: 141
石头: 5
呼符: 0
体力: 7864.363333333334 / 140
友情点: 5525 / 3236930`
*連続ログイン7日間到達おめでとうございます！
明日は1日目からリスタートされます。*
`獣の足跡 X 1
呼符 X 1
6月交換券(2023) X 1
`_2023-06-27 03:31:52_
--------
*9d78e90bb76b42970abd7495d7329768*
`登陆天数: 168天 / 913天
等级: 128
石头: 640
呼符: 68
体力: 39206.763333333336 / 137
友情点: 20 / 844870`
*連続ログイン7日間到達おめでとうございます！
明日は1日目からリスタートされます。*
`獣の足跡 X 1
呼符 X 1
6月交換券(2023) X 1
`_2023-06-27 03:32:00_
--------
*b6bbcdbd5addb82b8007d1a35f461999*
`登陆天数: 168天 / 1033天
等级: 125
石头: 0
呼符: 0
体力: 125543.14333333333 / 137
友情点: 0 / 953860`
*連続ログイン7日間到達おめでとうございます！
明日は1日目からリスタートされます。*
`獣の足跡 X 1
呼符 X 1
6月交換券(2023) X 1
`_2023-06-27 03:32:11_
--------
