【登录信息】
*318194637fc953496e5082ebcbeae7a2*
`登陆天数: 169天 / 1634天
等级: 141
石头: 5
呼符: 0
体力: 8152.286666666667 / 140
友情点: 7650 / 3244780`
*連続ログイン1日目
※ログインが途切れるか、7日到達すると
1日目から再開されます*
`フレンドポイント X 2000
6月交換券(2023) X 1
`_2023-06-28 03:31:28_
--------
*9d78e90bb76b42970abd7495d7329768*
`登陆天数: 169天 / 914天
等级: 128
石头: 640
呼符: 68
体力: 39494.68666666667 / 137
友情点: 0 / 844870`
*連続ログイン1日目
※ログインが途切れるか、7日到達すると
1日目から再開されます*
`フレンドポイント X 2000
6月交換券(2023) X 1
`_2023-06-28 03:31:37_
--------
*b6bbcdbd5addb82b8007d1a35f461999*
`登陆天数: 169天 / 1034天
等级: 125
石头: 0
呼符: 0
体力: 125831.06666666667 / 137
友情点: 0 / 953860`
*連続ログイン1日目
※ログインが途切れるか、7日到達すると
1日目から再開されます*
`フレンドポイント X 2000
6月交換券(2023) X 1
`_2023-06-28 03:31:47_
--------
