【登录信息】
*318194637fc953496e5082ebcbeae7a2*
`登陆天数: 170天 / 1635天
等级: 141
石头: 5
呼符: 0
体力: 8440.35 / 140
友情点: 4250 / 3249030`
*連続ログイン2日目
※ログインが途切れるか、7日到達すると
1日目から再開されます*
`聖晶石 X 1
6月交換券(2023) X 1
`*2800万DL突破記念 特別回数ログインボーナス*
*開催期間中、1日1回 最大10回 回数ログインボーナスをプレゼント！*
`白銀の果実 X 10
星見のティーポット X 3
`_2023-06-29 03:31:48_
--------
*9d78e90bb76b42970abd7495d7329768*
`登陆天数: 170天 / 915天
等级: 128
石头: 640
呼符: 68
体力: 39782.753333333334 / 137
友情点: 20 / 844890`
*連続ログイン2日目
※ログインが途切れるか、7日到達すると
1日目から再開されます*
`聖晶石 X 1
6月交換券(2023) X 1
`*2800万DL突破記念 特別回数ログインボーナス*
*開催期間中、1日1回 最大10回 回数ログインボーナスをプレゼント！*
`白銀の果実 X 10
星見のティーポット X 3
`_2023-06-29 03:31:56_
--------
*b6bbcdbd5addb82b8007d1a35f461999*
`登陆天数: 170天 / 1035天
等级: 125
石头: 0
呼符: 0
体力: 126119.13 / 137
友情点: 30 / 953890`
*連続ログイン2日目
※ログインが途切れるか、7日到達すると
1日目から再開されます*
`聖晶石 X 1
6月交換券(2023) X 1
`*2800万DL突破記念 特別回数ログインボーナス*
*開催期間中、1日1回 最大10回 回数ログインボーナスをプレゼント！*
`白銀の果実 X 10
星見のティーポット X 3
`_2023-06-29 03:32:07_
--------
