【登录信息】
*318194637fc953496e5082ebcbeae7a2*
`登陆天数: 171天 / 1636天
等级: 141
石头: 5
呼符: 0
体力: 8728.323333333334 / 140
友情点: 1615 / 3250645`
*連続ログイン3日目
※ログインが途切れるか、7日到達すると
1日目から再開されます*
`叡智の業火 X 1
6月交換券(2023) X 1
`*2800万DL突破記念 特別回数ログインボーナス*
*開催期間中、1日1回 最大10回 回数ログインボーナスをプレゼント！*
`マナプリズム X 100
黄金の果実 X 10
`_2023-06-30 03:31:40_
--------
*9d78e90bb76b42970abd7495d7329768*
`登陆天数: 171天 / 916天
等级: 128
石头: 640
呼符: 68
体力: 40070.72666666667 / 137
友情点: 110 / 845000`
*連続ログイン3日目
※ログインが途切れるか、7日到達すると
1日目から再開されます*
`叡智の業火 X 1
6月交換券(2023) X 1
`*2800万DL突破記念 特別回数ログインボーナス*
*開催期間中、1日1回 最大10回 回数ログインボーナスをプレゼント！*
`マナプリズム X 100
黄金の果実 X 10
`_2023-06-30 03:31:48_
--------
*b6bbcdbd5addb82b8007d1a35f461999*
`登陆天数: 171天 / 1036天
等级: 125
石头: 0
呼符: 0
体力: 126407.10333333333 / 137
友情点: 90 / 954180`
*連続ログイン3日目
※ログインが途切れるか、7日到達すると
1日目から再開されます*
`叡智の業火 X 1
6月交換券(2023) X 1
`*2800万DL突破記念 特別回数ログインボーナス*
*開催期間中、1日1回 最大10回 回数ログインボーナスをプレゼント！*
`マナプリズム X 100
黄金の果実 X 10
`_2023-06-30 03:31:59_
--------
