【登录信息】
[318194637fc953496e5082ebcbeae7a2]
`登陆天数: 88天 / 1159天
等级: 141
石头: 86
呼符: 12
友情点: 1020 / 117295505`
*連続ログイン4日目
※ログインが途切れるか、7日到達すると
1日目から再開されます*
`聖晶石 X 1
3月交換券(2022) X 1
`*ホワイトデー2022開催直前特別ログインボーナス*
*開催期間中、1日1回 最大7回 ログインボーナスをプレゼント！*
`黄金の果実 X 1
`_2022-03-01 03:31:43_
--------
[9d78e90bb76b42970abd7495d7329768]
`登陆天数: 88天 / 439天
等级: 128
石头: 128
呼符: 27
友情点: 0 / 717495`
*連続ログイン4日目
※ログインが途切れるか、7日到達すると
1日目から再開されます*
`聖晶石 X 1
3月交換券(2022) X 1
`*ホワイトデー2022開催直前特別ログインボーナス*
*開催期間中、1日1回 最大7回 ログインボーナスをプレゼント！*
`黄金の果実 X 1
`_2022-03-01 03:31:51_
--------
[2c25a694117debb52819318b9f5094b0]
`登陆天数: 54天 / 789天
等级: 134
石头: 19
呼符: 0
友情点: 0 / 2107910`
*連続ログイン5日目
※ログインが途切れるか、7日到達すると
1日目から再開されます*
`叡智の猛火 X 2
3月交換券(2022) X 1
`*ホワイトデー2022開催直前特別ログインボーナス*
*開催期間中、1日1回 最大7回 ログインボーナスをプレゼント！*
`黄金の果実 X 1
`_2022-03-01 03:31:58_
--------
