【登录信息】
[318194637fc953496e5082ebcbeae7a2]
`登陆天数: 89天 / 1160天
等级: 141
石头: 307
呼符: 22
友情点: 0 / 117313505`
*連続ログイン5日目
※ログインが途切れるか、7日到達すると
1日目から再開されます*
`叡智の猛火 X 2
3月交換券(2022) X 1
`*ホワイトデー2022開催直前特別ログインボーナス*
*開催期間中、1日1回 最大7回 ログインボーナスをプレゼント！*
`聖晶石 X 2
`_2022-03-02 03:31:49_
--------
[9d78e90bb76b42970abd7495d7329768]
`登陆天数: 89天 / 440天
等级: 128
石头: 128
呼符: 27
友情点: 0 / 717495`
*連続ログイン5日目
※ログインが途切れるか、7日到達すると
1日目から再開されます*
`叡智の猛火 X 2
3月交換券(2022) X 1
`*ホワイトデー2022開催直前特別ログインボーナス*
*開催期間中、1日1回 最大7回 ログインボーナスをプレゼント！*
`聖晶石 X 2
`_2022-03-02 03:31:57_
--------
[2c25a694117debb52819318b9f5094b0]
`登陆天数: 55天 / 790天
等级: 134
石头: 21
呼符: 0
友情点: 50 / 2108080`
*連続ログイン6日目
※ログインが途切れるか、7日到達すると
1日目から再開されます*
`聖晶石 X 2
3月交換券(2022) X 1
`*ホワイトデー2022開催直前特別ログインボーナス*
*開催期間中、1日1回 最大7回 ログインボーナスをプレゼント！*
`聖晶石 X 2
`_2022-03-02 03:32:04_
--------
