【登录信息】
[318194637fc953496e5082ebcbeae7a2]
`登陆天数: 90天 / 1161天
等级: 141
石头: 307
呼符: 28
友情点: 0 / 117313505`
*連続ログイン6日目
※ログインが途切れるか、7日到達すると
1日目から再開されます*
`聖晶石 X 2
3月交換券(2022) X 1
`_2022-03-03 03:31:43_
--------
[9d78e90bb76b42970abd7495d7329768]
`登陆天数: 90天 / 441天
等级: 128
石头: 128
呼符: 27
友情点: 0 / 717495`
*連続ログイン6日目
※ログインが途切れるか、7日到達すると
1日目から再開されます*
`聖晶石 X 2
3月交換券(2022) X 1
`*「ホワイトデー・スペクタクルズ」開催記念初回ログインボーナス*
*開催期間中、初回ログインで「ホワイトデー・スペクタクルズ入館証」をプレゼント！*
`ホワイトデー・スペクタクルズ入館証 X 1
`_2022-03-03 03:31:51_
--------
[2c25a694117debb52819318b9f5094b0]
`登陆天数: 56天 / 791天
等级: 134
石头: 0
呼符: 0
友情点: 0 / 2111135`
*連続ログイン7日間到達おめでとうございます！
明日は1日目からリスタートされます。*
`獣の足跡 X 1
呼符 X 1
3月交換券(2022) X 1
`_2022-03-03 03:31:58_
--------
