【登录信息】
[318194637fc953496e5082ebcbeae7a2]
`登陆天数: 91天 / 1162天
等级: 141
石头: 307
呼符: 28
友情点: 170 / 117313675`
*連続ログイン7日間到達おめでとうございます！
明日は1日目からリスタートされます。*
`獣の足跡 X 1
呼符 X 1
3月交換券(2022) X 1
`_2022-03-04 03:31:56_
--------
[9d78e90bb76b42970abd7495d7329768]
`登陆天数: 91天 / 442天
等级: 128
石头: 128
呼符: 27
友情点: 0 / 717495`
*連続ログイン7日間到達おめでとうございます！
明日は1日目からリスタートされます。*
`獣の足跡 X 1
呼符 X 1
3月交換券(2022) X 1
`_2022-03-04 03:32:04_
--------
[2c25a694117debb52819318b9f5094b0]
`登陆天数: 57天 / 792天
等级: 134
石头: 0
呼符: 0
友情点: 0 / 2121685`
*連続ログイン1日目
※ログインが途切れるか、7日到達すると
1日目から再開されます*
`フレンドポイント X 2000
3月交換券(2022) X 1
`_2022-03-04 03:32:11_
--------
