【登录信息】
[318194637fc953496e5082ebcbeae7a2]
`登陆天数: 92天 / 1163天
等级: 141
石头: 307
呼符: 28
友情点: 0 / 117313675`
*連続ログイン1日目
※ログインが途切れるか、7日到達すると
1日目から再開されます*
`フレンドポイント X 2000
3月交換券(2022) X 1
`_2022-03-05 03:32:07_
--------
[9d78e90bb76b42970abd7495d7329768]
`登陆天数: 92天 / 443天
等级: 128
石头: 128
呼符: 27
友情点: 0 / 717495`
*連続ログイン1日目
※ログインが途切れるか、7日到達すると
1日目から再開されます*
`フレンドポイント X 2000
3月交換券(2022) X 1
`_2022-03-05 03:32:15_
--------
[2c25a694117debb52819318b9f5094b0]
`登陆天数: 58天 / 793天
等级: 134
石头: 0
呼符: 0
友情点: 0 / 801740`
*連続ログイン2日目
※ログインが途切れるか、7日到達すると
1日目から再開されます*
`聖晶石 X 1
3月交換券(2022) X 1
`_2022-03-05 03:32:23_
--------
