【登录信息】
[318194637fc953496e5082ebcbeae7a2]
`登陆天数: 94天 / 1165天
等级: 141
石头: 307
呼符: 28
友情点: 0 / 117314015`
*連続ログイン3日目
※ログインが途切れるか、7日到達すると
1日目から再開されます*
`叡智の猛火 X 1
3月交換券(2022) X 1
`_2022-03-07 03:31:47_
--------
[9d78e90bb76b42970abd7495d7329768]
`登陆天数: 94天 / 445天
等级: 128
石头: 128
呼符: 27
友情点: 0 / 717495`
*連続ログイン3日目
※ログインが途切れるか、7日到達すると
1日目から再開されます*
`叡智の猛火 X 1
3月交換券(2022) X 1
`_2022-03-07 03:31:55_
--------
[2c25a694117debb52819318b9f5094b0]
`登陆天数: 60天 / 795天
等级: 134
石头: 0
呼符: 0
友情点: 75 / 123900`
*連続ログイン4日目
※ログインが途切れるか、7日到達すると
1日目から再開されます*
`聖晶石 X 1
3月交換券(2022) X 1
`_2022-03-07 03:32:02_
--------
