【登录信息】
[318194637fc953496e5082ebcbeae7a2]
`登陆天数: 98天 / 1169天
等级: 141
石头: 307
呼符: 28
友情点: 0 / 117314865`
*連続ログイン7日間到達おめでとうございます！
明日は1日目からリスタートされます。*
`獣の足跡 X 1
呼符 X 1
3月交換券(2022) X 1
`_2022-03-11 03:31:42_
--------
[9d78e90bb76b42970abd7495d7329768]
`登陆天数: 98天 / 449天
等级: 128
石头: 128
呼符: 27
友情点: 0 / 717495`
*連続ログイン7日間到達おめでとうございます！
明日は1日目からリスタートされます。*
`獣の足跡 X 1
呼符 X 1
3月交換券(2022) X 1
`_2022-03-11 03:31:50_
--------
[2c25a694117debb52819318b9f5094b0]
`登陆天数: 64天 / 799天
等级: 134
石头: 2
呼符: 0
友情点: 10 / 124145`
*連続ログイン1日目
※ログインが途切れるか、7日到達すると
1日目から再開されます*
`フレンドポイント X 2000
3月交換券(2022) X 1
`_2022-03-11 03:31:58_
--------
