【登录信息】
[318194637fc953496e5082ebcbeae7a2]
`登陆天数: 102天 / 1173天
等级: 141
石头: 307
呼符: 28
友情点: 510 / 117315895`
*連続ログイン4日目
※ログインが途切れるか、7日到達すると
1日目から再開されます*
`聖晶石 X 1
3月交換券(2022) X 1
`_2022-03-15 03:31:52_
--------
[9d78e90bb76b42970abd7495d7329768]
`登陆天数: 102天 / 453天
等级: 128
石头: 128
呼符: 27
友情点: 0 / 717530`
*連続ログイン4日目
※ログインが途切れるか、7日到達すると
1日目から再開されます*
`聖晶石 X 1
3月交換券(2022) X 1
`_2022-03-15 03:32:00_
--------
[2c25a694117debb52819318b9f5094b0]
`登陆天数: 68天 / 803天
等级: 134
石头: 7
呼符: 0
友情点: 25 / 126740`
*連続ログイン5日目
※ログインが途切れるか、7日到達すると
1日目から再開されます*
`叡智の猛火 X 2
3月交換券(2022) X 1
`_2022-03-15 03:32:08_
--------
