【登录信息】
[318194637fc953496e5082ebcbeae7a2]
`登陆天数: 104天 / 1175天
等级: 141
石头: 325
呼符: 36
友情点: 0 / 117320005`
*連続ログイン6日目
※ログインが途切れるか、7日到達すると
1日目から再開されます*
`聖晶石 X 2
3月交換券(2022) X 1
`_2022-03-17 03:31:57_
--------
[9d78e90bb76b42970abd7495d7329768]
`登陆天数: 104天 / 455天
等级: 128
石头: 128
呼符: 27
友情点: 25 / 717555`
*連続ログイン6日目
※ログインが途切れるか、7日到達すると
1日目から再開されます*
`聖晶石 X 2
3月交換券(2022) X 1
`_2022-03-17 03:32:05_
--------
[2c25a694117debb52819318b9f5094b0]
`登陆天数: 70天 / 805天
等级: 135
石头: 16
呼符: 3
友情点: 25 / 128600`
*連続ログイン7日間到達おめでとうございます！
明日は1日目からリスタートされます。*
`獣の足跡 X 1
呼符 X 1
3月交換券(2022) X 1
`_2022-03-17 03:32:12_
--------
