【登录信息】
[318194637fc953496e5082ebcbeae7a2]
`登陆天数: 108天 / 1179天
等级: 141
石头: 325
呼符: 36
友情点: 0 / 117320005`
*連続ログイン3日目
※ログインが途切れるか、7日到達すると
1日目から再開されます*
`叡智の猛火 X 1
3月交換券(2022) X 1
`_2022-03-21 03:31:35_
--------
[9d78e90bb76b42970abd7495d7329768]
`登陆天数: 108天 / 459天
等级: 128
石头: 128
呼符: 27
友情点: 0 / 717605`
*連続ログイン3日目
※ログインが途切れるか、7日到達すると
1日目から再開されます*
`叡智の猛火 X 1
3月交換券(2022) X 1
`_2022-03-21 03:31:43_
--------
[2c25a694117debb52819318b9f5094b0]
`登陆天数: 74天 / 809天
等级: 135
石头: 5
呼符: 0
友情点: 0 / 304690`
*連続ログイン4日目
※ログインが途切れるか、7日到達すると
1日目から再開されます*
`聖晶石 X 1
3月交換券(2022) X 1
`_2022-03-21 03:31:51_
--------
