【登录信息】
[318194637fc953496e5082ebcbeae7a2]
`登陆天数: 111天 / 1182天
等级: 141
石头: 325
呼符: 36
友情点: 2635 / 117326720`
*連続ログイン6日目
※ログインが途切れるか、7日到達すると
1日目から再開されます*
`聖晶石 X 2
3月交換券(2022) X 1
`_2022-03-24 03:31:48_
--------
[9d78e90bb76b42970abd7495d7329768]
`登陆天数: 111天 / 462天
等级: 128
石头: 128
呼符: 27
友情点: 0 / 717605`
*連続ログイン6日目
※ログインが途切れるか、7日到達すると
1日目から再開されます*
`聖晶石 X 2
3月交換券(2022) X 1
`_2022-03-24 03:31:56_
--------
[2c25a694117debb52819318b9f5094b0]
`登陆天数: 77天 / 812天
等级: 135
石头: 6
呼符: 0
友情点: 0 / 304885`
*連続ログイン7日間到達おめでとうございます！
明日は1日目からリスタートされます。*
`獣の足跡 X 1
呼符 X 1
3月交換券(2022) X 1
`_2022-03-24 03:32:03_
--------
