【登录信息】
[318194637fc953496e5082ebcbeae7a2]
`登陆天数: 112天 / 1183天
等级: 141
石头: 325
呼符: 36
友情点: 0 / 117326720`
*連続ログイン7日間到達おめでとうございます！
明日は1日目からリスタートされます。*
`獣の足跡 X 1
呼符 X 1
3月交換券(2022) X 1
`_2022-03-25 03:31:42_
--------
[9d78e90bb76b42970abd7495d7329768]
`登陆天数: 112天 / 463天
等级: 128
石头: 128
呼符: 27
友情点: 10 / 717615`
*連続ログイン7日間到達おめでとうございます！
明日は1日目からリスタートされます。*
`獣の足跡 X 1
呼符 X 1
3月交換券(2022) X 1
`_2022-03-25 03:31:49_
--------
[2c25a694117debb52819318b9f5094b0]
`登陆天数: 78天 / 813天
等级: 135
石头: 6
呼符: 0
友情点: 10 / 304895`
*連続ログイン1日目
※ログインが途切れるか、7日到達すると
1日目から再開されます*
`フレンドポイント X 2000
3月交換券(2022) X 1
`_2022-03-25 03:31:57_
--------
