【登录信息】
[318194637fc953496e5082ebcbeae7a2]
`登陆天数: 113天 / 1184天
等级: 141
石头: 325
呼符: 36
友情点: 2805 / 117329525`
*連続ログイン1日目
※ログインが途切れるか、7日到達すると
1日目から再開されます*
`フレンドポイント X 2000
3月交換券(2022) X 1
`_2022-03-26 03:31:55_
--------
[9d78e90bb76b42970abd7495d7329768]
`登陆天数: 113天 / 464天
等级: 128
石头: 128
呼符: 27
友情点: 0 / 717615`
*連続ログイン1日目
※ログインが途切れるか、7日到達すると
1日目から再開されます*
`フレンドポイント X 2000
3月交換券(2022) X 1
`_2022-03-26 03:32:02_
--------
[2c25a694117debb52819318b9f5094b0]
`登陆天数: 79天 / 814天
等级: 135
石头: 6
呼符: 0
友情点: 10 / 307180`
*連続ログイン2日目
※ログインが途切れるか、7日到達すると
1日目から再開されます*
`聖晶石 X 1
3月交換券(2022) X 1
`_2022-03-26 03:32:10_
--------
