【登录信息】
[318194637fc953496e5082ebcbeae7a2]
`登陆天数: 114天 / 1185天
等级: 141
石头: 325
呼符: 36
友情点: 850 / 117330375`
*連続ログイン2日目
※ログインが途切れるか、7日到達すると
1日目から再開されます*
`聖晶石 X 1
3月交換券(2022) X 1
`_2022-03-27 03:31:47_
--------
[9d78e90bb76b42970abd7495d7329768]
`登陆天数: 114天 / 465天
等级: 128
石头: 128
呼符: 27
友情点: 40 / 717655`
*連続ログイン2日目
※ログインが途切れるか、7日到達すると
1日目から再開されます*
`聖晶石 X 1
3月交換券(2022) X 1
`_2022-03-27 03:31:54_
--------
[2c25a694117debb52819318b9f5094b0]
`登陆天数: 80天 / 815天
等级: 135
石头: 6
呼符: 0
友情点: 50 / 307230`
*連続ログイン3日目
※ログインが途切れるか、7日到達すると
1日目から再開されます*
`叡智の猛火 X 1
3月交換券(2022) X 1
`_2022-03-27 03:32:02_
--------
