【登录信息】
*318194637fc953496e5082ebcbeae7a2*
`登陆天数: 88天 / 1788天
等级: 141
石头: 5
呼符: 0
体力: 53080.32 / 140
友情点: 2295 / 3746430`
*連続ログイン4日目
※ログインが途切れるか、7日到達すると
1日目から再開されます*
`聖晶石 X 1
12月交換券(2023) X 1
`*日替りログインボーナス*
*開催期間中、1日1回 2週間日替りでログインボーナスをプレゼント！*
`巡霊の葉 X 30
`_2023-12-01 03:31:37_
--------
*9d78e90bb76b42970abd7495d7329768*
`登陆天数: 88天 / 1068天
等级: 128
石头: 640
呼符: 68
体力: 84422.72666666667 / 137
友情点: 170 / 863245`
*連続ログイン4日目
※ログインが途切れるか、7日到達すると
1日目から再開されます*
`聖晶石 X 1
12月交換券(2023) X 1
`*日替りログインボーナス*
*開催期間中、1日1回 2週間日替りでログインボーナスをプレゼント！*
`巡霊の葉 X 30
`_2023-12-01 03:31:48_
--------
*b6bbcdbd5addb82b8007d1a35f461999*
`登陆天数: 88天 / 1188天
等级: 125
石头: 0
呼符: 0
体力: 170759.11333333334 / 137
友情点: 110 / 981560`
*連続ログイン4日目
※ログインが途切れるか、7日到達すると
1日目から再開されます*
`聖晶石 X 1
12月交換券(2023) X 1
`*日替りログインボーナス*
*開催期間中、1日1回 2週間日替りでログインボーナスをプレゼント！*
`巡霊の葉 X 30
`_2023-12-01 03:32:01_
--------
