【登录信息】
*318194637fc953496e5082ebcbeae7a2*
`登陆天数: 89天 / 1789天
等级: 141
石头: 5
呼符: 0
体力: 53368.32 / 140
友情点: 1615 / 3748045`
*連続ログイン5日目
※ログインが途切れるか、7日到達すると
1日目から再開されます*
`叡智の業火 X 2
12月交換券(2023) X 1
`*日替りログインボーナス*
*開催期間中、1日1回 2週間日替りでログインボーナスをプレゼント！*
`聖晶石 X 2
巡霊の葉 X 100
`_2023-12-02 03:31:37_
--------
*9d78e90bb76b42970abd7495d7329768*
`登陆天数: 89天 / 1069天
等级: 128
石头: 640
呼符: 68
体力: 84710.72666666667 / 137
友情点: 90 / 863335`
*連続ログイン5日目
※ログインが途切れるか、7日到達すると
1日目から再開されます*
`叡智の業火 X 2
12月交換券(2023) X 1
`*日替りログインボーナス*
*開催期間中、1日1回 2週間日替りでログインボーナスをプレゼント！*
`聖晶石 X 2
巡霊の葉 X 100
`_2023-12-02 03:31:48_
--------
*b6bbcdbd5addb82b8007d1a35f461999*
`登陆天数: 89天 / 1189天
等级: 125
石头: 0
呼符: 0
体力: 171047.11333333334 / 137
友情点: 90 / 981650`
*連続ログイン5日目
※ログインが途切れるか、7日到達すると
1日目から再開されます*
`叡智の業火 X 2
12月交換券(2023) X 1
`*日替りログインボーナス*
*開催期間中、1日1回 2週間日替りでログインボーナスをプレゼント！*
`聖晶石 X 2
巡霊の葉 X 100
`_2023-12-02 03:32:01_
--------
