【登录信息】
*318194637fc953496e5082ebcbeae7a2*
`登陆天数: 90天 / 1790天
等级: 141
石头: 5
呼符: 0
体力: 53656.28666666667 / 140
友情点: 2720 / 3750775`
*連続ログイン6日目
※ログインが途切れるか、7日到達すると
1日目から再開されます*
`聖晶石 X 2
12月交換券(2023) X 1
`*日替りログインボーナス*
*開催期間中、1日1回 2週間日替りでログインボーナスをプレゼント！*
`巡霊の葉 X 30
`_2023-12-03 03:31:27_
--------
*9d78e90bb76b42970abd7495d7329768*
`登陆天数: 90天 / 1070天
等级: 128
石头: 640
呼符: 68
体力: 84998.69 / 137
友情点: 210 / 863565`
*連続ログイン6日目
※ログインが途切れるか、7日到達すると
1日目から再開されます*
`聖晶石 X 2
12月交換券(2023) X 1
`*日替りログインボーナス*
*開催期間中、1日1回 2週間日替りでログインボーナスをプレゼント！*
`巡霊の葉 X 30
`_2023-12-03 03:31:38_
--------
*b6bbcdbd5addb82b8007d1a35f461999*
`登陆天数: 90天 / 1190天
等级: 125
石头: 0
呼符: 0
体力: 171335.07666666666 / 137
友情点: 80 / 981730`
*連続ログイン6日目
※ログインが途切れるか、7日到達すると
1日目から再開されます*
`聖晶石 X 2
12月交換券(2023) X 1
`*日替りログインボーナス*
*開催期間中、1日1回 2週間日替りでログインボーナスをプレゼント！*
`巡霊の葉 X 30
`_2023-12-03 03:31:50_
--------
