【登录信息】
*318194637fc953496e5082ebcbeae7a2*
`登陆天数: 91天 / 1791天
等级: 141
石头: 5
呼符: 0
体力: 53944.36 / 140
友情点: 765 / 3751540`
*連続ログイン7日間到達おめでとうございます！
明日は1日目からリスタートされます。*
`獣の足跡 X 1
呼符 X 1
12月交換券(2023) X 1
`*日替りログインボーナス*
*開催期間中、1日1回 2週間日替りでログインボーナスをプレゼント！*
`巡霊の葉 X 30
`_2023-12-04 03:31:50_
--------
*9d78e90bb76b42970abd7495d7329768*
`登陆天数: 91天 / 1071天
等级: 128
石头: 640
呼符: 68
体力: 85286.76666666666 / 137
友情点: 30 / 863595`
*連続ログイン7日間到達おめでとうございます！
明日は1日目からリスタートされます。*
`獣の足跡 X 1
呼符 X 1
12月交換券(2023) X 1
`*日替りログインボーナス*
*開催期間中、1日1回 2週間日替りでログインボーナスをプレゼント！*
`巡霊の葉 X 30
`_2023-12-04 03:32:00_
--------
*b6bbcdbd5addb82b8007d1a35f461999*
`登陆天数: 91天 / 1191天
等级: 125
石头: 0
呼符: 0
体力: 171623.15333333332 / 137
友情点: 50 / 981780`
*連続ログイン7日間到達おめでとうございます！
明日は1日目からリスタートされます。*
`獣の足跡 X 1
呼符 X 1
12月交換券(2023) X 1
`*日替りログインボーナス*
*開催期間中、1日1回 2週間日替りでログインボーナスをプレゼント！*
`巡霊の葉 X 30
`_2023-12-04 03:32:13_
--------
