【登录信息】
*318194637fc953496e5082ebcbeae7a2*
`登陆天数: 92天 / 1792天
等级: 141
石头: 5
呼符: 0
体力: 54232.28333333333 / 140
友情点: 2125 / 3753665`
*連続ログイン1日目
※ログインが途切れるか、7日到達すると
1日目から再開されます*
`フレンドポイント X 2000
12月交換券(2023) X 1
`*日替りログインボーナス*
*開催期間中、1日1回 2週間日替りでログインボーナスをプレゼント！*
`巡霊の葉 X 30
`_2023-12-05 03:31:27_
--------
*9d78e90bb76b42970abd7495d7329768*
`登陆天数: 92天 / 1072天
等级: 128
石头: 640
呼符: 68
体力: 85574.69 / 137
友情点: 150 / 863745`
*連続ログイン1日目
※ログインが途切れるか、7日到達すると
1日目から再開されます*
`フレンドポイント X 2000
12月交換券(2023) X 1
`*日替りログインボーナス*
*開催期間中、1日1回 2週間日替りでログインボーナスをプレゼント！*
`巡霊の葉 X 30
`_2023-12-05 03:31:37_
--------
*b6bbcdbd5addb82b8007d1a35f461999*
`登陆天数: 92天 / 1192天
等级: 125
石头: 0
呼符: 0
体力: 171911.08 / 137
友情点: 160 / 981960`
*連続ログイン1日目
※ログインが途切れるか、7日到達すると
1日目から再開されます*
`フレンドポイント X 2000
12月交換券(2023) X 1
`*日替りログインボーナス*
*開催期間中、1日1回 2週間日替りでログインボーナスをプレゼント！*
`巡霊の葉 X 30
`_2023-12-05 03:31:50_
--------
