【登录信息】
*318194637fc953496e5082ebcbeae7a2*
`登陆天数: 93天 / 1793天
等级: 141
石头: 5
呼符: 0
体力: 54520.28666666667 / 140
友情点: 1615 / 3755280`
*連続ログイン2日目
※ログインが途切れるか、7日到達すると
1日目から再開されます*
`聖晶石 X 1
12月交換券(2023) X 1
`*日替りログインボーナス*
*開催期間中、1日1回 2週間日替りでログインボーナスをプレゼント！*
`聖晶石 X 3
巡霊の葉 X 50
`_2023-12-06 03:31:27_
--------
*9d78e90bb76b42970abd7495d7329768*
`登陆天数: 93天 / 1073天
等级: 128
石头: 640
呼符: 68
体力: 85862.69666666667 / 137
友情点: 150 / 863895`
*連続ログイン2日目
※ログインが途切れるか、7日到達すると
1日目から再開されます*
`聖晶石 X 1
12月交換券(2023) X 1
`*日替りログインボーナス*
*開催期間中、1日1回 2週間日替りでログインボーナスをプレゼント！*
`聖晶石 X 3
巡霊の葉 X 50
`_2023-12-06 03:31:38_
--------
*b6bbcdbd5addb82b8007d1a35f461999*
`登陆天数: 93天 / 1193天
等级: 125
石头: 0
呼符: 0
体力: 172199.08666666667 / 137
友情点: 150 / 982110`
*連続ログイン2日目
※ログインが途切れるか、7日到達すると
1日目から再開されます*
`聖晶石 X 1
12月交換券(2023) X 1
`*日替りログインボーナス*
*開催期間中、1日1回 2週間日替りでログインボーナスをプレゼント！*
`聖晶石 X 3
巡霊の葉 X 50
`_2023-12-06 03:31:52_
--------
