【登录信息】
*318194637fc953496e5082ebcbeae7a2*
`登陆天数: 94天 / 1794天
等级: 141
石头: 5
呼符: 0
体力: 54808.35 / 140
友情点: 2890 / 3758170`
*連続ログイン3日目
※ログインが途切れるか、7日到達すると
1日目から再開されます*
`叡智の業火 X 1
12月交換券(2023) X 1
`*激走！川中島24時 ぐだぐだ超五稜郭 殺しのサインはM51
開幕記念 ログインボーナス*
*開催期間中、1日1回 最大21回ログインボーナスをプレゼント！*
`黄金の果実 X 1
`_2023-12-07 03:31:47_
--------
*9d78e90bb76b42970abd7495d7329768*
`登陆天数: 94天 / 1074天
等级: 128
石头: 640
呼符: 68
体力: 86150.75666666667 / 137
友情点: 260 / 864155`
*連続ログイン3日目
※ログインが途切れるか、7日到達すると
1日目から再開されます*
`叡智の業火 X 1
12月交換券(2023) X 1
`*激走！川中島24時 ぐだぐだ超五稜郭 殺しのサインはM51
開幕記念 ログインボーナス*
*開催期間中、1日1回 最大21回ログインボーナスをプレゼント！*
`黄金の果実 X 1
`_2023-12-07 03:31:57_
--------
*b6bbcdbd5addb82b8007d1a35f461999*
`登陆天数: 94天 / 1194天
等级: 125
石头: 0
呼符: 0
体力: 172487.14333333334 / 137
友情点: 210 / 982320`
*連続ログイン3日目
※ログインが途切れるか、7日到達すると
1日目から再開されます*
`叡智の業火 X 1
12月交換券(2023) X 1
`*激走！川中島24時 ぐだぐだ超五稜郭 殺しのサインはM51
開幕記念 ログインボーナス*
*開催期間中、1日1回 最大21回ログインボーナスをプレゼント！*
`黄金の果実 X 1
`_2023-12-07 03:32:10_
--------
