【登录信息】
*318194637fc953496e5082ebcbeae7a2*
`登陆天数: 95天 / 1795天
等级: 141
石头: 5
呼符: 0
体力: 55096.32666666667 / 140
友情点: 3060 / 3761230`
*連続ログイン4日目
※ログインが途切れるか、7日到達すると
1日目から再開されます*
`聖晶石 X 1
12月交換券(2023) X 1
`*激走！川中島24時 ぐだぐだ超五稜郭 殺しのサインはM51
開幕記念 ログインボーナス*
*開催期間中、1日1回 最大21回ログインボーナスをプレゼント！*
`白銀の果実 X 1
`_2023-12-08 03:31:39_
--------
*9d78e90bb76b42970abd7495d7329768*
`登陆天数: 95天 / 1075天
等级: 128
石头: 640
呼符: 68
体力: 86438.73333333334 / 137
友情点: 340 / 864495`
*連続ログイン4日目
※ログインが途切れるか、7日到達すると
1日目から再開されます*
`聖晶石 X 1
12月交換券(2023) X 1
`*激走！川中島24時 ぐだぐだ超五稜郭 殺しのサインはM51
開幕記念 ログインボーナス*
*開催期間中、1日1回 最大21回ログインボーナスをプレゼント！*
`白銀の果実 X 1
`_2023-12-08 03:31:50_
--------
*b6bbcdbd5addb82b8007d1a35f461999*
`登陆天数: 95天 / 1195天
等级: 125
石头: 0
呼符: 0
体力: 172775.12333333332 / 137
友情点: 220 / 982940`
*連続ログイン4日目
※ログインが途切れるか、7日到達すると
1日目から再開されます*
`聖晶石 X 1
12月交換券(2023) X 1
`*激走！川中島24時 ぐだぐだ超五稜郭 殺しのサインはM51
開幕記念 ログインボーナス*
*開催期間中、1日1回 最大21回ログインボーナスをプレゼント！*
`白銀の果実 X 1
`_2023-12-08 03:32:04_
--------
