【登录信息】
*318194637fc953496e5082ebcbeae7a2*
`登陆天数: 96天 / 1796天
等级: 141
石头: 5
呼符: 0
体力: 55384.293333333335 / 140
友情点: 1275 / 3762505`
*連続ログイン5日目
※ログインが途切れるか、7日到達すると
1日目から再開されます*
`叡智の業火 X 2
12月交換券(2023) X 1
`*激走！川中島24時 ぐだぐだ超五稜郭 殺しのサインはM51
開幕記念 ログインボーナス*
*開催期間中、1日1回 最大21回ログインボーナスをプレゼント！*
`白銀の果実 X 1
`_2023-12-09 03:31:30_
--------
*9d78e90bb76b42970abd7495d7329768*
`登陆天数: 96天 / 1076天
等级: 128
石头: 640
呼符: 68
体力: 86726.69666666667 / 137
友情点: 150 / 864645`
*連続ログイン5日目
※ログインが途切れるか、7日到達すると
1日目から再開されます*
`叡智の業火 X 2
12月交換券(2023) X 1
`*激走！川中島24時 ぐだぐだ超五稜郭 殺しのサインはM51
開幕記念 ログインボーナス*
*開催期間中、1日1回 最大21回ログインボーナスをプレゼント！*
`白銀の果実 X 1
`_2023-12-09 03:31:40_
--------
*b6bbcdbd5addb82b8007d1a35f461999*
`登陆天数: 96天 / 1196天
等级: 125
石头: 0
呼符: 0
体力: 173063.08 / 137
友情点: 120 / 983060`
*連続ログイン5日目
※ログインが途切れるか、7日到達すると
1日目から再開されます*
`叡智の業火 X 2
12月交換券(2023) X 1
`*激走！川中島24時 ぐだぐだ超五稜郭 殺しのサインはM51
開幕記念 ログインボーナス*
*開催期間中、1日1回 最大21回ログインボーナスをプレゼント！*
`白銀の果実 X 1
`_2023-12-09 03:31:51_
--------
