【登录信息】
*318194637fc953496e5082ebcbeae7a2*
`登陆天数: 97天 / 1797天
等级: 141
石头: 5
呼符: 0
体力: 55672.36 / 140
友情点: 1020 / 3763535`
*連続ログイン6日目
※ログインが途切れるか、7日到達すると
1日目から再開されます*
`聖晶石 X 2
12月交換券(2023) X 1
`*激走！川中島24時 ぐだぐだ超五稜郭 殺しのサインはM51
開幕記念 ログインボーナス*
*開催期間中、1日1回 最大21回ログインボーナスをプレゼント！*
`白銀の果実 X 1
`_2023-12-10 03:31:49_
--------
*9d78e90bb76b42970abd7495d7329768*
`登陆天数: 97天 / 1077天
等级: 128
石头: 640
呼符: 68
体力: 87014.76666666666 / 137
友情点: 140 / 864785`
*連続ログイン6日目
※ログインが途切れるか、7日到達すると
1日目から再開されます*
`聖晶石 X 2
12月交換券(2023) X 1
`*激走！川中島24時 ぐだぐだ超五稜郭 殺しのサインはM51
開幕記念 ログインボーナス*
*開催期間中、1日1回 最大21回ログインボーナスをプレゼント！*
`白銀の果実 X 1
`_2023-12-10 03:32:00_
--------
*b6bbcdbd5addb82b8007d1a35f461999*
`登陆天数: 97天 / 1197天
等级: 125
石头: 0
呼符: 0
体力: 173351.15333333332 / 137
友情点: 210 / 983270`
*連続ログイン6日目
※ログインが途切れるか、7日到達すると
1日目から再開されます*
`聖晶石 X 2
12月交換券(2023) X 1
`*激走！川中島24時 ぐだぐだ超五稜郭 殺しのサインはM51
開幕記念 ログインボーナス*
*開催期間中、1日1回 最大21回ログインボーナスをプレゼント！*
`白銀の果実 X 1
`_2023-12-10 03:32:13_
--------
