【登录信息】
*318194637fc953496e5082ebcbeae7a2*
`登陆天数: 101天 / 1801天
等级: 141
石头: 5
呼符: 0
体力: 56824.28666666667 / 140
友情点: 1700 / 3774080`
*連続ログイン3日目
※ログインが途切れるか、7日到達すると
1日目から再開されます*
`叡智の業火 X 1
12月交換券(2023) X 1
`*激走！川中島24時 ぐだぐだ超五稜郭 殺しのサインはM51
開幕記念 ログインボーナス*
*開催期間中、1日1回 最大21回ログインボーナスをプレゼント！*
`黄金の果実 X 1
`_2023-12-14 03:31:28_
--------
*9d78e90bb76b42970abd7495d7329768*
`登陆天数: 101天 / 1081天
等级: 128
石头: 640
呼符: 68
体力: 88166.69333333333 / 137
友情点: 100 / 865805`
*連続ログイン3日目
※ログインが途切れるか、7日到達すると
1日目から再開されます*
`叡智の業火 X 1
12月交換券(2023) X 1
`*激走！川中島24時 ぐだぐだ超五稜郭 殺しのサインはM51
開幕記念 ログインボーナス*
*開催期間中、1日1回 最大21回ログインボーナスをプレゼント！*
`黄金の果実 X 1
`_2023-12-14 03:31:38_
--------
*b6bbcdbd5addb82b8007d1a35f461999*
`登陆天数: 101天 / 1201天
等级: 125
石头: 0
呼符: 0
体力: 174503.08 / 137
友情点: 110 / 984120`
*連続ログイン3日目
※ログインが途切れるか、7日到達すると
1日目から再開されます*
`叡智の業火 X 1
12月交換券(2023) X 1
`*激走！川中島24時 ぐだぐだ超五稜郭 殺しのサインはM51
開幕記念 ログインボーナス*
*開催期間中、1日1回 最大21回ログインボーナスをプレゼント！*
`黄金の果実 X 1
`_2023-12-14 03:31:51_
--------
