【登录信息】
*318194637fc953496e5082ebcbeae7a2*
`登陆天数: 102天 / 1802天
等级: 141
石头: 5
呼符: 0
体力: 57112.3 / 140
友情点: 3485 / 3777605`
*連続ログイン4日目
※ログインが途切れるか、7日到達すると
1日目から再開されます*
`聖晶石 X 1
12月交換券(2023) X 1
`*激走！川中島24時 ぐだぐだ超五稜郭 殺しのサインはM51
開幕記念 ログインボーナス*
*開催期間中、1日1回 最大21回ログインボーナスをプレゼント！*
`白銀の果実 X 1
`_2023-12-15 03:31:31_
--------
*9d78e90bb76b42970abd7495d7329768*
`登陆天数: 102天 / 1082天
等级: 128
石头: 640
呼符: 68
体力: 88454.70666666667 / 137
友情点: 160 / 867175`
*連続ログイン4日目
※ログインが途切れるか、7日到達すると
1日目から再開されます*
`聖晶石 X 1
12月交換券(2023) X 1
`*激走！川中島24時 ぐだぐだ超五稜郭 殺しのサインはM51
開幕記念 ログインボーナス*
*開催期間中、1日1回 最大21回ログインボーナスをプレゼント！*
`白銀の果実 X 1
`_2023-12-15 03:31:42_
--------
*b6bbcdbd5addb82b8007d1a35f461999*
`登陆天数: 102天 / 1202天
等级: 125
石头: 0
呼符: 0
体力: 174791.09333333332 / 137
友情点: 170 / 984500`
*連続ログイン4日目
※ログインが途切れるか、7日到達すると
1日目から再開されます*
`聖晶石 X 1
12月交換券(2023) X 1
`*激走！川中島24時 ぐだぐだ超五稜郭 殺しのサインはM51
開幕記念 ログインボーナス*
*開催期間中、1日1回 最大21回ログインボーナスをプレゼント！*
`白銀の果実 X 1
`_2023-12-15 03:31:55_
--------
