【登录信息】
*318194637fc953496e5082ebcbeae7a2*
`登陆天数: 103天 / 1803天
等级: 141
石头: 5
呼符: 0
体力: 57400.316666666666 / 140
友情点: 1870 / 3779475`
*連続ログイン5日目
※ログインが途切れるか、7日到達すると
1日目から再開されます*
`叡智の業火 X 2
12月交換券(2023) X 1
`*激走！川中島24時 ぐだぐだ超五稜郭 殺しのサインはM51
開幕記念 ログインボーナス*
*開催期間中、1日1回 最大21回ログインボーナスをプレゼント！*
`白銀の果実 X 1
`_2023-12-16 03:31:37_
--------
*9d78e90bb76b42970abd7495d7329768*
`登陆天数: 103天 / 1083天
等级: 128
石头: 640
呼符: 68
体力: 88742.72333333333 / 137
友情点: 160 / 867555`
*連続ログイン5日目
※ログインが途切れるか、7日到達すると
1日目から再開されます*
`叡智の業火 X 2
12月交換券(2023) X 1
`*激走！川中島24時 ぐだぐだ超五稜郭 殺しのサインはM51
開幕記念 ログインボーナス*
*開催期間中、1日1回 最大21回ログインボーナスをプレゼント！*
`白銀の果実 X 1
`_2023-12-16 03:31:47_
--------
*b6bbcdbd5addb82b8007d1a35f461999*
`登陆天数: 103天 / 1203天
等级: 125
石头: 0
呼符: 0
体力: 175079.11 / 137
友情点: 90 / 984590`
*連続ログイン5日目
※ログインが途切れるか、7日到達すると
1日目から再開されます*
`叡智の業火 X 2
12月交換券(2023) X 1
`*激走！川中島24時 ぐだぐだ超五稜郭 殺しのサインはM51
開幕記念 ログインボーナス*
*開催期間中、1日1回 最大21回ログインボーナスをプレゼント！*
`白銀の果実 X 1
`_2023-12-16 03:32:00_
--------
