【登录信息】
*318194637fc953496e5082ebcbeae7a2*
`登陆天数: 104天 / 1804天
等级: 141
石头: 5
呼符: 0
体力: 57688.36 / 140
友情点: 4080 / 3783555`
*連続ログイン6日目
※ログインが途切れるか、7日到達すると
1日目から再開されます*
`聖晶石 X 2
12月交換券(2023) X 1
`*激走！川中島24時 ぐだぐだ超五稜郭 殺しのサインはM51
開幕記念 ログインボーナス*
*開催期間中、1日1回 最大21回ログインボーナスをプレゼント！*
`白銀の果実 X 1
`_2023-12-17 03:31:49_
--------
*9d78e90bb76b42970abd7495d7329768*
`登陆天数: 104天 / 1084天
等级: 128
石头: 640
呼符: 68
体力: 89030.76666666666 / 137
友情点: 220 / 867775`
*連続ログイン6日目
※ログインが途切れるか、7日到達すると
1日目から再開されます*
`聖晶石 X 2
12月交換券(2023) X 1
`*激走！川中島24時 ぐだぐだ超五稜郭 殺しのサインはM51
開幕記念 ログインボーナス*
*開催期間中、1日1回 最大21回ログインボーナスをプレゼント！*
`白銀の果実 X 1
`_2023-12-17 03:32:00_
--------
*b6bbcdbd5addb82b8007d1a35f461999*
`登陆天数: 104天 / 1204天
等级: 125
石头: 0
呼符: 0
体力: 175367.15666666668 / 137
友情点: 200 / 984810`
*連続ログイン6日目
※ログインが途切れるか、7日到達すると
1日目から再開されます*
`聖晶石 X 2
12月交換券(2023) X 1
`*激走！川中島24時 ぐだぐだ超五稜郭 殺しのサインはM51
開幕記念 ログインボーナス*
*開催期間中、1日1回 最大21回ログインボーナスをプレゼント！*
`白銀の果実 X 1
`_2023-12-17 03:32:13_
--------
