【登录信息】
*318194637fc953496e5082ebcbeae7a2*
`登陆天数: 105天 / 1805天
等级: 141
石头: 5
呼符: 0
体力: 57976.29 / 140
友情点: 3995 / 3787550`
*連続ログイン7日間到達おめでとうございます！
明日は1日目からリスタートされます。*
`獣の足跡 X 1
呼符 X 1
12月交換券(2023) X 1
`*激走！川中島24時 ぐだぐだ超五稜郭 殺しのサインはM51
開幕記念 ログインボーナス*
*開催期間中、1日1回 最大21回ログインボーナスをプレゼント！*
`白銀の果実 X 1
`_2023-12-18 03:31:29_
--------
*9d78e90bb76b42970abd7495d7329768*
`登陆天数: 105天 / 1085天
等级: 128
石头: 640
呼符: 68
体力: 89318.69666666667 / 137
友情点: 300 / 868075`
*連続ログイン7日間到達おめでとうございます！
明日は1日目からリスタートされます。*
`獣の足跡 X 1
呼符 X 1
12月交換券(2023) X 1
`*激走！川中島24時 ぐだぐだ超五稜郭 殺しのサインはM51
開幕記念 ログインボーナス*
*開催期間中、1日1回 最大21回ログインボーナスをプレゼント！*
`白銀の果実 X 1
`_2023-12-18 03:31:39_
--------
*b6bbcdbd5addb82b8007d1a35f461999*
`登陆天数: 105天 / 1205天
等级: 125
石头: 0
呼符: 0
体力: 175655.08666666667 / 137
友情点: 290 / 985100`
*連続ログイン7日間到達おめでとうございます！
明日は1日目からリスタートされます。*
`獣の足跡 X 1
呼符 X 1
12月交換券(2023) X 1
`*激走！川中島24時 ぐだぐだ超五稜郭 殺しのサインはM51
開幕記念 ログインボーナス*
*開催期間中、1日1回 最大21回ログインボーナスをプレゼント！*
`白銀の果実 X 1
`_2023-12-18 03:31:53_
--------
