【登录信息】
*318194637fc953496e5082ebcbeae7a2*
`登陆天数: 107天 / 1807天
等级: 141
石头: 5
呼符: 0
体力: 58552.29666666667 / 140
友情点: 2465 / 3793415`
*連続ログイン2日目
※ログインが途切れるか、7日到達すると
1日目から再開されます*
`聖晶石 X 1
12月交換券(2023) X 1
`_2023-12-20 03:31:31_
--------
*9d78e90bb76b42970abd7495d7329768*
`登陆天数: 107天 / 1087天
等级: 128
石头: 640
呼符: 68
体力: 89894.70333333334 / 137
友情点: 140 / 868505`
*連続ログイン2日目
※ログインが途切れるか、7日到達すると
1日目から再開されます*
`聖晶石 X 1
12月交換券(2023) X 1
`_2023-12-20 03:31:41_
--------
*b6bbcdbd5addb82b8007d1a35f461999*
`登陆天数: 107天 / 1207天
等级: 125
石头: 0
呼符: 0
体力: 176231.09 / 137
友情点: 190 / 985530`
*連続ログイン2日目
※ログインが途切れるか、7日到達すると
1日目から再開されます*
`聖晶石 X 1
12月交換券(2023) X 1
`_2023-12-20 03:31:54_
--------
