【登录信息】
*318194637fc953496e5082ebcbeae7a2*
`登陆天数: 108天 / 1808天
等级: 141
石头: 5
呼符: 0
体力: 58840.29666666667 / 140
友情点: 1360 / 3794775`
*連続ログイン3日目
※ログインが途切れるか、7日到達すると
1日目から再開されます*
`叡智の業火 X 1
12月交換券(2023) X 1
`*雪原のメリー・クリスマス2023 ～7days / 8years Snow Carol～開幕記念 ログインボーナス*
*開催期間中、1日1回 最大10回ログインボーナスをプレゼント！*
`黄金の果実 X 1
`_2023-12-21 03:31:32_
--------
*9d78e90bb76b42970abd7495d7329768*
`登陆天数: 108天 / 1088天
等级: 128
石头: 640
呼符: 68
体力: 90182.70333333334 / 137
友情点: 160 / 868665`
*連続ログイン3日目
※ログインが途切れるか、7日到達すると
1日目から再開されます*
`叡智の業火 X 1
12月交換券(2023) X 1
`*雪原のメリー・クリスマス2023 ～7days / 8years Snow Carol～開幕記念 ログインボーナス*
*開催期間中、1日1回 最大10回ログインボーナスをプレゼント！*
`黄金の果実 X 1
`_2023-12-21 03:31:41_
--------
*b6bbcdbd5addb82b8007d1a35f461999*
`登陆天数: 108天 / 1208天
等级: 125
石头: 0
呼符: 0
体力: 176519.09 / 137
友情点: 130 / 985660`
*連続ログイン3日目
※ログインが途切れるか、7日到達すると
1日目から再開されます*
`叡智の業火 X 1
12月交換券(2023) X 1
`*雪原のメリー・クリスマス2023 ～7days / 8years Snow Carol～開幕記念 ログインボーナス*
*開催期間中、1日1回 最大10回ログインボーナスをプレゼント！*
`黄金の果実 X 1
`_2023-12-21 03:31:54_
--------
