【登录信息】
*318194637fc953496e5082ebcbeae7a2*
`登陆天数: 109天 / 1809天
等级: 141
石头: 5
呼符: 0
体力: 59128.31333333333 / 140
友情点: 4345 / 3799120`
*連続ログイン4日目
※ログインが途切れるか、7日到達すると
1日目から再開されます*
`聖晶石 X 1
12月交換券(2023) X 1
`*雪原のメリー・クリスマス2023 ～7days / 8years Snow Carol～開幕記念 ログインボーナス*
*開催期間中、1日1回 最大10回ログインボーナスをプレゼント！*
`白銀の果実 X 1
`_2023-12-22 03:31:37_
--------
*9d78e90bb76b42970abd7495d7329768*
`登陆天数: 109天 / 1089天
等级: 128
石头: 640
呼符: 68
体力: 90470.71666666666 / 137
友情点: 270 / 868935`
*連続ログイン4日目
※ログインが途切れるか、7日到達すると
1日目から再開されます*
`聖晶石 X 1
12月交換券(2023) X 1
`*雪原のメリー・クリスマス2023 ～7days / 8years Snow Carol～開幕記念 ログインボーナス*
*開催期間中、1日1回 最大10回ログインボーナスをプレゼント！*
`白銀の果実 X 1
`_2023-12-22 03:31:45_
--------
*b6bbcdbd5addb82b8007d1a35f461999*
`登陆天数: 109天 / 1209天
等级: 125
石头: 0
呼符: 0
体力: 176807.09666666668 / 137
友情点: 170 / 985830`
*連続ログイン4日目
※ログインが途切れるか、7日到達すると
1日目から再開されます*
`聖晶石 X 1
12月交換券(2023) X 1
`*雪原のメリー・クリスマス2023 ～7days / 8years Snow Carol～開幕記念 ログインボーナス*
*開催期間中、1日1回 最大10回ログインボーナスをプレゼント！*
`白銀の果実 X 1
`_2023-12-22 03:31:56_
--------
