【登录信息】
*318194637fc953496e5082ebcbeae7a2*
`登陆天数: 110天 / 1810天
等级: 141
石头: 5
呼符: 0
体力: 59416.3 / 140
友情点: 2465 / 3801585`
*連続ログイン5日目
※ログインが途切れるか、7日到達すると
1日目から再開されます*
`叡智の業火 X 2
12月交換券(2023) X 1
`*雪原のメリー・クリスマス2023 ～7days / 8years Snow Carol～開幕記念 ログインボーナス*
*開催期間中、1日1回 最大10回ログインボーナスをプレゼント！*
`白銀の果実 X 1
`_2023-12-23 03:31:33_
--------
*9d78e90bb76b42970abd7495d7329768*
`登陆天数: 110天 / 1090天
等级: 128
石头: 640
呼符: 68
体力: 90758.70666666667 / 137
友情点: 80 / 869015`
*連続ログイン5日目
※ログインが途切れるか、7日到達すると
1日目から再開されます*
`叡智の業火 X 2
12月交換券(2023) X 1
`*雪原のメリー・クリスマス2023 ～7days / 8years Snow Carol～開幕記念 ログインボーナス*
*開催期間中、1日1回 最大10回ログインボーナスをプレゼント！*
`白銀の果実 X 1
`_2023-12-23 03:31:43_
--------
*b6bbcdbd5addb82b8007d1a35f461999*
`登陆天数: 110天 / 1210天
等级: 125
石头: 0
呼符: 0
体力: 177095.09666666668 / 137
友情点: 170 / 986000`
*連続ログイン5日目
※ログインが途切れるか、7日到達すると
1日目から再開されます*
`叡智の業火 X 2
12月交換券(2023) X 1
`*雪原のメリー・クリスマス2023 ～7days / 8years Snow Carol～開幕記念 ログインボーナス*
*開催期間中、1日1回 最大10回ログインボーナスをプレゼント！*
`白銀の果実 X 1
`_2023-12-23 03:31:56_
--------
