【登录信息】
*318194637fc953496e5082ebcbeae7a2*
`登陆天数: 112天 / 1812天
等级: 141
石头: 5
呼符: 0
体力: 59992.30333333334 / 140
友情点: 2720 / 3805675`
*連続ログイン7日間到達おめでとうございます！
明日は1日目からリスタートされます。*
`獣の足跡 X 1
呼符 X 1
12月交換券(2023) X 1
`*ネモ〔サンタ〕からのクリスマスプレゼント*
*開催期間中、初回ログインで「聖晶石×10」をプレゼント！*
`聖晶石 X 10
`_2023-12-25 03:31:33_
--------
*9d78e90bb76b42970abd7495d7329768*
`登陆天数: 112天 / 1092天
等级: 128
石头: 640
呼符: 68
体力: 91334.71 / 137
友情点: 140 / 869225`
*連続ログイン7日間到達おめでとうございます！
明日は1日目からリスタートされます。*
`獣の足跡 X 1
呼符 X 1
12月交換券(2023) X 1
`*ネモ〔サンタ〕からのクリスマスプレゼント*
*開催期間中、初回ログインで「聖晶石×10」をプレゼント！*
`聖晶石 X 10
`_2023-12-25 03:31:43_
--------
*b6bbcdbd5addb82b8007d1a35f461999*
`登陆天数: 112天 / 1212天
等级: 125
石头: 0
呼符: 0
体力: 177671.09666666668 / 137
友情点: 190 / 986840`
*連続ログイン7日間到達おめでとうございます！
明日は1日目からリスタートされます。*
`獣の足跡 X 1
呼符 X 1
12月交換券(2023) X 1
`*ネモ〔サンタ〕からのクリスマスプレゼント*
*開催期間中、初回ログインで「聖晶石×10」をプレゼント！*
`聖晶石 X 10
`_2023-12-25 03:31:56_
--------
