【登录信息】
*318194637fc953496e5082ebcbeae7a2*
`登陆天数: 114天 / 1814天
等级: 141
石头: 5
呼符: 0
体力: 60568.29666666667 / 140
友情点: 2040 / 3810265`
*連続ログイン2日目
※ログインが途切れるか、7日到達すると
1日目から再開されます*
`聖晶石 X 1
12月交換券(2023) X 1
`*「FGO カルデア・サテライトステーション 2023-2024」京都会場開催直前 ログインボーナス*
*開催期間中、1日1回 最大3回 ログインボーナスをプレゼント！*
`サテライトステーション23-24 X 1
黄金の果実 X 1
`_2023-12-27 03:31:31_
--------
*9d78e90bb76b42970abd7495d7329768*
`登陆天数: 114天 / 1094天
等级: 128
石头: 640
呼符: 68
体力: 91910.70333333334 / 137
友情点: 110 / 869525`
*連続ログイン2日目
※ログインが途切れるか、7日到達すると
1日目から再開されます*
`聖晶石 X 1
12月交換券(2023) X 1
`*「FGO カルデア・サテライトステーション 2023-2024」京都会場開催直前 ログインボーナス*
*開催期間中、1日1回 最大3回 ログインボーナスをプレゼント！*
`サテライトステーション23-24 X 1
黄金の果実 X 1
`_2023-12-27 03:31:41_
--------
*b6bbcdbd5addb82b8007d1a35f461999*
`登陆天数: 114天 / 1214天
等级: 125
石头: 0
呼符: 0
体力: 178247.09 / 137
友情点: 100 / 987120`
*連続ログイン2日目
※ログインが途切れるか、7日到達すると
1日目から再開されます*
`聖晶石 X 1
12月交換券(2023) X 1
`*「FGO カルデア・サテライトステーション 2023-2024」京都会場開催直前 ログインボーナス*
*開催期間中、1日1回 最大3回 ログインボーナスをプレゼント！*
`サテライトステーション23-24 X 1
黄金の果実 X 1
`_2023-12-27 03:31:54_
--------
