【登录信息】
*318194637fc953496e5082ebcbeae7a2*
`登陆天数: 115天 / 1815天
等级: 141
石头: 5
呼符: 0
体力: 60856.32666666667 / 140
友情点: 3145 / 3813410`
*連続ログイン3日目
※ログインが途切れるか、7日到達すると
1日目から再開されます*
`叡智の業火 X 1
12月交換券(2023) X 1
`*「FGO カルデア・サテライトステーション 2023-2024」京都会場開催直前 ログインボーナス*
*開催期間中、1日1回 最大3回 ログインボーナスをプレゼント！*
`黄金の果実 X 1
`_2023-12-28 03:31:40_
--------
*9d78e90bb76b42970abd7495d7329768*
`登陆天数: 115天 / 1095天
等级: 128
石头: 640
呼符: 68
体力: 92198.73333333334 / 137
友情点: 100 / 869675`
*連続ログイン3日目
※ログインが途切れるか、7日到達すると
1日目から再開されます*
`叡智の業火 X 1
12月交換券(2023) X 1
`*「FGO カルデア・サテライトステーション 2023-2024」京都会場開催直前 ログインボーナス*
*開催期間中、1日1回 最大3回 ログインボーナスをプレゼント！*
`黄金の果実 X 1
`_2023-12-28 03:31:50_
--------
*b6bbcdbd5addb82b8007d1a35f461999*
`登陆天数: 115天 / 1215天
等级: 125
石头: 0
呼符: 0
体力: 178535.12 / 137
友情点: 210 / 987330`
*連続ログイン3日目
※ログインが途切れるか、7日到達すると
1日目から再開されます*
`叡智の業火 X 1
12月交換券(2023) X 1
`*「FGO カルデア・サテライトステーション 2023-2024」京都会場開催直前 ログインボーナス*
*開催期間中、1日1回 最大3回 ログインボーナスをプレゼント！*
`黄金の果実 X 1
`_2023-12-28 03:32:03_
--------
