【登录信息】
*318194637fc953496e5082ebcbeae7a2*
`登陆天数: 116天 / 1816天
等级: 141
石头: 5
呼符: 0
体力: 61144.28333333333 / 140
友情点: 2380 / 3815790`
*連続ログイン4日目
※ログインが途切れるか、7日到達すると
1日目から再開されます*
`聖晶石 X 1
12月交換券(2023) X 1
`*「FGO カルデア・サテライトステーション 2023-2024」京都会場開催直前 ログインボーナス*
*開催期間中、1日1回 最大3回 ログインボーナスをプレゼント！*
`黄金の果実 X 1
`_2023-12-29 03:31:27_
--------
*9d78e90bb76b42970abd7495d7329768*
`登陆天数: 116天 / 1096天
等级: 128
石头: 640
呼符: 68
体力: 92486.69 / 137
友情点: 110 / 869785`
*連続ログイン4日目
※ログインが途切れるか、7日到達すると
1日目から再開されます*
`聖晶石 X 1
12月交換券(2023) X 1
`*「FGO カルデア・サテライトステーション 2023-2024」京都会場開催直前 ログインボーナス*
*開催期間中、1日1回 最大3回 ログインボーナスをプレゼント！*
`黄金の果実 X 1
`_2023-12-29 03:31:37_
--------
*b6bbcdbd5addb82b8007d1a35f461999*
`登陆天数: 116天 / 1216天
等级: 125
石头: 0
呼符: 0
体力: 178823.07666666666 / 137
友情点: 90 / 987620`
*連続ログイン4日目
※ログインが途切れるか、7日到達すると
1日目から再開されます*
`聖晶石 X 1
12月交換券(2023) X 1
`*「FGO カルデア・サテライトステーション 2023-2024」京都会場開催直前 ログインボーナス*
*開催期間中、1日1回 最大3回 ログインボーナスをプレゼント！*
`黄金の果実 X 1
`_2023-12-29 03:31:50_
--------
