【登录信息】
*318194637fc953496e5082ebcbeae7a2*
`登陆天数: 117天 / 1817天
等级: 141
石头: 5
呼符: 0
体力: 61432.316666666666 / 140
友情点: 2125 / 3817915`
*連続ログイン5日目
※ログインが途切れるか、7日到達すると
1日目から再開されます*
`叡智の業火 X 2
12月交換券(2023) X 1
`*「FGO カルデア・サテライトステーション 2023-2024」京都会場開催記念 3万リポスト達成プレゼント*
*開催期間中、初回ログインで「聖晶石×6」をプレゼント！*
`聖晶石 X 6
`_2023-12-30 03:31:37_
--------
*9d78e90bb76b42970abd7495d7329768*
`登陆天数: 117天 / 1097天
等级: 128
石头: 640
呼符: 68
体力: 92774.72333333333 / 137
友情点: 160 / 869945`
*連続ログイン5日目
※ログインが途切れるか、7日到達すると
1日目から再開されます*
`叡智の業火 X 2
12月交換券(2023) X 1
`*「FGO カルデア・サテライトステーション 2023-2024」京都会場開催記念 3万リポスト達成プレゼント*
*開催期間中、初回ログインで「聖晶石×6」をプレゼント！*
`聖晶石 X 6
`_2023-12-30 03:31:47_
--------
*b6bbcdbd5addb82b8007d1a35f461999*
`登陆天数: 117天 / 1217天
等级: 125
石头: 0
呼符: 0
体力: 179111.10666666666 / 137
友情点: 130 / 987750`
*連続ログイン5日目
※ログインが途切れるか、7日到達すると
1日目から再開されます*
`叡智の業火 X 2
12月交換券(2023) X 1
`*「FGO カルデア・サテライトステーション 2023-2024」京都会場開催記念 3万リポスト達成プレゼント*
*開催期間中、初回ログインで「聖晶石×6」をプレゼント！*
`聖晶石 X 6
`_2023-12-30 03:32:00_
--------
