【登录信息】
*318194637fc953496e5082ebcbeae7a2*
`登陆天数: 118天 / 1818天
等级: 141
石头: 332
呼符: 21
体力: 87.83 / 140
友情点: 680 / 3850485`
*連続ログイン6日目
※ログインが途切れるか、7日到達すると
1日目から再開されます*
`聖晶石 X 2
12月交換券(2023) X 1
`*Fate Project 大晦日TVスペシャル2023 放送カウントダウンログインボーナス*
*開催期間中、1日1回 3日間日替りでログインボーナスをプレゼント！*
`黄金の果実 X 1
呼符 X 1
`_2023-12-31 03:31:27_
--------
*9d78e90bb76b42970abd7495d7329768*
`登陆天数: 118天 / 1098天
等级: 128
石头: 640
呼符: 68
体力: 93062.69 / 137
友情点: 90 / 870035`
*連続ログイン6日目
※ログインが途切れるか、7日到達すると
1日目から再開されます*
`聖晶石 X 2
12月交換券(2023) X 1
`*Fate Project 大晦日TVスペシャル2023 放送カウントダウンログインボーナス*
*開催期間中、1日1回 3日間日替りでログインボーナスをプレゼント！*
`黄金の果実 X 1
呼符 X 1
`_2023-12-31 03:31:37_
--------
*b6bbcdbd5addb82b8007d1a35f461999*
`登陆天数: 118天 / 1218天
等级: 125
石头: 0
呼符: 0
体力: 179399.07666666666 / 137
友情点: 140 / 987890`
*連続ログイン6日目
※ログインが途切れるか、7日到達すると
1日目から再開されます*
`聖晶石 X 2
12月交換券(2023) X 1
`*Fate Project 大晦日TVスペシャル2023 放送カウントダウンログインボーナス*
*開催期間中、1日1回 3日間日替りでログインボーナスをプレゼント！*
`黄金の果実 X 1
呼符 X 1
`_2023-12-31 03:31:50_
--------
