【登录信息】
*318194637fc953496e5082ebcbeae7a2*
`登陆天数: 57天 / 2562天
等级: 143
石头: 2182
呼符: 100
体力: 65576.20333333334 / 141
友情点: 0 / 9655955`
*連続ログイン1日目
※ログインが途切れるか、7日到達すると
1日目から再開されます*
`英霊結晶・星のフォウくん X 1
フレンドポイント X 2000
5月交換券(2026) X 1
`_2026-05-20 21:15:36_
--------
*9d78e90bb76b42970abd7495d7329768*
`登陆天数: 57天 / 1829天
等级: 128
石头: 640
呼符: 68
体力: 344219.51666666666 / 137
友情点: 0 / 884765`
*連続ログイン1日目
※ログインが途切れるか、7日到達すると
1日目から再開されます*
`英霊結晶・星のフォウくん X 1
フレンドポイント X 2000
5月交換券(2026) X 1
`_2026-05-20 21:15:46_
--------
