【登录信息】
*318194637fc953496e5082ebcbeae7a2*
`登陆天数: 27天 / 1727天
等级: 141
石头: 5
呼符: 0
体力: 35512.276666666665 / 140
友情点: 3910 / 3551465`
*連続ログイン6日目
※ログインが途切れるか、7日到達すると
1日目から再開されます*
`聖晶石 X 2
10月交換券(2023) X 1
`*ワンジナ・ワールドツアー！ ～大精霊と巡る世界一周～開幕記念 ログインボーナス*
*開催期間中、1日1回 最大21回ログインボーナスをプレゼント！*
`白銀の果実 X 1
`_2023-10-01 03:31:25_
--------
*9d78e90bb76b42970abd7495d7329768*
`登陆天数: 27天 / 1007天
等级: 128
石头: 640
呼符: 68
体力: 66854.68 / 137
友情点: 190 / 850270`
*連続ログイン6日目
※ログインが途切れるか、7日到達すると
1日目から再開されます*
`聖晶石 X 2
10月交換券(2023) X 1
`*ワンジナ・ワールドツアー！ ～大精霊と巡る世界一周～開幕記念 ログインボーナス*
*開催期間中、1日1回 最大21回ログインボーナスをプレゼント！*
`白銀の果実 X 1
`_2023-10-01 03:31:35_
--------
*b6bbcdbd5addb82b8007d1a35f461999*
`登陆天数: 27天 / 1127天
等级: 125
石头: 0
呼符: 0
体力: 153191.06333333332 / 137
友情点: 290 / 960180`
*連続ログイン6日目
※ログインが途切れるか、7日到達すると
1日目から再開されます*
`聖晶石 X 2
10月交換券(2023) X 1
`*ワンジナ・ワールドツアー！ ～大精霊と巡る世界一周～開幕記念 ログインボーナス*
*開催期間中、1日1回 最大21回ログインボーナスをプレゼント！*
`白銀の果実 X 1
`_2023-10-01 03:31:46_
--------
