【登录信息】
*318194637fc953496e5082ebcbeae7a2*
`登陆天数: 28天 / 1728天
等级: 141
石头: 5
呼符: 0
体力: 35800.28 / 140
友情点: 1190 / 3552885`
*連続ログイン7日間到達おめでとうございます！
明日は1日目からリスタートされます。*
`獣の足跡 X 1
呼符 X 1
10月交換券(2023) X 1
`*ワンジナ・ワールドツアー！ ～大精霊と巡る世界一周～開幕記念 ログインボーナス*
*開催期間中、1日1回 最大21回ログインボーナスをプレゼント！*
`白銀の果実 X 1
`_2023-10-02 03:31:26_
--------
*9d78e90bb76b42970abd7495d7329768*
`登陆天数: 28天 / 1008天
等级: 128
石头: 640
呼符: 68
体力: 67142.68333333333 / 137
友情点: 30 / 850300`
*連続ログイン7日間到達おめでとうございます！
明日は1日目からリスタートされます。*
`獣の足跡 X 1
呼符 X 1
10月交換券(2023) X 1
`*ワンジナ・ワールドツアー！ ～大精霊と巡る世界一周～開幕記念 ログインボーナス*
*開催期間中、1日1回 最大21回ログインボーナスをプレゼント！*
`白銀の果実 X 1
`_2023-10-02 03:31:35_
--------
*b6bbcdbd5addb82b8007d1a35f461999*
`登陆天数: 28天 / 1128天
等级: 125
石头: 0
呼符: 0
体力: 153479.06333333332 / 137
友情点: 90 / 960270`
*連続ログイン7日間到達おめでとうございます！
明日は1日目からリスタートされます。*
`獣の足跡 X 1
呼符 X 1
10月交換券(2023) X 1
`*ワンジナ・ワールドツアー！ ～大精霊と巡る世界一周～開幕記念 ログインボーナス*
*開催期間中、1日1回 最大21回ログインボーナスをプレゼント！*
`白銀の果実 X 1
`_2023-10-02 03:31:47_
--------
