【登录信息】
*318194637fc953496e5082ebcbeae7a2*
`登陆天数: 29天 / 1729天
等级: 141
石头: 5
呼符: 0
体力: 36088.3 / 140
友情点: 1870 / 3555425`
*連続ログイン1日目
※ログインが途切れるか、7日到達すると
1日目から再開されます*
`フレンドポイント X 2000
10月交換券(2023) X 1
`*ワンジナ・ワールドツアー！ ～大精霊と巡る世界一周～開幕記念 ログインボーナス*
*開催期間中、1日1回 最大21回ログインボーナスをプレゼント！*
`白銀の果実 X 1
`_2023-10-03 03:31:33_
--------
*9d78e90bb76b42970abd7495d7329768*
`登陆天数: 29天 / 1009天
等级: 128
石头: 640
呼符: 68
体力: 67430.70333333334 / 137
友情点: 60 / 850360`
*連続ログイン1日目
※ログインが途切れるか、7日到達すると
1日目から再開されます*
`フレンドポイント X 2000
10月交換券(2023) X 1
`*ワンジナ・ワールドツアー！ ～大精霊と巡る世界一周～開幕記念 ログインボーナス*
*開催期間中、1日1回 最大21回ログインボーナスをプレゼント！*
`白銀の果実 X 1
`_2023-10-03 03:31:42_
--------
*b6bbcdbd5addb82b8007d1a35f461999*
`登陆天数: 29天 / 1129天
等级: 125
石头: 0
呼符: 0
体力: 153767.08666666667 / 137
友情点: 120 / 961400`
*連続ログイン1日目
※ログインが途切れるか、7日到達すると
1日目から再開されます*
`フレンドポイント X 2000
10月交換券(2023) X 1
`*ワンジナ・ワールドツアー！ ～大精霊と巡る世界一周～開幕記念 ログインボーナス*
*開催期間中、1日1回 最大21回ログインボーナスをプレゼント！*
`白銀の果実 X 1
`_2023-10-03 03:31:53_
--------
