【登录信息】
*318194637fc953496e5082ebcbeae7a2*
`登陆天数: 30天 / 1730天
等级: 141
石头: 5
呼符: 0
体力: 36376.28 / 140
友情点: 1105 / 3556530`
*連続ログイン2日目
※ログインが途切れるか、7日到達すると
1日目から再開されます*
`聖晶石 X 1
10月交換券(2023) X 1
`*ワンジナ・ワールドツアー！ ～大精霊と巡る世界一周～開幕記念 ログインボーナス*
*開催期間中、1日1回 最大21回ログインボーナスをプレゼント！*
`白銀の果実 X 1
`_2023-10-04 03:31:26_
--------
*9d78e90bb76b42970abd7495d7329768*
`登陆天数: 30天 / 1010天
等级: 128
石头: 640
呼符: 68
体力: 67718.68333333333 / 137
友情点: 40 / 850400`
*連続ログイン2日目
※ログインが途切れるか、7日到達すると
1日目から再開されます*
`聖晶石 X 1
10月交換券(2023) X 1
`*ワンジナ・ワールドツアー！ ～大精霊と巡る世界一周～開幕記念 ログインボーナス*
*開催期間中、1日1回 最大21回ログインボーナスをプレゼント！*
`白銀の果実 X 1
`_2023-10-04 03:31:35_
--------
*b6bbcdbd5addb82b8007d1a35f461999*
`登陆天数: 30天 / 1130天
等级: 125
石头: 0
呼符: 0
体力: 154055.06333333332 / 137
友情点: 60 / 961460`
*連続ログイン2日目
※ログインが途切れるか、7日到達すると
1日目から再開されます*
`聖晶石 X 1
10月交換券(2023) X 1
`*ワンジナ・ワールドツアー！ ～大精霊と巡る世界一周～開幕記念 ログインボーナス*
*開催期間中、1日1回 最大21回ログインボーナスをプレゼント！*
`白銀の果実 X 1
`_2023-10-04 03:31:46_
--------
