【登录信息】
*318194637fc953496e5082ebcbeae7a2*
`登陆天数: 31天 / 1731天
等级: 141
石头: 5
呼符: 0
体力: 36664.3 / 140
友情点: 1785 / 3558315`
*連続ログイン3日目
※ログインが途切れるか、7日到達すると
1日目から再開されます*
`叡智の業火 X 1
10月交換券(2023) X 1
`*ワンジナ・ワールドツアー！ ～大精霊と巡る世界一周～開幕記念 ログインボーナス*
*開催期間中、1日1回 最大21回ログインボーナスをプレゼント！*
`黄金の果実 X 1
`_2023-10-05 03:31:32_
--------
*9d78e90bb76b42970abd7495d7329768*
`登陆天数: 31天 / 1011天
等级: 128
石头: 640
呼符: 68
体力: 68006.7 / 137
友情点: 90 / 850490`
*連続ログイン3日目
※ログインが途切れるか、7日到達すると
1日目から再開されます*
`叡智の業火 X 1
10月交換券(2023) X 1
`*ワンジナ・ワールドツアー！ ～大精霊と巡る世界一周～開幕記念 ログインボーナス*
*開催期間中、1日1回 最大21回ログインボーナスをプレゼント！*
`黄金の果実 X 1
`_2023-10-05 03:31:41_
--------
*b6bbcdbd5addb82b8007d1a35f461999*
`登陆天数: 31天 / 1131天
等级: 125
石头: 0
呼符: 0
体力: 154343.08333333334 / 137
友情点: 80 / 962350`
*連続ログイン3日目
※ログインが途切れるか、7日到達すると
1日目から再開されます*
`叡智の業火 X 1
10月交換券(2023) X 1
`*ワンジナ・ワールドツアー！ ～大精霊と巡る世界一周～開幕記念 ログインボーナス*
*開催期間中、1日1回 最大21回ログインボーナスをプレゼント！*
`黄金の果実 X 1
`_2023-10-05 03:31:52_
--------
