【登录信息】
*318194637fc953496e5082ebcbeae7a2*
`登陆天数: 35天 / 1735天
等级: 141
石头: 5
呼符: 0
体力: 37816.33666666667 / 140
友情点: 1615 / 3570915`
*連続ログイン7日間到達おめでとうございます！
明日は1日目からリスタートされます。*
`獣の足跡 X 1
呼符 X 1
10月交換券(2023) X 1
`*ワンジナ・ワールドツアー！ ～大精霊と巡る世界一周～開幕記念 ログインボーナス*
*開催期間中、1日1回 最大21回ログインボーナスをプレゼント！*
`白銀の果実 X 1
`_2023-10-09 03:31:42_
--------
*9d78e90bb76b42970abd7495d7329768*
`登陆天数: 35天 / 1015天
等级: 128
石头: 640
呼符: 68
体力: 69158.74333333333 / 137
友情点: 40 / 851150`
*連続ログイン7日間到達おめでとうございます！
明日は1日目からリスタートされます。*
`獣の足跡 X 1
呼符 X 1
10月交換券(2023) X 1
`*ワンジナ・ワールドツアー！ ～大精霊と巡る世界一周～開幕記念 ログインボーナス*
*開催期間中、1日1回 最大21回ログインボーナスをプレゼント！*
`白銀の果実 X 1
`_2023-10-09 03:31:53_
--------
*b6bbcdbd5addb82b8007d1a35f461999*
`登陆天数: 35天 / 1135天
等级: 125
石头: 0
呼符: 0
体力: 155495.13 / 137
友情点: 110 / 964670`
*連続ログイン7日間到達おめでとうございます！
明日は1日目からリスタートされます。*
`獣の足跡 X 1
呼符 X 1
10月交換券(2023) X 1
`*ワンジナ・ワールドツアー！ ～大精霊と巡る世界一周～開幕記念 ログインボーナス*
*開催期間中、1日1回 最大21回ログインボーナスをプレゼント！*
`白銀の果実 X 1
`_2023-10-09 03:32:06_
--------
