【登录信息】
*318194637fc953496e5082ebcbeae7a2*
`登陆天数: 38天 / 1738天
等级: 141
石头: 5
呼符: 0
体力: 38680.293333333335 / 140
友情点: 3145 / 3578410`
*連続ログイン3日目
※ログインが途切れるか、7日到達すると
1日目から再開されます*
`叡智の業火 X 1
10月交換券(2023) X 1
`*日替りログインボーナス*
*開催期間中、1日1回 2週間日替りでログインボーナスをプレゼント！*
`巡霊の葉 X 30
`_2023-10-12 03:31:31_
--------
*9d78e90bb76b42970abd7495d7329768*
`登陆天数: 38天 / 1018天
等级: 128
石头: 640
呼符: 68
体力: 70022.69666666667 / 137
友情点: 110 / 851360`
*連続ログイン3日目
※ログインが途切れるか、7日到達すると
1日目から再開されます*
`叡智の業火 X 1
10月交換券(2023) X 1
`*日替りログインボーナス*
*開催期間中、1日1回 2週間日替りでログインボーナスをプレゼント！*
`巡霊の葉 X 30
`_2023-10-12 03:31:40_
--------
*b6bbcdbd5addb82b8007d1a35f461999*
`登陆天数: 38天 / 1138天
等级: 125
石头: 0
呼符: 0
体力: 156359.07666666666 / 137
友情点: 200 / 965160`
*連続ログイン3日目
※ログインが途切れるか、7日到達すると
1日目から再開されます*
`叡智の業火 X 1
10月交換券(2023) X 1
`*日替りログインボーナス*
*開催期間中、1日1回 2週間日替りでログインボーナスをプレゼント！*
`巡霊の葉 X 30
`_2023-10-12 03:31:51_
--------
