【登录信息】
*318194637fc953496e5082ebcbeae7a2*
`登陆天数: 39天 / 1739天
等级: 141
石头: 5
呼符: 0
体力: 38968.34333333333 / 140
友情点: 935 / 3579345`
*連続ログイン4日目
※ログインが途切れるか、7日到達すると
1日目から再開されます*
`聖晶石 X 1
10月交換券(2023) X 1
`*日替りログインボーナス*
*開催期間中、1日1回 2週間日替りでログインボーナスをプレゼント！*
`巡霊の葉 X 30
`_2023-10-13 03:31:46_
--------
*9d78e90bb76b42970abd7495d7329768*
`登陆天数: 39天 / 1019天
等级: 128
石头: 640
呼符: 68
体力: 70310.74666666667 / 137
友情点: 140 / 851520`
*連続ログイン4日目
※ログインが途切れるか、7日到達すると
1日目から再開されます*
`聖晶石 X 1
10月交換券(2023) X 1
`*日替りログインボーナス*
*開催期間中、1日1回 2週間日替りでログインボーナスをプレゼント！*
`巡霊の葉 X 30
`_2023-10-13 03:31:55_
--------
*b6bbcdbd5addb82b8007d1a35f461999*
`登陆天数: 39天 / 1139天
等级: 125
石头: 0
呼符: 0
体力: 156647.12666666668 / 137
友情点: 60 / 965820`
*連続ログイン4日目
※ログインが途切れるか、7日到達すると
1日目から再開されます*
`聖晶石 X 1
10月交換券(2023) X 1
`*日替りログインボーナス*
*開催期間中、1日1回 2週間日替りでログインボーナスをプレゼント！*
`巡霊の葉 X 30
`_2023-10-13 03:32:06_
--------
