【登录信息】
*318194637fc953496e5082ebcbeae7a2*
`登陆天数: 40天 / 1740天
等级: 141
石头: 5
呼符: 0
体力: 39256.32 / 140
友情点: 1360 / 3581105`
*連続ログイン5日目
※ログインが途切れるか、7日到達すると
1日目から再開されます*
`叡智の業火 X 2
10月交換券(2023) X 1
`*日替りログインボーナス*
*開催期間中、1日1回 2週間日替りでログインボーナスをプレゼント！*
`聖晶石 X 2
巡霊の葉 X 100
`_2023-10-14 03:31:38_
--------
*9d78e90bb76b42970abd7495d7329768*
`登陆天数: 40天 / 1020天
等级: 128
石头: 640
呼符: 68
体力: 70598.72 / 137
友情点: 40 / 851560`
*連続ログイン5日目
※ログインが途切れるか、7日到達すると
1日目から再開されます*
`叡智の業火 X 2
10月交換券(2023) X 1
`*日替りログインボーナス*
*開催期間中、1日1回 2週間日替りでログインボーナスをプレゼント！*
`聖晶石 X 2
巡霊の葉 X 100
`_2023-10-14 03:31:47_
--------
*b6bbcdbd5addb82b8007d1a35f461999*
`登陆天数: 40天 / 1140天
等级: 125
石头: 0
呼符: 0
体力: 156935.10333333333 / 137
友情点: 120 / 966140`
*連続ログイン5日目
※ログインが途切れるか、7日到達すると
1日目から再開されます*
`叡智の業火 X 2
10月交換券(2023) X 1
`*日替りログインボーナス*
*開催期間中、1日1回 2週間日替りでログインボーナスをプレゼント！*
`聖晶石 X 2
巡霊の葉 X 100
`_2023-10-14 03:31:58_
--------
