【登录信息】
*318194637fc953496e5082ebcbeae7a2*
`登陆天数: 41天 / 1741天
等级: 141
石头: 5
呼符: 0
体力: 39544.33666666667 / 140
友情点: 3060 / 3584175`
*連続ログイン6日目
※ログインが途切れるか、7日到達すると
1日目から再開されます*
`聖晶石 X 2
10月交換券(2023) X 1
`*リリース3000日突破キャンペーン 初回ログインボーナス*
*開催期間中、初回ログインで「聖晶石×10」をプレゼント！*
`聖晶石 X 10
`_2023-10-15 03:31:44_
--------
*9d78e90bb76b42970abd7495d7329768*
`登陆天数: 41天 / 1021天
等级: 128
石头: 640
呼符: 68
体力: 70886.74 / 137
友情点: 190 / 851750`
*連続ログイン6日目
※ログインが途切れるか、7日到達すると
1日目から再開されます*
`聖晶石 X 2
10月交換券(2023) X 1
`*リリース3000日突破キャンペーン 初回ログインボーナス*
*開催期間中、初回ログインで「聖晶石×10」をプレゼント！*
`聖晶石 X 10
`_2023-10-15 03:31:53_
--------
*b6bbcdbd5addb82b8007d1a35f461999*
`登陆天数: 41天 / 1141天
等级: 125
石头: 0
呼符: 0
体力: 157223.12 / 137
友情点: 140 / 966280`
*連続ログイン6日目
※ログインが途切れるか、7日到達すると
1日目から再開されます*
`聖晶石 X 2
10月交換券(2023) X 1
`*リリース3000日突破キャンペーン 初回ログインボーナス*
*開催期間中、初回ログインで「聖晶石×10」をプレゼント！*
`聖晶石 X 10
`_2023-10-15 03:32:04_
--------
