【登录信息】
*318194637fc953496e5082ebcbeae7a2*
`登陆天数: 42天 / 1742天
等级: 141
石头: 5
呼符: 0
体力: 39832.28 / 140
友情点: 1870 / 3586045`
*連続ログイン7日間到達おめでとうございます！
明日は1日目からリスタートされます。*
`獣の足跡 X 1
呼符 X 1
10月交換券(2023) X 1
`*日替りログインボーナス*
*開催期間中、1日1回 2週間日替りでログインボーナスをプレゼント！*
`巡霊の葉 X 30
`_2023-10-16 03:31:27_
--------
*9d78e90bb76b42970abd7495d7329768*
`登陆天数: 42天 / 1022天
等级: 128
石头: 640
呼符: 68
体力: 71174.68333333333 / 137
友情点: 40 / 851790`
*連続ログイン7日間到達おめでとうございます！
明日は1日目からリスタートされます。*
`獣の足跡 X 1
呼符 X 1
10月交換券(2023) X 1
`*日替りログインボーナス*
*開催期間中、1日1回 2週間日替りでログインボーナスをプレゼント！*
`巡霊の葉 X 30
`_2023-10-16 03:31:35_
--------
*b6bbcdbd5addb82b8007d1a35f461999*
`登陆天数: 42天 / 1142天
等级: 125
石头: 0
呼符: 0
体力: 157511.06333333332 / 137
友情点: 60 / 966350`
*連続ログイン7日間到達おめでとうございます！
明日は1日目からリスタートされます。*
`獣の足跡 X 1
呼符 X 1
10月交換券(2023) X 1
`*日替りログインボーナス*
*開催期間中、1日1回 2週間日替りでログインボーナスをプレゼント！*
`巡霊の葉 X 30
`_2023-10-16 03:31:46_
--------
