【登录信息】
*318194637fc953496e5082ebcbeae7a2*
`登陆天数: 43天 / 1743天
等级: 141
石头: 5
呼符: 0
体力: 40120.29666666667 / 140
友情点: 1955 / 3588000`
*連続ログイン1日目
※ログインが途切れるか、7日到達すると
1日目から再開されます*
`フレンドポイント X 2000
10月交換券(2023) X 1
`*日替りログインボーナス*
*開催期間中、1日1回 2週間日替りでログインボーナスをプレゼント！*
`巡霊の葉 X 30
`_2023-10-17 03:31:31_
--------
*9d78e90bb76b42970abd7495d7329768*
`登陆天数: 43天 / 1023天
等级: 128
石头: 640
呼符: 68
体力: 71462.69666666667 / 137
友情点: 100 / 852900`
*連続ログイン1日目
※ログインが途切れるか、7日到達すると
1日目から再開されます*
`フレンドポイント X 2000
10月交換券(2023) X 1
`*日替りログインボーナス*
*開催期間中、1日1回 2週間日替りでログインボーナスをプレゼント！*
`巡霊の葉 X 30
`_2023-10-17 03:31:40_
--------
*b6bbcdbd5addb82b8007d1a35f461999*
`登陆天数: 43天 / 1143天
等级: 125
石头: 0
呼符: 0
体力: 157799.08 / 137
友情点: 50 / 966400`
*連続ログイン1日目
※ログインが途切れるか、7日到達すると
1日目から再開されます*
`フレンドポイント X 2000
10月交換券(2023) X 1
`*日替りログインボーナス*
*開催期間中、1日1回 2週間日替りでログインボーナスをプレゼント！*
`巡霊の葉 X 30
`_2023-10-17 03:31:51_
--------
