【登录信息】
*318194637fc953496e5082ebcbeae7a2*
`登陆天数: 44天 / 1744天
等级: 141
石头: 5
呼符: 0
体力: 40408.31 / 140
友情点: 1105 / 3589305`
*連続ログイン2日目
※ログインが途切れるか、7日到達すると
1日目から再開されます*
`聖晶石 X 1
10月交換券(2023) X 1
`*日替りログインボーナス*
*開催期間中、1日1回 2週間日替りでログインボーナスをプレゼント！*
`聖晶石 X 3
巡霊の葉 X 50
`_2023-10-18 03:31:35_
--------
*9d78e90bb76b42970abd7495d7329768*
`登陆天数: 44天 / 1024天
等级: 128
石头: 640
呼符: 68
体力: 71750.71 / 137
友情点: 90 / 853000`
*連続ログイン2日目
※ログインが途切れるか、7日到達すると
1日目から再開されます*
`聖晶石 X 1
10月交換券(2023) X 1
`*日替りログインボーナス*
*開催期間中、1日1回 2週間日替りでログインボーナスをプレゼント！*
`聖晶石 X 3
巡霊の葉 X 50
`_2023-10-18 03:31:44_
--------
*b6bbcdbd5addb82b8007d1a35f461999*
`登陆天数: 44天 / 1144天
等级: 125
石头: 0
呼符: 0
体力: 158087.09 / 137
友情点: 160 / 966560`
*連続ログイン2日目
※ログインが途切れるか、7日到達すると
1日目から再開されます*
`聖晶石 X 1
10月交換券(2023) X 1
`*日替りログインボーナス*
*開催期間中、1日1回 2週間日替りでログインボーナスをプレゼント！*
`聖晶石 X 3
巡霊の葉 X 50
`_2023-10-18 03:31:54_
--------
