【登录信息】
*318194637fc953496e5082ebcbeae7a2*
`登陆天数: 45天 / 1745天
等级: 141
石头: 5
呼符: 0
体力: 40696.26666666667 / 140
友情点: 3825 / 3593160`
*連続ログイン3日目
※ログインが途切れるか、7日到達すると
1日目から再開されます*
`叡智の業火 X 1
10月交換券(2023) X 1
`*日替りログインボーナス*
*開催期間中、1日1回 2週間日替りでログインボーナスをプレゼント！*
`巡霊の葉 X 30
`_2023-10-19 03:31:22_
--------
*9d78e90bb76b42970abd7495d7329768*
`登陆天数: 45天 / 1025天
等级: 128
石头: 640
呼符: 68
体力: 72038.67 / 137
友情点: 320 / 853330`
*連続ログイン3日目
※ログインが途切れるか、7日到達すると
1日目から再開されます*
`叡智の業火 X 1
10月交換券(2023) X 1
`*日替りログインボーナス*
*開催期間中、1日1回 2週間日替りでログインボーナスをプレゼント！*
`巡霊の葉 X 30
`_2023-10-19 03:31:31_
--------
*b6bbcdbd5addb82b8007d1a35f461999*
`登陆天数: 45天 / 1145天
等级: 125
石头: 0
呼符: 0
体力: 158375.04666666666 / 137
友情点: 320 / 966880`
*連続ログイン3日目
※ログインが途切れるか、7日到達すると
1日目から再開されます*
`叡智の業火 X 1
10月交換券(2023) X 1
`*日替りログインボーナス*
*開催期間中、1日1回 2週間日替りでログインボーナスをプレゼント！*
`巡霊の葉 X 30
`_2023-10-19 03:31:42_
--------
