【登录信息】
*318194637fc953496e5082ebcbeae7a2*
`登陆天数: 46天 / 1746天
等级: 141
石头: 5
呼符: 0
体力: 40984.36 / 140
友情点: 3060 / 3596220`
*連続ログイン4日目
※ログインが途切れるか、7日到達すると
1日目から再開されます*
`聖晶石 X 1
10月交換券(2023) X 1
`*日替りログインボーナス*
*開催期間中、1日1回 2週間日替りでログインボーナスをプレゼント！*
`巡霊の葉 X 30
`_2023-10-20 03:31:50_
--------
*9d78e90bb76b42970abd7495d7329768*
`登陆天数: 46天 / 1026天
等级: 128
石头: 640
呼符: 68
体力: 72326.76 / 137
友情点: 100 / 853430`
*連続ログイン4日目
※ログインが途切れるか、7日到達すると
1日目から再開されます*
`聖晶石 X 1
10月交換券(2023) X 1
`*日替りログインボーナス*
*開催期間中、1日1回 2週間日替りでログインボーナスをプレゼント！*
`巡霊の葉 X 30
`_2023-10-20 03:31:59_
--------
*b6bbcdbd5addb82b8007d1a35f461999*
`登陆天数: 46天 / 1146天
等级: 125
石头: 0
呼符: 0
体力: 158663.14 / 137
友情点: 190 / 967270`
*連続ログイン4日目
※ログインが途切れるか、7日到達すると
1日目から再開されます*
`聖晶石 X 1
10月交換券(2023) X 1
`*日替りログインボーナス*
*開催期間中、1日1回 2週間日替りでログインボーナスをプレゼント！*
`巡霊の葉 X 30
`_2023-10-20 03:32:09_
--------
