【登录信息】
*318194637fc953496e5082ebcbeae7a2*
`登陆天数: 48天 / 1748天
等级: 141
石头: 5
呼符: 0
体力: 41560.26666666667 / 140
友情点: 5440 / 3608660`
*連続ログイン6日目
※ログインが途切れるか、7日到達すると
1日目から再開されます*
`聖晶石 X 2
10月交換券(2023) X 1
`*【リリース3000日突破記念特別】
ログインボーナス*
*開催期間中、1日1回 最大7回 回数ログインボーナスをプレゼント！*
`呼符 X 1
`_2023-10-22 03:31:22_
--------
*9d78e90bb76b42970abd7495d7329768*
`登陆天数: 48天 / 1028天
等级: 128
石头: 640
呼符: 68
体力: 72902.66666666667 / 137
友情点: 310 / 854110`
*連続ログイン6日目
※ログインが途切れるか、7日到達すると
1日目から再開されます*
`聖晶石 X 2
10月交換券(2023) X 1
`*【リリース3000日突破記念特別】
ログインボーナス*
*開催期間中、1日1回 最大7回 回数ログインボーナスをプレゼント！*
`呼符 X 1
`_2023-10-22 03:31:31_
--------
*b6bbcdbd5addb82b8007d1a35f461999*
`登陆天数: 48天 / 1148天
等级: 125
石头: 0
呼符: 0
体力: 159239.04666666666 / 137
友情点: 380 / 968640`
*連続ログイン6日目
※ログインが途切れるか、7日到達すると
1日目から再開されます*
`聖晶石 X 2
10月交換券(2023) X 1
`*【リリース3000日突破記念特別】
ログインボーナス*
*開催期間中、1日1回 最大7回 回数ログインボーナスをプレゼント！*
`呼符 X 1
`_2023-10-22 03:31:41_
--------
