【登录信息】
*318194637fc953496e5082ebcbeae7a2*
`登陆天数: 50天 / 1750天
等级: 141
石头: 5
呼符: 0
体力: 42136.34333333333 / 140
友情点: 1615 / 3611410`
*連続ログイン1日目
※ログインが途切れるか、7日到達すると
1日目から再開されます*
`フレンドポイント X 2000
10月交換券(2023) X 1
`*日替りログインボーナス*
*開催期間中、1日1回 2週間日替りでログインボーナスをプレゼント！*
`巡霊の葉 X 30
`_2023-10-24 03:31:45_
--------
*9d78e90bb76b42970abd7495d7329768*
`登陆天数: 50天 / 1030天
等级: 128
石头: 640
呼符: 68
体力: 73478.74666666667 / 137
友情点: 170 / 854340`
*連続ログイン1日目
※ログインが途切れるか、7日到達すると
1日目から再開されます*
`フレンドポイント X 2000
10月交換券(2023) X 1
`*日替りログインボーナス*
*開催期間中、1日1回 2週間日替りでログインボーナスをプレゼント！*
`巡霊の葉 X 30
`_2023-10-24 03:31:55_
--------
*b6bbcdbd5addb82b8007d1a35f461999*
`登陆天数: 50天 / 1150天
等级: 125
石头: 0
呼符: 0
体力: 159815.12666666668 / 137
友情点: 60 / 971400`
*連続ログイン1日目
※ログインが途切れるか、7日到達すると
1日目から再開されます*
`フレンドポイント X 2000
10月交換券(2023) X 1
`*日替りログインボーナス*
*開催期間中、1日1回 2週間日替りでログインボーナスをプレゼント！*
`巡霊の葉 X 30
`_2023-10-24 03:32:06_
--------
