【登录信息】
*318194637fc953496e5082ebcbeae7a2*
`登陆天数: 52天 / 1752天
等级: 141
石头: 5
呼符: 0
体力: 42712.33 / 140
友情点: 3145 / 3621185`
*連続ログイン3日目
※ログインが途切れるか、7日到達すると
1日目から再開されます*
`叡智の業火 X 1
10月交換券(2023) X 1
`*FGO カルデア放送局 ライト版 聖杯戦線 ～白天の城、黒夜の城～放送記念 初回ログインボーナス*
*開催期間中、初回ログインで「聖晶石×14」をプレゼント！*
`聖晶石 X 14
`_2023-10-26 03:31:41_
--------
*9d78e90bb76b42970abd7495d7329768*
`登陆天数: 52天 / 1032天
等级: 128
石头: 640
呼符: 68
体力: 74054.73333333334 / 137
友情点: 140 / 855020`
*連続ログイン3日目
※ログインが途切れるか、7日到達すると
1日目から再開されます*
`叡智の業火 X 1
10月交換券(2023) X 1
`*FGO カルデア放送局 ライト版 聖杯戦線 ～白天の城、黒夜の城～放送記念 初回ログインボーナス*
*開催期間中、初回ログインで「聖晶石×14」をプレゼント！*
`聖晶石 X 14
`_2023-10-26 03:31:50_
--------
*b6bbcdbd5addb82b8007d1a35f461999*
`登陆天数: 52天 / 1152天
等级: 125
石头: 0
呼符: 0
体力: 160391.11333333334 / 137
友情点: 150 / 972020`
*連続ログイン3日目
※ログインが途切れるか、7日到達すると
1日目から再開されます*
`叡智の業火 X 1
10月交換券(2023) X 1
`*FGO カルデア放送局 ライト版 聖杯戦線 ～白天の城、黒夜の城～放送記念 初回ログインボーナス*
*開催期間中、初回ログインで「聖晶石×14」をプレゼント！*
`聖晶石 X 14
`_2023-10-26 03:32:01_
--------
