【登录信息】
*318194637fc953496e5082ebcbeae7a2*
`登陆天数: 55天 / 1755天
等级: 141
石头: 5
呼符: 0
体力: 43576.363333333335 / 140
友情点: 2465 / 3628820`
*連続ログイン6日目
※ログインが途切れるか、7日到達すると
1日目から再開されます*
`聖晶石 X 2
10月交換券(2023) X 1
`*聖杯戦線 ～白天の城、黒夜の城～開幕記念 ログインボーナス*
*開催期間中、1日1回 最大21回ログインボーナスをプレゼント！*
`白銀の果実 X 1
`_2023-10-29 03:31:51_
--------
*9d78e90bb76b42970abd7495d7329768*
`登陆天数: 55天 / 1035天
等级: 128
石头: 640
呼符: 68
体力: 74918.76666666666 / 137
友情点: 270 / 855610`
*連続ログイン6日目
※ログインが途切れるか、7日到達すると
1日目から再開されます*
`聖晶石 X 2
10月交換券(2023) X 1
`*聖杯戦線 ～白天の城、黒夜の城～開幕記念 ログインボーナス*
*開催期間中、1日1回 最大21回ログインボーナスをプレゼント！*
`白銀の果実 X 1
`_2023-10-29 03:32:01_
--------
*b6bbcdbd5addb82b8007d1a35f461999*
`登陆天数: 55天 / 1155天
等级: 125
石头: 0
呼符: 0
体力: 161255.15 / 137
友情点: 0 / 972550`
*連続ログイン6日目
※ログインが途切れるか、7日到達すると
1日目から再開されます*
`聖晶石 X 2
10月交換券(2023) X 1
`*聖杯戦線 ～白天の城、黒夜の城～開幕記念 ログインボーナス*
*開催期間中、1日1回 最大21回ログインボーナスをプレゼント！*
`白銀の果実 X 1
`_2023-10-29 03:32:12_
--------
