【登录信息】
*318194637fc953496e5082ebcbeae7a2*
`登陆天数: 56天 / 1756天
等级: 141
石头: 5
呼符: 0
体力: 43864.306666666664 / 140
友情点: 4505 / 3633325`
*連続ログイン7日間到達おめでとうございます！
明日は1日目からリスタートされます。*
`獣の足跡 X 1
呼符 X 1
10月交換券(2023) X 1
`*初回ログインボーナス*
*開催期間中、初回ログインボーナスをプレゼント！*
`聖晶石 X 10
`_2023-10-30 03:31:33_
--------
*9d78e90bb76b42970abd7495d7329768*
`登陆天数: 56天 / 1036天
等级: 128
石头: 640
呼符: 68
体力: 75206.71 / 137
友情点: 210 / 855820`
*連続ログイン7日間到達おめでとうございます！
明日は1日目からリスタートされます。*
`獣の足跡 X 1
呼符 X 1
10月交換券(2023) X 1
`*初回ログインボーナス*
*開催期間中、初回ログインボーナスをプレゼント！*
`聖晶石 X 10
`_2023-10-30 03:31:43_
--------
*b6bbcdbd5addb82b8007d1a35f461999*
`登陆天数: 56天 / 1156天
等级: 125
石头: 0
呼符: 0
体力: 161543.09666666668 / 137
友情点: 330 / 972880`
*連続ログイン7日間到達おめでとうございます！
明日は1日目からリスタートされます。*
`獣の足跡 X 1
呼符 X 1
10月交換券(2023) X 1
`*初回ログインボーナス*
*開催期間中、初回ログインボーナスをプレゼント！*
`聖晶石 X 10
`_2023-10-30 03:31:56_
--------
