【登录信息】
*318194637fc953496e5082ebcbeae7a2*
`登陆天数: 57天 / 1757天
等级: 141
石头: 5
呼符: 0
体力: 44152.31333333333 / 140
友情点: 4080 / 3637625`
*連続ログイン1日目
※ログインが途切れるか、7日到達すると
1日目から再開されます*
`フレンドポイント X 2000
10月交換券(2023) X 1
`*聖杯戦線 ～白天の城、黒夜の城～開幕記念 ログインボーナス*
*開催期間中、1日1回 最大21回ログインボーナスをプレゼント！*
`白銀の果実 X 1
`_2023-10-31 03:31:35_
--------
*9d78e90bb76b42970abd7495d7329768*
`登陆天数: 57天 / 1037天
等级: 128
石头: 640
呼符: 68
体力: 75494.72 / 137
友情点: 240 / 856060`
*連続ログイン1日目
※ログインが途切れるか、7日到達すると
1日目から再開されます*
`フレンドポイント X 2000
10月交換券(2023) X 1
`*聖杯戦線 ～白天の城、黒夜の城～開幕記念 ログインボーナス*
*開催期間中、1日1回 最大21回ログインボーナスをプレゼント！*
`白銀の果実 X 1
`_2023-10-31 03:31:46_
--------
*b6bbcdbd5addb82b8007d1a35f461999*
`登陆天数: 57天 / 1157天
等级: 125
石头: 0
呼符: 0
体力: 161831.1 / 137
友情点: 260 / 973140`
*連続ログイン1日目
※ログインが途切れるか、7日到達すると
1日目から再開されます*
`フレンドポイント X 2000
10月交換券(2023) X 1
`*聖杯戦線 ～白天の城、黒夜の城～開幕記念 ログインボーナス*
*開催期間中、1日1回 最大21回ログインボーナスをプレゼント！*
`白銀の果実 X 1
`_2023-10-31 03:31:58_
--------
