【登录信息】
[318194637fc953496e5082ebcbeae7a2]
`登陆天数: 38天 / 1010天
等级: 141
石头: 2
呼符: 1
友情点: 2719700 / 70523885`
*連続ログイン3日目
※ログインが途切れるか、7日到達すると
1日目から再開されます*
`叡智の猛火 X 1
10月交換券(2021) X 1
`*幕間の物語キャンペーン 第17弾 特別連続ログインボーナス*
*開催期間中、1日1回 最大5回 特別連続ログインボーナスをプレゼント！*
`叡智の業火 X 3
`_2021-10-01 03:31:41_
--------
[9d78e90bb76b42970abd7495d7329768]
`登陆天数: 33天 / 290天
等级: 128
石头: 19
呼符: 3
友情点: 0 / 683640`
*連続ログイン5日目
※ログインが途切れるか、7日到達すると
1日目から再開されます*
`叡智の猛火 X 2
10月交換券(2021) X 1
`*幕間の物語キャンペーン 第17弾 特別連続ログインボーナス*
*開催期間中、1日1回 最大5回 特別連続ログインボーナスをプレゼント！*
`叡智の業火 X 3
`_2021-10-01 03:31:48_
--------
