【登录信息】
[318194637fc953496e5082ebcbeae7a2]
`登陆天数: 40天 / 1012天
等级: 141
石头: 3
呼符: 6
友情点: 5980700 / 75349910`
*連続ログイン5日目
※ログインが途切れるか、7日到達すると
1日目から再開されます*
`叡智の猛火 X 2
10月交換券(2021) X 1
`*幕間の物語キャンペーン 第17弾 特別連続ログインボーナス*
*開催期間中、1日1回 最大5回 特別連続ログインボーナスをプレゼント！*
`呼符 X 1
`_2021-10-03 03:31:53_
--------
[9d78e90bb76b42970abd7495d7329768]
`登陆天数: 35天 / 292天
等级: 128
石头: 19
呼符: 3
友情点: 25 / 683765`
*連続ログイン7日間到達おめでとうございます！
明日は1日目からリスタートされます。*
`獣の足跡 X 1
呼符 X 1
10月交換券(2021) X 1
`*幕間の物語キャンペーン 第17弾 特別連続ログインボーナス*
*開催期間中、1日1回 最大5回 特別連続ログインボーナスをプレゼント！*
`呼符 X 1
`_2021-10-03 03:32:01_
--------
