【登录信息】
[318194637fc953496e5082ebcbeae7a2]
`登陆天数: 53天 / 1025天
等级: 141
石头: 16
呼符: 0
友情点: 0 / 116250200`
*連続ログイン4日目
※ログインが途切れるか、7日到達すると
1日目から再開されます*
`聖晶石 X 1
10月交換券(2021) X 1
`*ハロウィン・ライジング！ ～砂塵の女王と暗黒の使徒～ 開催直前特別ログインボーナス*
*開催期間中、1日1回 最大7回 ログインボーナスをプレゼント！*
`黄金の果実 X 1
`_2021-10-16 03:31:39_
--------
[9d78e90bb76b42970abd7495d7329768]
`登陆天数: 48天 / 305天
等级: 128
石头: 19
呼符: 3
友情点: 0 / 684750`
*連続ログイン6日目
※ログインが途切れるか、7日到達すると
1日目から再開されます*
`聖晶石 X 2
10月交換券(2021) X 1
`*ハロウィン・ライジング！ ～砂塵の女王と暗黒の使徒～ 開催直前特別ログインボーナス*
*開催期間中、1日1回 最大7回 ログインボーナスをプレゼント！*
`黄金の果実 X 1
`_2021-10-16 03:31:47_
--------
