【登录信息】
[318194637fc953496e5082ebcbeae7a2]
`登陆天数: 55天 / 1027天
等级: 141
石头: 16
呼符: 0
友情点: 0 / 116254705`
*連続ログイン6日目
※ログインが途切れるか、7日到達すると
1日目から再開されます*
`聖晶石 X 2
10月交換券(2021) X 1
`*ハロウィン・ライジング！ ～砂塵の女王と暗黒の使徒～ 開催直前特別ログインボーナス*
*開催期間中、1日1回 最大7回 ログインボーナスをプレゼント！*
`黄金の果実 X 1
`_2021-10-18 03:31:42_
--------
[9d78e90bb76b42970abd7495d7329768]
`登陆天数: 50天 / 307天
等级: 128
石头: 19
呼符: 3
友情点: 50 / 684800`
*連続ログイン1日目
※ログインが途切れるか、7日到達すると
1日目から再開されます*
`フレンドポイント X 2000
10月交換券(2021) X 1
`*ハロウィン・ライジング！ ～砂塵の女王と暗黒の使徒～ 開催直前特別ログインボーナス*
*開催期間中、1日1回 最大7回 ログインボーナスをプレゼント！*
`黄金の果実 X 1
`_2021-10-18 03:31:50_
--------
