【登录信息】
[318194637fc953496e5082ebcbeae7a2]
`登陆天数: 9天 / 1036天
等级: 141
石头: 10
呼符: 0
友情点: 500 / 116261515`
*連続ログイン2日目
※ログインが途切れるか、7日到達すると
1日目から再開されます*
`聖晶石 X 1
10月交換券(2021) X 1
`*TVアニメ「Fate/Apocrypha」Blu-ray Disc Box&Original Soundtrack リリース記念 初回ログインボーナス*
*開催期間中、初回ログインで「呼符×1」をプレゼント！*
`呼符 X 1
`_2021-10-28 03:31:54_
--------
[9d78e90bb76b42970abd7495d7329768]
`登陆天数: 9天 / 316天
等级: 128
石头: 6
呼符: 8
友情点: 125 / 697750`
*連続ログイン2日目
※ログインが途切れるか、7日到達すると
1日目から再開されます*
`聖晶石 X 1
10月交換券(2021) X 1
`*TVアニメ「Fate/Apocrypha」Blu-ray Disc Box&Original Soundtrack リリース記念 初回ログインボーナス*
*開催期間中、初回ログインで「呼符×1」をプレゼント！*
`呼符 X 1
`_2021-10-28 03:32:02_
--------
