【登录信息】
[318194637fc953496e5082ebcbeae7a2]
`登陆天数: 10天 / 1037天
等级: 141
石头: 10
呼符: 0
友情点: 1020 / 116262535`
*連続ログイン3日目
※ログインが途切れるか、7日到達すると
1日目から再開されます*
`叡智の猛火 X 1
10月交換券(2021) X 1
`_2021-10-29 03:31:43_
--------
[9d78e90bb76b42970abd7495d7329768]
`登陆天数: 10天 / 317天
等级: 128
石头: 6
呼符: 8
友情点: 0 / 697750`
*連続ログイン3日目
※ログインが途切れるか、7日到達すると
1日目から再開されます*
`叡智の猛火 X 1
10月交換券(2021) X 1
`*メインクエストクリア応援キャンペーン限定 使用期限付コンティニューアイテムプレゼント！*
*メインクエストクリア応援キャンペーン限定
使用期限付コンティニューアイテムプレゼントです。*
`霊脈石 X 3
`_2021-10-29 03:31:51_
--------
