【登录信息】
*318194637fc953496e5082ebcbeae7a2*
`登陆天数: 178天 / 1396天
等级: 141
石头: 179
呼符: 121
体力: 500.67333333333335 / 140
友情点: 170 / 117653105`
*連続ログイン3日目
※ログインが途切れるか、7日到達すると
1日目から再開されます*
`叡智の業火 X 1
11月交換券(2022) X 1
`*特異点修復応援キャンペーン 特別回数ログインボーナス*
*開催期間中、1日1回 最大7回 ログインボーナスをプレゼント！*
`叡智の業火 X 5
`_2022-11-01 03:32:40_
--------
*9d78e90bb76b42970abd7495d7329768*
`登陆天数: 178天 / 676天
等级: 128
石头: 128
呼符: 27
体力: 92397.92666666667 / 137
友情点: 0 / 718670`
*連続ログイン3日目
※ログインが途切れるか、7日到達すると
1日目から再開されます*
`叡智の業火 X 1
11月交換券(2022) X 1
`*特異点修復応援キャンペーン 特別回数ログインボーナス*
*開催期間中、1日1回 最大7回 ログインボーナスをプレゼント！*
`叡智の業火 X 5
`_2022-11-01 03:32:49_
--------
*b6bbcdbd5addb82b8007d1a35f461999*
`登陆天数: 109天 / 796天
等级: 125
石头: 0
呼符: 0
体力: 56999.31 / 137
友情点: 0 / 948625`
*連続ログイン4日目
※ログインが途切れるか、7日到達すると
1日目から再開されます*
`聖晶石 X 1
11月交換券(2022) X 1
`*特異点修復応援キャンペーン 特別回数ログインボーナス*
*開催期間中、1日1回 最大7回 ログインボーナスをプレゼント！*
`叡智の業火 X 5
`_2022-11-01 03:33:00_
--------
