【登录信息】
*318194637fc953496e5082ebcbeae7a2*
`登陆天数: 180天 / 1398天
等级: 141
石头: 179
呼符: 121
体力: 1076.5066666666667 / 140
友情点: 2380 / 117655570`
*連続ログイン5日目
※ログインが途切れるか、7日到達すると
1日目から再開されます*
`叡智の業火 X 2
11月交換券(2022) X 1
`*特異点修復応援キャンペーン 特別回数ログインボーナス*
*開催期間中、1日1回 最大7回 ログインボーナスをプレゼント！*
`聖晶石 X 3
`_2022-11-03 03:31:50_
--------
*9d78e90bb76b42970abd7495d7329768*
`登陆天数: 180天 / 678天
等级: 128
石头: 128
呼符: 27
体力: 92973.76 / 137
友情点: 0 / 718670`
*連続ログイン5日目
※ログインが途切れるか、7日到達すると
1日目から再開されます*
`叡智の業火 X 2
11月交換券(2022) X 1
`*特異点修復応援キャンペーン 特別回数ログインボーナス*
*開催期間中、1日1回 最大7回 ログインボーナスをプレゼント！*
`聖晶石 X 3
`_2022-11-03 03:31:58_
--------
*b6bbcdbd5addb82b8007d1a35f461999*
`登陆天数: 111天 / 798天
等级: 125
石头: 0
呼符: 0
体力: 57575.14 / 137
友情点: 0 / 948625`
*連続ログイン6日目
※ログインが途切れるか、7日到達すると
1日目から再開されます*
`聖晶石 X 2
11月交換券(2022) X 1
`*特異点修復応援キャンペーン 特別回数ログインボーナス*
*開催期間中、1日1回 最大7回 ログインボーナスをプレゼント！*
`聖晶石 X 3
`_2022-11-03 03:32:10_
--------
