【登录信息】
*318194637fc953496e5082ebcbeae7a2*
`登陆天数: 181天 / 1399天
等级: 141
石头: 179
呼符: 121
体力: 1364.6033333333332 / 140
友情点: 2890 / 117658510`
*連続ログイン6日目
※ログインが途切れるか、7日到達すると
1日目から再開されます*
`聖晶石 X 2
11月交換券(2022) X 1
`*カルデア妖精騎士杯　開幕直前特別ログインボーナス*
*開催期間中、1日1回 最大7回 ログインボーナスをプレゼント！*
`黄金の果実 X 1
`_2022-11-04 03:32:19_
--------
*9d78e90bb76b42970abd7495d7329768*
`登陆天数: 181天 / 679天
等级: 128
石头: 128
呼符: 27
体力: 93261.85666666667 / 137
友情点: 0 / 718670`
*連続ログイン6日目
※ログインが途切れるか、7日到達すると
1日目から再開されます*
`聖晶石 X 2
11月交換券(2022) X 1
`*カルデア妖精騎士杯　開幕直前特別ログインボーナス*
*開催期間中、1日1回 最大7回 ログインボーナスをプレゼント！*
`黄金の果実 X 1
`_2022-11-04 03:32:27_
--------
*b6bbcdbd5addb82b8007d1a35f461999*
`登陆天数: 112天 / 799天
等级: 125
石头: 0
呼符: 0
体力: 57863.236666666664 / 137
友情点: 0 / 948625`
*連続ログイン7日間到達おめでとうございます！
明日は1日目からリスタートされます。*
`獣の足跡 X 1
呼符 X 1
11月交換券(2022) X 1
`*カルデア妖精騎士杯　開幕直前特別ログインボーナス*
*開催期間中、1日1回 最大7回 ログインボーナスをプレゼント！*
`黄金の果実 X 1
`_2022-11-04 03:32:39_
--------
