【登录信息】
*318194637fc953496e5082ebcbeae7a2*
`登陆天数: 182天 / 1400天
等级: 141
石头: 179
呼符: 121
体力: 1652.5333333333333 / 140
友情点: 85 / 117658595`
*連続ログイン7日間到達おめでとうございます！
明日は1日目からリスタートされます。*
`獣の足跡 X 1
呼符 X 1
11月交換券(2022) X 1
`*カルデア妖精騎士杯　開幕直前特別ログインボーナス*
*開催期間中、1日1回 最大7回 ログインボーナスをプレゼント！*
`黄金の果実 X 1
`_2022-11-05 03:31:58_
--------
*9d78e90bb76b42970abd7495d7329768*
`登陆天数: 182天 / 680天
等级: 128
石头: 128
呼符: 27
体力: 93549.78666666667 / 137
友情点: 0 / 718670`
*連続ログイン7日間到達おめでとうございます！
明日は1日目からリスタートされます。*
`獣の足跡 X 1
呼符 X 1
11月交換券(2022) X 1
`*カルデア妖精騎士杯　開幕直前特別ログインボーナス*
*開催期間中、1日1回 最大7回 ログインボーナスをプレゼント！*
`黄金の果実 X 1
`_2022-11-05 03:32:06_
--------
*b6bbcdbd5addb82b8007d1a35f461999*
`登陆天数: 113天 / 800天
等级: 125
石头: 0
呼符: 0
体力: 58151.166666666664 / 137
友情点: 0 / 948625`
*連続ログイン1日目
※ログインが途切れるか、7日到達すると
1日目から再開されます*
`フレンドポイント X 2000
11月交換券(2022) X 1
`*カルデア妖精騎士杯　開幕直前特別ログインボーナス*
*開催期間中、1日1回 最大7回 ログインボーナスをプレゼント！*
`黄金の果実 X 1
`_2022-11-05 03:32:17_
--------
