【登录信息】
*318194637fc953496e5082ebcbeae7a2*
`登陆天数: 184天 / 1402天
等级: 141
石头: 179
呼符: 121
体力: 2228.55 / 140
友情点: 0 / 117659955`
*連続ログイン2日目
※ログインが途切れるか、7日到達すると
1日目から再開されます*
`聖晶石 X 1
11月交換券(2022) X 1
`*カルデア妖精騎士杯　開幕直前特別ログインボーナス*
*開催期間中、1日1回 最大7回 ログインボーナスをプレゼント！*
`黄金の果実 X 1
`_2022-11-07 03:32:03_
--------
*9d78e90bb76b42970abd7495d7329768*
`登陆天数: 184天 / 682天
等级: 128
石头: 128
呼符: 27
体力: 94125.80333333333 / 137
友情点: 0 / 718670`
*連続ログイン2日目
※ログインが途切れるか、7日到達すると
1日目から再開されます*
`聖晶石 X 1
11月交換券(2022) X 1
`*カルデア妖精騎士杯　開幕直前特別ログインボーナス*
*開催期間中、1日1回 最大7回 ログインボーナスをプレゼント！*
`黄金の果実 X 1
`_2022-11-07 03:32:11_
--------
*b6bbcdbd5addb82b8007d1a35f461999*
`登陆天数: 115天 / 802天
等级: 125
石头: 0
呼符: 0
体力: 58727.183333333334 / 137
友情点: 0 / 948625`
*連続ログイン3日目
※ログインが途切れるか、7日到達すると
1日目から再開されます*
`叡智の業火 X 1
11月交換券(2022) X 1
`*カルデア妖精騎士杯　開幕直前特別ログインボーナス*
*開催期間中、1日1回 最大7回 ログインボーナスをプレゼント！*
`黄金の果実 X 1
`_2022-11-07 03:32:23_
--------
