【登录信息】
*318194637fc953496e5082ebcbeae7a2*
`登陆天数: 185天 / 1403天
等级: 141
石头: 179
呼符: 121
体力: 2516.5266666666666 / 140
友情点: 4080 / 117664035`
*連続ログイン3日目
※ログインが途切れるか、7日到達すると
1日目から再開されます*
`叡智の業火 X 1
11月交換券(2022) X 1
`*カルデア妖精騎士杯　開幕直前特別ログインボーナス*
*開催期間中、1日1回 最大7回 ログインボーナスをプレゼント！*
`黄金の果実 X 1
`_2022-11-08 03:31:56_
--------
*9d78e90bb76b42970abd7495d7329768*
`登陆天数: 185天 / 683天
等级: 128
石头: 128
呼符: 27
体力: 94413.78 / 137
友情点: 0 / 718670`
*連続ログイン3日目
※ログインが途切れるか、7日到達すると
1日目から再開されます*
`叡智の業火 X 1
11月交換券(2022) X 1
`*カルデア妖精騎士杯　開幕直前特別ログインボーナス*
*開催期間中、1日1回 最大7回 ログインボーナスをプレゼント！*
`黄金の果実 X 1
`_2022-11-08 03:32:04_
--------
*b6bbcdbd5addb82b8007d1a35f461999*
`登陆天数: 116天 / 803天
等级: 125
石头: 0
呼符: 0
体力: 59015.16 / 137
友情点: 0 / 948625`
*連続ログイン4日目
※ログインが途切れるか、7日到達すると
1日目から再開されます*
`聖晶石 X 1
11月交換券(2022) X 1
`*カルデア妖精騎士杯　開幕直前特別ログインボーナス*
*開催期間中、1日1回 最大7回 ログインボーナスをプレゼント！*
`黄金の果実 X 1
`_2022-11-08 03:32:15_
--------
