【登录信息】
*318194637fc953496e5082ebcbeae7a2*
`登陆天数: 186天 / 1404天
等级: 141
石头: 179
呼符: 121
体力: 2805.9466666666667 / 140
友情点: 0 / 117664035`
*連続ログイン4日目
※ログインが途切れるか、7日到達すると
1日目から再開されます*
`聖晶石 X 1
11月交換券(2022) X 1
`*カルデア妖精騎士杯　開幕直前特別ログインボーナス*
*開催期間中、1日1回 最大7回 ログインボーナスをプレゼント！*
`黄金の果実 X 1
`_2022-11-09 03:39:02_
--------
*9d78e90bb76b42970abd7495d7329768*
`登陆天数: 186天 / 684天
等级: 128
石头: 128
呼符: 27
体力: 94703.2 / 137
友情点: 0 / 718670`
*連続ログイン4日目
※ログインが途切れるか、7日到達すると
1日目から再開されます*
`聖晶石 X 1
11月交換券(2022) X 1
`*カルデア妖精騎士杯　開幕直前特別ログインボーナス*
*開催期間中、1日1回 最大7回 ログインボーナスをプレゼント！*
`黄金の果実 X 1
`_2022-11-09 03:39:10_
--------
*b6bbcdbd5addb82b8007d1a35f461999*
`登陆天数: 117天 / 804天
等级: 125
石头: 0
呼符: 0
体力: 59304.57666666667 / 137
友情点: 0 / 948625`
*連続ログイン5日目
※ログインが途切れるか、7日到達すると
1日目から再開されます*
`叡智の業火 X 2
11月交換券(2022) X 1
`*カルデア妖精騎士杯　開幕直前特別ログインボーナス*
*開催期間中、1日1回 最大7回 ログインボーナスをプレゼント！*
`黄金の果実 X 1
`_2022-11-09 03:39:21_
--------
