【登录信息】
*318194637fc953496e5082ebcbeae7a2*
`登陆天数: 189天 / 1407天
等级: 141
石头: 10
呼符: 18
体力: 3668.5233333333335 / 140
友情点: 765 / 117671785`
*連続ログイン7日間到達おめでとうございます！
明日は1日目からリスタートされます。*
`獣の足跡 X 1
呼符 X 1
11月交換券(2022) X 1
`_2022-11-12 03:31:55_
--------
*9d78e90bb76b42970abd7495d7329768*
`登陆天数: 189天 / 687天
等级: 128
石头: 128
呼符: 27
体力: 95565.77666666667 / 137
友情点: 0 / 718670`
*連続ログイン7日間到達おめでとうございます！
明日は1日目からリスタートされます。*
`獣の足跡 X 1
呼符 X 1
11月交換券(2022) X 1
`_2022-11-12 03:32:03_
--------
*b6bbcdbd5addb82b8007d1a35f461999*
`登陆天数: 120天 / 807天
等级: 125
石头: 0
呼符: 0
体力: 60167.15666666667 / 137
友情点: 0 / 948625`
*連続ログイン1日目
※ログインが途切れるか、7日到達すると
1日目から再開されます*
`フレンドポイント X 2000
11月交換券(2022) X 1
`_2022-11-12 03:32:14_
--------
