【登录信息】
*318194637fc953496e5082ebcbeae7a2*
`登陆天数: 190天 / 1408天
等级: 141
石头: 10
呼符: 18
体力: 3956.53 / 140
友情点: 3655 / 117675440`
*連続ログイン1日目
※ログインが途切れるか、7日到達すると
1日目から再開されます*
`フレンドポイント X 2000
11月交換券(2022) X 1
`_2022-11-13 03:31:57_
--------
*9d78e90bb76b42970abd7495d7329768*
`登陆天数: 190天 / 688天
等级: 128
石头: 128
呼符: 27
体力: 95853.78333333334 / 137
友情点: 0 / 718670`
*連続ログイン1日目
※ログインが途切れるか、7日到達すると
1日目から再開されます*
`フレンドポイント X 2000
11月交換券(2022) X 1
`_2022-11-13 03:32:05_
--------
*b6bbcdbd5addb82b8007d1a35f461999*
`登陆天数: 121天 / 808天
等级: 125
石头: 0
呼符: 0
体力: 60455.16 / 137
友情点: 0 / 948625`
*連続ログイン2日目
※ログインが途切れるか、7日到達すると
1日目から再開されます*
`聖晶石 X 1
11月交換券(2022) X 1
`_2022-11-13 03:32:16_
--------
