【登录信息】
*318194637fc953496e5082ebcbeae7a2*
`登陆天数: 191天 / 1409天
等级: 141
石头: 10
呼符: 18
体力: 4244.516666666666 / 140
友情点: 5270 / 117680710`
*連続ログイン2日目
※ログインが途切れるか、7日到達すると
1日目から再開されます*
`聖晶石 X 1
11月交換券(2022) X 1
`_2022-11-14 03:31:53_
--------
*9d78e90bb76b42970abd7495d7329768*
`登陆天数: 191天 / 689天
等级: 128
石头: 128
呼符: 27
体力: 96141.77 / 137
友情点: 0 / 718670`
*連続ログイン2日目
※ログインが途切れるか、7日到達すると
1日目から再開されます*
`聖晶石 X 1
11月交換券(2022) X 1
`_2022-11-14 03:32:01_
--------
*b6bbcdbd5addb82b8007d1a35f461999*
`登陆天数: 122天 / 809天
等级: 125
石头: 0
呼符: 0
体力: 60743.14666666667 / 137
友情点: 0 / 948625`
*連続ログイン3日目
※ログインが途切れるか、7日到達すると
1日目から再開されます*
`叡智の業火 X 1
11月交換券(2022) X 1
`_2022-11-14 03:32:12_
--------
