【登录信息】
*318194637fc953496e5082ebcbeae7a2*
`登陆天数: 192天 / 1410天
等级: 141
石头: 10
呼符: 18
体力: 4532.52 / 140
友情点: 1275 / 117681985`
*連続ログイン3日目
※ログインが途切れるか、7日到達すると
1日目から再開されます*
`叡智の業火 X 1
11月交換券(2022) X 1
`_2022-11-15 03:31:54_
--------
*9d78e90bb76b42970abd7495d7329768*
`登陆天数: 192天 / 690天
等级: 128
石头: 128
呼符: 27
体力: 96429.77333333333 / 137
友情点: 0 / 718670`
*連続ログイン3日目
※ログインが途切れるか、7日到達すると
1日目から再開されます*
`叡智の業火 X 1
11月交換券(2022) X 1
`_2022-11-15 03:32:02_
--------
*b6bbcdbd5addb82b8007d1a35f461999*
`登陆天数: 123天 / 810天
等级: 125
石头: 0
呼符: 0
体力: 61031.15 / 137
友情点: 0 / 948625`
*連続ログイン4日目
※ログインが途切れるか、7日到達すると
1日目から再開されます*
`聖晶石 X 1
11月交換券(2022) X 1
`_2022-11-15 03:32:13_
--------
