【登录信息】
*318194637fc953496e5082ebcbeae7a2*
`登陆天数: 194天 / 1412天
等级: 141
石头: 10
呼符: 18
体力: 5108.496666666667 / 140
友情点: 2125 / 117685045`
*連続ログイン5日目
※ログインが途切れるか、7日到達すると
1日目から再開されます*
`叡智の業火 X 2
11月交換券(2022) X 1
`_2022-11-17 03:31:47_
--------
*9d78e90bb76b42970abd7495d7329768*
`登陆天数: 194天 / 692天
等级: 128
石头: 128
呼符: 27
体力: 97005.75 / 137
友情点: 0 / 718670`
*連続ログイン5日目
※ログインが途切れるか、7日到達すると
1日目から再開されます*
`叡智の業火 X 2
11月交換券(2022) X 1
`_2022-11-17 03:31:55_
--------
*b6bbcdbd5addb82b8007d1a35f461999*
`登陆天数: 125天 / 812天
等级: 125
石头: 0
呼符: 0
体力: 61607.12666666666 / 137
友情点: 0 / 948625`
*連続ログイン6日目
※ログインが途切れるか、7日到達すると
1日目から再開されます*
`聖晶石 X 2
11月交換券(2022) X 1
`_2022-11-17 03:32:06_
--------
