【登录信息】
*318194637fc953496e5082ebcbeae7a2*
`登陆天数: 195天 / 1413天
等级: 141
石头: 10
呼符: 18
体力: 5396.483333333334 / 140
友情点: 1700 / 117686745`
*連続ログイン6日目
※ログインが途切れるか、7日到達すると
1日目から再開されます*
`聖晶石 X 2
11月交換券(2022) X 1
`_2022-11-18 03:31:43_
--------
*9d78e90bb76b42970abd7495d7329768*
`登陆天数: 195天 / 693天
等级: 128
石头: 128
呼符: 27
体力: 97293.73666666666 / 137
友情点: 10 / 718680`
*連続ログイン6日目
※ログインが途切れるか、7日到達すると
1日目から再開されます*
`聖晶石 X 2
11月交換券(2022) X 1
`_2022-11-18 03:31:51_
--------
*b6bbcdbd5addb82b8007d1a35f461999*
`登陆天数: 126天 / 813天
等级: 125
石头: 0
呼符: 0
体力: 61895.113333333335 / 137
友情点: 0 / 948625`
*連続ログイン7日間到達おめでとうございます！
明日は1日目からリスタートされます。*
`獣の足跡 X 1
呼符 X 1
11月交換券(2022) X 1
`_2022-11-18 03:32:02_
--------
