【登录信息】
*318194637fc953496e5082ebcbeae7a2*
`登陆天数: 196天 / 1414天
等级: 141
石头: 10
呼符: 18
体力: 5684.52 / 140
友情点: 0 / 117686745`
*連続ログイン7日間到達おめでとうございます！
明日は1日目からリスタートされます。*
`獣の足跡 X 1
呼符 X 1
11月交換券(2022) X 1
`_2022-11-19 03:31:54_
--------
*9d78e90bb76b42970abd7495d7329768*
`登陆天数: 196天 / 694天
等级: 128
石头: 128
呼符: 27
体力: 97581.77 / 137
友情点: 0 / 718680`
*連続ログイン7日間到達おめでとうございます！
明日は1日目からリスタートされます。*
`獣の足跡 X 1
呼符 X 1
11月交換券(2022) X 1
`_2022-11-19 03:32:02_
--------
*b6bbcdbd5addb82b8007d1a35f461999*
`登陆天数: 127天 / 814天
等级: 125
石头: 0
呼符: 0
体力: 62183.15 / 137
友情点: 0 / 948625`
*連続ログイン1日目
※ログインが途切れるか、7日到達すると
1日目から再開されます*
`フレンドポイント X 2000
11月交換券(2022) X 1
`_2022-11-19 03:32:12_
--------
