【登录信息】
*318194637fc953496e5082ebcbeae7a2*
`登陆天数: 197天 / 1415天
等级: 141
石头: 10
呼符: 18
体力: 5972.56 / 140
友情点: 850 / 117687595`
*連続ログイン1日目
※ログインが途切れるか、7日到達すると
1日目から再開されます*
`フレンドポイント X 2000
11月交換券(2022) X 1
`_2022-11-20 03:32:06_
--------
*9d78e90bb76b42970abd7495d7329768*
`登陆天数: 197天 / 695天
等级: 128
石头: 128
呼符: 27
体力: 97869.81333333334 / 137
友情点: 0 / 718680`
*連続ログイン1日目
※ログインが途切れるか、7日到達すると
1日目から再開されます*
`フレンドポイント X 2000
11月交換券(2022) X 1
`_2022-11-20 03:32:14_
--------
*b6bbcdbd5addb82b8007d1a35f461999*
`登陆天数: 128天 / 815天
等级: 125
石头: 0
呼符: 0
体力: 62471.19 / 137
友情点: 0 / 948625`
*連続ログイン2日目
※ログインが途切れるか、7日到達すると
1日目から再開されます*
`聖晶石 X 1
11月交換券(2022) X 1
`_2022-11-20 03:32:25_
--------
