【登录信息】
*318194637fc953496e5082ebcbeae7a2*
`登陆天数: 201天 / 1419天
等级: 141
石头: 10
呼符: 18
体力: 7124.506666666667 / 140
友情点: 850 / 117689295`
*連続ログイン5日目
※ログインが途切れるか、7日到達すると
1日目から再開されます*
`叡智の業火 X 2
11月交換券(2022) X 1
`_2022-11-24 03:31:51_
--------
*9d78e90bb76b42970abd7495d7329768*
`登陆天数: 201天 / 699天
等级: 128
石头: 128
呼符: 27
体力: 99021.76 / 137
友情点: 0 / 718680`
*連続ログイン5日目
※ログインが途切れるか、7日到達すると
1日目から再開されます*
`叡智の業火 X 2
11月交換券(2022) X 1
`_2022-11-24 03:31:59_
--------
*b6bbcdbd5addb82b8007d1a35f461999*
`登陆天数: 132天 / 819天
等级: 125
石头: 0
呼符: 0
体力: 63623.14 / 137
友情点: 0 / 948625`
*連続ログイン6日目
※ログインが途切れるか、7日到達すると
1日目から再開されます*
`聖晶石 X 2
11月交換券(2022) X 1
`_2022-11-24 03:32:09_
--------
