【登录信息】
*318194637fc953496e5082ebcbeae7a2*
`登陆天数: 204天 / 1422天
等级: 141
石头: 10
呼符: 18
体力: 7988.5 / 140
友情点: 935 / 117693545`
*連続ログイン1日目
※ログインが途切れるか、7日到達すると
1日目から再開されます*
`フレンドポイント X 2000
11月交換券(2022) X 1
`_2022-11-27 03:31:48_
--------
*9d78e90bb76b42970abd7495d7329768*
`登陆天数: 204天 / 702天
等级: 128
石头: 128
呼符: 27
体力: 99885.75 / 137
友情点: 0 / 718680`
*連続ログイン1日目
※ログインが途切れるか、7日到達すると
1日目から再開されます*
`フレンドポイント X 2000
11月交換券(2022) X 1
`_2022-11-27 03:31:56_
--------
*b6bbcdbd5addb82b8007d1a35f461999*
`登陆天数: 135天 / 822天
等级: 125
石头: 0
呼符: 0
体力: 64487.13 / 137
友情点: 0 / 948625`
*連続ログイン2日目
※ログインが途切れるか、7日到達すると
1日目から再開されます*
`聖晶石 X 1
11月交換券(2022) X 1
`_2022-11-27 03:32:06_
--------
