【登录信息】
*318194637fc953496e5082ebcbeae7a2*
`登陆天数: 207天 / 1425天
等级: 141
石头: 10
呼符: 18
体力: 8852.543333333333 / 140
友情点: 1955 / 117700090`
*連続ログイン4日目
※ログインが途切れるか、7日到達すると
1日目から再開されます*
`聖晶石 X 1
11月交換券(2022) X 1
`_2022-11-30 03:32:01_
--------
*9d78e90bb76b42970abd7495d7329768*
`登陆天数: 207天 / 705天
等级: 128
石头: 128
呼符: 27
体力: 100749.79666666666 / 137
友情点: 0 / 718680`
*連続ログイン4日目
※ログインが途切れるか、7日到達すると
1日目から再開されます*
`聖晶石 X 1
11月交換券(2022) X 1
`_2022-11-30 03:32:09_
--------
*b6bbcdbd5addb82b8007d1a35f461999*
`登陆天数: 138天 / 825天
等级: 125
石头: 0
呼符: 0
体力: 65351.17333333333 / 137
友情点: 0 / 948625`
*連続ログイン5日目
※ログインが途切れるか、7日到達すると
1日目から再開されます*
`叡智の業火 X 2
11月交換券(2022) X 1
`_2022-11-30 03:32:20_
--------
