【登录信息】
*318194637fc953496e5082ebcbeae7a2*
`登陆天数: 15天 / 2337天
等级: 143
石头: 2480
呼符: 79
体力: 1921.4166666666667 / 141
友情点: 0 / 9410980`
*連続ログイン1日目
※ログインが途切れるか、7日到達すると
1日目から再開されます*
`英霊結晶・星のフォウくん X 1
フレンドポイント X 2000
10月交換券(2025) X 1
`_2025-10-04 19:31:59_
--------
*9d78e90bb76b42970abd7495d7329768*
`登陆天数: 15天 / 1604天
等级: 128
石头: 640
呼符: 68
体力: 278534.7966666667 / 137
友情点: 0 / 884660`
*連続ログイン1日目
※ログインが途切れるか、7日到達すると
1日目から再開されます*
`英霊結晶・星のフォウくん X 1
フレンドポイント X 2000
10月交換券(2025) X 1
`_2025-10-04 19:32:09_
--------
