【登录信息】
*318194637fc953496e5082ebcbeae7a2*
`登陆天数: 151天 / 1369天
等级: 141
石头: 28
呼符: 119
体力: 12778.91 / 140
友情点: 85 / 117629710`
*連続ログイン4日目
※ログインが途切れるか、7日到達すると
1日目から再開されます*
`聖晶石 X 1
10月交換券(2022) X 1
`_2022-10-05 03:39:57_
--------
*9d78e90bb76b42970abd7495d7329768*
`登陆天数: 151天 / 649天
等级: 128
石头: 128
呼符: 27
体力: 84623.38 / 137
友情点: 0 / 718595`
*連続ログイン4日目
※ログインが途切れるか、7日到達すると
1日目から再開されます*
`聖晶石 X 1
10月交換券(2022) X 1
`_2022-10-05 03:40:04_
--------
*b6bbcdbd5addb82b8007d1a35f461999*
`登陆天数: 82天 / 769天
等级: 125
石头: 0
呼符: 0
体力: 49224.75666666667 / 137
友情点: 0 / 948625`
*連続ログイン5日目
※ログインが途切れるか、7日到達すると
1日目から再開されます*
`叡智の業火 X 2
10月交換券(2022) X 1
`_2022-10-05 03:40:15_
--------
