【登录信息】
*318194637fc953496e5082ebcbeae7a2*
`登陆天数: 152天 / 1370天
等级: 141
石头: 28
呼符: 119
体力: 13067.873333333333 / 140
友情点: 85 / 117629795`
*連続ログイン5日目
※ログインが途切れるか、7日到達すると
1日目から再開されます*
`叡智の業火 X 2
10月交換券(2022) X 1
`*Road to 7 [Lostbelt No.5 オリュンポス]開催！*
*Road to 7 [Lostbelt No.5 オリュンポス]開催！*
``_2022-10-06 03:44:45_
--------
*9d78e90bb76b42970abd7495d7329768*
`登陆天数: 152天 / 650天
等级: 128
石头: 128
呼符: 27
体力: 84912.34 / 137
友情点: 0 / 718595`
*連続ログイン5日目
※ログインが途切れるか、7日到達すると
1日目から再開されます*
`叡智の業火 X 2
10月交換券(2022) X 1
`*Road to 7 [Lostbelt No.5 オリュンポス]開催！*
*Road to 7 [Lostbelt No.5 オリュンポス]開催！*
``_2022-10-06 03:44:53_
--------
*b6bbcdbd5addb82b8007d1a35f461999*
`登陆天数: 83天 / 770天
等级: 125
石头: 0
呼符: 0
体力: 49513.72 / 137
友情点: 0 / 948625`
*連続ログイン6日目
※ログインが途切れるか、7日到達すると
1日目から再開されます*
`聖晶石 X 2
10月交換券(2022) X 1
`*Road to 7 [Lostbelt No.5 オリュンポス]開催！*
*Road to 7 [Lostbelt No.5 オリュンポス]開催！*
``_2022-10-06 03:45:03_
--------
