【登录信息】
*318194637fc953496e5082ebcbeae7a2*
`登陆天数: 153天 / 1371天
等级: 141
石头: 28
呼符: 119
体力: 13355.353333333333 / 140
友情点: 850 / 117630645`
*連続ログイン6日目
※ログインが途切れるか、7日到達すると
1日目から再開されます*
`聖晶石 X 2
10月交換券(2022) X 1
`_2022-10-07 03:42:09_
--------
*9d78e90bb76b42970abd7495d7329768*
`登陆天数: 153天 / 651天
等级: 128
石头: 128
呼符: 27
体力: 85199.82 / 137
友情点: 10 / 718605`
*連続ログイン6日目
※ログインが途切れるか、7日到達すると
1日目から再開されます*
`聖晶石 X 2
10月交換券(2022) X 1
`_2022-10-07 03:42:17_
--------
*b6bbcdbd5addb82b8007d1a35f461999*
`登陆天数: 84天 / 771天
等级: 125
石头: 0
呼符: 0
体力: 49801.2 / 137
友情点: 0 / 948625`
*連続ログイン7日間到達おめでとうございます！
明日は1日目からリスタートされます。*
`獣の足跡 X 1
呼符 X 1
10月交換券(2022) X 1
`_2022-10-07 03:42:27_
--------
