【登录信息】
*318194637fc953496e5082ebcbeae7a2*
`登陆天数: 157天 / 1375天
等级: 141
石头: 28
呼符: 119
体力: 14507.643333333333 / 140
友情点: 510 / 117633195`
*連続ログイン3日目
※ログインが途切れるか、7日到達すると
1日目から再開されます*
`叡智の業火 X 1
10月交換券(2022) X 1
`_2022-10-11 03:43:37_
--------
*9d78e90bb76b42970abd7495d7329768*
`登陆天数: 157天 / 655天
等级: 128
石头: 128
呼符: 27
体力: 86352.11333333333 / 137
友情点: 0 / 718605`
*連続ログイン3日目
※ログインが途切れるか、7日到達すると
1日目から再開されます*
`叡智の業火 X 1
10月交換券(2022) X 1
`_2022-10-11 03:43:44_
--------
*b6bbcdbd5addb82b8007d1a35f461999*
`登陆天数: 88天 / 775天
等级: 125
石头: 0
呼符: 0
体力: 50953.49 / 137
友情点: 0 / 948625`
*連続ログイン4日目
※ログインが途切れるか、7日到達すると
1日目から再開されます*
`聖晶石 X 1
10月交換券(2022) X 1
`_2022-10-11 03:43:55_
--------
