【登录信息】
*318194637fc953496e5082ebcbeae7a2*
`登陆天数: 161天 / 1379天
等级: 141
石头: 28
呼符: 119
体力: 15658.633333333333 / 140
友情点: 595 / 117634300`
*連続ログイン7日間到達おめでとうございます！
明日は1日目からリスタートされます。*
`獣の足跡 X 1
呼符 X 1
10月交換券(2022) X 1
`_2022-10-15 03:38:33_
--------
*9d78e90bb76b42970abd7495d7329768*
`登陆天数: 161天 / 659天
等级: 128
石头: 128
呼符: 27
体力: 87503.1 / 137
友情点: 0 / 718660`
*連続ログイン7日間到達おめでとうございます！
明日は1日目からリスタートされます。*
`獣の足跡 X 1
呼符 X 1
10月交換券(2022) X 1
`_2022-10-15 03:38:41_
--------
*b6bbcdbd5addb82b8007d1a35f461999*
`登陆天数: 92天 / 779天
等级: 125
石头: 0
呼符: 0
体力: 52104.48 / 137
友情点: 0 / 948625`
*連続ログイン1日目
※ログインが途切れるか、7日到達すると
1日目から再開されます*
`フレンドポイント X 2000
10月交換券(2022) X 1
`_2022-10-15 03:38:51_
--------
