【登录信息】
*318194637fc953496e5082ebcbeae7a2*
`登陆天数: 162天 / 1380天
等级: 141
石头: 28
呼符: 119
体力: 15946.19 / 140
友情点: 340 / 117634640`
*連続ログイン1日目
※ログインが途切れるか、7日到達すると
1日目から再開されます*
`フレンドポイント X 2000
10月交換券(2022) X 1
`_2022-10-16 03:36:20_
--------
*9d78e90bb76b42970abd7495d7329768*
`登陆天数: 162天 / 660天
等级: 128
石头: 128
呼符: 27
体力: 87790.66 / 137
友情点: 0 / 718660`
*連続ログイン1日目
※ログインが途切れるか、7日到達すると
1日目から再開されます*
`フレンドポイント X 2000
10月交換券(2022) X 1
`_2022-10-16 03:36:28_
--------
*b6bbcdbd5addb82b8007d1a35f461999*
`登陆天数: 93天 / 780天
等级: 125
石头: 0
呼符: 0
体力: 52392.03666666667 / 137
友情点: 0 / 948625`
*連続ログイン2日目
※ログインが途切れるか、7日到達すると
1日目から再開されます*
`聖晶石 X 1
10月交換券(2022) X 1
`_2022-10-16 03:36:39_
--------
