【登录信息】
*318194637fc953496e5082ebcbeae7a2*
`登陆天数: 163天 / 1381天
等级: 141
石头: 28
呼符: 119
体力: 16234.236666666666 / 140
友情点: 170 / 117634810`
*連続ログイン2日目
※ログインが途切れるか、7日到達すると
1日目から再開されます*
`聖晶石 X 1
10月交換券(2022) X 1
`*「FGO キャスト＆スタッフトーク in マチ★アソビvol.25」
開催記念 初回ログインボーナス*
*開催期間中、初回ログインで「聖晶石×10」をプレゼント！*
`聖晶石 X 10
`_2022-10-17 03:36:34_
--------
*9d78e90bb76b42970abd7495d7329768*
`登陆天数: 163天 / 661天
等级: 128
石头: 128
呼符: 27
体力: 88078.70666666667 / 137
友情点: 0 / 718660`
*連続ログイン2日目
※ログインが途切れるか、7日到達すると
1日目から再開されます*
`聖晶石 X 1
10月交換券(2022) X 1
`*「FGO キャスト＆スタッフトーク in マチ★アソビvol.25」
開催記念 初回ログインボーナス*
*開催期間中、初回ログインで「聖晶石×10」をプレゼント！*
`聖晶石 X 10
`_2022-10-17 03:36:42_
--------
*b6bbcdbd5addb82b8007d1a35f461999*
`登陆天数: 94天 / 781天
等级: 125
石头: 0
呼符: 0
体力: 52680.08666666667 / 137
友情点: 0 / 948625`
*連続ログイン3日目
※ログインが途切れるか、7日到達すると
1日目から再開されます*
`叡智の業火 X 1
10月交換券(2022) X 1
`*「FGO キャスト＆スタッフトーク in マチ★アソビvol.25」
開催記念 初回ログインボーナス*
*開催期間中、初回ログインで「聖晶石×10」をプレゼント！*
`聖晶石 X 10
`_2022-10-17 03:36:53_
--------
