【登录信息】
*318194637fc953496e5082ebcbeae7a2*
`登陆天数: 166天 / 1384天
等级: 141
石头: 28
呼符: 119
体力: 17099.566666666666 / 140
友情点: 255 / 117635320`
*連続ログイン5日目
※ログインが途切れるか、7日到達すると
1日目から再開されます*
`叡智の業火 X 2
10月交換券(2022) X 1
`_2022-10-20 03:43:13_
--------
*9d78e90bb76b42970abd7495d7329768*
`登陆天数: 166天 / 664天
等级: 128
石头: 128
呼符: 27
体力: 88944.03666666667 / 137
友情点: 0 / 718660`
*連続ログイン5日目
※ログインが途切れるか、7日到達すると
1日目から再開されます*
`叡智の業火 X 2
10月交換券(2022) X 1
`_2022-10-20 03:43:21_
--------
*b6bbcdbd5addb82b8007d1a35f461999*
`登陆天数: 97天 / 784天
等级: 125
石头: 0
呼符: 0
体力: 53545.416666666664 / 137
友情点: 0 / 948625`
*連続ログイン6日目
※ログインが途切れるか、7日到達すると
1日目から再開されます*
`聖晶石 X 2
10月交換券(2022) X 1
`_2022-10-20 03:43:32_
--------
