【登录信息】
*318194637fc953496e5082ebcbeae7a2*
`登陆天数: 167天 / 1385天
等级: 141
石头: 28
呼符: 119
体力: 17387.673333333332 / 140
友情点: 0 / 117635320`
*連続ログイン6日目
※ログインが途切れるか、7日到達すると
1日目から再開されます*
`聖晶石 X 2
10月交換券(2022) X 1
`_2022-10-21 03:43:45_
--------
*9d78e90bb76b42970abd7495d7329768*
`登陆天数: 167天 / 665天
等级: 128
石头: 128
呼符: 27
体力: 89232.14333333333 / 137
友情点: 0 / 718660`
*連続ログイン6日目
※ログインが途切れるか、7日到達すると
1日目から再開されます*
`聖晶石 X 2
10月交換券(2022) X 1
`_2022-10-21 03:43:53_
--------
*b6bbcdbd5addb82b8007d1a35f461999*
`登陆天数: 98天 / 785天
等级: 125
石头: 0
呼符: 0
体力: 53833.52 / 137
友情点: 0 / 948625`
*連続ログイン7日間到達おめでとうございます！
明日は1日目からリスタートされます。*
`獣の足跡 X 1
呼符 X 1
10月交換券(2022) X 1
`_2022-10-21 03:44:04_
--------
