【登录信息】
*318194637fc953496e5082ebcbeae7a2*
`登陆天数: 168天 / 1386天
等级: 141
石头: 28
呼符: 119
体力: 17674.976666666666 / 140
友情点: 340 / 117635660`
*連続ログイン7日間到達おめでとうございます！
明日は1日目からリスタートされます。*
`獣の足跡 X 1
呼符 X 1
10月交換券(2022) X 1
`_2022-10-22 03:40:16_
--------
*9d78e90bb76b42970abd7495d7329768*
`登陆天数: 168天 / 666天
等级: 128
石头: 128
呼符: 27
体力: 89519.44666666667 / 137
友情点: 0 / 718660`
*連続ログイン7日間到達おめでとうございます！
明日は1日目からリスタートされます。*
`獣の足跡 X 1
呼符 X 1
10月交換券(2022) X 1
`_2022-10-22 03:40:24_
--------
*b6bbcdbd5addb82b8007d1a35f461999*
`登陆天数: 99天 / 786天
等级: 125
石头: 0
呼符: 0
体力: 54120.823333333334 / 137
友情点: 0 / 948625`
*連続ログイン1日目
※ログインが途切れるか、7日到達すると
1日目から再開されます*
`フレンドポイント X 2000
10月交換券(2022) X 1
`_2022-10-22 03:40:35_
--------
