【登录信息】
*318194637fc953496e5082ebcbeae7a2*
`登陆天数: 169天 / 1387天
等级: 141
石头: 28
呼符: 119
体力: 17962.346666666668 / 140
友情点: 170 / 117635830`
*連続ログイン1日目
※ログインが途切れるか、7日到達すると
1日目から再開されます*
`フレンドポイント X 2000
10月交換券(2022) X 1
`_2022-10-23 03:37:07_
--------
*9d78e90bb76b42970abd7495d7329768*
`登陆天数: 169天 / 667天
等级: 128
石头: 128
呼符: 27
体力: 89806.81666666667 / 137
友情点: 0 / 718660`
*連続ログイン1日目
※ログインが途切れるか、7日到達すると
1日目から再開されます*
`フレンドポイント X 2000
10月交換券(2022) X 1
`_2022-10-23 03:37:15_
--------
*b6bbcdbd5addb82b8007d1a35f461999*
`登陆天数: 100天 / 787天
等级: 125
石头: 0
呼符: 0
体力: 54408.19666666666 / 137
友情点: 0 / 948625`
*連続ログイン2日目
※ログインが途切れるか、7日到達すると
1日目から再開されます*
`聖晶石 X 1
10月交換券(2022) X 1
`_2022-10-23 03:37:26_
--------
