【登录信息】
*318194637fc953496e5082ebcbeae7a2*
`登陆天数: 170天 / 1388天
等级: 141
石头: 28
呼符: 119
体力: 18250.433333333334 / 140
友情点: 170 / 117636000`
*連続ログイン2日目
※ログインが途切れるか、7日到達すると
1日目から再開されます*
`聖晶石 X 1
10月交換券(2022) X 1
`_2022-10-24 03:37:33_
--------
*9d78e90bb76b42970abd7495d7329768*
`登陆天数: 170天 / 668天
等级: 128
石头: 128
呼符: 27
体力: 90094.90333333334 / 137
友情点: 0 / 718660`
*連続ログイン2日目
※ログインが途切れるか、7日到達すると
1日目から再開されます*
`聖晶石 X 1
10月交換券(2022) X 1
`_2022-10-24 03:37:41_
--------
*b6bbcdbd5addb82b8007d1a35f461999*
`登陆天数: 101天 / 788天
等级: 125
石头: 0
呼符: 0
体力: 54696.28333333333 / 137
友情点: 0 / 948625`
*連続ログイン3日目
※ログインが途切れるか、7日到達すると
1日目から再開されます*
`叡智の業火 X 1
10月交換券(2022) X 1
`_2022-10-24 03:37:52_
--------
