【登录信息】
*318194637fc953496e5082ebcbeae7a2*
`登陆天数: 171天 / 1389天
等级: 141
石头: 28
呼符: 119
体力: 18539.706666666665 / 140
友情点: 85 / 117636085`
*連続ログイン3日目
※ログインが途切れるか、7日到達すると
1日目から再開されます*
`叡智の業火 X 1
10月交換券(2022) X 1
`_2022-10-25 03:43:55_
--------
*9d78e90bb76b42970abd7495d7329768*
`登陆天数: 171天 / 669天
等级: 128
石头: 128
呼符: 27
体力: 90384.17666666667 / 137
友情点: 0 / 718660`
*連続ログイン3日目
※ログインが途切れるか、7日到達すると
1日目から再開されます*
`叡智の業火 X 1
10月交換券(2022) X 1
`_2022-10-25 03:44:03_
--------
*b6bbcdbd5addb82b8007d1a35f461999*
`登陆天数: 102天 / 789天
等级: 125
石头: 0
呼符: 0
体力: 54985.556666666664 / 137
友情点: 0 / 948625`
*連続ログイン4日目
※ログインが途切れるか、7日到達すると
1日目から再開されます*
`聖晶石 X 1
10月交換券(2022) X 1
`_2022-10-25 03:44:14_
--------
