【登录信息】
*318194637fc953496e5082ebcbeae7a2*
`登陆天数: 175天 / 1393天
等级: 141
石头: 28
呼符: 119
体力: 19689.386666666665 / 140
友情点: 170 / 117636510`
*連続ログイン7日間到達おめでとうございます！
明日は1日目からリスタートされます。*
`獣の足跡 X 1
呼符 X 1
10月交換券(2022) X 1
`*特異点修復応援キャンペーン 特別回数ログインボーナス*
*開催期間中、1日1回 最大7回 ログインボーナスをプレゼント！*
`叡智の業火 X 5
`_2022-10-29 03:32:19_
--------
*9d78e90bb76b42970abd7495d7329768*
`登陆天数: 175天 / 673天
等级: 128
石头: 128
呼符: 27
体力: 91533.85666666667 / 137
友情点: 0 / 718670`
*連続ログイン7日間到達おめでとうございます！
明日は1日目からリスタートされます。*
`獣の足跡 X 1
呼符 X 1
10月交換券(2022) X 1
`*特異点修復応援キャンペーン 特別回数ログインボーナス*
*開催期間中、1日1回 最大7回 ログインボーナスをプレゼント！*
`叡智の業火 X 5
`_2022-10-29 03:32:28_
--------
*b6bbcdbd5addb82b8007d1a35f461999*
`登陆天数: 106天 / 793天
等级: 125
石头: 0
呼符: 0
体力: 56135.236666666664 / 137
友情点: 0 / 948625`
*連続ログイン1日目
※ログインが途切れるか、7日到達すると
1日目から再開されます*
`フレンドポイント X 2000
10月交換券(2022) X 1
`*特異点修復応援キャンペーン 特別回数ログインボーナス*
*開催期間中、1日1回 最大7回 ログインボーナスをプレゼント！*
`叡智の業火 X 5
`_2022-10-29 03:32:39_
--------
