【登录信息】
*318194637fc953496e5082ebcbeae7a2*
`登陆天数: 176天 / 1394天
等级: 141
石头: 28
呼符: 119
体力: 19977.423333333332 / 140
友情点: 170 / 117636680`
*連続ログイン1日目
※ログインが途切れるか、7日到達すると
1日目から再開されます*
`フレンドポイント X 2000
10月交換券(2022) X 1
`*特異点修復応援キャンペーン 特別回数ログインボーナス*
*開催期間中、1日1回 最大7回 ログインボーナスをプレゼント！*
`フレンドポイント X 2000
`_2022-10-30 03:32:30_
--------
*9d78e90bb76b42970abd7495d7329768*
`登陆天数: 176天 / 674天
等级: 128
石头: 128
呼符: 27
体力: 91821.89333333333 / 137
友情点: 0 / 718670`
*連続ログイン1日目
※ログインが途切れるか、7日到達すると
1日目から再開されます*
`フレンドポイント X 2000
10月交換券(2022) X 1
`*特異点修復応援キャンペーン 特別回数ログインボーナス*
*開催期間中、1日1回 最大7回 ログインボーナスをプレゼント！*
`フレンドポイント X 2000
`_2022-10-30 03:32:38_
--------
*b6bbcdbd5addb82b8007d1a35f461999*
`登陆天数: 107天 / 794天
等级: 125
石头: 0
呼符: 0
体力: 56423.27 / 137
友情点: 0 / 948625`
*連続ログイン2日目
※ログインが途切れるか、7日到達すると
1日目から再開されます*
`聖晶石 X 1
10月交換券(2022) X 1
`*特異点修復応援キャンペーン 特別回数ログインボーナス*
*開催期間中、1日1回 最大7回 ログインボーナスをプレゼント！*
`フレンドポイント X 2000
`_2022-10-30 03:32:49_
--------
