【登录信息】
*318194637fc953496e5082ebcbeae7a2*
`登陆天数: 177天 / 1395天
等级: 141
石头: 179
呼符: 121
体力: 212.49333333333334 / 140
友情点: 0 / 117652935`
*連続ログイン2日目
※ログインが途切れるか、7日到達すると
1日目から再開されます*
`聖晶石 X 1
10月交換券(2022) X 1
`*特異点修復応援キャンペーン 特別回数ログインボーナス*
*開催期間中、1日1回 最大7回 ログインボーナスをプレゼント！*
`聖晶石 X 2
`_2022-10-31 03:31:46_
--------
*9d78e90bb76b42970abd7495d7329768*
`登陆天数: 177天 / 675天
等级: 128
石头: 128
呼符: 27
体力: 92109.74666666667 / 137
友情点: 0 / 718670`
*連続ログイン2日目
※ログインが途切れるか、7日到達すると
1日目から再開されます*
`聖晶石 X 1
10月交換券(2022) X 1
`*特異点修復応援キャンペーン 特別回数ログインボーナス*
*開催期間中、1日1回 最大7回 ログインボーナスをプレゼント！*
`聖晶石 X 2
`_2022-10-31 03:31:55_
--------
*b6bbcdbd5addb82b8007d1a35f461999*
`登陆天数: 108天 / 795天
等级: 125
石头: 0
呼符: 0
体力: 56711.12666666666 / 137
友情点: 0 / 948625`
*連続ログイン3日目
※ログインが途切れるか、7日到達すると
1日目から再開されます*
`叡智の業火 X 1
10月交換券(2022) X 1
`*特異点修復応援キャンペーン 特別回数ログインボーナス*
*開催期間中、1日1回 最大7回 ログインボーナスをプレゼント！*
`聖晶石 X 2
`_2022-10-31 03:32:06_
--------
