【登录信息】
*318194637fc953496e5082ebcbeae7a2*
`登陆天数: 240天 / 1458天
等级: 141
石头: 116
呼符: 30
体力: 3698.193333333333 / 140
友情点: 765 / 117804785`
*連続ログイン2日目
※ログインが途切れるか、7日到達すると
1日目から再開されます*
`聖晶石 X 1
1月交換券(2023) X 1
`*2023年お正月キャンペーン　三が日限定ログインボーナス*
*開催期間中、三が日限定のログインボーナスをプレゼント！*
`叡智の業火 X 50
`_2023-01-02 03:31:40_
--------
*9d78e90bb76b42970abd7495d7329768*
`登陆天数: 240天 / 738天
等级: 128
石头: 128
呼符: 27
体力: 110253.72333333333 / 137
友情点: 0 / 718760`
*連続ログイン2日目
※ログインが途切れるか、7日到達すると
1日目から再開されます*
`聖晶石 X 1
1月交換券(2023) X 1
`*2023年お正月キャンペーン　三が日限定ログインボーナス*
*開催期間中、三が日限定のログインボーナスをプレゼント！*
`叡智の業火 X 50
`_2023-01-02 03:31:48_
--------
*b6bbcdbd5addb82b8007d1a35f461999*
`登陆天数: 171天 / 858天
等级: 125
石头: 0
呼符: 0
体力: 74855.10333333333 / 137
友情点: 0 / 948625`
*連続ログイン3日目
※ログインが途切れるか、7日到達すると
1日目から再開されます*
`叡智の業火 X 1
1月交換券(2023) X 1
`*2023年お正月キャンペーン　三が日限定ログインボーナス*
*開催期間中、三が日限定のログインボーナスをプレゼント！*
`叡智の業火 X 50
`_2023-01-02 03:31:58_
--------
