【登录信息】
*318194637fc953496e5082ebcbeae7a2*
`登陆天数: 241天 / 1459天
等级: 141
石头: 116
呼符: 30
体力: 3986.22 / 140
友情点: 1190 / 117805975`
*連続ログイン3日目
※ログインが途切れるか、7日到達すると
1日目から再開されます*
`叡智の業火 X 1
1月交換券(2023) X 1
`*2023年お正月キャンペーン　三が日限定ログインボーナス*
*開催期間中、三が日限定のログインボーナスをプレゼント！*
`聖杯 X 1
`_2023-01-03 03:31:48_
--------
*9d78e90bb76b42970abd7495d7329768*
`登陆天数: 241天 / 739天
等级: 128
石头: 128
呼符: 27
体力: 110541.75 / 137
友情点: 0 / 718760`
*連続ログイン3日目
※ログインが途切れるか、7日到達すると
1日目から再開されます*
`叡智の業火 X 1
1月交換券(2023) X 1
`*2023年お正月キャンペーン　三が日限定ログインボーナス*
*開催期間中、三が日限定のログインボーナスをプレゼント！*
`聖杯 X 1
`_2023-01-03 03:31:56_
--------
*b6bbcdbd5addb82b8007d1a35f461999*
`登陆天数: 172天 / 859天
等级: 125
石头: 0
呼符: 0
体力: 75143.12666666666 / 137
友情点: 0 / 948625`
*連続ログイン4日目
※ログインが途切れるか、7日到達すると
1日目から再開されます*
`聖晶石 X 1
1月交換券(2023) X 1
`*2023年お正月キャンペーン　三が日限定ログインボーナス*
*開催期間中、三が日限定のログインボーナスをプレゼント！*
`聖杯 X 1
`_2023-01-03 03:32:06_
--------
