【登录信息】
*318194637fc953496e5082ebcbeae7a2*
`登陆天数: 242天 / 1460天
等级: 141
石头: 116
呼符: 30
体力: 4274.2266666666665 / 140
友情点: 850 / 117806825`
*連続ログイン4日目
※ログインが途切れるか、7日到達すると
1日目から再開されます*
`聖晶石 X 1
1月交換券(2023) X 1
`*2023年お正月キャンペーン 10万リツイート達成プレゼント*
*開催期間中、初回ログインでお正月限定概念礼装&2023万QPをプレゼント！*
`ラヴ・イット X 1
QP X 20230000
`_2023-01-04 03:31:51_
--------
*9d78e90bb76b42970abd7495d7329768*
`登陆天数: 242天 / 740天
等级: 128
石头: 128
呼符: 27
体力: 110829.76 / 137
友情点: 0 / 718760`
*連続ログイン4日目
※ログインが途切れるか、7日到達すると
1日目から再開されます*
`聖晶石 X 1
1月交換券(2023) X 1
`*2023年お正月キャンペーン 10万リツイート達成プレゼント*
*開催期間中、初回ログインでお正月限定概念礼装&2023万QPをプレゼント！*
`ラヴ・イット X 1
QP X 20230000
`_2023-01-04 03:31:58_
--------
*b6bbcdbd5addb82b8007d1a35f461999*
`登陆天数: 173天 / 860天
等级: 125
石头: 0
呼符: 0
体力: 75431.13666666667 / 137
友情点: 0 / 948625`
*連続ログイン5日目
※ログインが途切れるか、7日到達すると
1日目から再開されます*
`叡智の業火 X 2
1月交換券(2023) X 1
`*2023年お正月キャンペーン 10万リツイート達成プレゼント*
*開催期間中、初回ログインでお正月限定概念礼装&2023万QPをプレゼント！*
`ラヴ・イット X 1
QP X 20230000
`_2023-01-04 03:32:09_
--------
