【登录信息】
*318194637fc953496e5082ebcbeae7a2*
`登陆天数: 245天 / 1463天
等级: 141
石头: 116
呼符: 30
体力: 5138.26 / 140
友情点: 935 / 117810735`
*連続ログイン7日間到達おめでとうございます！
明日は1日目からリスタートされます。*
`獣の足跡 X 1
呼符 X 1
1月交換券(2023) X 1
`_2023-01-07 03:32:00_
--------
*9d78e90bb76b42970abd7495d7329768*
`登陆天数: 245天 / 743天
等级: 128
石头: 128
呼符: 27
体力: 111693.79333333333 / 137
友情点: 0 / 718760`
*連続ログイン7日間到達おめでとうございます！
明日は1日目からリスタートされます。*
`獣の足跡 X 1
呼符 X 1
1月交換券(2023) X 1
`_2023-01-07 03:32:08_
--------
*b6bbcdbd5addb82b8007d1a35f461999*
`登陆天数: 176天 / 863天
等级: 125
石头: 0
呼符: 0
体力: 76295.17 / 137
友情点: 0 / 948625`
*連続ログイン1日目
※ログインが途切れるか、7日到達すると
1日目から再開されます*
`フレンドポイント X 2000
1月交換券(2023) X 1
`_2023-01-07 03:32:19_
--------
