【登录信息】
*318194637fc953496e5082ebcbeae7a2*
`登陆天数: 246天 / 1464天
等级: 141
石头: 116
呼符: 30
体力: 5426.23 / 140
友情点: 595 / 117811330`
*連続ログイン1日目
※ログインが途切れるか、7日到達すると
1日目から再開されます*
`フレンドポイント X 2000
1月交換券(2023) X 1
`_2023-01-08 03:31:52_
--------
*9d78e90bb76b42970abd7495d7329768*
`登陆天数: 246天 / 744天
等级: 128
石头: 128
呼符: 27
体力: 111981.76333333334 / 137
友情点: 0 / 718760`
*連続ログイン1日目
※ログインが途切れるか、7日到達すると
1日目から再開されます*
`フレンドポイント X 2000
1月交換券(2023) X 1
`_2023-01-08 03:31:59_
--------
*b6bbcdbd5addb82b8007d1a35f461999*
`登陆天数: 177天 / 864天
等级: 125
石头: 0
呼符: 0
体力: 76583.14 / 137
友情点: 0 / 948625`
*連続ログイン2日目
※ログインが途切れるか、7日到達すると
1日目から再開されます*
`聖晶石 X 1
1月交換券(2023) X 1
`_2023-01-08 03:32:10_
--------
