【登录信息】
*318194637fc953496e5082ebcbeae7a2*
`登陆天数: 247天 / 1465天
等级: 141
石头: 242
呼符: 43
体力: 85.39 / 140
友情点: 425 / 117819225`
*連続ログイン2日目
※ログインが途切れるか、7日到達すると
1日目から再開されます*
`聖晶石 X 1
1月交換券(2023) X 1
`_2023-01-09 03:31:34_
--------
*9d78e90bb76b42970abd7495d7329768*
`登陆天数: 247天 / 745天
等级: 128
石头: 128
呼符: 27
体力: 112269.70333333334 / 137
友情点: 25 / 718785`
*連続ログイン2日目
※ログインが途切れるか、7日到達すると
1日目から再開されます*
`聖晶石 X 1
1月交換券(2023) X 1
`_2023-01-09 03:31:42_
--------
*b6bbcdbd5addb82b8007d1a35f461999*
`登陆天数: 178天 / 865天
等级: 125
石头: 0
呼符: 0
体力: 76871.08333333333 / 137
友情点: 0 / 948625`
*連続ログイン3日目
※ログインが途切れるか、7日到達すると
1日目から再開されます*
`叡智の業火 X 1
1月交換券(2023) X 1
`_2023-01-09 03:31:52_
--------
