【登录信息】
*318194637fc953496e5082ebcbeae7a2*
`登陆天数: 4天 / 1469天
等级: 141
石头: 242
呼符: 43
体力: 1525.51 / 140
友情点: 595 / 117822710`
*連続ログイン4日目
※ログインが途切れるか、7日到達すると
1日目から再開されます*
`聖晶石 X 1
1月交換券(2023) X 1
`*「Lostbelt No.7 黄金樹海紀行 ナウイ・ミクトラン 惑星を統べるもの」(後編)開幕直前連続ログインボーナス*
*開催期間中、1日1回 最大7回 連続ログインボーナスをプレゼント！*
`黄金の果実 X 1
`_2023-01-14 03:32:10_
--------
*9d78e90bb76b42970abd7495d7329768*
`登陆天数: 4天 / 749天
等级: 128
石头: 128
呼符: 27
体力: 113709.82666666666 / 137
友情点: 0 / 718795`
*連続ログイン4日目
※ログインが途切れるか、7日到達すると
1日目から再開されます*
`聖晶石 X 1
1月交換券(2023) X 1
`*「Lostbelt No.7 黄金樹海紀行 ナウイ・ミクトラン 惑星を統べるもの」(後編)開幕直前連続ログインボーナス*
*開催期間中、1日1回 最大7回 連続ログインボーナスをプレゼント！*
`黄金の果実 X 1
`_2023-01-14 03:32:18_
--------
*b6bbcdbd5addb82b8007d1a35f461999*
`登陆天数: 4天 / 869天
等级: 125
石头: 0
呼符: 0
体力: 78311.20666666667 / 137
友情点: 0 / 948625`
*連続ログイン4日目
※ログインが途切れるか、7日到達すると
1日目から再開されます*
`聖晶石 X 1
1月交換券(2023) X 1
`*「Lostbelt No.7 黄金樹海紀行 ナウイ・ミクトラン 惑星を統べるもの」(後編)開幕直前連続ログインボーナス*
*開催期間中、1日1回 最大7回 連続ログインボーナスをプレゼント！*
`黄金の果実 X 1
`_2023-01-14 03:32:29_
--------
