【登录信息】
*318194637fc953496e5082ebcbeae7a2*
`登陆天数: 5天 / 1470天
等级: 141
石头: 242
呼符: 43
体力: 1813.4266666666667 / 140
友情点: 85 / 117822795`
*連続ログイン5日目
※ログインが途切れるか、7日到達すると
1日目から再開されます*
`叡智の業火 X 2
1月交換券(2023) X 1
`*「Lostbelt No.7 黄金樹海紀行 ナウイ・ミクトラン 惑星を統べるもの」(後編)開幕直前連続ログインボーナス*
*開催期間中、1日1回 最大7回 連続ログインボーナスをプレゼント！*
`聖晶石 X 3
`_2023-01-15 03:31:45_
--------
*9d78e90bb76b42970abd7495d7329768*
`登陆天数: 5天 / 750天
等级: 128
石头: 128
呼符: 27
体力: 113997.74333333333 / 137
友情点: 0 / 718795`
*連続ログイン5日目
※ログインが途切れるか、7日到達すると
1日目から再開されます*
`叡智の業火 X 2
1月交換券(2023) X 1
`*「Lostbelt No.7 黄金樹海紀行 ナウイ・ミクトラン 惑星を統べるもの」(後編)開幕直前連続ログインボーナス*
*開催期間中、1日1回 最大7回 連続ログインボーナスをプレゼント！*
`聖晶石 X 3
`_2023-01-15 03:31:53_
--------
*b6bbcdbd5addb82b8007d1a35f461999*
`登陆天数: 5天 / 870天
等级: 125
石头: 0
呼符: 0
体力: 78599.12 / 137
友情点: 0 / 948625`
*連続ログイン5日目
※ログインが途切れるか、7日到達すると
1日目から再開されます*
`叡智の業火 X 2
1月交換券(2023) X 1
`*「Lostbelt No.7 黄金樹海紀行 ナウイ・ミクトラン 惑星を統べるもの」(後編)開幕直前連続ログインボーナス*
*開催期間中、1日1回 最大7回 連続ログインボーナスをプレゼント！*
`聖晶石 X 3
`_2023-01-15 03:32:04_
--------
