【登录信息】
*318194637fc953496e5082ebcbeae7a2*
`登陆天数: 6天 / 1471天
等级: 141
石头: 242
呼符: 43
体力: 2101.42 / 140
友情点: 85 / 117822880`
*連続ログイン6日目
※ログインが途切れるか、7日到達すると
1日目から再開されます*
`聖晶石 X 2
1月交換券(2023) X 1
`*「Lostbelt No.7 黄金樹海紀行 ナウイ・ミクトラン 惑星を統べるもの」(後編)開幕直前連続ログインボーナス*
*開催期間中、1日1回 最大7回 連続ログインボーナスをプレゼント！*
`黄金の果実 X 1
`_2023-01-16 03:31:44_
--------
*9d78e90bb76b42970abd7495d7329768*
`登陆天数: 6天 / 751天
等级: 128
石头: 128
呼符: 27
体力: 114285.73666666666 / 137
友情点: 0 / 718795`
*連続ログイン6日目
※ログインが途切れるか、7日到達すると
1日目から再開されます*
`聖晶石 X 2
1月交換券(2023) X 1
`*「Lostbelt No.7 黄金樹海紀行 ナウイ・ミクトラン 惑星を統べるもの」(後編)開幕直前連続ログインボーナス*
*開催期間中、1日1回 最大7回 連続ログインボーナスをプレゼント！*
`黄金の果実 X 1
`_2023-01-16 03:31:51_
--------
*b6bbcdbd5addb82b8007d1a35f461999*
`登陆天数: 6天 / 871天
等级: 125
石头: 0
呼符: 0
体力: 78887.11666666667 / 137
友情点: 0 / 948625`
*連続ログイン6日目
※ログインが途切れるか、7日到達すると
1日目から再開されます*
`聖晶石 X 2
1月交換券(2023) X 1
`*「Lostbelt No.7 黄金樹海紀行 ナウイ・ミクトラン 惑星を統べるもの」(後編)開幕直前連続ログインボーナス*
*開催期間中、1日1回 最大7回 連続ログインボーナスをプレゼント！*
`黄金の果実 X 1
`_2023-01-16 03:32:02_
--------
