【登录信息】
*318194637fc953496e5082ebcbeae7a2*
`登陆天数: 8天 / 1473天
等级: 141
石头: 242
呼符: 43
体力: 2677.4333333333334 / 140
友情点: 0 / 117822880`
*連続ログイン1日目
※ログインが途切れるか、7日到達すると
1日目から再開されます*
`フレンドポイント X 2000
1月交換券(2023) X 1
`*「Lostbelt No.7 黄金樹海紀行 ナウイ・ミクトラン 惑星を統べるもの」(後編)開幕直前連続ログインボーナス*
*開催期間中、1日1回 最大7回 連続ログインボーナスをプレゼント！*
`聖晶石 X 4
`_2023-01-18 03:31:47_
--------
*9d78e90bb76b42970abd7495d7329768*
`登陆天数: 8天 / 753天
等级: 128
石头: 128
呼符: 27
体力: 114861.74666666667 / 137
友情点: 0 / 718795`
*連続ログイン1日目
※ログインが途切れるか、7日到達すると
1日目から再開されます*
`フレンドポイント X 2000
1月交換券(2023) X 1
`*「Lostbelt No.7 黄金樹海紀行 ナウイ・ミクトラン 惑星を統べるもの」(後編)開幕直前連続ログインボーナス*
*開催期間中、1日1回 最大7回 連続ログインボーナスをプレゼント！*
`聖晶石 X 4
`_2023-01-18 03:31:55_
--------
*b6bbcdbd5addb82b8007d1a35f461999*
`登陆天数: 8天 / 873天
等级: 125
石头: 0
呼符: 0
体力: 79463.12666666666 / 137
友情点: 0 / 948625`
*連続ログイン1日目
※ログインが途切れるか、7日到達すると
1日目から再開されます*
`フレンドポイント X 2000
1月交換券(2023) X 1
`*「Lostbelt No.7 黄金樹海紀行 ナウイ・ミクトラン 惑星を統べるもの」(後編)開幕直前連続ログインボーナス*
*開催期間中、1日1回 最大7回 連続ログインボーナスをプレゼント！*
`聖晶石 X 4
`_2023-01-18 03:32:05_
--------
