【登录信息】
*318194637fc953496e5082ebcbeae7a2*
`登陆天数: 10天 / 1475天
等级: 141
石头: 242
呼符: 43
体力: 3253.4333333333334 / 140
友情点: 0 / 117822965`
*連続ログイン3日目
※ログインが途切れるか、7日到達すると
1日目から再開されます*
`叡智の業火 X 1
1月交換券(2023) X 1
`_2023-01-20 03:31:47_
--------
*9d78e90bb76b42970abd7495d7329768*
`登陆天数: 10天 / 755天
等级: 128
石头: 128
呼符: 27
体力: 115437.75 / 137
友情点: 0 / 718795`
*連続ログイン3日目
※ログインが途切れるか、7日到達すると
1日目から再開されます*
`叡智の業火 X 1
1月交換券(2023) X 1
`_2023-01-20 03:31:55_
--------
*b6bbcdbd5addb82b8007d1a35f461999*
`登陆天数: 10天 / 875天
等级: 125
石头: 0
呼符: 0
体力: 80039.12666666666 / 137
友情点: 0 / 948625`
*連続ログイン3日目
※ログインが途切れるか、7日到達すると
1日目から再開されます*
`叡智の業火 X 1
1月交換券(2023) X 1
`_2023-01-20 03:32:06_
--------
