【登录信息】
*318194637fc953496e5082ebcbeae7a2*
`登陆天数: 14天 / 1479天
等级: 141
石头: 242
呼符: 43
体力: 4405.446666666667 / 140
友情点: 0 / 117822965`
*連続ログイン7日間到達おめでとうございます！
明日は1日目からリスタートされます。*
`獣の足跡 X 1
呼符 X 1
1月交換券(2023) X 1
`_2023-01-24 03:31:51_
--------
*9d78e90bb76b42970abd7495d7329768*
`登陆天数: 14天 / 759天
等级: 128
石头: 128
呼符: 27
体力: 116589.76 / 137
友情点: 0 / 718795`
*連続ログイン7日間到達おめでとうございます！
明日は1日目からリスタートされます。*
`獣の足跡 X 1
呼符 X 1
1月交換券(2023) X 1
`_2023-01-24 03:31:59_
--------
*b6bbcdbd5addb82b8007d1a35f461999*
`登陆天数: 14天 / 879天
等级: 125
石头: 0
呼符: 0
体力: 81191.14 / 137
友情点: 0 / 948625`
*連続ログイン7日間到達おめでとうございます！
明日は1日目からリスタートされます。*
`獣の足跡 X 1
呼符 X 1
1月交換券(2023) X 1
`_2023-01-24 03:32:09_
--------
