【登录信息】
*318194637fc953496e5082ebcbeae7a2*
`登陆天数: 15天 / 1480天
等级: 141
石头: 242
呼符: 43
体力: 4693.403333333334 / 140
友情点: 0 / 117822965`
*連続ログイン1日目
※ログインが途切れるか、7日到達すると
1日目から再開されます*
`フレンドポイント X 2000
1月交換券(2023) X 1
`_2023-01-25 03:31:38_
--------
*9d78e90bb76b42970abd7495d7329768*
`登陆天数: 15天 / 760天
等级: 128
石头: 128
呼符: 27
体力: 116877.72 / 137
友情点: 0 / 718795`
*連続ログイン1日目
※ログインが途切れるか、7日到達すると
1日目から再開されます*
`フレンドポイント X 2000
1月交換券(2023) X 1
`_2023-01-25 03:31:46_
--------
*b6bbcdbd5addb82b8007d1a35f461999*
`登陆天数: 15天 / 880天
等级: 125
石头: 0
呼符: 0
体力: 81479.09666666666 / 137
友情点: 0 / 948625`
*連続ログイン1日目
※ログインが途切れるか、7日到達すると
1日目から再開されます*
`フレンドポイント X 2000
1月交換券(2023) X 1
`_2023-01-25 03:31:57_
--------
