【登录信息】
*318194637fc953496e5082ebcbeae7a2*
`登陆天数: 19天 / 1484天
等级: 141
石头: 242
呼符: 43
体力: 5845.393333333333 / 140
友情点: 170 / 117824580`
*連続ログイン5日目
※ログインが途切れるか、7日到達すると
1日目から再開されます*
`叡智の業火 X 2
1月交換券(2023) X 1
`_2023-01-29 03:31:35_
--------
*9d78e90bb76b42970abd7495d7329768*
`登陆天数: 19天 / 764天
等级: 128
石头: 128
呼符: 27
体力: 118029.70666666667 / 137
友情点: 0 / 718830`
*連続ログイン5日目
※ログインが途切れるか、7日到達すると
1日目から再開されます*
`叡智の業火 X 2
1月交換券(2023) X 1
`_2023-01-29 03:31:43_
--------
*b6bbcdbd5addb82b8007d1a35f461999*
`登陆天数: 19天 / 884天
等级: 125
石头: 0
呼符: 0
体力: 82631.08666666667 / 137
友情点: 0 / 948625`
*連続ログイン5日目
※ログインが途切れるか、7日到達すると
1日目から再開されます*
`叡智の業火 X 2
1月交換券(2023) X 1
`_2023-01-29 03:31:54_
--------
