【登录信息】
*318194637fc953496e5082ebcbeae7a2*
`登陆天数: 21天 / 1486天
等级: 141
石头: 242
呼符: 43
体力: 6421.426666666666 / 140
友情点: 680 / 117825940`
*連続ログイン7日間到達おめでとうございます！
明日は1日目からリスタートされます。*
`獣の足跡 X 1
呼符 X 1
1月交換券(2023) X 1
`_2023-01-31 03:31:46_
--------
*9d78e90bb76b42970abd7495d7329768*
`登陆天数: 21天 / 766天
等级: 128
石头: 128
呼符: 27
体力: 118605.74333333333 / 137
友情点: 0 / 718830`
*連続ログイン7日間到達おめでとうございます！
明日は1日目からリスタートされます。*
`獣の足跡 X 1
呼符 X 1
1月交換券(2023) X 1
`_2023-01-31 03:31:53_
--------
*b6bbcdbd5addb82b8007d1a35f461999*
`登陆天数: 21天 / 886天
等级: 125
石头: 0
呼符: 0
体力: 83207.12 / 137
友情点: 0 / 948625`
*連続ログイン7日間到達おめでとうございます！
明日は1日目からリスタートされます。*
`獣の足跡 X 1
呼符 X 1
1月交換券(2023) X 1
`_2023-01-31 03:32:04_
--------
