【登录信息】
*318194637fc953496e5082ebcbeae7a2*
`登陆天数: 1天 / 2457天
等级: 143
石头: 2486
呼符: 80
体力: 35032.28333333333 / 141
友情点: 1955 / 9616255`
*連続ログイン1日目
※ログインが途切れるか、7日到達すると
1日目から再開されます*
`英霊結晶・星のフォウくん X 1
フレンドポイント X 2000
2月交換券(2026) X 1
`_2026-02-03 19:56:00_
--------
*9d78e90bb76b42970abd7495d7329768*
`登陆天数: 1天 / 1724天
等级: 128
石头: 640
呼符: 68
体力: 313675.5966666667 / 137
友情点: 0 / 884660`
*連続ログイン1日目
※ログインが途切れるか、7日到達すると
1日目から再開されます*
`英霊結晶・星のフォウくん X 1
フレンドポイント X 2000
2月交換券(2026) X 1
`_2026-02-03 19:56:09_
--------
