【登录信息】
*318194637fc953496e5082ebcbeae7a2*
`登陆天数: 22天 / 2478天
等级: 143
石头: 2486
呼符: 80
体力: 41080.06333333333 / 141
友情点: 0 / 9633870`
*連続ログイン1日目
※ログインが途切れるか、7日到達すると
1日目から再開されます*
`英霊結晶・星のフォウくん X 1
フレンドポイント X 2000
2月交換券(2026) X 1
`_2026-02-24 19:54:55_
--------
*9d78e90bb76b42970abd7495d7329768*
`登陆天数: 22天 / 1745天
等级: 128
石头: 640
呼符: 68
体力: 319723.37666666665 / 137
友情点: 0 / 884660`
*連続ログイン1日目
※ログインが途切れるか、7日到達すると
1日目から再開されます*
`英霊結晶・星のフォウくん X 1
フレンドポイント X 2000
2月交換券(2026) X 1
`_2026-02-24 19:55:03_
--------
