【登录信息】
*318194637fc953496e5082ebcbeae7a2*
`登陆天数: 50天 / 1515天
等级: 141
石头: 6
呼符: 0
体力: 1225.0533333333333 / 140
友情点: 6040990 / 18826315`
*連続ログイン1日目
※ログインが途切れるか、7日到達すると
1日目から再開されます*
`フレンドポイント X 2000
3月交換券(2023) X 1
`_2023-03-01 03:31:48_
--------
*9d78e90bb76b42970abd7495d7329768*
`登陆天数: 50天 / 795天
等级: 128
石头: 640
呼符: 68
体力: 5222.753333333333 / 137
友情点: 0 / 841050`
*連続ログイン1日目
※ログインが途切れるか、7日到達すると
1日目から再開されます*
`フレンドポイント X 2000
3月交換券(2023) X 1
`_2023-03-01 03:31:56_
--------
*b6bbcdbd5addb82b8007d1a35f461999*
`登陆天数: 50天 / 915天
等级: 125
石头: 0
呼符: 0
体力: 91559.13 / 137
友情点: 0 / 948625`
*連続ログイン1日目
※ログインが途切れるか、7日到達すると
1日目から再開されます*
`フレンドポイント X 2000
3月交換券(2023) X 1
`_2023-03-01 03:32:07_
--------
