【登录信息】
*318194637fc953496e5082ebcbeae7a2*
`登陆天数: 51天 / 1516天
等级: 141
石头: 6
呼符: 0
体力: 1513.0533333333333 / 140
友情点: 5516730 / 24343045`
*連続ログイン2日目
※ログインが途切れるか、7日到達すると
1日目から再開されます*
`聖晶石 X 1
3月交換券(2023) X 1
`_2023-03-02 03:31:48_
--------
*9d78e90bb76b42970abd7495d7329768*
`登陆天数: 51天 / 796天
等级: 128
石头: 640
呼符: 68
体力: 5510.75 / 137
友情点: 0 / 841050`
*連続ログイン2日目
※ログインが途切れるか、7日到達すると
1日目から再開されます*
`聖晶石 X 1
3月交換券(2023) X 1
`_2023-03-02 03:31:56_
--------
*b6bbcdbd5addb82b8007d1a35f461999*
`登陆天数: 51天 / 916天
等级: 125
石头: 0
呼符: 0
体力: 91847.12666666666 / 137
友情点: 0 / 948625`
*連続ログイン2日目
※ログインが途切れるか、7日到達すると
1日目から再開されます*
`聖晶石 X 1
3月交換券(2023) X 1
`_2023-03-02 03:32:06_
--------
