【登录信息】
*318194637fc953496e5082ebcbeae7a2*
`登陆天数: 53天 / 1518天
等级: 141
石头: 10
呼符: 2
体力: 74.71 / 140
友情点: 850 / 2410290`
*連続ログイン4日目
※ログインが途切れるか、7日到達すると
1日目から再開されます*
`聖晶石 X 1
3月交換券(2023) X 1
`_2023-03-04 03:32:23_
--------
*9d78e90bb76b42970abd7495d7329768*
`登陆天数: 53天 / 798天
等级: 128
石头: 640
呼符: 68
体力: 6086.87 / 137
友情点: 0 / 841050`
*連続ログイン4日目
※ログインが途切れるか、7日到達すると
1日目から再開されます*
`聖晶石 X 1
3月交換券(2023) X 1
`_2023-03-04 03:32:31_
--------
*b6bbcdbd5addb82b8007d1a35f461999*
`登陆天数: 53天 / 918天
等级: 125
石头: 0
呼符: 0
体力: 92423.24666666667 / 137
友情点: 0 / 948625`
*連続ログイン4日目
※ログインが途切れるか、7日到達すると
1日目から再開されます*
`聖晶石 X 1
3月交換券(2023) X 1
`_2023-03-04 03:32:42_
--------
