【登录信息】
*318194637fc953496e5082ebcbeae7a2*
`登陆天数: 54天 / 1519天
等级: 141
石头: 10
呼符: 2
体力: 362.51666666666665 / 140
友情点: 1190 / 2411480`
*連続ログイン5日目
※ログインが途切れるか、7日到達すると
1日目から再開されます*
`叡智の業火 X 2
3月交換券(2023) X 1
`_2023-03-05 03:31:25_
--------
*9d78e90bb76b42970abd7495d7329768*
`登陆天数: 54天 / 799天
等级: 128
石头: 640
呼符: 68
体力: 6374.673333333333 / 137
友情点: 0 / 841050`
*連続ログイン5日目
※ログインが途切れるか、7日到達すると
1日目から再開されます*
`叡智の業火 X 2
3月交換券(2023) X 1
`_2023-03-05 03:31:33_
--------
*b6bbcdbd5addb82b8007d1a35f461999*
`登陆天数: 54天 / 919天
等级: 125
石头: 0
呼符: 0
体力: 92711.05333333333 / 137
友情点: 0 / 948625`
*連続ログイン5日目
※ログインが途切れるか、7日到達すると
1日目から再開されます*
`叡智の業火 X 2
3月交換券(2023) X 1
`_2023-03-05 03:31:44_
--------
