【登录信息】
*318194637fc953496e5082ebcbeae7a2*
`登陆天数: 55天 / 1520天
等级: 141
石头: 10
呼符: 2
体力: 650.5699999999999 / 140
友情点: 605 / 2412085`
*連続ログイン6日目
※ログインが途切れるか、7日到達すると
1日目から再開されます*
`聖晶石 X 2
3月交換券(2023) X 1
`_2023-03-06 03:31:41_
--------
*9d78e90bb76b42970abd7495d7329768*
`登陆天数: 55天 / 800天
等级: 128
石头: 640
呼符: 68
体力: 6662.7266666666665 / 137
友情点: 0 / 841050`
*連続ログイン6日目
※ログインが途切れるか、7日到達すると
1日目から再開されます*
`聖晶石 X 2
3月交換券(2023) X 1
`_2023-03-06 03:31:49_
--------
*b6bbcdbd5addb82b8007d1a35f461999*
`登陆天数: 55天 / 920天
等级: 125
石头: 0
呼符: 0
体力: 92999.10333333333 / 137
友情点: 0 / 948625`
*連続ログイン6日目
※ログインが途切れるか、7日到達すると
1日目から再開されます*
`聖晶石 X 2
3月交換券(2023) X 1
`_2023-03-06 03:31:59_
--------
