【登录信息】
*318194637fc953496e5082ebcbeae7a2*
`登陆天数: 56天 / 1521天
等级: 141
石头: 10
呼符: 2
体力: 938.6433333333333 / 140
友情点: 255 / 2412340`
*連続ログイン7日間到達おめでとうございます！
明日は1日目からリスタートされます。*
`獣の足跡 X 1
呼符 X 1
3月交換券(2023) X 1
`_2023-03-07 03:32:03_
--------
*9d78e90bb76b42970abd7495d7329768*
`登陆天数: 56天 / 801天
等级: 128
石头: 640
呼符: 68
体力: 6950.8 / 137
友情点: 0 / 841050`
*連続ログイン7日間到達おめでとうございます！
明日は1日目からリスタートされます。*
`獣の足跡 X 1
呼符 X 1
3月交換券(2023) X 1
`_2023-03-07 03:32:11_
--------
*b6bbcdbd5addb82b8007d1a35f461999*
`登陆天数: 56天 / 921天
等级: 125
石头: 0
呼符: 0
体力: 93287.17666666667 / 137
友情点: 0 / 948625`
*連続ログイン7日間到達おめでとうございます！
明日は1日目からリスタートされます。*
`獣の足跡 X 1
呼符 X 1
3月交換券(2023) X 1
`_2023-03-07 03:32:21_
--------
