【登录信息】
*318194637fc953496e5082ebcbeae7a2*
`登陆天数: 57天 / 1522天
等级: 141
石头: 10
呼符: 2
体力: 1226.6233333333332 / 140
友情点: 1045 / 2413385`
*連続ログイン1日目
※ログインが途切れるか、7日到達すると
1日目から再開されます*
`フレンドポイント X 2000
3月交換券(2023) X 1
`_2023-03-08 03:31:57_
--------
*9d78e90bb76b42970abd7495d7329768*
`登陆天数: 57天 / 802天
等级: 128
石头: 640
呼符: 68
体力: 7238.78 / 137
友情点: 0 / 841050`
*連続ログイン1日目
※ログインが途切れるか、7日到達すると
1日目から再開されます*
`フレンドポイント X 2000
3月交換券(2023) X 1
`_2023-03-08 03:32:05_
--------
*b6bbcdbd5addb82b8007d1a35f461999*
`登陆天数: 57天 / 922天
等级: 125
石头: 0
呼符: 0
体力: 93575.16 / 137
友情点: 0 / 948625`
*連続ログイン1日目
※ログインが途切れるか、7日到達すると
1日目から再開されます*
`フレンドポイント X 2000
3月交換券(2023) X 1
`_2023-03-08 03:32:15_
--------
