【登录信息】
*318194637fc953496e5082ebcbeae7a2*
`登陆天数: 58天 / 1523天
等级: 141
石头: 10
呼符: 2
体力: 1514.6466666666668 / 140
友情点: 765 / 2414150`
*連続ログイン2日目
※ログインが途切れるか、7日到達すると
1日目から再開されます*
`聖晶石 X 1
3月交換券(2023) X 1
`*CBC2023開催直前特別連続ログインボーナス*
*開催期間中、1日1回 最大7回 連続ログインボーナスをプレゼント！*
`白銀の果実 X 2
`_2023-03-09 03:32:04_
--------
*9d78e90bb76b42970abd7495d7329768*
`登陆天数: 58天 / 803天
等级: 128
石头: 640
呼符: 68
体力: 7526.803333333333 / 137
友情点: 0 / 841050`
*連続ログイン2日目
※ログインが途切れるか、7日到達すると
1日目から再開されます*
`聖晶石 X 1
3月交換券(2023) X 1
`*CBC2023開催直前特別連続ログインボーナス*
*開催期間中、1日1回 最大7回 連続ログインボーナスをプレゼント！*
`白銀の果実 X 2
`_2023-03-09 03:32:12_
--------
*b6bbcdbd5addb82b8007d1a35f461999*
`登陆天数: 58天 / 923天
等级: 125
石头: 0
呼符: 0
体力: 93863.18333333333 / 137
友情点: 0 / 948625`
*連続ログイン2日目
※ログインが途切れるか、7日到達すると
1日目から再開されます*
`聖晶石 X 1
3月交換券(2023) X 1
`*CBC2023開催直前特別連続ログインボーナス*
*開催期間中、1日1回 最大7回 連続ログインボーナスをプレゼント！*
`白銀の果実 X 2
`_2023-03-09 03:32:22_
--------
