【登录信息】
*318194637fc953496e5082ebcbeae7a2*
`登陆天数: 60天 / 1525天
等级: 141
石头: 10
呼符: 2
体力: 2090.543333333333 / 140
友情点: 85 / 2414320`
*連続ログイン4日目
※ログインが途切れるか、7日到達すると
1日目から再開されます*
`聖晶石 X 1
3月交換券(2023) X 1
`*「FGO ウィンターパーティー 2022-2023」大阪会場開催直前 ログインボーナス*
*開催期間中、1日1回 最大3回 ログインボーナスをプレゼント！*
`黄金の果実 X 1
`_2023-03-11 03:31:33_
--------
*9d78e90bb76b42970abd7495d7329768*
`登陆天数: 60天 / 805天
等级: 128
石头: 640
呼符: 68
体力: 8102.703333333333 / 137
友情点: 0 / 841050`
*連続ログイン4日目
※ログインが途切れるか、7日到達すると
1日目から再開されます*
`聖晶石 X 1
3月交換券(2023) X 1
`*「FGO ウィンターパーティー 2022-2023」大阪会場開催直前 ログインボーナス*
*開催期間中、1日1回 最大3回 ログインボーナスをプレゼント！*
`黄金の果実 X 1
`_2023-03-11 03:31:41_
--------
*b6bbcdbd5addb82b8007d1a35f461999*
`登陆天数: 60天 / 925天
等级: 125
石头: 0
呼符: 0
体力: 94439.08 / 137
友情点: 0 / 948625`
*連続ログイン4日目
※ログインが途切れるか、7日到達すると
1日目から再開されます*
`聖晶石 X 1
3月交換券(2023) X 1
`*「FGO ウィンターパーティー 2022-2023」大阪会場開催直前 ログインボーナス*
*開催期間中、1日1回 最大3回 ログインボーナスをプレゼント！*
`黄金の果実 X 1
`_2023-03-11 03:31:52_
--------
