【登录信息】
*318194637fc953496e5082ebcbeae7a2*
`登陆天数: 61天 / 1526天
等级: 141
石头: 15
呼符: 3
体力: 183.29333333333335 / 140
友情点: 0 / 2417425`
*連続ログイン5日目
※ログインが途切れるか、7日到達すると
1日目から再開されます*
`叡智の業火 X 2
3月交換券(2023) X 1
`*「FGO ウィンターパーティー 2022-2023」大阪会場開催直前 ログインボーナス*
*開催期間中、1日1回 最大3回 ログインボーナスをプレゼント！*
`黄金の果実 X 1
`_2023-03-12 03:31:32_
--------
*9d78e90bb76b42970abd7495d7329768*
`登陆天数: 61天 / 806天
等级: 128
石头: 640
呼符: 68
体力: 8390.7 / 137
友情点: 0 / 841050`
*連続ログイン5日目
※ログインが途切れるか、7日到達すると
1日目から再開されます*
`叡智の業火 X 2
3月交換券(2023) X 1
`*「FGO ウィンターパーティー 2022-2023」大阪会場開催直前 ログインボーナス*
*開催期間中、1日1回 最大3回 ログインボーナスをプレゼント！*
`黄金の果実 X 1
`_2023-03-12 03:31:40_
--------
*b6bbcdbd5addb82b8007d1a35f461999*
`登陆天数: 61天 / 926天
等级: 125
石头: 0
呼符: 0
体力: 94727.07666666666 / 137
友情点: 0 / 948625`
*連続ログイン5日目
※ログインが途切れるか、7日到達すると
1日目から再開されます*
`叡智の業火 X 2
3月交換券(2023) X 1
`*「FGO ウィンターパーティー 2022-2023」大阪会場開催直前 ログインボーナス*
*開催期間中、1日1回 最大3回 ログインボーナスをプレゼント！*
`黄金の果実 X 1
`_2023-03-12 03:31:51_
--------
