【登录信息】
*318194637fc953496e5082ebcbeae7a2*
`登陆天数: 62天 / 1527天
等级: 141
石头: 15
呼符: 3
体力: 471.3466666666667 / 140
友情点: 425 / 2417850`
*連続ログイン6日目
※ログインが途切れるか、7日到達すると
1日目から再開されます*
`聖晶石 X 2
3月交換券(2023) X 1
`*CBC2023開催直前特別連続ログインボーナス*
*開催期間中、1日1回 最大7回 連続ログインボーナスをプレゼント！*
`英霊結晶・太陽のフォウくん X 3
`_2023-03-13 03:31:48_
--------
*9d78e90bb76b42970abd7495d7329768*
`登陆天数: 62天 / 807天
等级: 128
石头: 640
呼符: 68
体力: 8678.753333333334 / 137
友情点: 0 / 841050`
*連続ログイン6日目
※ログインが途切れるか、7日到達すると
1日目から再開されます*
`聖晶石 X 2
3月交換券(2023) X 1
`*CBC2023開催直前特別連続ログインボーナス*
*開催期間中、1日1回 最大7回 連続ログインボーナスをプレゼント！*
`英霊結晶・太陽のフォウくん X 3
`_2023-03-13 03:31:56_
--------
*b6bbcdbd5addb82b8007d1a35f461999*
`登陆天数: 62天 / 927天
等级: 125
石头: 0
呼符: 0
体力: 95015.13 / 137
友情点: 0 / 948625`
*連続ログイン6日目
※ログインが途切れるか、7日到達すると
1日目から再開されます*
`聖晶石 X 2
3月交換券(2023) X 1
`*CBC2023開催直前特別連続ログインボーナス*
*開催期間中、1日1回 最大7回 連続ログインボーナスをプレゼント！*
`英霊結晶・太陽のフォウくん X 3
`_2023-03-13 03:32:07_
--------
