【登录信息】
*318194637fc953496e5082ebcbeae7a2*
`登陆天数: 63天 / 1528天
等级: 141
石头: 15
呼符: 3
体力: 759.33 / 140
友情点: 85 / 2417935`
*連続ログイン7日間到達おめでとうございます！
明日は1日目からリスタートされます。*
`獣の足跡 X 1
呼符 X 1
3月交換券(2023) X 1
`*CBC2023開催直前特別連続ログインボーナス*
*開催期間中、1日1回 最大7回 連続ログインボーナスをプレゼント！*
`白銀の果実 X 2
`_2023-03-14 03:31:43_
--------
*9d78e90bb76b42970abd7495d7329768*
`登陆天数: 63天 / 808天
等级: 128
石头: 640
呼符: 68
体力: 8966.733333333334 / 137
友情点: 0 / 841050`
*連続ログイン7日間到達おめでとうございます！
明日は1日目からリスタートされます。*
`獣の足跡 X 1
呼符 X 1
3月交換券(2023) X 1
`*CBC2023開催直前特別連続ログインボーナス*
*開催期間中、1日1回 最大7回 連続ログインボーナスをプレゼント！*
`白銀の果実 X 2
`_2023-03-14 03:31:51_
--------
*b6bbcdbd5addb82b8007d1a35f461999*
`登陆天数: 63天 / 928天
等级: 125
石头: 0
呼符: 0
体力: 95303.11333333333 / 137
友情点: 0 / 948625`
*連続ログイン7日間到達おめでとうございます！
明日は1日目からリスタートされます。*
`獣の足跡 X 1
呼符 X 1
3月交換券(2023) X 1
`*CBC2023開催直前特別連続ログインボーナス*
*開催期間中、1日1回 最大7回 連続ログインボーナスをプレゼント！*
`白銀の果実 X 2
`_2023-03-14 03:32:02_
--------
