【登录信息】
*318194637fc953496e5082ebcbeae7a2*
`登陆天数: 64天 / 1529天
等级: 141
石头: 15
呼符: 3
体力: 1047.5066666666667 / 140
友情点: 510 / 2418445`
*連続ログイン1日目
※ログインが途切れるか、7日到達すると
1日目から再開されます*
`フレンドポイント X 2000
3月交換券(2023) X 1
`*CBC2023開催直前特別連続ログインボーナス*
*開催期間中、1日1回 最大7回 連続ログインボーナスをプレゼント！*
`聖晶石 X 3
`_2023-03-15 03:32:36_
--------
*9d78e90bb76b42970abd7495d7329768*
`登陆天数: 64天 / 809天
等级: 128
石头: 640
呼符: 68
体力: 9254.91 / 137
友情点: 0 / 841050`
*連続ログイン1日目
※ログインが途切れるか、7日到達すると
1日目から再開されます*
`フレンドポイント X 2000
3月交換券(2023) X 1
`*CBC2023開催直前特別連続ログインボーナス*
*開催期間中、1日1回 最大7回 連続ログインボーナスをプレゼント！*
`聖晶石 X 3
`_2023-03-15 03:32:44_
--------
*b6bbcdbd5addb82b8007d1a35f461999*
`登陆天数: 64天 / 929天
等级: 125
石头: 0
呼符: 0
体力: 95591.29 / 137
友情点: 0 / 948625`
*連続ログイン1日目
※ログインが途切れるか、7日到達すると
1日目から再開されます*
`フレンドポイント X 2000
3月交換券(2023) X 1
`*CBC2023開催直前特別連続ログインボーナス*
*開催期間中、1日1回 最大7回 連続ログインボーナスをプレゼント！*
`聖晶石 X 3
`_2023-03-15 03:32:54_
--------
