【登录信息】
*318194637fc953496e5082ebcbeae7a2*
`登陆天数: 65天 / 1530天
等级: 141
石头: 15
呼符: 3
体力: 1335.2866666666666 / 140
友情点: 595 / 2419040`
*連続ログイン2日目
※ログインが途切れるか、7日到達すると
1日目から再開されます*
`聖晶石 X 1
3月交換券(2023) X 1
`_2023-03-16 03:31:30_
--------
*9d78e90bb76b42970abd7495d7329768*
`登陆天数: 65天 / 810天
等级: 128
石头: 640
呼符: 68
体力: 9542.693333333333 / 137
友情点: 0 / 841050`
*連続ログイン2日目
※ログインが途切れるか、7日到達すると
1日目から再開されます*
`聖晶石 X 1
3月交換券(2023) X 1
`_2023-03-16 03:31:38_
--------
*b6bbcdbd5addb82b8007d1a35f461999*
`登陆天数: 65天 / 930天
等级: 125
石头: 0
呼符: 0
体力: 95879.07 / 137
友情点: 0 / 948625`
*連続ログイン2日目
※ログインが途切れるか、7日到達すると
1日目から再開されます*
`聖晶石 X 1
3月交換券(2023) X 1
`_2023-03-16 03:31:49_
--------
