【登录信息】
*318194637fc953496e5082ebcbeae7a2*
`登陆天数: 66天 / 1531天
等级: 141
石头: 15
呼符: 3
体力: 1623.3066666666666 / 140
友情点: 170 / 2419210`
*連続ログイン3日目
※ログインが途切れるか、7日到達すると
1日目から再開されます*
`叡智の業火 X 1
3月交換券(2023) X 1
`_2023-03-17 03:31:36_
--------
*9d78e90bb76b42970abd7495d7329768*
`登陆天数: 66天 / 811天
等级: 128
石头: 640
呼符: 68
体力: 9830.71 / 137
友情点: 0 / 841050`
*連続ログイン3日目
※ログインが途切れるか、7日到達すると
1日目から再開されます*
`叡智の業火 X 1
3月交換券(2023) X 1
`_2023-03-17 03:31:44_
--------
*b6bbcdbd5addb82b8007d1a35f461999*
`登陆天数: 66天 / 931天
等级: 125
石头: 0
呼符: 0
体力: 96167.08666666667 / 137
友情点: 0 / 948625`
*連続ログイン3日目
※ログインが途切れるか、7日到達すると
1日目から再開されます*
`叡智の業火 X 1
3月交換券(2023) X 1
`_2023-03-17 03:31:54_
--------
