【登录信息】
*318194637fc953496e5082ebcbeae7a2*
`登陆天数: 67天 / 1532天
等级: 141
石头: 15
呼符: 3
体力: 1911.35 / 140
友情点: 425 / 2419635`
*連続ログイン4日目
※ログインが途切れるか、7日到達すると
1日目から再開されます*
`聖晶石 X 1
3月交換券(2023) X 1
`*「カルデアボーイズコレクション2023」開催記念初回ログインボーナス*
*開催期間中、初回ログインで「CBC2023特別優待券」をプレゼント！*
`CBC2023特別優待券 X 1
`_2023-03-18 03:31:50_
--------
*9d78e90bb76b42970abd7495d7329768*
`登陆天数: 67天 / 812天
等级: 128
石头: 640
呼符: 68
体力: 10118.756666666666 / 137
友情点: 0 / 841050`
*連続ログイン4日目
※ログインが途切れるか、7日到達すると
1日目から再開されます*
`聖晶石 X 1
3月交換券(2023) X 1
`*「カルデアボーイズコレクション2023」開催記念初回ログインボーナス*
*開催期間中、初回ログインで「CBC2023特別優待券」をプレゼント！*
`CBC2023特別優待券 X 1
`_2023-03-18 03:31:57_
--------
*b6bbcdbd5addb82b8007d1a35f461999*
`登陆天数: 67天 / 932天
等级: 125
石头: 0
呼符: 0
体力: 96455.13333333333 / 137
友情点: 0 / 948625`
*連続ログイン4日目
※ログインが途切れるか、7日到達すると
1日目から再開されます*
`聖晶石 X 1
3月交換券(2023) X 1
`*「カルデアボーイズコレクション2023」開催記念初回ログインボーナス*
*開催期間中、初回ログインで「CBC2023特別優待券」をプレゼント！*
`CBC2023特別優待券 X 1
`_2023-03-18 03:32:08_
--------
