【登录信息】
*318194637fc953496e5082ebcbeae7a2*
`登陆天数: 68天 / 1533天
等级: 141
石头: 15
呼符: 3
体力: 2199.286666666667 / 140
友情点: 85 / 2419720`
*連続ログイン5日目
※ログインが途切れるか、7日到達すると
1日目から再開されます*
`叡智の業火 X 2
3月交換券(2023) X 1
`_2023-03-19 03:31:30_
--------
*9d78e90bb76b42970abd7495d7329768*
`登陆天数: 68天 / 813天
等级: 128
石头: 640
呼符: 68
体力: 10406.693333333333 / 137
友情点: 0 / 841050`
*連続ログイン5日目
※ログインが途切れるか、7日到達すると
1日目から再開されます*
`叡智の業火 X 2
3月交換券(2023) X 1
`_2023-03-19 03:31:38_
--------
*b6bbcdbd5addb82b8007d1a35f461999*
`登陆天数: 68天 / 933天
等级: 125
石头: 0
呼符: 0
体力: 96743.07 / 137
友情点: 0 / 948625`
*連続ログイン5日目
※ログインが途切れるか、7日到達すると
1日目から再開されます*
`叡智の業火 X 2
3月交換券(2023) X 1
`_2023-03-19 03:31:49_
--------
