【登录信息】
*318194637fc953496e5082ebcbeae7a2*
`登陆天数: 70天 / 1535天
等级: 141
石头: 15
呼符: 3
体力: 2775.31 / 140
友情点: 1530 / 2421505`
*連続ログイン7日間到達おめでとうございます！
明日は1日目からリスタートされます。*
`獣の足跡 X 1
呼符 X 1
3月交換券(2023) X 1
`_2023-03-21 03:31:37_
--------
*9d78e90bb76b42970abd7495d7329768*
`登陆天数: 70天 / 815天
等级: 128
石头: 640
呼符: 68
体力: 10982.713333333333 / 137
友情点: 0 / 841050`
*連続ログイン7日間到達おめでとうございます！
明日は1日目からリスタートされます。*
`獣の足跡 X 1
呼符 X 1
3月交換券(2023) X 1
`_2023-03-21 03:31:45_
--------
*b6bbcdbd5addb82b8007d1a35f461999*
`登陆天数: 70天 / 935天
等级: 125
石头: 0
呼符: 0
体力: 97319.09333333334 / 137
友情点: 0 / 948625`
*連続ログイン7日間到達おめでとうございます！
明日は1日目からリスタートされます。*
`獣の足跡 X 1
呼符 X 1
3月交換券(2023) X 1
`_2023-03-21 03:31:56_
--------
