【登录信息】
*318194637fc953496e5082ebcbeae7a2*
`登陆天数: 71天 / 1536天
等级: 141
石头: 15
呼符: 3
体力: 3063.3033333333333 / 140
友情点: 2175 / 2423680`
*連続ログイン1日目
※ログインが途切れるか、7日到達すると
1日目から再開されます*
`フレンドポイント X 2000
3月交換券(2023) X 1
`_2023-03-22 03:31:35_
--------
*9d78e90bb76b42970abd7495d7329768*
`登陆天数: 71天 / 816天
等级: 128
石头: 640
呼符: 68
体力: 11270.706666666667 / 137
友情点: 0 / 841050`
*連続ログイン1日目
※ログインが途切れるか、7日到達すると
1日目から再開されます*
`フレンドポイント X 2000
3月交換券(2023) X 1
`_2023-03-22 03:31:43_
--------
*b6bbcdbd5addb82b8007d1a35f461999*
`登陆天数: 71天 / 936天
等级: 125
石头: 0
呼符: 0
体力: 97607.08666666667 / 137
友情点: 0 / 948625`
*連続ログイン1日目
※ログインが途切れるか、7日到達すると
1日目から再開されます*
`フレンドポイント X 2000
3月交換券(2023) X 1
`_2023-03-22 03:31:53_
--------
