【登录信息】
*318194637fc953496e5082ebcbeae7a2*
`登陆天数: 74天 / 1539天
等级: 141
石头: 15
呼符: 3
体力: 3927.3133333333335 / 140
友情点: 1190 / 2427930`
*連続ログイン4日目
※ログインが途切れるか、7日到達すると
1日目から再開されます*
`聖晶石 X 1
3月交換券(2023) X 1
`_2023-03-25 03:31:38_
--------
*9d78e90bb76b42970abd7495d7329768*
`登陆天数: 74天 / 819天
等级: 128
石头: 640
呼符: 68
体力: 12134.716666666667 / 137
友情点: 0 / 841050`
*連続ログイン4日目
※ログインが途切れるか、7日到達すると
1日目から再開されます*
`聖晶石 X 1
3月交換券(2023) X 1
`_2023-03-25 03:31:46_
--------
*b6bbcdbd5addb82b8007d1a35f461999*
`登陆天数: 74天 / 939天
等级: 125
石头: 0
呼符: 0
体力: 98471.09666666666 / 137
友情点: 0 / 948625`
*連続ログイン4日目
※ログインが途切れるか、7日到達すると
1日目から再開されます*
`聖晶石 X 1
3月交換券(2023) X 1
`_2023-03-25 03:31:56_
--------
