【登录信息】
*318194637fc953496e5082ebcbeae7a2*
`登陆天数: 76天 / 1541天
等级: 141
石头: 15
呼符: 3
体力: 4503.34 / 140
友情点: 170 / 2428525`
*連続ログイン6日目
※ログインが途切れるか、7日到達すると
1日目から再開されます*
`聖晶石 X 2
3月交換券(2023) X 1
`*「AnimeJapan 2023」出展記念 初回ログインボーナス*
*開催期間中、初回ログインで「聖晶石×10」をプレゼント！*
`聖晶石 X 10
`_2023-03-27 03:31:46_
--------
*9d78e90bb76b42970abd7495d7329768*
`登陆天数: 76天 / 821天
等级: 128
石头: 640
呼符: 68
体力: 12710.746666666666 / 137
友情点: 0 / 841050`
*連続ログイン6日目
※ログインが途切れるか、7日到達すると
1日目から再開されます*
`聖晶石 X 2
3月交換券(2023) X 1
`*「AnimeJapan 2023」出展記念 初回ログインボーナス*
*開催期間中、初回ログインで「聖晶石×10」をプレゼント！*
`聖晶石 X 10
`_2023-03-27 03:31:54_
--------
*b6bbcdbd5addb82b8007d1a35f461999*
`登陆天数: 76天 / 941天
等级: 125
石头: 0
呼符: 0
体力: 99047.12333333334 / 137
友情点: 0 / 948625`
*連続ログイン6日目
※ログインが途切れるか、7日到達すると
1日目から再開されます*
`聖晶石 X 2
3月交換券(2023) X 1
`*「AnimeJapan 2023」出展記念 初回ログインボーナス*
*開催期間中、初回ログインで「聖晶石×10」をプレゼント！*
`聖晶石 X 10
`_2023-03-27 03:32:05_
--------
