【登录信息】
*318194637fc953496e5082ebcbeae7a2*
`登陆天数: 77天 / 1542天
等级: 141
石头: 15
呼符: 3
体力: 4791.366666666667 / 140
友情点: 255 / 2428780`
*連続ログイン7日間到達おめでとうございます！
明日は1日目からリスタートされます。*
`獣の足跡 X 1
呼符 X 1
3月交換券(2023) X 1
`*Fate/Grand Order 春の新米マスター応援キャンペーン2023！
日替りログインボーナス*
*開催期間中、1日1回 6日間日替りでログインボーナスをプレゼント！*
`呼符 X 1
`_2023-03-28 03:31:54_
--------
*9d78e90bb76b42970abd7495d7329768*
`登陆天数: 77天 / 822天
等级: 128
石头: 640
呼符: 68
体力: 12998.77 / 137
友情点: 10 / 841060`
*連続ログイン7日間到達おめでとうございます！
明日は1日目からリスタートされます。*
`獣の足跡 X 1
呼符 X 1
3月交換券(2023) X 1
`*Fate/Grand Order 春の新米マスター応援キャンペーン2023！
日替りログインボーナス*
*開催期間中、1日1回 6日間日替りでログインボーナスをプレゼント！*
`呼符 X 1
`_2023-03-28 03:32:02_
--------
*b6bbcdbd5addb82b8007d1a35f461999*
`登陆天数: 77天 / 942天
等级: 125
石头: 0
呼符: 0
体力: 99335.15 / 137
友情点: 0 / 948625`
*連続ログイン7日間到達おめでとうございます！
明日は1日目からリスタートされます。*
`獣の足跡 X 1
呼符 X 1
3月交換券(2023) X 1
`*Fate/Grand Order 春の新米マスター応援キャンペーン2023！
日替りログインボーナス*
*開催期間中、1日1回 6日間日替りでログインボーナスをプレゼント！*
`呼符 X 1
`_2023-03-28 03:32:12_
--------
