【登录信息】
*318194637fc953496e5082ebcbeae7a2*
`登陆天数: 17天 / 1942天
等级: 141
石头: 245
呼符: 2
体力: 13.873333333333335 / 140
友情点: 2635 / 4666575`
_2024-09-02 19:31:50_
--------
*9d78e90bb76b42970abd7495d7329768*
`登陆天数: 1天 / 1209天
等级: 128
石头: 640
呼符: 68
体力: 164198.76 / 137
友情点: 0 / 884070`
*連続ログイン1日目
※ログインが途切れるか、7日到達すると
1日目から再開されます*
`フレンドポイント X 2000
9月交換券(2024) X 1
`*使用期限付コンティニューアイテムプレゼント！*
*開催期間中、初回ログインでコンティニューアイテム「霊脈石×3」をプレゼント！*
`霊脈石 X 3
`_2024-09-02 19:31:58_
--------
*b6bbcdbd5addb82b8007d1a35f461999*
`登陆天数: 1天 / 1329天
等级: 125
石头: 0
呼符: 0
体力: 250535.14333333334 / 137
友情点: 0 / 1003430`
*連続ログイン1日目
※ログインが途切れるか、7日到達すると
1日目から再開されます*
`フレンドポイント X 2000
9月交換券(2024) X 1
`*使用期限付コンティニューアイテムプレゼント！*
*開催期間中、初回ログインでコンティニューアイテム「霊脈石×3」をプレゼント！*
`霊脈石 X 3
`_2024-09-02 19:32:10_
--------
