【登录信息】
*318194637fc953496e5082ebcbeae7a2*
`登陆天数: 20天 / 1945天
等级: 141
石头: 246
呼符: 2
体力: 47.516666666666666 / 140
友情点: 11000 / 4709175`
*連続ログイン6日目
※ログインが途切れるか、7日到達すると
1日目から再開されます*
`聖晶石 X 2
9月交換券(2024) X 1
`*奏章Ⅲ 新霊長後継戦 アーキタイプ・インセプション 開幕記念 ログインボーナス*
*開催期間中、1日1回 最大78回 ログインボーナスをプレゼント！*
`白銀の果実 X 1
`_2024-09-05 19:31:47_
--------
*9d78e90bb76b42970abd7495d7329768*
`登陆天数: 4天 / 1212天
等级: 128
石头: 640
呼符: 68
体力: 165062.75333333333 / 137
友情点: 0 / 884070`
*連続ログイン4日目
※ログインが途切れるか、7日到達すると
1日目から再開されます*
`聖晶石 X 1
9月交換券(2024) X 1
`*「奏章Ⅲ 新霊長後継戦 アーキタイプ・インセプション」(中編)開幕直前カウントダウンログインボーナス*
*開催期間中、1日1回 6日間日替わりでログインボーナスをプレゼント！*
`黄金の果実 X 3
`_2024-09-05 19:31:56_
--------
*b6bbcdbd5addb82b8007d1a35f461999*
`登陆天数: 4天 / 1332天
等级: 125
石头: 0
呼符: 0
体力: 251399.13666666666 / 137
友情点: 0 / 1003430`
*連続ログイン4日目
※ログインが途切れるか、7日到達すると
1日目から再開されます*
`聖晶石 X 1
9月交換券(2024) X 1
`*「奏章Ⅲ 新霊長後継戦 アーキタイプ・インセプション」(中編)開幕直前カウントダウンログインボーナス*
*開催期間中、1日1回 6日間日替わりでログインボーナスをプレゼント！*
`黄金の果実 X 3
`_2024-09-05 19:32:08_
--------
