【登录信息】
*318194637fc953496e5082ebcbeae7a2*
`登陆天数: 21天 / 1946天
等级: 141
石头: 246
呼符: 2
体力: 335.50666666666666 / 140
友情点: 12920 / 4722895`
*連続ログイン7日間到達おめでとうございます！
明日は1日目からリスタートされます。*
`獣の足跡 X 1
呼符 X 1
9月交換券(2024) X 1
`*「奏章Ⅲ 新霊長後継戦 アーキタイプ・インセプション」(中編)開幕直前カウントダウンログインボーナス*
*開催期間中、1日1回 6日間日替わりでログインボーナスをプレゼント！*
`叡智の業火 X 10
`_2024-09-06 19:31:44_
--------
*9d78e90bb76b42970abd7495d7329768*
`登陆天数: 5天 / 1213天
等级: 128
石头: 640
呼符: 68
体力: 165350.74333333335 / 137
友情点: 0 / 884070`
*連続ログイン5日目
※ログインが途切れるか、7日到達すると
1日目から再開されます*
`叡智の業火 X 2
9月交換券(2024) X 1
`*「奏章Ⅲ 新霊長後継戦 アーキタイプ・インセプション」(中編)開幕直前カウントダウンログインボーナス*
*開催期間中、1日1回 6日間日替わりでログインボーナスをプレゼント！*
`叡智の業火 X 10
`_2024-09-06 19:31:53_
--------
*b6bbcdbd5addb82b8007d1a35f461999*
`登陆天数: 5天 / 1333天
等级: 125
石头: 0
呼符: 0
体力: 251687.12666666668 / 137
友情点: 0 / 1003430`
*連続ログイン5日目
※ログインが途切れるか、7日到達すると
1日目から再開されます*
`叡智の業火 X 2
9月交換券(2024) X 1
`*「奏章Ⅲ 新霊長後継戦 アーキタイプ・インセプション」(中編)開幕直前カウントダウンログインボーナス*
*開催期間中、1日1回 6日間日替わりでログインボーナスをプレゼント！*
`叡智の業火 X 10
`_2024-09-06 19:32:05_
--------
