【登录信息】
*318194637fc953496e5082ebcbeae7a2*
`登陆天数: 22天 / 1947天
等级: 141
石头: 246
呼符: 2
体力: 623.51 / 140
友情点: 9945 / 4732840`
*連続ログイン1日目
※ログインが途切れるか、7日到達すると
1日目から再開されます*
`フレンドポイント X 2000
9月交換券(2024) X 1
`*「奏章Ⅲ 新霊長後継戦 アーキタイプ・インセプション」(中編)開幕直前カウントダウンログインボーナス*
*開催期間中、1日1回 6日間日替わりでログインボーナスをプレゼント！*
`QP X 3000000
`_2024-09-07 19:31:45_
--------
*9d78e90bb76b42970abd7495d7329768*
`登陆天数: 6天 / 1214天
等级: 128
石头: 640
呼符: 68
体力: 165638.74666666667 / 137
友情点: 0 / 884070`
*連続ログイン6日目
※ログインが途切れるか、7日到達すると
1日目から再開されます*
`聖晶石 X 2
9月交換券(2024) X 1
`*「奏章Ⅲ 新霊長後継戦 アーキタイプ・インセプション」(中編)開幕直前カウントダウンログインボーナス*
*開催期間中、1日1回 6日間日替わりでログインボーナスをプレゼント！*
`QP X 3000000
`_2024-09-07 19:31:54_
--------
*b6bbcdbd5addb82b8007d1a35f461999*
`登陆天数: 6天 / 1334天
等级: 125
石头: 0
呼符: 0
体力: 251975.12666666668 / 137
友情点: 0 / 1003430`
*連続ログイン6日目
※ログインが途切れるか、7日到達すると
1日目から再開されます*
`聖晶石 X 2
9月交換券(2024) X 1
`*「奏章Ⅲ 新霊長後継戦 アーキタイプ・インセプション」(中編)開幕直前カウントダウンログインボーナス*
*開催期間中、1日1回 6日間日替わりでログインボーナスをプレゼント！*
`QP X 3000000
`_2024-09-07 19:32:05_
--------
