【登录信息】
*318194637fc953496e5082ebcbeae7a2*
`登陆天数: 25天 / 1950天
等级: 141
石头: 249
呼符: 3
体力: 367.1933333333333 / 140
友情点: 16490 / 4788140`
*連続ログイン4日目
※ログインが途切れるか、7日到達すると
1日目から再開されます*
`聖晶石 X 1
9月交換券(2024) X 1
`*「奏章Ⅲ 新霊長後継戦 アーキタイプ・インセプション」(中編)開幕直前カウントダウンログインボーナス*
*開催期間中、1日1回 6日間日替わりでログインボーナスをプレゼント！*
`獣の足跡 X 1
`_2024-09-10 19:31:47_
--------
*9d78e90bb76b42970abd7495d7329768*
`登陆天数: 9天 / 1217天
等级: 128
石头: 640
呼符: 68
体力: 166502.75333333333 / 137
友情点: 0 / 884070`
*連続ログイン2日目
※ログインが途切れるか、7日到達すると
1日目から再開されます*
`聖晶石 X 1
9月交換券(2024) X 1
`*「奏章Ⅲ 新霊長後継戦 アーキタイプ・インセプション」(中編)開幕直前カウントダウンログインボーナス*
*開催期間中、1日1回 6日間日替わりでログインボーナスをプレゼント！*
`獣の足跡 X 1
`_2024-09-10 19:31:56_
--------
*b6bbcdbd5addb82b8007d1a35f461999*
`登陆天数: 9天 / 1337天
等级: 125
石头: 0
呼符: 0
体力: 252839.13333333333 / 137
友情点: 0 / 1003430`
*連続ログイン2日目
※ログインが途切れるか、7日到達すると
1日目から再開されます*
`聖晶石 X 1
9月交換券(2024) X 1
`*「奏章Ⅲ 新霊長後継戦 アーキタイプ・インセプション」(中編)開幕直前カウントダウンログインボーナス*
*開催期間中、1日1回 6日間日替わりでログインボーナスをプレゼント！*
`獣の足跡 X 1
`_2024-09-10 19:32:07_
--------
