【登录信息】
*318194637fc953496e5082ebcbeae7a2*
`登陆天数: 26天 / 1951天
等级: 141
石头: 249
呼符: 3
体力: 655.2333333333333 / 140
友情点: 15555 / 4804295`
*連続ログイン5日目
※ログインが途切れるか、7日到達すると
1日目から再開されます*
`叡智の業火 X 2
9月交換券(2024) X 1
`*奏章Ⅲ 新霊長後継戦 アーキタイプ・インセプション 開幕記念 ログインボーナス*
*開催期間中、1日1回 最大78回 ログインボーナスをプレゼント！*
`白銀の果実 X 1
`_2024-09-11 19:31:59_
--------
*9d78e90bb76b42970abd7495d7329768*
`登陆天数: 10天 / 1218天
等级: 128
石头: 640
呼符: 68
体力: 166790.79333333333 / 137
友情点: 0 / 884070`
*連続ログイン3日目
※ログインが途切れるか、7日到達すると
1日目から再開されます*
`叡智の業火 X 1
9月交換券(2024) X 1
`*奏章Ⅲ 新霊長後継戦 アーキタイプ・インセプション 開幕記念 ログインボーナス*
*開催期間中、1日1回 最大78回 ログインボーナスをプレゼント！*
`白銀の果実 X 1
`_2024-09-11 19:32:08_
--------
*b6bbcdbd5addb82b8007d1a35f461999*
`登陆天数: 10天 / 1338天
等级: 125
石头: 0
呼符: 0
体力: 253127.17333333334 / 137
友情点: 0 / 1003430`
*連続ログイン3日目
※ログインが途切れるか、7日到達すると
1日目から再開されます*
`叡智の業火 X 1
9月交換券(2024) X 1
`*奏章Ⅲ 新霊長後継戦 アーキタイプ・インセプション 開幕記念 ログインボーナス*
*開催期間中、1日1回 最大78回 ログインボーナスをプレゼント！*
`白銀の果実 X 1
`_2024-09-11 19:32:19_
--------
