【登录信息】
*318194637fc953496e5082ebcbeae7a2*
`登陆天数: 27天 / 1952天
等级: 141
石头: 249
呼符: 3
体力: 34.66333333333333 / 140
友情点: 5950 / 4829115`
*連続ログイン6日目
※ログインが途切れるか、7日到達すると
1日目から再開されます*
`聖晶石 X 2
9月交換券(2024) X 1
`*奏章Ⅲ 新霊長後継戦 アーキタイプ・インセプション 開幕記念 ログインボーナス*
*開催期間中、1日1回 最大78回 ログインボーナスをプレゼント！*
`白銀の果実 X 1
`_2024-09-12 19:32:03_
--------
*9d78e90bb76b42970abd7495d7329768*
`登陆天数: 11天 / 1219天
等级: 128
石头: 640
呼符: 68
体力: 167078.80666666667 / 137
友情点: 0 / 884070`
*連続ログイン4日目
※ログインが途切れるか、7日到達すると
1日目から再開されます*
`聖晶石 X 1
9月交換券(2024) X 1
`*奏章Ⅲ 新霊長後継戦 アーキタイプ・インセプション 開幕記念 ログインボーナス*
*開催期間中、1日1回 最大78回 ログインボーナスをプレゼント！*
`白銀の果実 X 1
`_2024-09-12 19:32:12_
--------
*b6bbcdbd5addb82b8007d1a35f461999*
`登陆天数: 11天 / 1339天
等级: 125
石头: 0
呼符: 0
体力: 253415.18666666668 / 137
友情点: 0 / 1003430`
*連続ログイン4日目
※ログインが途切れるか、7日到達すると
1日目から再開されます*
`聖晶石 X 1
9月交換券(2024) X 1
`*奏章Ⅲ 新霊長後継戦 アーキタイプ・インセプション 開幕記念 ログインボーナス*
*開催期間中、1日1回 最大78回 ログインボーナスをプレゼント！*
`白銀の果実 X 1
`_2024-09-12 19:32:23_
--------
