【登录信息】
*318194637fc953496e5082ebcbeae7a2*
`登陆天数: 32天 / 1957天
等级: 141
石头: 287
呼符: 3
体力: 961.85 / 140
友情点: 26725 / 4918020`
*連続ログイン4日目
※ログインが途切れるか、7日到達すると
1日目から再開されます*
`聖晶石 X 1
9月交換券(2024) X 1
`*「奏章Ⅲ 新霊長後継戦 アーキタイプ・インセプション」(後編)
開幕直前&攻略応援特別ログインボーナス*
*開催期間中、1日1回 最大8回 ログインボーナスをプレゼント！*
`黄金の果実 X 2
`_2024-09-17 19:32:00_
--------
*9d78e90bb76b42970abd7495d7329768*
`登陆天数: 16天 / 1224天
等级: 128
石头: 640
呼符: 68
体力: 168518.79666666666 / 137
友情点: 0 / 884070`
*連続ログイン2日目
※ログインが途切れるか、7日到達すると
1日目から再開されます*
`聖晶石 X 1
9月交換券(2024) X 1
`*「奏章Ⅲ 新霊長後継戦 アーキタイプ・インセプション」(後編)
開幕直前&攻略応援特別ログインボーナス*
*開催期間中、1日1回 最大8回 ログインボーナスをプレゼント！*
`黄金の果実 X 2
`_2024-09-17 19:32:09_
--------
*b6bbcdbd5addb82b8007d1a35f461999*
`登陆天数: 16天 / 1344天
等级: 125
石头: 0
呼符: 0
体力: 254855.18 / 137
友情点: 0 / 1003430`
*連続ログイン2日目
※ログインが途切れるか、7日到達すると
1日目から再開されます*
`聖晶石 X 1
9月交換券(2024) X 1
`*「奏章Ⅲ 新霊長後継戦 アーキタイプ・インセプション」(後編)
開幕直前&攻略応援特別ログインボーナス*
*開催期間中、1日1回 最大8回 ログインボーナスをプレゼント！*
`黄金の果実 X 2
`_2024-09-17 19:32:21_
--------
