【登录信息】
*318194637fc953496e5082ebcbeae7a2*
`登陆天数: 33天 / 1958天
等级: 141
石头: 287
呼符: 3
体力: 1249.8133333333333 / 140
友情点: 14485 / 4933305`
*連続ログイン5日目
※ログインが途切れるか、7日到達すると
1日目から再開されます*
`叡智の業火 X 2
9月交換券(2024) X 1
`*「奏章Ⅲ 新霊長後継戦 アーキタイプ・インセプション」(後編)
開幕直前&攻略応援特別ログインボーナス*
*開催期間中、1日1回 最大8回 ログインボーナスをプレゼント！*
`叡智の業火 X 10
`_2024-09-18 19:31:49_
--------
*9d78e90bb76b42970abd7495d7329768*
`登陆天数: 17天 / 1225天
等级: 128
石头: 640
呼符: 68
体力: 168806.76 / 137
友情点: 0 / 884070`
*連続ログイン3日目
※ログインが途切れるか、7日到達すると
1日目から再開されます*
`叡智の業火 X 1
9月交換券(2024) X 1
`*「奏章Ⅲ 新霊長後継戦 アーキタイプ・インセプション」(後編)
開幕直前&攻略応援特別ログインボーナス*
*開催期間中、1日1回 最大8回 ログインボーナスをプレゼント！*
`叡智の業火 X 10
`_2024-09-18 19:31:58_
--------
*b6bbcdbd5addb82b8007d1a35f461999*
`登陆天数: 17天 / 1345天
等级: 125
石头: 0
呼符: 0
体力: 255143.14 / 137
友情点: 0 / 1003430`
*連続ログイン3日目
※ログインが途切れるか、7日到達すると
1日目から再開されます*
`叡智の業火 X 1
9月交換券(2024) X 1
`*「奏章Ⅲ 新霊長後継戦 アーキタイプ・インセプション」(後編)
開幕直前&攻略応援特別ログインボーナス*
*開催期間中、1日1回 最大8回 ログインボーナスをプレゼント！*
`叡智の業火 X 10
`_2024-09-18 19:32:09_
--------
