【登录信息】
*318194637fc953496e5082ebcbeae7a2*
`登陆天数: 34天 / 1959天
等级: 141
石头: 289
呼符: 4
体力: 112.11666666666667 / 140
友情点: 3145 / 4955395`
*連続ログイン6日目
※ログインが途切れるか、7日到達すると
1日目から再開されます*
`聖晶石 X 2
9月交換券(2024) X 1
`*「奏章Ⅲ 新霊長後継戦 アーキタイプ・インセプション」(後編)
開幕直前&攻略応援特別ログインボーナス*
*開催期間中、1日1回 最大8回 ログインボーナスをプレゼント！*
`QP X 3000000
`_2024-09-19 19:31:57_
--------
*9d78e90bb76b42970abd7495d7329768*
`登陆天数: 18天 / 1226天
等级: 128
石头: 640
呼符: 68
体力: 169094.78666666665 / 137
友情点: 0 / 884070`
*連続ログイン4日目
※ログインが途切れるか、7日到達すると
1日目から再開されます*
`聖晶石 X 1
9月交換券(2024) X 1
`*「奏章Ⅲ 新霊長後継戦 アーキタイプ・インセプション」(後編)
開幕直前&攻略応援特別ログインボーナス*
*開催期間中、1日1回 最大8回 ログインボーナスをプレゼント！*
`QP X 3000000
`_2024-09-19 19:32:06_
--------
*b6bbcdbd5addb82b8007d1a35f461999*
`登陆天数: 18天 / 1346天
等级: 125
石头: 0
呼符: 0
体力: 255431.16666666666 / 137
友情点: 0 / 1003430`
*連続ログイン4日目
※ログインが途切れるか、7日到達すると
1日目から再開されます*
`聖晶石 X 1
9月交換券(2024) X 1
`*「奏章Ⅲ 新霊長後継戦 アーキタイプ・インセプション」(後編)
開幕直前&攻略応援特別ログインボーナス*
*開催期間中、1日1回 最大8回 ログインボーナスをプレゼント！*
`QP X 3000000
`_2024-09-19 19:32:17_
--------
