【登录信息】
*318194637fc953496e5082ebcbeae7a2*
`登陆天数: 35天 / 1960天
等级: 141
石头: 289
呼符: 4
体力: 400.09 / 140
友情点: 22950 / 4978745`
*連続ログイン7日間到達おめでとうございます！
明日は1日目からリスタートされます。*
`獣の足跡 X 1
呼符 X 1
9月交換券(2024) X 1
`*「奏章Ⅲ 新霊長後継戦 アーキタイプ・インセプション」(後編)
開幕直前&攻略応援特別ログインボーナス*
*開催期間中、1日1回 最大8回 ログインボーナスをプレゼント！*
`英霊結晶・星のフォウくん X 10
`_2024-09-20 19:31:49_
--------
*9d78e90bb76b42970abd7495d7329768*
`登陆天数: 19天 / 1227天
等级: 128
石头: 640
呼符: 68
体力: 169382.76 / 137
友情点: 0 / 884070`
*連続ログイン5日目
※ログインが途切れるか、7日到達すると
1日目から再開されます*
`叡智の業火 X 2
9月交換券(2024) X 1
`*「奏章Ⅲ 新霊長後継戦 アーキタイプ・インセプション」(後編)
開幕直前&攻略応援特別ログインボーナス*
*開催期間中、1日1回 最大8回 ログインボーナスをプレゼント！*
`英霊結晶・星のフォウくん X 10
`_2024-09-20 19:31:59_
--------
*b6bbcdbd5addb82b8007d1a35f461999*
`登陆天数: 19天 / 1347天
等级: 125
石头: 0
呼符: 0
体力: 255719.14 / 137
友情点: 0 / 1003430`
*連続ログイン5日目
※ログインが途切れるか、7日到達すると
1日目から再開されます*
`叡智の業火 X 2
9月交換券(2024) X 1
`*「奏章Ⅲ 新霊長後継戦 アーキタイプ・インセプション」(後編)
開幕直前&攻略応援特別ログインボーナス*
*開催期間中、1日1回 最大8回 ログインボーナスをプレゼント！*
`英霊結晶・星のフォウくん X 10
`_2024-09-20 19:32:10_
--------
