【登录信息】
*318194637fc953496e5082ebcbeae7a2*
`登陆天数: 36天 / 1961天
等级: 141
石头: 289
呼符: 4
体力: 688.1266666666667 / 140
友情点: 8075 / 4987220`
*連続ログイン1日目
※ログインが途切れるか、7日到達すると
1日目から再開されます*
`フレンドポイント X 2000
9月交換券(2024) X 1
`*「奏章Ⅲ 新霊長後継戦 アーキタイプ・インセプション」(後編)
開幕直前&攻略応援特別ログインボーナス*
*開催期間中、1日1回 最大8回 ログインボーナスをプレゼント！*
`英霊結晶・太陽のフォウくん X 10
`_2024-09-21 19:32:01_
--------
*9d78e90bb76b42970abd7495d7329768*
`登陆天数: 20天 / 1228天
等级: 128
石头: 640
呼符: 68
体力: 169670.8 / 137
友情点: 0 / 884070`
*連続ログイン6日目
※ログインが途切れるか、7日到達すると
1日目から再開されます*
`聖晶石 X 2
9月交換券(2024) X 1
`*「奏章Ⅲ 新霊長後継戦 アーキタイプ・インセプション」(後編)
開幕直前&攻略応援特別ログインボーナス*
*開催期間中、1日1回 最大8回 ログインボーナスをプレゼント！*
`英霊結晶・太陽のフォウくん X 10
`_2024-09-21 19:32:10_
--------
*b6bbcdbd5addb82b8007d1a35f461999*
`登陆天数: 20天 / 1348天
等级: 125
石头: 0
呼符: 0
体力: 256007.18333333332 / 137
友情点: 0 / 1003430`
*連続ログイン6日目
※ログインが途切れるか、7日到達すると
1日目から再開されます*
`聖晶石 X 2
9月交換券(2024) X 1
`*「奏章Ⅲ 新霊長後継戦 アーキタイプ・インセプション」(後編)
開幕直前&攻略応援特別ログインボーナス*
*開催期間中、1日1回 最大8回 ログインボーナスをプレゼント！*
`英霊結晶・太陽のフォウくん X 10
`_2024-09-21 19:32:22_
--------
