【登录信息】
*318194637fc953496e5082ebcbeae7a2*
`登陆天数: 37天 / 1962天
等级: 141
石头: 289
呼符: 4
体力: 976.0333333333333 / 140
友情点: 6460 / 4993880`
*連続ログイン2日目
※ログインが途切れるか、7日到達すると
1日目から再開されます*
`聖晶石 X 1
9月交換券(2024) X 1
`*「京都国際マンガ・アニメフェア2024」出展記念 初回ログインボーナス*
*開催期間中、初回ログインで「聖晶石×10」をプレゼント！*
`聖晶石 X 10
`_2024-09-22 19:31:32_
--------
*9d78e90bb76b42970abd7495d7329768*
`登陆天数: 21天 / 1229天
等级: 128
石头: 640
呼符: 68
体力: 169958.70666666667 / 137
友情点: 0 / 884070`
*連続ログイン7日間到達おめでとうございます！
明日は1日目からリスタートされます。*
`獣の足跡 X 1
呼符 X 1
9月交換券(2024) X 1
`*「京都国際マンガ・アニメフェア2024」出展記念 初回ログインボーナス*
*開催期間中、初回ログインで「聖晶石×10」をプレゼント！*
`聖晶石 X 10
`_2024-09-22 19:31:42_
--------
*b6bbcdbd5addb82b8007d1a35f461999*
`登陆天数: 21天 / 1349天
等级: 125
石头: 0
呼符: 0
体力: 256295.08666666667 / 137
友情点: 0 / 1003430`
*連続ログイン7日間到達おめでとうございます！
明日は1日目からリスタートされます。*
`獣の足跡 X 1
呼符 X 1
9月交換券(2024) X 1
`*「京都国際マンガ・アニメフェア2024」出展記念 初回ログインボーナス*
*開催期間中、初回ログインで「聖晶石×10」をプレゼント！*
`聖晶石 X 10
`_2024-09-22 19:31:53_
--------
