【登录信息】
*318194637fc953496e5082ebcbeae7a2*
`登陆天数: 38天 / 1963天
等级: 141
石头: 289
呼符: 4
体力: 1264.1266666666668 / 140
友情点: 5100 / 4999980`
*連続ログイン3日目
※ログインが途切れるか、7日到達すると
1日目から再開されます*
`叡智の業火 X 1
9月交換券(2024) X 1
`*「奏章Ⅲ 新霊長後継戦 アーキタイプ・インセプション」(後編)
開幕直前&攻略応援特別ログインボーナス*
*開催期間中、1日1回 最大8回 ログインボーナスをプレゼント！*
`獣の足跡 X 1
`_2024-09-23 19:31:59_
--------
*9d78e90bb76b42970abd7495d7329768*
`登陆天数: 22天 / 1230天
等级: 128
石头: 640
呼符: 68
体力: 170246.79666666666 / 137
友情点: 0 / 884070`
*連続ログイン1日目
※ログインが途切れるか、7日到達すると
1日目から再開されます*
`フレンドポイント X 2000
9月交換券(2024) X 1
`*「奏章Ⅲ 新霊長後継戦 アーキタイプ・インセプション」(後編)
開幕直前&攻略応援特別ログインボーナス*
*開催期間中、1日1回 最大8回 ログインボーナスをプレゼント！*
`獣の足跡 X 1
`_2024-09-23 19:32:09_
--------
*b6bbcdbd5addb82b8007d1a35f461999*
`登陆天数: 22天 / 1350天
等级: 125
石头: 0
呼符: 0
体力: 256583.17666666667 / 137
友情点: 0 / 1003430`
*連続ログイン1日目
※ログインが途切れるか、7日到達すると
1日目から再開されます*
`フレンドポイント X 2000
9月交換券(2024) X 1
`*「奏章Ⅲ 新霊長後継戦 アーキタイプ・インセプション」(後編)
開幕直前&攻略応援特別ログインボーナス*
*開催期間中、1日1回 最大8回 ログインボーナスをプレゼント！*
`獣の足跡 X 1
`_2024-09-23 19:32:20_
--------
