【登录信息】
*318194637fc953496e5082ebcbeae7a2*
`登陆天数: 39天 / 1964天
等级: 141
石头: 289
呼符: 4
体力: 1552.1233333333332 / 140
友情点: 9010 / 5009600`
*連続ログイン4日目
※ログインが途切れるか、7日到達すると
1日目から再開されます*
`聖晶石 X 1
9月交換券(2024) X 1
`*「奏章Ⅲ 新霊長後継戦 アーキタイプ・インセプション」(後編)
開幕直前&攻略応援特別ログインボーナス*
*開催期間中、1日1回 最大8回 ログインボーナスをプレゼント！*
`星見のティーポット X 3
`_2024-09-24 19:31:59_
--------
*9d78e90bb76b42970abd7495d7329768*
`登陆天数: 23天 / 1231天
等级: 128
石头: 640
呼符: 68
体力: 170534.79333333333 / 137
友情点: 0 / 884070`
*連続ログイン2日目
※ログインが途切れるか、7日到達すると
1日目から再開されます*
`聖晶石 X 1
9月交換券(2024) X 1
`*「奏章Ⅲ 新霊長後継戦 アーキタイプ・インセプション」(後編)
開幕直前&攻略応援特別ログインボーナス*
*開催期間中、1日1回 最大8回 ログインボーナスをプレゼント！*
`星見のティーポット X 3
`_2024-09-24 19:32:08_
--------
*b6bbcdbd5addb82b8007d1a35f461999*
`登陆天数: 23天 / 1351天
等级: 125
石头: 0
呼符: 0
体力: 256871.17333333334 / 137
友情点: 0 / 1003430`
*連続ログイン2日目
※ログインが途切れるか、7日到達すると
1日目から再開されます*
`聖晶石 X 1
9月交換券(2024) X 1
`*「奏章Ⅲ 新霊長後継戦 アーキタイプ・インセプション」(後編)
開幕直前&攻略応援特別ログインボーナス*
*開催期間中、1日1回 最大8回 ログインボーナスをプレゼント！*
`星見のティーポット X 3
`_2024-09-24 19:32:19_
--------
