【登录信息】
*318194637fc953496e5082ebcbeae7a2*
`登陆天数: 41天 / 1966天
等级: 141
石头: 289
呼符: 4
体力: 2128.1400000000003 / 140
友情点: 18870 / 5040435`
*連続ログイン6日目
※ログインが途切れるか、7日到達すると
1日目から再開されます*
`聖晶石 X 2
9月交換券(2024) X 1
`*奏章Ⅲ 新霊長後継戦 アーキタイプ・インセプション 開幕記念 ログインボーナス*
*開催期間中、1日1回 最大78回 ログインボーナスをプレゼント！*
`白銀の果実 X 1
`_2024-09-26 19:32:04_
--------
*9d78e90bb76b42970abd7495d7329768*
`登陆天数: 25天 / 1233天
等级: 128
石头: 640
呼符: 68
体力: 171110.81 / 137
友情点: 0 / 884070`
*連続ログイン4日目
※ログインが途切れるか、7日到達すると
1日目から再開されます*
`聖晶石 X 1
9月交換券(2024) X 1
`*奏章Ⅲ 新霊長後継戦 アーキタイプ・インセプション 開幕記念 ログインボーナス*
*開催期間中、1日1回 最大78回 ログインボーナスをプレゼント！*
`白銀の果実 X 1
`_2024-09-26 19:32:14_
--------
*b6bbcdbd5addb82b8007d1a35f461999*
`登陆天数: 25天 / 1353天
等级: 125
石头: 0
呼符: 0
体力: 257447.19 / 137
友情点: 0 / 1003430`
*連続ログイン4日目
※ログインが途切れるか、7日到達すると
1日目から再開されます*
`聖晶石 X 1
9月交換券(2024) X 1
`*奏章Ⅲ 新霊長後継戦 アーキタイプ・インセプション 開幕記念 ログインボーナス*
*開催期間中、1日1回 最大78回 ログインボーナスをプレゼント！*
`白銀の果実 X 1
`_2024-09-26 19:32:25_
--------
