【登录信息】
*318194637fc953496e5082ebcbeae7a2*
`登陆天数: 42天 / 1967天
等级: 141
石头: 289
呼符: 4
体力: 2416.116666666667 / 140
友情点: 15130 / 5056565`
*連続ログイン7日間到達おめでとうございます！
明日は1日目からリスタートされます。*
`獣の足跡 X 1
呼符 X 1
9月交換券(2024) X 1
`*奏章Ⅲ 新霊長後継戦 アーキタイプ・インセプション 開幕記念 ログインボーナス*
*開催期間中、1日1回 最大78回 ログインボーナスをプレゼント！*
`黄金の果実 X 1
`_2024-09-27 19:31:57_
--------
*9d78e90bb76b42970abd7495d7329768*
`登陆天数: 26天 / 1234天
等级: 128
石头: 640
呼符: 68
体力: 171398.79 / 137
友情点: 10 / 884080`
*連続ログイン5日目
※ログインが途切れるか、7日到達すると
1日目から再開されます*
`叡智の業火 X 2
9月交換券(2024) X 1
`*奏章Ⅲ 新霊長後継戦 アーキタイプ・インセプション 開幕記念 ログインボーナス*
*開催期間中、1日1回 最大78回 ログインボーナスをプレゼント！*
`白銀の果実 X 1
`_2024-09-27 19:32:07_
--------
*b6bbcdbd5addb82b8007d1a35f461999*
`登陆天数: 26天 / 1354天
等级: 125
石头: 0
呼符: 0
体力: 257735.17 / 137
友情点: 0 / 1003430`
*連続ログイン5日目
※ログインが途切れるか、7日到達すると
1日目から再開されます*
`叡智の業火 X 2
9月交換券(2024) X 1
`*奏章Ⅲ 新霊長後継戦 アーキタイプ・インセプション 開幕記念 ログインボーナス*
*開催期間中、1日1回 最大78回 ログインボーナスをプレゼント！*
`白銀の果実 X 1
`_2024-09-27 19:32:18_
--------
