【登录信息】
*318194637fc953496e5082ebcbeae7a2*
`登陆天数: 44天 / 1969天
等级: 141
石头: 289
呼符: 4
体力: 2992.2033333333334 / 140
友情点: 4930 / 5074675`
*連続ログイン2日目
※ログインが途切れるか、7日到達すると
1日目から再開されます*
`聖晶石 X 1
9月交換券(2024) X 1
`*奏章Ⅲ 新霊長後継戦 アーキタイプ・インセプション 開幕記念 ログインボーナス*
*開催期間中、1日1回 最大78回 ログインボーナスをプレゼント！*
`白銀の果実 X 1
`_2024-09-29 19:32:23_
--------
*9d78e90bb76b42970abd7495d7329768*
`登陆天数: 28天 / 1236天
等级: 128
石头: 640
呼符: 68
体力: 171974.87333333332 / 137
友情点: 0 / 884080`
*連続ログイン7日間到達おめでとうございます！
明日は1日目からリスタートされます。*
`獣の足跡 X 1
呼符 X 1
9月交換券(2024) X 1
`*奏章Ⅲ 新霊長後継戦 アーキタイプ・インセプション 開幕記念 ログインボーナス*
*開催期間中、1日1回 最大78回 ログインボーナスをプレゼント！*
`黄金の果実 X 1
`_2024-09-29 19:32:33_
--------
*b6bbcdbd5addb82b8007d1a35f461999*
`登陆天数: 28天 / 1356天
等级: 125
石头: 0
呼符: 0
体力: 258311.25333333333 / 137
友情点: 0 / 1003430`
*連続ログイン7日間到達おめでとうございます！
明日は1日目からリスタートされます。*
`獣の足跡 X 1
呼符 X 1
9月交換券(2024) X 1
`*奏章Ⅲ 新霊長後継戦 アーキタイプ・インセプション 開幕記念 ログインボーナス*
*開催期間中、1日1回 最大78回 ログインボーナスをプレゼント！*
`黄金の果実 X 1
`_2024-09-29 19:32:44_
--------
