【登录信息】
*318194637fc953496e5082ebcbeae7a2*
`登陆天数: 106天 / 2031天
等级: 141
石头: 493
呼符: 12
体力: 7535.6866666666665 / 140
友情点: 21200 / 6436300`
*連続ログイン1日目
※ログインが途切れるか、7日到達すると
1日目から再開されます*
`フレンドポイント X 2000
12月交換券(2024) X 1
`_2024-11-30 19:31:52_
--------
*9d78e90bb76b42970abd7495d7329768*
`登陆天数: 90天 / 1298天
等级: 128
石头: 640
呼符: 68
体力: 189830.77 / 137
友情点: 0 / 884110`
*連続ログイン6日目
※ログインが途切れるか、7日到達すると
1日目から再開されます*
`聖晶石 X 2
12月交換券(2024) X 1
`_2024-11-30 19:32:01_
--------
*b6bbcdbd5addb82b8007d1a35f461999*
`登陆天数: 90天 / 1418天
等级: 125
石头: 0
呼符: 0
体力: 276167.15 / 137
友情点: 0 / 1003430`
*連続ログイン6日目
※ログインが途切れるか、7日到達すると
1日目から再開されます*
`聖晶石 X 2
12月交換券(2024) X 1
`_2024-11-30 19:32:13_
--------
