【登录信息】
*318194637fc953496e5082ebcbeae7a2*
`登陆天数: 108天 / 2033天
等级: 141
石头: 493
呼符: 12
体力: 8111.73 / 140
友情点: 19265 / 6475035`
*連続ログイン3日目
※ログインが途切れるか、7日到達すると
1日目から再開されます*
`叡智の業火 X 1
12月交換券(2024) X 1
`_2024-12-02 19:32:05_
--------
*9d78e90bb76b42970abd7495d7329768*
`登陆天数: 92天 / 1300天
等级: 128
石头: 640
呼符: 68
体力: 190406.81333333332 / 137
友情点: 0 / 884110`
*連続ログイン1日目
※ログインが途切れるか、7日到達すると
1日目から再開されます*
`フレンドポイント X 2000
12月交換券(2024) X 1
`_2024-12-02 19:32:15_
--------
*b6bbcdbd5addb82b8007d1a35f461999*
`登陆天数: 92天 / 1420天
等级: 125
石头: 0
呼符: 0
体力: 276743.19333333336 / 137
友情点: 0 / 1003430`
*連続ログイン1日目
※ログインが途切れるか、7日到達すると
1日目から再開されます*
`フレンドポイント X 2000
12月交換券(2024) X 1
`_2024-12-02 19:32:25_
--------
