【登录信息】
*318194637fc953496e5082ebcbeae7a2*
`登陆天数: 109天 / 2034天
等级: 141
石头: 493
呼符: 12
体力: 8399.733333333334 / 140
友情点: 13295 / 6490530`
*連続ログイン4日目
※ログインが途切れるか、7日到達すると
1日目から再開されます*
`聖晶石 X 1
12月交換券(2024) X 1
`_2024-12-03 19:32:06_
--------
*9d78e90bb76b42970abd7495d7329768*
`登陆天数: 93天 / 1301天
等级: 128
石头: 640
呼符: 68
体力: 190694.81666666668 / 137
友情点: 0 / 884110`
*連続ログイン2日目
※ログインが途切れるか、7日到達すると
1日目から再開されます*
`聖晶石 X 1
12月交換券(2024) X 1
`_2024-12-03 19:32:15_
--------
*b6bbcdbd5addb82b8007d1a35f461999*
`登陆天数: 93天 / 1421天
等级: 125
石头: 0
呼符: 0
体力: 277031.19666666666 / 137
友情点: 0 / 1003430`
*連続ログイン2日目
※ログインが途切れるか、7日到達すると
1日目から再開されます*
`聖晶石 X 1
12月交換券(2024) X 1
`_2024-12-03 19:32:26_
--------
