【登录信息】
*318194637fc953496e5082ebcbeae7a2*
`登陆天数: 110天 / 2035天
等级: 141
石头: 493
呼符: 12
体力: 8687.75 / 140
友情点: 11530 / 6506060`
*連続ログイン5日目
※ログインが途切れるか、7日到達すると
1日目から再開されます*
`叡智の業火 X 2
12月交換券(2024) X 1
`_2024-12-04 19:32:12_
--------
*9d78e90bb76b42970abd7495d7329768*
`登陆天数: 94天 / 1302天
等级: 128
石头: 640
呼符: 68
体力: 190982.83333333334 / 137
友情点: 0 / 884110`
*連続ログイン3日目
※ログインが途切れるか、7日到達すると
1日目から再開されます*
`叡智の業火 X 1
12月交換券(2024) X 1
`_2024-12-04 19:32:20_
--------
*b6bbcdbd5addb82b8007d1a35f461999*
`登陆天数: 94天 / 1422天
等级: 125
石头: 0
呼符: 0
体力: 277319.2133333333 / 137
友情点: 0 / 1003430`
*連続ログイン3日目
※ログインが途切れるか、7日到達すると
1日目から再開されます*
`叡智の業火 X 1
12月交換券(2024) X 1
`_2024-12-04 19:32:31_
--------
