【登录信息】
*318194637fc953496e5082ebcbeae7a2*
`登陆天数: 86天 / 1304天
等级: 141
石头: 789
呼符: 89
体力: 135.43333333333334 / 140
友情点: 0 / 117436010`
*連続ログイン2日目
※ログインが途切れるか、7日到達すると
1日目から再開されます*
`聖晶石 X 1
8月交換券(2022) X 1
`*「Fate/Grand Order Fes. 2021 ～7th Anniversary～」配信番組連動キャンペーン報酬プレゼント*
*開催期間中、初回ログインで「聖晶石×100」をプレゼント！*
`聖晶石 X 100
`_2022-08-01 03:31:50_
--------
*9d78e90bb76b42970abd7495d7329768*
`登陆天数: 86天 / 584天
等级: 128
石头: 128
呼符: 27
体力: 65901.75666666667 / 137
友情点: 0 / 718585`
*連続ログイン2日目
※ログインが途切れるか、7日到達すると
1日目から再開されます*
`聖晶石 X 1
8月交換券(2022) X 1
`*「Fate/Grand Order Fes. 2021 ～7th Anniversary～」配信番組連動キャンペーン報酬プレゼント*
*開催期間中、初回ログインで「聖晶石×100」をプレゼント！*
`聖晶石 X 100
`_2022-08-01 03:31:57_
--------
*b6bbcdbd5addb82b8007d1a35f461999*
`登陆天数: 17天 / 704天
等级: 125
石头: 0
呼符: 0
体力: 30503.133333333335 / 137
友情点: 0 / 948615`
*連続ログイン3日目
※ログインが途切れるか、7日到達すると
1日目から再開されます*
`叡智の猛火 X 1
8月交換券(2022) X 1
`*「Fate/Grand Order Fes. 2021 ～7th Anniversary～」配信番組連動キャンペーン報酬プレゼント*
*開催期間中、初回ログインで「聖晶石×100」をプレゼント！*
`聖晶石 X 100
`_2022-08-01 03:32:08_
--------
