【登录信息】
*318194637fc953496e5082ebcbeae7a2*
`登陆天数: 87天 / 1305天
等级: 141
石头: 789
呼符: 89
体力: 423.43333333333334 / 140
友情点: 0 / 117436010`
*連続ログイン3日目
※ログインが途切れるか、7日到達すると
1日目から再開されます*
`叡智の猛火 X 1
8月交換券(2022) X 1
`*7周年記念特別連続ログインボーナス*
*開催期間中、1日1回 最大7回 連続ログインボーナスをプレゼント！*
`QP X 3000000
フレンドポイント X 100000
`_2022-08-02 03:31:50_
--------
*9d78e90bb76b42970abd7495d7329768*
`登陆天数: 87天 / 585天
等级: 128
石头: 128
呼符: 27
体力: 66189.75666666667 / 137
友情点: 0 / 718585`
*連続ログイン3日目
※ログインが途切れるか、7日到達すると
1日目から再開されます*
`叡智の猛火 X 1
8月交換券(2022) X 1
`*7周年記念特別連続ログインボーナス*
*開催期間中、1日1回 最大7回 連続ログインボーナスをプレゼント！*
`QP X 3000000
フレンドポイント X 100000
`_2022-08-02 03:31:57_
--------
*b6bbcdbd5addb82b8007d1a35f461999*
`登陆天数: 18天 / 705天
等级: 125
石头: 0
呼符: 0
体力: 30791.133333333335 / 137
友情点: 0 / 948615`
*連続ログイン4日目
※ログインが途切れるか、7日到達すると
1日目から再開されます*
`聖晶石 X 1
8月交換券(2022) X 1
`*7周年記念特別連続ログインボーナス*
*開催期間中、1日1回 最大7回 連続ログインボーナスをプレゼント！*
`QP X 3000000
フレンドポイント X 100000
`_2022-08-02 03:32:08_
--------
