【登录信息】
*318194637fc953496e5082ebcbeae7a2*
`登陆天数: 89天 / 1307天
等级: 141
石头: 789
呼符: 89
体力: 999.42 / 140
友情点: 0 / 117436010`
*連続ログイン5日目
※ログインが途切れるか、7日到達すると
1日目から再開されます*
`叡智の猛火 X 2
8月交換券(2022) X 1
`*7周年記念特別連続ログインボーナス*
*開催期間中、1日1回 最大7回 連続ログインボーナスをプレゼント！*
`QP X 3000000
マナプリズム X 100
`_2022-08-04 03:31:45_
--------
*9d78e90bb76b42970abd7495d7329768*
`登陆天数: 89天 / 587天
等级: 128
石头: 128
呼符: 27
体力: 66765.74 / 137
友情点: 0 / 718585`
*連続ログイン5日目
※ログインが途切れるか、7日到達すると
1日目から再開されます*
`叡智の猛火 X 2
8月交換券(2022) X 1
`*7周年記念特別連続ログインボーナス*
*開催期間中、1日1回 最大7回 連続ログインボーナスをプレゼント！*
`QP X 3000000
マナプリズム X 100
`_2022-08-04 03:31:53_
--------
*b6bbcdbd5addb82b8007d1a35f461999*
`登陆天数: 20天 / 707天
等级: 125
石头: 0
呼符: 0
体力: 31367.12 / 137
友情点: 0 / 948615`
*連続ログイン6日目
※ログインが途切れるか、7日到達すると
1日目から再開されます*
`聖晶石 X 2
8月交換券(2022) X 1
`*7周年記念特別連続ログインボーナス*
*開催期間中、1日1回 最大7回 連続ログインボーナスをプレゼント！*
`QP X 3000000
マナプリズム X 100
`_2022-08-04 03:32:03_
--------
