【登录信息】
*318194637fc953496e5082ebcbeae7a2*
`登陆天数: 90天 / 1308天
等级: 141
石头: 789
呼符: 89
体力: 1287.75 / 140
友情点: 0 / 117436010`
*連続ログイン6日目
※ログインが途切れるか、7日到達すると
1日目から再開されます*
`聖晶石 X 2
8月交換券(2022) X 1
`*7周年記念特別連続ログインボーナス*
*開催期間中、1日1回 最大7回 連続ログインボーナスをプレゼント！*
`英霊結晶・太陽のフォウくん X 10
QP X 3000000
`_2022-08-05 03:33:25_
--------
*9d78e90bb76b42970abd7495d7329768*
`登陆天数: 90天 / 588天
等级: 128
石头: 128
呼符: 27
体力: 67054.07333333333 / 137
友情点: 0 / 718585`
*連続ログイン6日目
※ログインが途切れるか、7日到達すると
1日目から再開されます*
`聖晶石 X 2
8月交換券(2022) X 1
`*7周年記念特別連続ログインボーナス*
*開催期間中、1日1回 最大7回 連続ログインボーナスをプレゼント！*
`英霊結晶・太陽のフォウくん X 10
QP X 3000000
`_2022-08-05 03:33:32_
--------
*b6bbcdbd5addb82b8007d1a35f461999*
`登陆天数: 21天 / 708天
等级: 125
石头: 0
呼符: 0
体力: 31655.45 / 137
友情点: 0 / 948615`
*連続ログイン7日間到達おめでとうございます！
明日は1日目からリスタートされます。*
`獣の足跡 X 1
呼符 X 1
8月交換券(2022) X 1
`*7周年記念特別連続ログインボーナス*
*開催期間中、1日1回 最大7回 連続ログインボーナスをプレゼント！*
`英霊結晶・太陽のフォウくん X 10
QP X 3000000
`_2022-08-05 03:33:43_
--------
