【登录信息】
*318194637fc953496e5082ebcbeae7a2*
`登陆天数: 92天 / 1310天
等级: 141
石头: 746
呼符: 91
体力: 145.73666666666668 / 140
友情点: 0 / 117536210`
*連続ログイン1日目
※ログインが途切れるか、7日到達すると
1日目から再開されます*
`フレンドポイント X 2000
8月交換券(2022) X 1
`*7周年記念特別連続ログインボーナス*
*開催期間中、1日1回 最大7回 連続ログインボーナスをプレゼント！*
`QP X 3000000
呼符 X 10
`_2022-08-07 03:31:45_
--------
*9d78e90bb76b42970abd7495d7329768*
`登陆天数: 92天 / 590天
等级: 128
石头: 128
呼符: 27
体力: 67629.74 / 137
友情点: 0 / 718585`
*連続ログイン1日目
※ログインが途切れるか、7日到達すると
1日目から再開されます*
`フレンドポイント X 2000
8月交換券(2022) X 1
`*7周年記念特別連続ログインボーナス*
*開催期間中、1日1回 最大7回 連続ログインボーナスをプレゼント！*
`QP X 3000000
呼符 X 10
`_2022-08-07 03:31:52_
--------
*b6bbcdbd5addb82b8007d1a35f461999*
`登陆天数: 23天 / 710天
等级: 125
石头: 0
呼符: 0
体力: 32231.116666666665 / 137
友情点: 0 / 948615`
*連続ログイン2日目
※ログインが途切れるか、7日到達すると
1日目から再開されます*
`聖晶石 X 1
8月交換券(2022) X 1
`*7周年記念特別連続ログインボーナス*
*開催期間中、1日1回 最大7回 連続ログインボーナスをプレゼント！*
`QP X 3000000
呼符 X 10
`_2022-08-07 03:32:03_
--------
