【登录信息】
*318194637fc953496e5082ebcbeae7a2*
`登陆天数: 94天 / 1312天
等级: 141
石头: 746
呼符: 91
体力: 721.9166666666666 / 140
友情点: 0 / 117536210`
*連続ログイン3日目
※ログインが途切れるか、7日到達すると
1日目から再開されます*
`叡智の猛火 X 1
8月交換券(2022) X 1
`_2022-08-09 03:32:39_
--------
*9d78e90bb76b42970abd7495d7329768*
`登陆天数: 94天 / 592天
等级: 128
石头: 128
呼符: 27
体力: 68205.92 / 137
友情点: 0 / 718585`
*連続ログイン3日目
※ログインが途切れるか、7日到達すると
1日目から再開されます*
`叡智の猛火 X 1
8月交換券(2022) X 1
`_2022-08-09 03:32:46_
--------
*b6bbcdbd5addb82b8007d1a35f461999*
`登陆天数: 25天 / 712天
等级: 125
石头: 0
呼符: 0
体力: 32807.29666666666 / 137
友情点: 0 / 948615`
*連続ログイン4日目
※ログインが途切れるか、7日到達すると
1日目から再開されます*
`聖晶石 X 1
8月交換券(2022) X 1
`_2022-08-09 03:32:57_
--------
