【登录信息】
*318194637fc953496e5082ebcbeae7a2*
`登陆天数: 102天 / 1320天
等级: 141
石头: 178
呼符: 106
体力: 3025.7733333333335 / 140
友情点: 85 / 117539280`
*連続ログイン4日目
※ログインが途切れるか、7日到達すると
1日目から再開されます*
`聖晶石 X 1
8月交換券(2022) X 1
`_2022-08-17 03:31:55_
--------
*9d78e90bb76b42970abd7495d7329768*
`登陆天数: 102天 / 600天
等级: 128
石头: 128
呼符: 27
体力: 70509.77666666667 / 137
友情点: 0 / 718585`
*連続ログイン4日目
※ログインが途切れるか、7日到達すると
1日目から再開されます*
`聖晶石 X 1
8月交換券(2022) X 1
`_2022-08-17 03:32:03_
--------
*b6bbcdbd5addb82b8007d1a35f461999*
`登陆天数: 33天 / 720天
等级: 125
石头: 0
呼符: 0
体力: 35111.153333333335 / 137
友情点: 0 / 948615`
*連続ログイン5日目
※ログインが途切れるか、7日到達すると
1日目から再開されます*
`叡智の猛火 X 2
8月交換券(2022) X 1
`_2022-08-17 03:32:14_
--------
