【登录信息】
*318194637fc953496e5082ebcbeae7a2*
`登陆天数: 106天 / 1324天
等级: 141
石头: 178
呼符: 106
体力: 4177.7266666666665 / 140
友情点: 425 / 117542340`
*連続ログイン1日目
※ログインが途切れるか、7日到達すると
1日目から再開されます*
`フレンドポイント X 2000
8月交換券(2022) X 1
`_2022-08-21 03:31:41_
--------
*9d78e90bb76b42970abd7495d7329768*
`登陆天数: 106天 / 604天
等级: 128
石头: 128
呼符: 27
体力: 71661.73 / 137
友情点: 0 / 718585`
*連続ログイン1日目
※ログインが途切れるか、7日到達すると
1日目から再開されます*
`フレンドポイント X 2000
8月交換券(2022) X 1
`_2022-08-21 03:31:49_
--------
*b6bbcdbd5addb82b8007d1a35f461999*
`登陆天数: 37天 / 724天
等级: 125
石头: 0
呼符: 0
体力: 36263.10666666667 / 137
友情点: 0 / 948615`
*連続ログイン2日目
※ログインが途切れるか、7日到達すると
1日目から再開されます*
`聖晶石 X 1
8月交換券(2022) X 1
`_2022-08-21 03:32:00_
--------
