【登录信息】
*318194637fc953496e5082ebcbeae7a2*
`登陆天数: 109天 / 1327天
等级: 141
石头: 113
呼符: 108
体力: 681.2966666666666 / 140
友情点: 1445 / 117550430`
*連続ログイン4日目
※ログインが途切れるか、7日到達すると
1日目から再開されます*
`聖晶石 X 1
8月交換券(2022) X 1
`_2022-08-24 03:31:52_
--------
*9d78e90bb76b42970abd7495d7329768*
`登陆天数: 109天 / 607天
等级: 128
石头: 128
呼符: 27
体力: 72525.76333333334 / 137
友情点: 0 / 718585`
*連続ログイン4日目
※ログインが途切れるか、7日到達すると
1日目から再開されます*
`聖晶石 X 1
8月交換券(2022) X 1
`_2022-08-24 03:32:00_
--------
*b6bbcdbd5addb82b8007d1a35f461999*
`登陆天数: 40天 / 727天
等级: 125
石头: 0
呼符: 0
体力: 37127.14333333333 / 137
友情点: 0 / 948615`
*連続ログイン5日目
※ログインが途切れるか、7日到達すると
1日目から再開されます*
`叡智の猛火 X 2
8月交換券(2022) X 1
`_2022-08-24 03:32:10_
--------
