【登录信息】
*318194637fc953496e5082ebcbeae7a2*
`登陆天数: 111天 / 1329天
等级: 141
石头: 113
呼符: 108
体力: 1257.3166666666666 / 140
友情点: 0 / 117550515`
*連続ログイン6日目
※ログインが途切れるか、7日到達すると
1日目から再開されます*
`聖晶石 X 2
8月交換券(2022) X 1
`_2022-08-26 03:31:59_
--------
*9d78e90bb76b42970abd7495d7329768*
`登陆天数: 111天 / 609天
等级: 128
石头: 128
呼符: 27
体力: 73101.78666666667 / 137
友情点: 0 / 718585`
*連続ログイン6日目
※ログインが途切れるか、7日到達すると
1日目から再開されます*
`聖晶石 X 2
8月交換券(2022) X 1
`_2022-08-26 03:32:06_
--------
*b6bbcdbd5addb82b8007d1a35f461999*
`登陆天数: 42天 / 729天
等级: 125
石头: 0
呼符: 0
体力: 37703.16333333333 / 137
友情点: 0 / 948615`
*連続ログイン7日間到達おめでとうございます！
明日は1日目からリスタートされます。*
`獣の足跡 X 1
呼符 X 1
8月交換券(2022) X 1
`_2022-08-26 03:32:17_
--------
