【登录信息】
*318194637fc953496e5082ebcbeae7a2*
`登陆天数: 115天 / 1333天
等级: 141
石头: 113
呼符: 108
体力: 2409.33 / 140
友情点: 2380 / 117552980`
*連続ログイン3日目
※ログインが途切れるか、7日到達すると
1日目から再開されます*
`叡智の猛火 X 1
8月交換券(2022) X 1
`_2022-08-30 03:32:02_
--------
*9d78e90bb76b42970abd7495d7329768*
`登陆天数: 115天 / 613天
等级: 128
石头: 128
呼符: 27
体力: 74253.8 / 137
友情点: 0 / 718585`
*連続ログイン3日目
※ログインが途切れるか、7日到達すると
1日目から再開されます*
`叡智の猛火 X 1
8月交換券(2022) X 1
`_2022-08-30 03:32:10_
--------
*b6bbcdbd5addb82b8007d1a35f461999*
`登陆天数: 46天 / 733天
等级: 125
石头: 0
呼符: 0
体力: 38855.176666666666 / 137
友情点: 0 / 948615`
*連続ログイン4日目
※ログインが途切れるか、7日到達すると
1日目から再開されます*
`聖晶石 X 1
8月交換券(2022) X 1
`_2022-08-30 03:32:21_
--------
