【登录信息】
*318194637fc953496e5082ebcbeae7a2*
`登陆天数: 45天 / 1970天
等级: 141
石头: 289
呼符: 4
体力: 3280.1466666666665 / 140
友情点: 21915 / 5099190`
*連続ログイン3日目
※ログインが途切れるか、7日到達すると
1日目から再開されます*
`叡智の業火 X 1
10月交換券(2024) X 1
`*奏章Ⅲ 新霊長後継戦 アーキタイプ・インセプション 開幕記念 ログインボーナス*
*開催期間中、1日1回 最大78回 ログインボーナスをプレゼント！*
`白銀の果実 X 1
`_2024-09-30 19:32:06_
--------
*9d78e90bb76b42970abd7495d7329768*
`登陆天数: 29天 / 1237天
等级: 128
石头: 640
呼符: 68
体力: 172262.82 / 137
友情点: 0 / 884080`
*連続ログイン1日目
※ログインが途切れるか、7日到達すると
1日目から再開されます*
`フレンドポイント X 2000
10月交換券(2024) X 1
`*奏章Ⅲ 新霊長後継戦 アーキタイプ・インセプション 開幕記念 ログインボーナス*
*開催期間中、1日1回 最大78回 ログインボーナスをプレゼント！*
`白銀の果実 X 1
`_2024-09-30 19:32:16_
--------
*b6bbcdbd5addb82b8007d1a35f461999*
`登陆天数: 29天 / 1357天
等级: 125
石头: 0
呼符: 0
体力: 258599.2 / 137
友情点: 0 / 1003430`
*連続ログイン1日目
※ログインが途切れるか、7日到達すると
1日目から再開されます*
`フレンドポイント X 2000
10月交換券(2024) X 1
`*奏章Ⅲ 新霊長後継戦 アーキタイプ・インセプション 開幕記念 ログインボーナス*
*開催期間中、1日1回 最大78回 ログインボーナスをプレゼント！*
`白銀の果実 X 1
`_2024-09-30 19:32:28_
--------
