【登录信息】
*318194637fc953496e5082ebcbeae7a2*
`登陆天数: 46天 / 1971天
等级: 141
石头: 289
呼符: 4
体力: 3568.07 / 140
友情点: 12155 / 5111765`
*連続ログイン4日目
※ログインが途切れるか、7日到達すると
1日目から再開されます*
`聖晶石 X 1
10月交換券(2024) X 1
`*使用期限付コンティニューアイテムプレゼント！*
*開催期間中、初回ログインでコンティニューアイテム「霊脈石×3」をプレゼント！*
`霊脈石 X 3
`_2024-10-01 19:31:43_
--------
*9d78e90bb76b42970abd7495d7329768*
`登陆天数: 30天 / 1238天
等级: 128
石头: 640
呼符: 68
体力: 172550.74 / 137
友情点: 0 / 884080`
*連続ログイン2日目
※ログインが途切れるか、7日到達すると
1日目から再開されます*
`聖晶石 X 1
10月交換券(2024) X 1
`*使用期限付コンティニューアイテムプレゼント！*
*開催期間中、初回ログインでコンティニューアイテム「霊脈石×3」をプレゼント！*
`霊脈石 X 3
`_2024-10-01 19:31:53_
--------
*b6bbcdbd5addb82b8007d1a35f461999*
`登陆天数: 30天 / 1358天
等级: 125
石头: 0
呼符: 0
体力: 258887.12333333332 / 137
友情点: 0 / 1003430`
*連続ログイン2日目
※ログインが途切れるか、7日到達すると
1日目から再開されます*
`聖晶石 X 1
10月交換券(2024) X 1
`*使用期限付コンティニューアイテムプレゼント！*
*開催期間中、初回ログインでコンティニューアイテム「霊脈石×3」をプレゼント！*
`霊脈石 X 3
`_2024-10-01 19:32:04_
--------
