【登录信息】
*318194637fc953496e5082ebcbeae7a2*
`登陆天数: 47天 / 1972天
等级: 141
石头: 289
呼符: 4
体力: 3856.0933333333332 / 140
友情点: 13430 / 5126595`
*連続ログイン5日目
※ログインが途切れるか、7日到達すると
1日目から再開されます*
`叡智の業火 X 2
10月交換券(2024) X 1
`*奏章Ⅲ 新霊長後継戦 アーキタイプ・インセプション 開幕記念 ログインボーナス*
*開催期間中、1日1回 最大78回 ログインボーナスをプレゼント！*
`白銀の果実 X 1
`_2024-10-02 19:31:49_
--------
*9d78e90bb76b42970abd7495d7329768*
`登陆天数: 31天 / 1239天
等级: 128
石头: 640
呼符: 68
体力: 172838.76333333334 / 137
友情点: 10 / 884090`
*連続ログイン3日目
※ログインが途切れるか、7日到達すると
1日目から再開されます*
`叡智の業火 X 1
10月交換券(2024) X 1
`*奏章Ⅲ 新霊長後継戦 アーキタイプ・インセプション 開幕記念 ログインボーナス*
*開催期間中、1日1回 最大78回 ログインボーナスをプレゼント！*
`白銀の果実 X 1
`_2024-10-02 19:32:00_
--------
*b6bbcdbd5addb82b8007d1a35f461999*
`登陆天数: 31天 / 1359天
等级: 125
石头: 0
呼符: 0
体力: 259175.14666666667 / 137
友情点: 0 / 1003430`
*連続ログイン3日目
※ログインが途切れるか、7日到達すると
1日目から再開されます*
`叡智の業火 X 1
10月交換券(2024) X 1
`*奏章Ⅲ 新霊長後継戦 アーキタイプ・インセプション 開幕記念 ログインボーナス*
*開催期間中、1日1回 最大78回 ログインボーナスをプレゼント！*
`白銀の果実 X 1
`_2024-10-02 19:32:11_
--------
