【登录信息】
*318194637fc953496e5082ebcbeae7a2*
`登陆天数: 48天 / 1973天
等级: 141
石头: 289
呼符: 4
体力: 4144.096666666666 / 140
友情点: 12155 / 5140750`
*連続ログイン6日目
※ログインが途切れるか、7日到達すると
1日目から再開されます*
`聖晶石 X 2
10月交換券(2024) X 1
`*奏章Ⅲ 新霊長後継戦 アーキタイプ・インセプション 開幕記念 ログインボーナス*
*開催期間中、1日1回 最大78回 ログインボーナスをプレゼント！*
`白銀の果実 X 1
`_2024-10-03 19:31:50_
--------
*9d78e90bb76b42970abd7495d7329768*
`登陆天数: 32天 / 1240天
等级: 128
石头: 640
呼符: 68
体力: 173126.76666666666 / 137
友情点: 0 / 884090`
*連続ログイン4日目
※ログインが途切れるか、7日到達すると
1日目から再開されます*
`聖晶石 X 1
10月交換券(2024) X 1
`*奏章Ⅲ 新霊長後継戦 アーキタイプ・インセプション 開幕記念 ログインボーナス*
*開催期間中、1日1回 最大78回 ログインボーナスをプレゼント！*
`白銀の果実 X 1
`_2024-10-03 19:32:00_
--------
*b6bbcdbd5addb82b8007d1a35f461999*
`登陆天数: 32天 / 1360天
等级: 125
石头: 0
呼符: 0
体力: 259463.15 / 137
友情点: 0 / 1003430`
*連続ログイン4日目
※ログインが途切れるか、7日到達すると
1日目から再開されます*
`聖晶石 X 1
10月交換券(2024) X 1
`*奏章Ⅲ 新霊長後継戦 アーキタイプ・インセプション 開幕記念 ログインボーナス*
*開催期間中、1日1回 最大78回 ログインボーナスをプレゼント！*
`白銀の果実 X 1
`_2024-10-03 19:32:12_
--------
