【登录信息】
*318194637fc953496e5082ebcbeae7a2*
`登陆天数: 49天 / 1974天
等级: 141
石头: 289
呼符: 4
体力: 4432.133333333333 / 140
友情点: 23375 / 5166725`
*連続ログイン7日間到達おめでとうございます！
明日は1日目からリスタートされます。*
`獣の足跡 X 1
呼符 X 1
10月交換券(2024) X 1
`*3000万DL記念 特別回数ログインボーナス*
*開催期間中、1日1回 最大10回 回数ログインボーナスをプレゼント！*
`白銀の果実 X 30
`_2024-10-04 19:31:55_
--------
*9d78e90bb76b42970abd7495d7329768*
`登陆天数: 33天 / 1241天
等级: 128
石头: 640
呼符: 68
体力: 173414.82 / 137
友情点: 0 / 884090`
*連続ログイン5日目
※ログインが途切れるか、7日到達すると
1日目から再開されます*
`叡智の業火 X 2
10月交換券(2024) X 1
`*3000万DL記念 特別回数ログインボーナス*
*開催期間中、1日1回 最大10回 回数ログインボーナスをプレゼント！*
`白銀の果実 X 30
`_2024-10-04 19:32:11_
--------
*b6bbcdbd5addb82b8007d1a35f461999*
`登陆天数: 33天 / 1361天
等级: 125
石头: 0
呼符: 0
体力: 259751.21666666667 / 137
友情点: 0 / 1003430`
*連続ログイン5日目
※ログインが途切れるか、7日到達すると
1日目から再開されます*
`叡智の業火 X 2
10月交換券(2024) X 1
`*3000万DL記念 特別回数ログインボーナス*
*開催期間中、1日1回 最大10回 回数ログインボーナスをプレゼント！*
`白銀の果実 X 30
`_2024-10-04 19:32:28_
--------
