【登录信息】
*318194637fc953496e5082ebcbeae7a2*
`登陆天数: 52天 / 1977天
等级: 141
石头: 289
呼符: 4
体力: 5296.073333333334 / 140
友情点: 9180 / 5194705`
*連続ログイン3日目
※ログインが途切れるか、7日到達すると
1日目から再開されます*
`叡智の業火 X 1
10月交換券(2024) X 1
`*3000万DL記念 特別回数ログインボーナス*
*開催期間中、1日1回 最大10回 回数ログインボーナスをプレゼント！*
`QP X 30000000
`_2024-10-07 19:31:44_
--------
*9d78e90bb76b42970abd7495d7329768*
`登陆天数: 36天 / 1244天
等级: 128
石头: 640
呼符: 68
体力: 174278.74333333335 / 137
友情点: 0 / 884090`
*連続ログイン1日目
※ログインが途切れるか、7日到達すると
1日目から再開されます*
`フレンドポイント X 2000
10月交換券(2024) X 1
`*3000万DL記念 特別回数ログインボーナス*
*開催期間中、1日1回 最大10回 回数ログインボーナスをプレゼント！*
`QP X 30000000
`_2024-10-07 19:31:53_
--------
*b6bbcdbd5addb82b8007d1a35f461999*
`登陆天数: 36天 / 1364天
等级: 125
石头: 0
呼符: 0
体力: 260615.12333333332 / 137
友情点: 0 / 1003430`
*連続ログイン1日目
※ログインが途切れるか、7日到達すると
1日目から再開されます*
`フレンドポイント X 2000
10月交換券(2024) X 1
`*3000万DL記念 特別回数ログインボーナス*
*開催期間中、1日1回 最大10回 回数ログインボーナスをプレゼント！*
`QP X 30000000
`_2024-10-07 19:32:05_
--------
