【登录信息】
*318194637fc953496e5082ebcbeae7a2*
`登陆天数: 53天 / 1978天
等级: 141
石头: 289
呼符: 4
体力: 5584.006666666667 / 140
友情点: 20605 / 5215510`
*連続ログイン4日目
※ログインが途切れるか、7日到達すると
1日目から再開されます*
`聖晶石 X 1
10月交換券(2024) X 1
`*3000万DL記念 特別回数ログインボーナス*
*開催期間中、1日1回 最大10回 回数ログインボーナスをプレゼント！*
`英霊結晶・星のフォウくん X 30
英霊結晶・太陽のフォウくん X 30
`_2024-10-08 19:31:24_
--------
*9d78e90bb76b42970abd7495d7329768*
`登陆天数: 37天 / 1245天
等级: 128
石头: 640
呼符: 68
体力: 174566.67666666667 / 137
友情点: 0 / 884090`
*連続ログイン2日目
※ログインが途切れるか、7日到達すると
1日目から再開されます*
`聖晶石 X 1
10月交換券(2024) X 1
`*3000万DL記念 特別回数ログインボーナス*
*開催期間中、1日1回 最大10回 回数ログインボーナスをプレゼント！*
`英霊結晶・星のフォウくん X 30
英霊結晶・太陽のフォウくん X 30
`_2024-10-08 19:31:33_
--------
*b6bbcdbd5addb82b8007d1a35f461999*
`登陆天数: 37天 / 1365天
等级: 125
石头: 0
呼符: 0
体力: 260903.06 / 137
友情点: 0 / 1003430`
*連続ログイン2日目
※ログインが途切れるか、7日到達すると
1日目から再開されます*
`聖晶石 X 1
10月交換券(2024) X 1
`*3000万DL記念 特別回数ログインボーナス*
*開催期間中、1日1回 最大10回 回数ログインボーナスをプレゼント！*
`英霊結晶・星のフォウくん X 30
英霊結晶・太陽のフォウくん X 30
`_2024-10-08 19:31:45_
--------
