【登录信息】
*318194637fc953496e5082ebcbeae7a2*
`登陆天数: 54天 / 1979天
等级: 141
石头: 289
呼符: 4
体力: 5872.126666666667 / 140
友情点: 6800 / 5223310`
*連続ログイン5日目
※ログインが途切れるか、7日到達すると
1日目から再開されます*
`叡智の業火 X 2
10月交換券(2024) X 1
`*「10月開幕予定 期間限定イベント」直前ログインボーナス*
*開催期間中、1日1回 最大7回 ログインボーナスをプレゼント！*
`聖晶石 X 1
霊脈石 X 1
`_2024-10-09 19:32:00_
--------
*9d78e90bb76b42970abd7495d7329768*
`登陆天数: 38天 / 1246天
等级: 128
石头: 640
呼符: 68
体力: 174854.79666666666 / 137
友情点: 0 / 884090`
*連続ログイン3日目
※ログインが途切れるか、7日到達すると
1日目から再開されます*
`叡智の業火 X 1
10月交換券(2024) X 1
`*「10月開幕予定 期間限定イベント」直前ログインボーナス*
*開催期間中、1日1回 最大7回 ログインボーナスをプレゼント！*
`聖晶石 X 1
霊脈石 X 1
`_2024-10-09 19:32:09_
--------
*b6bbcdbd5addb82b8007d1a35f461999*
`登陆天数: 38天 / 1366天
等级: 125
石头: 0
呼符: 0
体力: 261191.17666666667 / 137
友情点: 0 / 1003430`
*連続ログイン3日目
※ログインが途切れるか、7日到達すると
1日目から再開されます*
`叡智の業火 X 1
10月交換券(2024) X 1
`*「10月開幕予定 期間限定イベント」直前ログインボーナス*
*開催期間中、1日1回 最大7回 ログインボーナスをプレゼント！*
`聖晶石 X 1
霊脈石 X 1
`_2024-10-09 19:32:20_
--------
