【登录信息】
*318194637fc953496e5082ebcbeae7a2*
`登陆天数: 55天 / 1980天
等级: 141
石头: 358
呼符: 7
体力: 6160.13 / 140
友情点: 5355 / 5246915`
*連続ログイン6日目
※ログインが途切れるか、7日到達すると
1日目から再開されます*
`聖晶石 X 2
10月交換券(2024) X 1
`*「10月開幕予定 期間限定イベント」直前ログインボーナス*
*開催期間中、1日1回 最大7回 ログインボーナスをプレゼント！*
`黄金の果実 X 1
霊脈石 X 1
`_2024-10-10 19:32:01_
--------
*9d78e90bb76b42970abd7495d7329768*
`登陆天数: 39天 / 1247天
等级: 128
石头: 640
呼符: 68
体力: 175142.80333333334 / 137
友情点: 0 / 884090`
*連続ログイン4日目
※ログインが途切れるか、7日到達すると
1日目から再開されます*
`聖晶石 X 1
10月交換券(2024) X 1
`*「10月開幕予定 期間限定イベント」直前ログインボーナス*
*開催期間中、1日1回 最大7回 ログインボーナスをプレゼント！*
`黄金の果実 X 1
霊脈石 X 1
`_2024-10-10 19:32:11_
--------
*b6bbcdbd5addb82b8007d1a35f461999*
`登陆天数: 39天 / 1367天
等级: 125
石头: 0
呼符: 0
体力: 261479.18333333332 / 137
友情点: 0 / 1003430`
*連続ログイン4日目
※ログインが途切れるか、7日到達すると
1日目から再開されます*
`聖晶石 X 1
10月交換券(2024) X 1
`*「10月開幕予定 期間限定イベント」直前ログインボーナス*
*開催期間中、1日1回 最大7回 ログインボーナスをプレゼント！*
`黄金の果実 X 1
霊脈石 X 1
`_2024-10-10 19:32:22_
--------
