【登录信息】
*318194637fc953496e5082ebcbeae7a2*
`登陆天数: 57天 / 1982天
等级: 141
石头: 358
呼符: 7
体力: 6736.15 / 140
友情点: 16490 / 5281970`
*連続ログイン1日目
※ログインが途切れるか、7日到達すると
1日目から再開されます*
`フレンドポイント X 2000
10月交換券(2024) X 1
`*「10月開幕予定 期間限定イベント」直前ログインボーナス*
*開催期間中、1日1回 最大7回 ログインボーナスをプレゼント！*
`聖晶石 X 1
霊脈石 X 1
`_2024-10-12 19:32:08_
--------
*9d78e90bb76b42970abd7495d7329768*
`登陆天数: 41天 / 1249天
等级: 128
石头: 640
呼符: 68
体力: 175718.82 / 137
友情点: 0 / 884090`
*連続ログイン6日目
※ログインが途切れるか、7日到達すると
1日目から再開されます*
`聖晶石 X 2
10月交換券(2024) X 1
`*「10月開幕予定 期間限定イベント」直前ログインボーナス*
*開催期間中、1日1回 最大7回 ログインボーナスをプレゼント！*
`聖晶石 X 1
霊脈石 X 1
`_2024-10-12 19:32:17_
--------
*b6bbcdbd5addb82b8007d1a35f461999*
`登陆天数: 41天 / 1369天
等级: 125
石头: 0
呼符: 0
体力: 262055.2 / 137
友情点: 0 / 1003430`
*連続ログイン6日目
※ログインが途切れるか、7日到達すると
1日目から再開されます*
`聖晶石 X 2
10月交換券(2024) X 1
`*「10月開幕予定 期間限定イベント」直前ログインボーナス*
*開催期間中、1日1回 最大7回 ログインボーナスをプレゼント！*
`聖晶石 X 1
霊脈石 X 1
`_2024-10-12 19:32:28_
--------
