【登录信息】
*318194637fc953496e5082ebcbeae7a2*
`登陆天数: 58天 / 1983天
等级: 141
石头: 358
呼符: 7
体力: 7024.09 / 140
友情点: 13720 / 5296690`
*連続ログイン2日目
※ログインが途切れるか、7日到達すると
1日目から再開されます*
`聖晶石 X 1
10月交換券(2024) X 1
`*「10月開幕予定 期間限定イベント」直前ログインボーナス*
*開催期間中、1日1回 最大7回 ログインボーナスをプレゼント！*
`英霊結晶・星のフォウくん X 5
霊脈石 X 1
`_2024-10-13 19:31:49_
--------
*9d78e90bb76b42970abd7495d7329768*
`登陆天数: 42天 / 1250天
等级: 128
石头: 640
呼符: 68
体力: 176006.76333333334 / 137
友情点: 0 / 884090`
*連続ログイン7日間到達おめでとうございます！
明日は1日目からリスタートされます。*
`獣の足跡 X 1
呼符 X 1
10月交換券(2024) X 1
`*「10月開幕予定 期間限定イベント」直前ログインボーナス*
*開催期間中、1日1回 最大7回 ログインボーナスをプレゼント！*
`英霊結晶・星のフォウくん X 5
霊脈石 X 1
`_2024-10-13 19:31:59_
--------
*b6bbcdbd5addb82b8007d1a35f461999*
`登陆天数: 42天 / 1370天
等级: 125
石头: 0
呼符: 0
体力: 262343.1433333333 / 137
友情点: 0 / 1003430`
*連続ログイン7日間到達おめでとうございます！
明日は1日目からリスタートされます。*
`獣の足跡 X 1
呼符 X 1
10月交換券(2024) X 1
`*「10月開幕予定 期間限定イベント」直前ログインボーナス*
*開催期間中、1日1回 最大7回 ログインボーナスをプレゼント！*
`英霊結晶・星のフォウくん X 5
霊脈石 X 1
`_2024-10-13 19:32:10_
--------
