【登录信息】
*318194637fc953496e5082ebcbeae7a2*
`登陆天数: 59天 / 1984天
等级: 141
石头: 358
呼符: 7
体力: 7312.14 / 140
友情点: 28410 / 5327310`
*連続ログイン3日目
※ログインが途切れるか、7日到達すると
1日目から再開されます*
`叡智の業火 X 1
10月交換券(2024) X 1
`*「10月開幕予定 期間限定イベント」直前ログインボーナス*
*開催期間中、1日1回 最大7回 ログインボーナスをプレゼント！*
`英霊結晶・太陽のフォウくん X 5
霊脈石 X 1
`_2024-10-14 19:32:04_
--------
*9d78e90bb76b42970abd7495d7329768*
`登陆天数: 43天 / 1251天
等级: 128
石头: 640
呼符: 68
体力: 176294.81 / 137
友情点: 0 / 884090`
*連続ログイン1日目
※ログインが途切れるか、7日到達すると
1日目から再開されます*
`フレンドポイント X 2000
10月交換券(2024) X 1
`*「10月開幕予定 期間限定イベント」直前ログインボーナス*
*開催期間中、1日1回 最大7回 ログインボーナスをプレゼント！*
`英霊結晶・太陽のフォウくん X 5
霊脈石 X 1
`_2024-10-14 19:32:13_
--------
*b6bbcdbd5addb82b8007d1a35f461999*
`登陆天数: 43天 / 1371天
等级: 125
石头: 0
呼符: 0
体力: 262631.19 / 137
友情点: 0 / 1003430`
*連続ログイン1日目
※ログインが途切れるか、7日到達すると
1日目から再開されます*
`フレンドポイント X 2000
10月交換券(2024) X 1
`*「10月開幕予定 期間限定イベント」直前ログインボーナス*
*開催期間中、1日1回 最大7回 ログインボーナスをプレゼント！*
`英霊結晶・太陽のフォウくん X 5
霊脈石 X 1
`_2024-10-14 19:32:24_
--------
