【登录信息】
*318194637fc953496e5082ebcbeae7a2*
`登陆天数: 61天 / 1986天
等级: 141
石头: 358
呼符: 7
体力: 7888.086666666667 / 140
友情点: 32590 / 5383670`
*連続ログイン5日目
※ログインが途切れるか、7日到達すると
1日目から再開されます*
`叡智の業火 X 2
10月交換券(2024) X 1
`*Fate/Grand Order カルデア放送局 ライト版 ゲーム最新情報 配信記念 初回ログインボーナス*
*開催期間中、初回ログインで「聖晶石×14」をプレゼント！*
`聖晶石 X 14
`_2024-10-16 19:31:48_
--------
*9d78e90bb76b42970abd7495d7329768*
`登陆天数: 45天 / 1253天
等级: 128
石头: 640
呼符: 68
体力: 176870.76 / 137
友情点: 0 / 884090`
*連続ログイン3日目
※ログインが途切れるか、7日到達すると
1日目から再開されます*
`叡智の業火 X 1
10月交換券(2024) X 1
`*Fate/Grand Order カルデア放送局 ライト版 ゲーム最新情報 配信記念 初回ログインボーナス*
*開催期間中、初回ログインで「聖晶石×14」をプレゼント！*
`聖晶石 X 14
`_2024-10-16 19:31:58_
--------
*b6bbcdbd5addb82b8007d1a35f461999*
`登陆天数: 45天 / 1373天
等级: 125
石头: 0
呼符: 0
体力: 263207.14 / 137
友情点: 0 / 1003430`
*連続ログイン3日目
※ログインが途切れるか、7日到達すると
1日目から再開されます*
`叡智の業火 X 1
10月交換券(2024) X 1
`*Fate/Grand Order カルデア放送局 ライト版 ゲーム最新情報 配信記念 初回ログインボーナス*
*開催期間中、初回ログインで「聖晶石×14」をプレゼント！*
`聖晶石 X 14
`_2024-10-16 19:32:09_
--------
