【登录信息】
*318194637fc953496e5082ebcbeae7a2*
`登陆天数: 66天 / 1991天
等级: 141
石头: 358
呼符: 7
体力: 9328.103333333333 / 140
友情点: 12345 / 5436575`
*連続ログイン3日目
※ログインが途切れるか、7日到達すると
1日目から再開されます*
`叡智の業火 X 1
10月交換券(2024) X 1
`*妖精双六虫籠遊戯 まだ見ぬ完璧なあなたへ 開幕記念 ログインボーナス*
*開催期間中、1日1回 最大78回 ログインボーナスをプレゼント！*
`白銀の果実 X 1
`_2024-10-21 19:31:53_
--------
*9d78e90bb76b42970abd7495d7329768*
`登陆天数: 50天 / 1258天
等级: 128
石头: 640
呼符: 68
体力: 178310.77666666667 / 137
友情点: 0 / 884090`
*連続ログイン1日目
※ログインが途切れるか、7日到達すると
1日目から再開されます*
`フレンドポイント X 2000
10月交換券(2024) X 1
`*妖精双六虫籠遊戯 まだ見ぬ完璧なあなたへ 開幕記念 ログインボーナス*
*開催期間中、1日1回 最大78回 ログインボーナスをプレゼント！*
`白銀の果実 X 1
`_2024-10-21 19:32:03_
--------
*b6bbcdbd5addb82b8007d1a35f461999*
`登陆天数: 50天 / 1378天
等级: 125
石头: 0
呼符: 0
体力: 264647.1566666667 / 137
友情点: 0 / 1003430`
*連続ログイン1日目
※ログインが途切れるか、7日到達すると
1日目から再開されます*
`フレンドポイント X 2000
10月交換券(2024) X 1
`*妖精双六虫籠遊戯 まだ見ぬ完璧なあなたへ 開幕記念 ログインボーナス*
*開催期間中、1日1回 最大78回 ログインボーナスをプレゼント！*
`白銀の果実 X 1
`_2024-10-21 19:32:14_
--------
