【登录信息】
*318194637fc953496e5082ebcbeae7a2*
`登陆天数: 67天 / 1992天
等级: 141
石头: 358
呼符: 7
体力: 9616.143333333333 / 140
友情点: 17020 / 5455795`
*連続ログイン4日目
※ログインが途切れるか、7日到達すると
1日目から再開されます*
`聖晶石 X 1
10月交換券(2024) X 1
`*妖精双六虫籠遊戯 まだ見ぬ完璧なあなたへ 開幕記念 ログインボーナス*
*開催期間中、1日1回 最大78回 ログインボーナスをプレゼント！*
`白銀の果実 X 1
`_2024-10-22 19:32:05_
--------
*9d78e90bb76b42970abd7495d7329768*
`登陆天数: 51天 / 1259天
等级: 128
石头: 640
呼符: 68
体力: 178598.81333333332 / 137
友情点: 0 / 884090`
*連続ログイン2日目
※ログインが途切れるか、7日到達すると
1日目から再開されます*
`聖晶石 X 1
10月交換券(2024) X 1
`*妖精双六虫籠遊戯 まだ見ぬ完璧なあなたへ 開幕記念 ログインボーナス*
*開催期間中、1日1回 最大78回 ログインボーナスをプレゼント！*
`白銀の果実 X 1
`_2024-10-22 19:32:14_
--------
*b6bbcdbd5addb82b8007d1a35f461999*
`登陆天数: 51天 / 1379天
等级: 125
石头: 0
呼符: 0
体力: 264935.19666666666 / 137
友情点: 0 / 1003430`
*連続ログイン2日目
※ログインが途切れるか、7日到達すると
1日目から再開されます*
`聖晶石 X 1
10月交換券(2024) X 1
`*妖精双六虫籠遊戯 まだ見ぬ完璧なあなたへ 開幕記念 ログインボーナス*
*開催期間中、1日1回 最大78回 ログインボーナスをプレゼント！*
`白銀の果実 X 1
`_2024-10-22 19:32:26_
--------
