【登录信息】
*318194637fc953496e5082ebcbeae7a2*
`登陆天数: 68天 / 1993天
等级: 141
石头: 358
呼符: 7
体力: 9904.15 / 140
友情点: 16865 / 5475460`
*連続ログイン5日目
※ログインが途切れるか、7日到達すると
1日目から再開されます*
`叡智の業火 X 2
10月交換券(2024) X 1
`*妖精双六虫籠遊戯 まだ見ぬ完璧なあなたへ 開幕記念 ログインボーナス*
*開催期間中、1日1回 最大78回 ログインボーナスをプレゼント！*
`白銀の果実 X 1
`_2024-10-23 19:32:07_
--------
*9d78e90bb76b42970abd7495d7329768*
`登陆天数: 52天 / 1260天
等级: 128
石头: 640
呼符: 68
体力: 178886.82333333333 / 137
友情点: 0 / 884090`
*連続ログイン3日目
※ログインが途切れるか、7日到達すると
1日目から再開されます*
`叡智の業火 X 1
10月交換券(2024) X 1
`*妖精双六虫籠遊戯 まだ見ぬ完璧なあなたへ 開幕記念 ログインボーナス*
*開催期間中、1日1回 最大78回 ログインボーナスをプレゼント！*
`白銀の果実 X 1
`_2024-10-23 19:32:17_
--------
*b6bbcdbd5addb82b8007d1a35f461999*
`登陆天数: 52天 / 1380天
等级: 125
石头: 0
呼符: 0
体力: 265223.2033333333 / 137
友情点: 0 / 1003430`
*連続ログイン3日目
※ログインが途切れるか、7日到達すると
1日目から再開されます*
`叡智の業火 X 1
10月交換券(2024) X 1
`*妖精双六虫籠遊戯 まだ見ぬ完璧なあなたへ 開幕記念 ログインボーナス*
*開催期間中、1日1回 最大78回 ログインボーナスをプレゼント！*
`白銀の果実 X 1
`_2024-10-23 19:32:28_
--------
