【登录信息】
*318194637fc953496e5082ebcbeae7a2*
`登陆天数: 69天 / 1994天
等级: 141
石头: 358
呼符: 7
体力: 10192.063333333334 / 140
友情点: 13540 / 5493600`
*連続ログイン6日目
※ログインが途切れるか、7日到達すると
1日目から再開されます*
`聖晶石 X 2
10月交換券(2024) X 1
`*妖精双六虫籠遊戯 まだ見ぬ完璧なあなたへ 開幕記念 ログインボーナス*
*開催期間中、1日1回 最大78回 ログインボーナスをプレゼント！*
`白銀の果実 X 1
`_2024-10-24 19:31:41_
--------
*9d78e90bb76b42970abd7495d7329768*
`登陆天数: 53天 / 1261天
等级: 128
石头: 640
呼符: 68
体力: 179174.73333333334 / 137
友情点: 0 / 884090`
*連続ログイン4日目
※ログインが途切れるか、7日到達すると
1日目から再開されます*
`聖晶石 X 1
10月交換券(2024) X 1
`*妖精双六虫籠遊戯 まだ見ぬ完璧なあなたへ 開幕記念 ログインボーナス*
*開催期間中、1日1回 最大78回 ログインボーナスをプレゼント！*
`白銀の果実 X 1
`_2024-10-24 19:31:51_
--------
*b6bbcdbd5addb82b8007d1a35f461999*
`登陆天数: 53天 / 1381天
等级: 125
石头: 0
呼符: 0
体力: 265511.11333333334 / 137
友情点: 0 / 1003430`
*連続ログイン4日目
※ログインが途切れるか、7日到達すると
1日目から再開されます*
`聖晶石 X 1
10月交換券(2024) X 1
`*妖精双六虫籠遊戯 まだ見ぬ完璧なあなたへ 開幕記念 ログインボーナス*
*開催期間中、1日1回 最大78回 ログインボーナスをプレゼント！*
`白銀の果実 X 1
`_2024-10-24 19:32:02_
--------
