【登录信息】
*318194637fc953496e5082ebcbeae7a2*
`登陆天数: 70天 / 1995天
等级: 141
石头: 428
呼符: 9
体力: 102.86333333333334 / 140
友情点: 5355 / 5529320`
*連続ログイン7日間到達おめでとうございます！
明日は1日目からリスタートされます。*
`獣の足跡 X 1
呼符 X 1
10月交換券(2024) X 1
`*妖精双六虫籠遊戯 まだ見ぬ完璧なあなたへ 開幕記念 ログインボーナス*
*開催期間中、1日1回 最大78回 ログインボーナスをプレゼント！*
`黄金の果実 X 1
`_2024-10-25 19:31:55_
--------
*9d78e90bb76b42970abd7495d7329768*
`登陆天数: 54天 / 1262天
等级: 128
石头: 640
呼符: 68
体力: 179462.78 / 137
友情点: 0 / 884090`
*連続ログイン5日目
※ログインが途切れるか、7日到達すると
1日目から再開されます*
`叡智の業火 X 2
10月交換券(2024) X 1
`*妖精双六虫籠遊戯 まだ見ぬ完璧なあなたへ 開幕記念 ログインボーナス*
*開催期間中、1日1回 最大78回 ログインボーナスをプレゼント！*
`白銀の果実 X 1
`_2024-10-25 19:32:04_
--------
*b6bbcdbd5addb82b8007d1a35f461999*
`登陆天数: 54天 / 1382天
等级: 125
石头: 0
呼符: 0
体力: 265799.16 / 137
友情点: 0 / 1003430`
*連続ログイン5日目
※ログインが途切れるか、7日到達すると
1日目から再開されます*
`叡智の業火 X 2
10月交換券(2024) X 1
`*妖精双六虫籠遊戯 まだ見ぬ完璧なあなたへ 開幕記念 ログインボーナス*
*開催期間中、1日1回 最大78回 ログインボーナスをプレゼント！*
`白銀の果実 X 1
`_2024-10-25 19:32:15_
--------
