【登录信息】
*318194637fc953496e5082ebcbeae7a2*
`登陆天数: 71天 / 1996天
等级: 141
石头: 428
呼符: 9
体力: 390.8233333333333 / 140
友情点: 12020 / 5544150`
*連続ログイン1日目
※ログインが途切れるか、7日到達すると
1日目から再開されます*
`フレンドポイント X 2000
10月交換券(2024) X 1
`*妖精双六虫籠遊戯 まだ見ぬ完璧なあなたへ 開幕記念 ログインボーナス*
*開催期間中、1日1回 最大78回 ログインボーナスをプレゼント！*
`白銀の果実 X 1
`_2024-10-26 19:31:43_
--------
*9d78e90bb76b42970abd7495d7329768*
`登陆天数: 55天 / 1263天
等级: 128
石头: 640
呼符: 68
体力: 179750.74 / 137
友情点: 0 / 884090`
*連続ログイン6日目
※ログインが途切れるか、7日到達すると
1日目から再開されます*
`聖晶石 X 2
10月交換券(2024) X 1
`*妖精双六虫籠遊戯 まだ見ぬ完璧なあなたへ 開幕記念 ログインボーナス*
*開催期間中、1日1回 最大78回 ログインボーナスをプレゼント！*
`白銀の果実 X 1
`_2024-10-26 19:31:53_
--------
*b6bbcdbd5addb82b8007d1a35f461999*
`登陆天数: 55天 / 1383天
等级: 125
石头: 0
呼符: 0
体力: 266087.12 / 137
友情点: 0 / 1003430`
*連続ログイン6日目
※ログインが途切れるか、7日到達すると
1日目から再開されます*
`聖晶石 X 2
10月交換券(2024) X 1
`*妖精双六虫籠遊戯 まだ見ぬ完璧なあなたへ 開幕記念 ログインボーナス*
*開催期間中、1日1回 最大78回 ログインボーナスをプレゼント！*
`白銀の果実 X 1
`_2024-10-26 19:32:04_
--------
