【登录信息】
*318194637fc953496e5082ebcbeae7a2*
`登陆天数: 74天 / 1999天
等级: 141
石头: 428
呼符: 9
体力: 1254.84 / 140
友情点: 14705 / 5600900`
*連続ログイン4日目
※ログインが途切れるか、7日到達すると
1日目から再開されます*
`聖晶石 X 1
10月交換券(2024) X 1
`*妖精双六虫籠遊戯 まだ見ぬ完璧なあなたへ 開幕記念 ログインボーナス*
*開催期間中、1日1回 最大78回 ログインボーナスをプレゼント！*
`白銀の果実 X 1
`_2024-10-29 19:31:48_
--------
*9d78e90bb76b42970abd7495d7329768*
`登陆天数: 58天 / 1266天
等级: 128
石头: 640
呼符: 68
体力: 180614.75666666665 / 137
友情点: 0 / 884090`
*連続ログイン2日目
※ログインが途切れるか、7日到達すると
1日目から再開されます*
`聖晶石 X 1
10月交換券(2024) X 1
`*妖精双六虫籠遊戯 まだ見ぬ完璧なあなたへ 開幕記念 ログインボーナス*
*開催期間中、1日1回 最大78回 ログインボーナスをプレゼント！*
`白銀の果実 X 1
`_2024-10-29 19:31:57_
--------
*b6bbcdbd5addb82b8007d1a35f461999*
`登陆天数: 58天 / 1386天
等级: 125
石头: 0
呼符: 0
体力: 266951.14 / 137
友情点: 0 / 1003430`
*連続ログイン2日目
※ログインが途切れるか、7日到達すると
1日目から再開されます*
`聖晶石 X 1
10月交換券(2024) X 1
`*妖精双六虫籠遊戯 まだ見ぬ完璧なあなたへ 開幕記念 ログインボーナス*
*開催期間中、1日1回 最大78回 ログインボーナスをプレゼント！*
`白銀の果実 X 1
`_2024-10-29 19:32:09_
--------
