【登录信息】
*318194637fc953496e5082ebcbeae7a2*
`登陆天数: 75天 / 2000天
等级: 141
石头: 428
呼符: 9
体力: 1542.89 / 140
友情点: 13600 / 5615700`
*連続ログイン5日目
※ログインが途切れるか、7日到達すると
1日目から再開されます*
`叡智の業火 X 2
10月交換券(2024) X 1
`*秋の戦力増強キャンペーン特別ログインボーナス！*
*開催期間中、1日1回 最大7回 ログインボーナスをプレゼント！*
`叡智の業火 X 3
`_2024-10-30 19:32:03_
--------
*9d78e90bb76b42970abd7495d7329768*
`登陆天数: 59天 / 1267天
等级: 128
石头: 640
呼符: 68
体力: 180902.80666666667 / 137
友情点: 0 / 884090`
*連続ログイン3日目
※ログインが途切れるか、7日到達すると
1日目から再開されます*
`叡智の業火 X 1
10月交換券(2024) X 1
`*秋の戦力増強キャンペーン特別ログインボーナス！*
*開催期間中、1日1回 最大7回 ログインボーナスをプレゼント！*
`叡智の業火 X 3
`_2024-10-30 19:32:12_
--------
*b6bbcdbd5addb82b8007d1a35f461999*
`登陆天数: 59天 / 1387天
等级: 125
石头: 0
呼符: 0
体力: 267239.18666666665 / 137
友情点: 0 / 1003430`
*連続ログイン3日目
※ログインが途切れるか、7日到達すると
1日目から再開されます*
`叡智の業火 X 1
10月交換券(2024) X 1
`*秋の戦力増強キャンペーン特別ログインボーナス！*
*開催期間中、1日1回 最大7回 ログインボーナスをプレゼント！*
`叡智の業火 X 3
`_2024-10-30 19:32:23_
--------
