【登录信息】
*318194637fc953496e5082ebcbeae7a2*
`登陆天数: 232天 / 2288天
等级: 142
石头: 2567
呼符: 73
体力: 57.30333333333333 / 140
友情点: 715 / 9357865`
*連続ログイン1日目
※ログインが途切れるか、7日到達すると
1日目から再開されます*
`英霊結晶・星のフォウくん X 1
フレンドポイント X 2000
8月交換券(2025) X 1
`_2025-08-15 19:32:24_
--------
*9d78e90bb76b42970abd7495d7329768*
`登陆天数: 232天 / 1555天
等级: 128
石头: 640
呼符: 68
体力: 264134.87333333335 / 137
友情点: 175 / 884610`
*連続ログイン1日目
※ログインが途切れるか、7日到達すると
1日目から再開されます*
`英霊結晶・星のフォウくん X 1
フレンドポイント X 2000
8月交換券(2025) X 1
`_2025-08-15 19:32:32_
--------
