【登录信息】
[318194637fc953496e5082ebcbeae7a2]
`登陆天数: 1天 / 1188天
等级: 141
石头: 325
呼符: 36
友情点: 85 / 117331055`
*連続ログイン1日目
※ログインが途切れるか、7日到達すると
1日目から再開されます*
`フレンドポイント X 2000
4月交換券(2022) X 1
`*「Fate/Pixel Wars」リリース記念 初回ログインボーナス*
*開催期間中、初回ログインで「聖晶石×10」をプレゼント！*
`聖晶石 X 10
`_2022-04-02 17:57:10_
--------
[9d78e90bb76b42970abd7495d7329768]
`登陆天数: 1天 / 468天
等级: 128
石头: 128
呼符: 27
友情点: 0 / 717655`
*連続ログイン1日目
※ログインが途切れるか、7日到達すると
1日目から再開されます*
`フレンドポイント X 2000
4月交換券(2022) X 1
`*「Fate/Pixel Wars」リリース記念 初回ログインボーナス*
*開催期間中、初回ログインで「聖晶石×10」をプレゼント！*
`聖晶石 X 10
`_2022-04-02 17:57:18_
--------
[2c25a694117debb52819318b9f5094b0]
`登陆天数: 1天 / 818天
等级: 135
石头: 4
呼符: 0
友情点: 0 / 307270`
*連続ログイン1日目
※ログインが途切れるか、7日到達すると
1日目から再開されます*
`フレンドポイント X 2000
4月交換券(2022) X 1
`*「Fate/Pixel Wars」リリース記念 初回ログインボーナス*
*開催期間中、初回ログインで「聖晶石×10」をプレゼント！*
`聖晶石 X 10
`_2022-04-02 17:57:25_
--------
