【登录信息】
[318194637fc953496e5082ebcbeae7a2]
`登陆天数: 2天 / 1189天
等级: 141
石头: 325
呼符: 36
友情点: 170 / 117331225`
*連続ログイン2日目
※ログインが途切れるか、7日到達すると
1日目から再開されます*
`聖晶石 X 1
4月交換券(2022) X 1
`_2022-04-03 03:31:44_
--------
[9d78e90bb76b42970abd7495d7329768]
`登陆天数: 2天 / 469天
等级: 128
石头: 128
呼符: 27
友情点: 10 / 717665`
*連続ログイン2日目
※ログインが途切れるか、7日到達すると
1日目から再開されます*
`聖晶石 X 1
4月交換券(2022) X 1
`_2022-04-03 03:31:52_
--------
[2c25a694117debb52819318b9f5094b0]
`登陆天数: 2天 / 819天
等级: 135
石头: 4
呼符: 0
友情点: 0 / 307270`
*連続ログイン2日目
※ログインが途切れるか、7日到達すると
1日目から再開されます*
`聖晶石 X 1
4月交換券(2022) X 1
`_2022-04-03 03:32:00_
--------
