【登录信息】
[318194637fc953496e5082ebcbeae7a2]
`登陆天数: 3天 / 1190天
等级: 141
石头: 325
呼符: 36
友情点: 510 / 117331735`
*連続ログイン3日目
※ログインが途切れるか、7日到達すると
1日目から再開されます*
`叡智の猛火 X 1
4月交換券(2022) X 1
`_2022-04-04 03:31:38_
--------
[9d78e90bb76b42970abd7495d7329768]
`登陆天数: 3天 / 470天
等级: 128
石头: 128
呼符: 27
友情点: 0 / 717665`
*連続ログイン3日目
※ログインが途切れるか、7日到達すると
1日目から再開されます*
`叡智の猛火 X 1
4月交換券(2022) X 1
`_2022-04-04 03:31:46_
--------
[2c25a694117debb52819318b9f5094b0]
`登陆天数: 3天 / 820天
等级: 135
石头: 37
呼符: 9
友情点: 20 / 657315`
*連続ログイン3日目
※ログインが途切れるか、7日到達すると
1日目から再開されます*
`叡智の猛火 X 1
4月交換券(2022) X 1
`_2022-04-04 03:31:54_
--------
