【登录信息】
[318194637fc953496e5082ebcbeae7a2]
`登陆天数: 2天 / 1192天
等级: 141
石头: 325
呼符: 36
友情点: 85 / 117332160`
*連続ログイン2日目
※ログインが途切れるか、7日到達すると
1日目から再開されます*
`聖晶石 X 1
4月交換券(2022) X 1
`_2022-04-08 03:31:45_
--------
[9d78e90bb76b42970abd7495d7329768]
`登陆天数: 2天 / 472天
等级: 128
石头: 128
呼符: 27
友情点: 0 / 717665`
*連続ログイン2日目
※ログインが途切れるか、7日到達すると
1日目から再開されます*
`聖晶石 X 1
4月交換券(2022) X 1
`_2022-04-08 03:31:53_
--------
[2c25a694117debb52819318b9f5094b0]
`登陆天数: 2天 / 822天
等级: 135
石头: 1
呼符: 0
友情点: 0 / 657345`
*連続ログイン2日目
※ログインが途切れるか、7日到達すると
1日目から再開されます*
`聖晶石 X 1
4月交換券(2022) X 1
`_2022-04-08 03:32:00_
--------
