【登录信息】
[318194637fc953496e5082ebcbeae7a2]
`登陆天数: 5天 / 1195天
等级: 141
石头: 325
呼符: 36
友情点: 595 / 117333690`
*連続ログイン5日目
※ログインが途切れるか、7日到達すると
1日目から再開されます*
`叡智の猛火 X 2
4月交換券(2022) X 1
`_2022-04-11 03:31:44_
--------
[9d78e90bb76b42970abd7495d7329768]
`登陆天数: 5天 / 475天
等级: 128
石头: 128
呼符: 27
友情点: 0 / 717665`
*連続ログイン5日目
※ログインが途切れるか、7日到達すると
1日目から再開されます*
`叡智の猛火 X 2
4月交換券(2022) X 1
`_2022-04-11 03:31:52_
--------
[2c25a694117debb52819318b9f5094b0]
`登陆天数: 5天 / 825天
等级: 135
石头: 0
呼符: 0
友情点: 0 / 657445`
*連続ログイン5日目
※ログインが途切れるか、7日到達すると
1日目から再開されます*
`叡智の猛火 X 2
4月交換券(2022) X 1
`_2022-04-11 03:32:00_
--------
