【登录信息】
[318194637fc953496e5082ebcbeae7a2]
`登陆天数: 7天 / 1197天
等级: 141
石头: 197
呼符: 37
友情点: 425 / 117343050`
*連続ログイン7日間到達おめでとうございます！
明日は1日目からリスタートされます。*
`獣の足跡 X 1
呼符 X 1
4月交換券(2022) X 1
`_2022-04-13 03:31:39_
--------
[9d78e90bb76b42970abd7495d7329768]
`登陆天数: 7天 / 477天
等级: 128
石头: 128
呼符: 27
友情点: 20 / 717725`
*連続ログイン7日間到達おめでとうございます！
明日は1日目からリスタートされます。*
`獣の足跡 X 1
呼符 X 1
4月交換券(2022) X 1
`_2022-04-13 03:31:47_
--------
[2c25a694117debb52819318b9f5094b0]
`登陆天数: 7天 / 827天
等级: 135
石头: 0
呼符: 0
友情点: 20 / 657495`
*連続ログイン7日間到達おめでとうございます！
明日は1日目からリスタートされます。*
`獣の足跡 X 1
呼符 X 1
4月交換券(2022) X 1
`_2022-04-13 03:31:55_
--------
