【登录信息】
[318194637fc953496e5082ebcbeae7a2]
`登陆天数: 8天 / 1198天
等级: 141
石头: 197
呼符: 37
友情点: 255 / 117344025`
*連続ログイン1日目
※ログインが途切れるか、7日到達すると
1日目から再開されます*
`フレンドポイント X 2000
4月交換券(2022) X 1
`_2022-04-14 03:31:40_
--------
[9d78e90bb76b42970abd7495d7329768]
`登陆天数: 8天 / 478天
等级: 128
石头: 128
呼符: 27
友情点: 125 / 717880`
*連続ログイン1日目
※ログインが途切れるか、7日到達すると
1日目から再開されます*
`フレンドポイント X 2000
4月交換券(2022) X 1
`_2022-04-14 03:31:48_
--------
[2c25a694117debb52819318b9f5094b0]
`登陆天数: 8天 / 828天
等级: 135
石头: 0
呼符: 0
友情点: 10 / 657505`
*連続ログイン1日目
※ログインが途切れるか、7日到達すると
1日目から再開されます*
`フレンドポイント X 2000
4月交換券(2022) X 1
`_2022-04-14 03:31:56_
--------
