【登录信息】
[318194637fc953496e5082ebcbeae7a2]
`登陆天数: 9天 / 1199天
等级: 141
石头: 197
呼符: 37
友情点: 85 / 117344110`
*連続ログイン2日目
※ログインが途切れるか、7日到達すると
1日目から再開されます*
`聖晶石 X 1
4月交換券(2022) X 1
`_2022-04-15 03:31:53_
--------
[9d78e90bb76b42970abd7495d7329768]
`登陆天数: 9天 / 479天
等级: 128
石头: 128
呼符: 27
友情点: 0 / 717880`
*連続ログイン2日目
※ログインが途切れるか、7日到達すると
1日目から再開されます*
`聖晶石 X 1
4月交換券(2022) X 1
`_2022-04-15 03:32:01_
--------
[2c25a694117debb52819318b9f5094b0]
`登陆天数: 9天 / 829天
等级: 135
石头: 0
呼符: 0
友情点: 10 / 657535`
*連続ログイン2日目
※ログインが途切れるか、7日到達すると
1日目から再開されます*
`聖晶石 X 1
4月交換券(2022) X 1
`_2022-04-15 03:32:09_
--------
