【登录信息】
[318194637fc953496e5082ebcbeae7a2]
`登陆天数: 12天 / 1202天
等级: 141
石头: 197
呼符: 37
友情点: 680 / 117345640`
*連続ログイン5日目
※ログインが途切れるか、7日到達すると
1日目から再開されます*
`叡智の猛火 X 2
4月交換券(2022) X 1
`_2022-04-18 03:31:47_
--------
[9d78e90bb76b42970abd7495d7329768]
`登陆天数: 12天 / 482天
等级: 128
石头: 128
呼符: 27
友情点: 0 / 717880`
*連続ログイン5日目
※ログインが途切れるか、7日到達すると
1日目から再開されます*
`叡智の猛火 X 2
4月交換券(2022) X 1
`_2022-04-18 03:31:55_
--------
[2c25a694117debb52819318b9f5094b0]
`登陆天数: 12天 / 832天
等级: 135
石头: 0
呼符: 0
友情点: 20 / 1215`
*連続ログイン5日目
※ログインが途切れるか、7日到達すると
1日目から再開されます*
`叡智の猛火 X 2
4月交換券(2022) X 1
`_2022-04-18 03:32:03_
--------
