【登录信息】
[318194637fc953496e5082ebcbeae7a2]
`登陆天数: 1天 / 1203天
等级: 141
石头: 197
呼符: 37
友情点: 340 / 117345980`
*連続ログイン1日目
※ログインが途切れるか、7日到達すると
1日目から再開されます*
`フレンドポイント X 2000
4月交換券(2022) X 1
`_2022-04-20 21:34:29_
--------
[9d78e90bb76b42970abd7495d7329768]
`登陆天数: 1天 / 483天
等级: 128
石头: 128
呼符: 27
友情点: 10 / 717890`
*連続ログイン1日目
※ログインが途切れるか、7日到達すると
1日目から再開されます*
`フレンドポイント X 2000
4月交換券(2022) X 1
`_2022-04-20 21:34:37_
--------
[2c25a694117debb52819318b9f5094b0]
`登陆天数: 14天 / 834天
等级: 135
石头: 2
呼符: 0
友情点: 10 / 2980`
*連続ログイン7日間到達おめでとうございます！
明日は1日目からリスタートされます。*
`獣の足跡 X 1
呼符 X 1
4月交換券(2022) X 1
`_2022-04-20 21:34:44_
--------
