【登录信息】
[318194637fc953496e5082ebcbeae7a2]
`登陆天数: 2天 / 1204天
等级: 141
石头: 197
呼符: 37
友情点: 85 / 117346065`
*連続ログイン2日目
※ログインが途切れるか、7日到達すると
1日目から再開されます*
`聖晶石 X 1
4月交換券(2022) X 1
`*マンガで分かる！Fate/Grand Order×FGOコラボレーションイベント
開幕直前特別ログインボーナス*
*開催期間中、1日1回 最大7回 ログインボーナスをプレゼント！*
`白銀の果実 X 1
`_2022-04-21 03:31:49_
--------
[9d78e90bb76b42970abd7495d7329768]
`登陆天数: 2天 / 484天
等级: 128
石头: 128
呼符: 27
友情点: 0 / 717890`
*連続ログイン2日目
※ログインが途切れるか、7日到達すると
1日目から再開されます*
`聖晶石 X 1
4月交換券(2022) X 1
`*マンガで分かる！Fate/Grand Order×FGOコラボレーションイベント
開幕直前特別ログインボーナス*
*開催期間中、1日1回 最大7回 ログインボーナスをプレゼント！*
`白銀の果実 X 1
`_2022-04-21 03:31:57_
--------
[2c25a694117debb52819318b9f5094b0]
`登陆天数: 15天 / 835天
等级: 135
石头: 2
呼符: 0
友情点: 20 / 3160`
*連続ログイン1日目
※ログインが途切れるか、7日到達すると
1日目から再開されます*
`フレンドポイント X 2000
4月交換券(2022) X 1
`*マンガで分かる！Fate/Grand Order×FGOコラボレーションイベント
開幕直前特別ログインボーナス*
*開催期間中、1日1回 最大7回 ログインボーナスをプレゼント！*
`白銀の果実 X 1
`_2022-04-21 03:32:05_
--------
