【登录信息】
[318194637fc953496e5082ebcbeae7a2]
`登陆天数: 3天 / 1205天
等级: 141
石头: 197
呼符: 37
友情点: 595 / 117346660`
*連続ログイン3日目
※ログインが途切れるか、7日到達すると
1日目から再開されます*
`叡智の猛火 X 1
4月交換券(2022) X 1
`*「Fate/Grand Order Arcade」収束特異点ビースト殲滅戦連動 初回ログインボーナス*
*開催期間中、初回ログインで「聖晶石×10」をプレゼント！*
`聖晶石 X 10
`_2022-04-22 03:31:47_
--------
[9d78e90bb76b42970abd7495d7329768]
`登陆天数: 3天 / 485天
等级: 128
石头: 128
呼符: 27
友情点: 60 / 717950`
*連続ログイン3日目
※ログインが途切れるか、7日到達すると
1日目から再開されます*
`叡智の猛火 X 1
4月交換券(2022) X 1
`*「Fate/Grand Order Arcade」収束特異点ビースト殲滅戦連動 初回ログインボーナス*
*開催期間中、初回ログインで「聖晶石×10」をプレゼント！*
`聖晶石 X 10
`_2022-04-22 03:31:55_
--------
[2c25a694117debb52819318b9f5094b0]
`登陆天数: 16天 / 836天
等级: 135
石头: 2
呼符: 0
友情点: 25 / 3565`
*連続ログイン2日目
※ログインが途切れるか、7日到達すると
1日目から再開されます*
`聖晶石 X 1
4月交換券(2022) X 1
`*マンガで分かる！Fate/Grand Order×FGOコラボレーションイベント
開幕直前特別ログインボーナス*
*開催期間中、1日1回 最大7回 ログインボーナスをプレゼント！*
`黄金の果実 X 1
`_2022-04-22 03:32:03_
--------
