【登录信息】
[318194637fc953496e5082ebcbeae7a2]
`登陆天数: 4天 / 1206天
等级: 141
石头: 197
呼符: 37
友情点: 0 / 117346660`
*連続ログイン4日目
※ログインが途切れるか、7日到達すると
1日目から再開されます*
`聖晶石 X 1
4月交換券(2022) X 1
`*マンガで分かる！Fate/Grand Order×FGOコラボレーションイベント
開幕直前特別ログインボーナス*
*開催期間中、1日1回 最大7回 ログインボーナスをプレゼント！*
`聖晶石 X 1
`_2022-04-23 03:31:43_
--------
[9d78e90bb76b42970abd7495d7329768]
`登陆天数: 4天 / 486天
等级: 128
石头: 128
呼符: 27
友情点: 0 / 717950`
*連続ログイン4日目
※ログインが途切れるか、7日到達すると
1日目から再開されます*
`聖晶石 X 1
4月交換券(2022) X 1
`*マンガで分かる！Fate/Grand Order×FGOコラボレーションイベント
開幕直前特別ログインボーナス*
*開催期間中、1日1回 最大7回 ログインボーナスをプレゼント！*
`聖晶石 X 1
`_2022-04-23 03:31:51_
--------
[2c25a694117debb52819318b9f5094b0]
`登陆天数: 17天 / 837天
等级: 135
石头: 24
呼符: 0
友情点: 0 / 5215`
*連続ログイン3日目
※ログインが途切れるか、7日到達すると
1日目から再開されます*
`叡智の猛火 X 1
4月交換券(2022) X 1
`*マンガで分かる！Fate/Grand Order×FGOコラボレーションイベント
開幕直前特別ログインボーナス*
*開催期間中、1日1回 最大7回 ログインボーナスをプレゼント！*
`聖晶石 X 1
`_2022-04-23 03:31:59_
--------
