【登录信息】
[318194637fc953496e5082ebcbeae7a2]
`登陆天数: 5天 / 1207天
等级: 141
石头: 197
呼符: 37
友情点: 85 / 117346745`
*連続ログイン5日目
※ログインが途切れるか、7日到達すると
1日目から再開されます*
`叡智の猛火 X 2
4月交換券(2022) X 1
`*マンガで分かる！Fate/Grand Order×FGOコラボレーションイベント
開幕直前特別ログインボーナス*
*開催期間中、1日1回 最大7回 ログインボーナスをプレゼント！*
`白銀の果実 X 1
`_2022-04-24 03:31:32_
--------
[9d78e90bb76b42970abd7495d7329768]
`登陆天数: 5天 / 487天
等级: 128
石头: 128
呼符: 27
友情点: 0 / 717950`
*連続ログイン5日目
※ログインが途切れるか、7日到達すると
1日目から再開されます*
`叡智の猛火 X 2
4月交換券(2022) X 1
`*マンガで分かる！Fate/Grand Order×FGOコラボレーションイベント
開幕直前特別ログインボーナス*
*開催期間中、1日1回 最大7回 ログインボーナスをプレゼント！*
`白銀の果実 X 1
`_2022-04-24 03:31:40_
--------
[2c25a694117debb52819318b9f5094b0]
`登陆天数: 18天 / 838天
等级: 135
石头: 28
呼符: 0
友情点: 25 / 7835`
*連続ログイン4日目
※ログインが途切れるか、7日到達すると
1日目から再開されます*
`聖晶石 X 1
4月交換券(2022) X 1
`*マンガで分かる！Fate/Grand Order×FGOコラボレーションイベント
開幕直前特別ログインボーナス*
*開催期間中、1日1回 最大7回 ログインボーナスをプレゼント！*
`白銀の果実 X 1
`_2022-04-24 03:31:47_
--------
