【登录信息】
[318194637fc953496e5082ebcbeae7a2]
`登陆天数: 6天 / 1208天
等级: 141
石头: 197
呼符: 37
友情点: 85 / 117346830`
*連続ログイン6日目
※ログインが途切れるか、7日到達すると
1日目から再開されます*
`聖晶石 X 2
4月交換券(2022) X 1
`*マンガで分かる！Fate/Grand Order×FGOコラボレーションイベント
開幕直前特別ログインボーナス*
*開催期間中、1日1回 最大7回 ログインボーナスをプレゼント！*
`黄金の果実 X 1
`_2022-04-25 03:31:35_
--------
[9d78e90bb76b42970abd7495d7329768]
`登陆天数: 6天 / 488天
等级: 128
石头: 128
呼符: 27
友情点: 30 / 717980`
*連続ログイン6日目
※ログインが途切れるか、7日到達すると
1日目から再開されます*
`聖晶石 X 2
4月交換券(2022) X 1
`*マンガで分かる！Fate/Grand Order×FGOコラボレーションイベント
開幕直前特別ログインボーナス*
*開催期間中、1日1回 最大7回 ログインボーナスをプレゼント！*
`黄金の果実 X 1
`_2022-04-25 03:31:43_
--------
[2c25a694117debb52819318b9f5094b0]
`登陆天数: 19天 / 839天
等级: 136
石头: 29
呼符: 0
友情点: 0 / 8455`
*連続ログイン5日目
※ログインが途切れるか、7日到達すると
1日目から再開されます*
`叡智の猛火 X 2
4月交換券(2022) X 1
`*マンガで分かる！Fate/Grand Order×FGOコラボレーションイベント
開幕直前特別ログインボーナス*
*開催期間中、1日1回 最大7回 ログインボーナスをプレゼント！*
`黄金の果実 X 1
`_2022-04-25 03:31:50_
--------
