【登录信息】
[318194637fc953496e5082ebcbeae7a2]
`登陆天数: 7天 / 1209天
等级: 141
石头: 197
呼符: 37
友情点: 10 / 117346840`
*連続ログイン7日間到達おめでとうございます！
明日は1日目からリスタートされます。*
`獣の足跡 X 1
呼符 X 1
4月交換券(2022) X 1
`*マンガで分かる！Fate/Grand Order×FGOコラボレーションイベント
開幕直前特別ログインボーナス*
*開催期間中、1日1回 最大7回 ログインボーナスをプレゼント！*
`聖晶石 X 1
`_2022-04-26 03:31:53_
--------
[9d78e90bb76b42970abd7495d7329768]
`登陆天数: 7天 / 489天
等级: 128
石头: 128
呼符: 27
友情点: 25 / 718005`
*連続ログイン7日間到達おめでとうございます！
明日は1日目からリスタートされます。*
`獣の足跡 X 1
呼符 X 1
4月交換券(2022) X 1
`*マンガで分かる！Fate/Grand Order×FGOコラボレーションイベント
開幕直前特別ログインボーナス*
*開催期間中、1日1回 最大7回 ログインボーナスをプレゼント！*
`聖晶石 X 1
`_2022-04-26 03:32:01_
--------
[2c25a694117debb52819318b9f5094b0]
`登陆天数: 20天 / 840天
等级: 136
石头: 31
呼符: 0
友情点: 0 / 8715`
*連続ログイン6日目
※ログインが途切れるか、7日到達すると
1日目から再開されます*
`聖晶石 X 2
4月交換券(2022) X 1
`*マンガで分かる！Fate/Grand Order×FGOコラボレーションイベント
開幕直前特別ログインボーナス*
*開催期間中、1日1回 最大7回 ログインボーナスをプレゼント！*
`聖晶石 X 1
`_2022-04-26 03:32:09_
--------
