【登录信息】
[318194637fc953496e5082ebcbeae7a2]
`登陆天数: 8天 / 1210天
等级: 141
石头: 197
呼符: 37
友情点: 0 / 117346840`
*連続ログイン1日目
※ログインが途切れるか、7日到達すると
1日目から再開されます*
`フレンドポイント X 2000
4月交換券(2022) X 1
`*マンガで分かる！Fate/Grand Order×FGOコラボレーションイベント
開幕直前特別ログインボーナス*
*開催期間中、1日1回 最大7回 ログインボーナスをプレゼント！*
`聖晶石 X 1
`_2022-04-27 03:31:48_
--------
[9d78e90bb76b42970abd7495d7329768]
`登陆天数: 8天 / 490天
等级: 128
石头: 128
呼符: 27
友情点: 25 / 718030`
*連続ログイン1日目
※ログインが途切れるか、7日到達すると
1日目から再開されます*
`フレンドポイント X 2000
4月交換券(2022) X 1
`*マンガで分かる！Fate/Grand Order×FGOコラボレーションイベント
開幕直前特別ログインボーナス*
*開催期間中、1日1回 最大7回 ログインボーナスをプレゼント！*
`聖晶石 X 1
`_2022-04-27 03:31:56_
--------
[2c25a694117debb52819318b9f5094b0]
`登陆天数: 21天 / 841天
等级: 136
石头: 34
呼符: 0
友情点: 0 / 9465`
*連続ログイン7日間到達おめでとうございます！
明日は1日目からリスタートされます。*
`獣の足跡 X 1
呼符 X 1
4月交換券(2022) X 1
`*マンガで分かる！Fate/Grand Order×FGOコラボレーションイベント
開幕直前特別ログインボーナス*
*開催期間中、1日1回 最大7回 ログインボーナスをプレゼント！*
`聖晶石 X 1
`_2022-04-27 03:32:04_
--------
