【登录信息】
[318194637fc953496e5082ebcbeae7a2]
`登陆天数: 9天 / 1211天
等级: 141
石头: 197
呼符: 37
友情点: 0 / 117346840`
*連続ログイン2日目
※ログインが途切れるか、7日到達すると
1日目から再開されます*
`聖晶石 X 1
4月交換券(2022) X 1
`*「マンガで分かる！Fate/Grand Order」コラボレーションイベント開幕記念放送
FGO カルデア放送局SP 放送記念 初回ログインボーナス*
*開催期間中、初回ログインで「聖晶石×12」をプレゼント！*
`聖晶石 X 12
`_2022-04-28 03:31:54_
--------
[9d78e90bb76b42970abd7495d7329768]
`登陆天数: 9天 / 491天
等级: 128
石头: 128
呼符: 27
友情点: 90 / 718120`
*連続ログイン2日目
※ログインが途切れるか、7日到達すると
1日目から再開されます*
`聖晶石 X 1
4月交換券(2022) X 1
`*「マンガで分かる！Fate/Grand Order」コラボレーションイベント開幕記念放送
FGO カルデア放送局SP 放送記念 初回ログインボーナス*
*開催期間中、初回ログインで「聖晶石×12」をプレゼント！*
`聖晶石 X 12
`_2022-04-28 03:32:02_
--------
[2c25a694117debb52819318b9f5094b0]
`登陆天数: 22天 / 842天
等级: 136
石头: 5
呼符: 0
友情点: 0 / 9715`
*連続ログイン1日目
※ログインが途切れるか、7日到達すると
1日目から再開されます*
`フレンドポイント X 2000
4月交換券(2022) X 1
`*「マンガで分かる！Fate/Grand Order」コラボレーションイベント開幕記念放送
FGO カルデア放送局SP 放送記念 初回ログインボーナス*
*開催期間中、初回ログインで「聖晶石×12」をプレゼント！*
`聖晶石 X 12
`_2022-04-28 03:32:10_
--------
