【登录信息】
[318194637fc953496e5082ebcbeae7a2]
`登陆天数: 10天 / 1212天
等级: 141
石头: 197
呼符: 37
友情点: 0 / 117346840`
*連続ログイン3日目
※ログインが途切れるか、7日到達すると
1日目から再開されます*
`叡智の猛火 X 1
4月交換券(2022) X 1
`_2022-04-29 03:31:52_
--------
[9d78e90bb76b42970abd7495d7329768]
`登陆天数: 10天 / 492天
等级: 128
石头: 128
呼符: 27
友情点: 0 / 718120`
*連続ログイン3日目
※ログインが途切れるか、7日到達すると
1日目から再開されます*
`叡智の猛火 X 1
4月交換券(2022) X 1
`_2022-04-29 03:32:00_
--------
[2c25a694117debb52819318b9f5094b0]
`登陆天数: 23天 / 843天
等级: 136
石头: 5
呼符: 0
友情点: 25 / 9740`
*連続ログイン2日目
※ログインが途切れるか、7日到達すると
1日目から再開されます*
`聖晶石 X 1
4月交換券(2022) X 1
`_2022-04-29 03:32:08_
--------
