【登录信息】
[318194637fc953496e5082ebcbeae7a2]
`登陆天数: 29天 / 1100天
等级: 141
石头: 86
呼符: 12
友情点: 0 / 117277805`
*連続ログイン1日目
※ログインが途切れるか、7日到達すると
1日目から再開されます*
`フレンドポイント X 2000
1月交換券(2022) X 1
`*2022年お正月キャンペーン　三が日限定ログインボーナス*
*開催期間中、三が日限定のログインボーナスをプレゼント！*
`レアプリズム X 1
`_2022-01-01 03:31:39_
--------
[9d78e90bb76b42970abd7495d7329768]
`登陆天数: 29天 / 380天
等级: 128
石头: 128
呼符: 27
友情点: 0 / 716410`
*連続ログイン1日目
※ログインが途切れるか、7日到達すると
1日目から再開されます*
`フレンドポイント X 2000
1月交換券(2022) X 1
`*2022年お正月キャンペーン　三が日限定ログインボーナス*
*開催期間中、三が日限定のログインボーナスをプレゼント！*
`レアプリズム X 1
`_2022-01-01 03:31:47_
--------
