【登录信息】
[318194637fc953496e5082ebcbeae7a2]
`登陆天数: 32天 / 1103天
等级: 141
石头: 86
呼符: 12
友情点: 0 / 117277805`
*連続ログイン4日目
※ログインが途切れるか、7日到達すると
1日目から再開されます*
`聖晶石 X 1
1月交換券(2022) X 1
`*2022年お正月キャンペーン 10万リツイート達成プレゼント*
*開催期間中、初回ログインでお正月限定概念礼装&2022万QPをプレゼント！*
`小獅子の舞 X 1
QP X 20220000
`_2022-01-04 03:31:49_
--------
[9d78e90bb76b42970abd7495d7329768]
`登陆天数: 32天 / 383天
等级: 128
石头: 128
呼符: 27
友情点: 0 / 716410`
*連続ログイン4日目
※ログインが途切れるか、7日到達すると
1日目から再開されます*
`聖晶石 X 1
1月交換券(2022) X 1
`*2022年お正月キャンペーン 10万リツイート達成プレゼント*
*開催期間中、初回ログインでお正月限定概念礼装&2022万QPをプレゼント！*
`小獅子の舞 X 1
QP X 20220000
`_2022-01-04 03:31:56_
--------
