【登录信息】
[318194637fc953496e5082ebcbeae7a2]
`登陆天数: 35天 / 1106天
等级: 141
石头: 86
呼符: 12
友情点: 0 / 117277930`
_2022-01-07 19:40:49_
--------
[9d78e90bb76b42970abd7495d7329768]
`登陆天数: 35天 / 386天
等级: 128
石头: 128
呼符: 27
友情点: 0 / 716560`
_2022-01-07 19:40:57_
--------
[2c25a694117debb52819318b9f5094b0]
`登陆天数: 1天 / 736天
等级: 134
石头: 2
呼符: 0
友情点: 100 / 2218805`
*連続ログイン1日目
※ログインが途切れるか、7日到達すると
1日目から再開されます*
`フレンドポイント X 2000
1月交換券(2022) X 1
`*「FGO カルデア・サテライトステーション 2021-2022」静岡会場開催直前ログインボーナス*
*開催期間中、1日1回 最大3回 ログインボーナスをプレゼント！*
`黄金の果実 X 1
`_2022-01-07 19:41:04_
--------
