【登录信息】
[318194637fc953496e5082ebcbeae7a2]
`登陆天数: 38天 / 1109天
等级: 141
石头: 86
呼符: 12
友情点: 0 / 117278460`
*連続ログイン3日目
※ログインが途切れるか、7日到達すると
1日目から再開されます*
`叡智の猛火 X 1
1月交換券(2022) X 1
`*「FGO カルデア・サテライトステーション 2021-2022」静岡会場開催記念 初回ログインボーナス*
*開催期間中、初回ログインで「聖晶石×10」をプレゼント！*
`聖晶石 X 10
`_2022-01-10 03:31:35_
--------
[9d78e90bb76b42970abd7495d7329768]
`登陆天数: 38天 / 389天
等级: 128
石头: 128
呼符: 27
友情点: 0 / 716560`
*連続ログイン3日目
※ログインが途切れるか、7日到達すると
1日目から再開されます*
`叡智の猛火 X 1
1月交換券(2022) X 1
`*「FGO カルデア・サテライトステーション 2021-2022」静岡会場開催記念 初回ログインボーナス*
*開催期間中、初回ログインで「聖晶石×10」をプレゼント！*
`聖晶石 X 10
`_2022-01-10 03:31:42_
--------
[2c25a694117debb52819318b9f5094b0]
`登陆天数: 4天 / 739天
等级: 134
石头: 0
呼符: 0
友情点: 0 / 2169030`
*連続ログイン4日目
※ログインが途切れるか、7日到達すると
1日目から再開されます*
`聖晶石 X 1
1月交換券(2022) X 1
`*「FGO カルデア・サテライトステーション 2021-2022」静岡会場開催記念 初回ログインボーナス*
*開催期間中、初回ログインで「聖晶石×10」をプレゼント！*
`聖晶石 X 10
`_2022-01-10 03:31:49_
--------
