【登录信息】
[318194637fc953496e5082ebcbeae7a2]
`登陆天数: 42天 / 1113天
等级: 141
石头: 86
呼符: 12
友情点: 0 / 117278545`
*連続ログイン7日間到達おめでとうございます！
明日は1日目からリスタートされます。*
`獣の足跡 X 1
呼符 X 1
1月交換券(2022) X 1
`_2022-01-14 03:32:06_
--------
[9d78e90bb76b42970abd7495d7329768]
`登陆天数: 42天 / 393天
等级: 128
石头: 128
呼符: 27
友情点: 20 / 716580`
*連続ログイン7日間到達おめでとうございます！
明日は1日目からリスタートされます。*
`獣の足跡 X 1
呼符 X 1
1月交換券(2022) X 1
`_2022-01-14 03:32:14_
--------
[2c25a694117debb52819318b9f5094b0]
`登陆天数: 8天 / 743天
等级: 134
石头: 1
呼符: 0
友情点: 0 / 2142500`
*連続ログイン1日目
※ログインが途切れるか、7日到達すると
1日目から再開されます*
`フレンドポイント X 2000
1月交換券(2022) X 1
`_2022-01-14 03:32:22_
--------
