【登录信息】
[318194637fc953496e5082ebcbeae7a2]
`登陆天数: 46天 / 1117天
等级: 141
石头: 86
呼符: 12
友情点: 0 / 117278545`
*連続ログイン4日目
※ログインが途切れるか、7日到達すると
1日目から再開されます*
`聖晶石 X 1
1月交換券(2022) X 1
`_2022-01-18 03:31:45_
--------
[9d78e90bb76b42970abd7495d7329768]
`登陆天数: 46天 / 397天
等级: 128
石头: 128
呼符: 27
友情点: 0 / 716600`
*連続ログイン4日目
※ログインが途切れるか、7日到達すると
1日目から再開されます*
`聖晶石 X 1
1月交換券(2022) X 1
`_2022-01-18 03:31:53_
--------
[2c25a694117debb52819318b9f5094b0]
`登陆天数: 12天 / 747天
等级: 134
石头: 3
呼符: 0
友情点: 100 / 2145065`
*連続ログイン5日目
※ログインが途切れるか、7日到達すると
1日目から再開されます*
`叡智の猛火 X 2
1月交換券(2022) X 1
`_2022-01-18 03:32:00_
--------
