【登录信息】
[318194637fc953496e5082ebcbeae7a2]
`登陆天数: 47天 / 1118天
等级: 141
石头: 86
呼符: 12
友情点: 0 / 117278545`
*連続ログイン5日目
※ログインが途切れるか、7日到達すると
1日目から再開されます*
`叡智の猛火 X 2
1月交換券(2022) X 1
`_2022-01-19 03:31:42_
--------
[9d78e90bb76b42970abd7495d7329768]
`登陆天数: 47天 / 398天
等级: 128
石头: 128
呼符: 27
友情点: 150 / 716750`
*連続ログイン5日目
※ログインが途切れるか、7日到達すると
1日目から再開されます*
`叡智の猛火 X 2
1月交換券(2022) X 1
`_2022-01-19 03:31:49_
--------
[2c25a694117debb52819318b9f5094b0]
`登陆天数: 13天 / 748天
等级: 134
石头: 11
呼符: 0
友情点: 0 / 2150515`
*連続ログイン6日目
※ログインが途切れるか、7日到達すると
1日目から再開されます*
`聖晶石 X 2
1月交換券(2022) X 1
`_2022-01-19 03:31:57_
--------
