【登录信息】
[318194637fc953496e5082ebcbeae7a2]
`登陆天数: 56天 / 1127天
等级: 141
石头: 86
呼符: 12
友情点: 0 / 117279520`
*連続ログイン7日間到達おめでとうございます！
明日は1日目からリスタートされます。*
`獣の足跡 X 1
呼符 X 1
1月交換券(2022) X 1
`_2022-01-28 03:31:49_
--------
[9d78e90bb76b42970abd7495d7329768]
`登陆天数: 56天 / 407天
等级: 128
石头: 128
呼符: 27
友情点: 0 / 716945`
*連続ログイン7日間到達おめでとうございます！
明日は1日目からリスタートされます。*
`獣の足跡 X 1
呼符 X 1
1月交換券(2022) X 1
`_2022-01-28 03:31:56_
--------
[2c25a694117debb52819318b9f5094b0]
`登陆天数: 22天 / 757天
等级: 134
石头: 0
呼符: 0
友情点: 25 / 2102160`
*連続ログイン1日目
※ログインが途切れるか、7日到達すると
1日目から再開されます*
`フレンドポイント X 2000
1月交換券(2022) X 1
`_2022-01-28 03:32:04_
--------
