【登录信息】
[318194637fc953496e5082ebcbeae7a2]
`登陆天数: 26天 / 1244天
等级: 141
石头: 306
呼符: 45
友情点: 1530 / 117362290`
*連続ログイン5日目
※ログインが途切れるか、7日到達すると
1日目から再開されます*
`叡智の猛火 X 2
6月交換券(2022) X 1
`*リリース2500日突破キャンペーン 初回ログインボーナス*
*開催期間中、初回ログインで「聖晶石×10」をプレゼント！*
`聖晶石 X 10
`_2022-06-02 03:33:12_
--------
[9d78e90bb76b42970abd7495d7329768]
`登陆天数: 26天 / 524天
等级: 128
石头: 128
呼符: 27
友情点: 10 / 718425`
*連続ログイン5日目
※ログインが途切れるか、7日到達すると
1日目から再開されます*
`叡智の猛火 X 2
6月交換券(2022) X 1
`*リリース2500日突破キャンペーン 初回ログインボーナス*
*開催期間中、初回ログインで「聖晶石×10」をプレゼント！*
`聖晶石 X 10
`_2022-06-02 03:33:20_
--------
[2c25a694117debb52819318b9f5094b0]
`登陆天数: 57天 / 877天
等级: 136
石头: 16
呼符: 13
友情点: 0 / 21800`
*連続ログイン1日目
※ログインが途切れるか、7日到達すると
1日目から再開されます*
`フレンドポイント X 2000
6月交換券(2022) X 1
`*FGOカルデア放送局 Vol.18 第2部 第6.5章 或る幻想の生と死 開幕直前SP 放送記念 初回ログインボーナス*
*開催期間中、初回ログインで「聖晶石×12」をプレゼント！*
`聖晶石 X 12
`_2022-06-02 03:33:28_
--------
[b6bbcdbd5addb82b8007d1a35f461999]
`登陆天数: 23天 / 648天
等级: 125
石头: 3
呼符: 0
友情点: 40 / 924605`
*連続ログイン2日目
※ログインが途切れるか、7日到達すると
1日目から再開されます*
`聖晶石 X 1
6月交換券(2022) X 1
`*リリース2500日突破キャンペーン 初回ログインボーナス*
*開催期間中、初回ログインで「聖晶石×10」をプレゼント！*
`聖晶石 X 10
`_2022-06-02 03:33:35_
--------
