【登录信息】
[318194637fc953496e5082ebcbeae7a2]
`登陆天数: 27天 / 1245天
等级: 141
石头: 306
呼符: 45
友情点: 255 / 117362545`
*連続ログイン6日目
※ログインが途切れるか、7日到達すると
1日目から再開されます*
`聖晶石 X 2
6月交換券(2022) X 1
`_2022-06-03 03:31:48_
--------
[9d78e90bb76b42970abd7495d7329768]
`登陆天数: 27天 / 525天
等级: 128
石头: 128
呼符: 27
友情点: 0 / 718425`
*連続ログイン6日目
※ログインが途切れるか、7日到達すると
1日目から再開されます*
`聖晶石 X 2
6月交換券(2022) X 1
`_2022-06-03 03:31:55_
--------
[2c25a694117debb52819318b9f5094b0]
`登陆天数: 58天 / 878天
等级: 136
石头: 16
呼符: 13
友情点: 0 / 21800`
*連続ログイン2日目
※ログインが途切れるか、7日到達すると
1日目から再開されます*
`聖晶石 X 1
6月交換券(2022) X 1
`_2022-06-03 03:32:03_
--------
[b6bbcdbd5addb82b8007d1a35f461999]
`登陆天数: 24天 / 649天
等级: 125
石头: 3
呼符: 0
友情点: 0 / 924605`
*連続ログイン3日目
※ログインが途切れるか、7日到達すると
1日目から再開されます*
`叡智の猛火 X 1
6月交換券(2022) X 1
`_2022-06-03 03:32:10_
--------
