【登录信息】
[318194637fc953496e5082ebcbeae7a2]
`登陆天数: 28天 / 1246天
等级: 141
石头: 306
呼符: 45
友情点: 1445 / 117363990`
*連続ログイン7日間到達おめでとうございます！
明日は1日目からリスタートされます。*
`獣の足跡 X 1
呼符 X 1
6月交換券(2022) X 1
`_2022-06-04 03:31:38_
--------
[9d78e90bb76b42970abd7495d7329768]
`登陆天数: 28天 / 526天
等级: 128
石头: 128
呼符: 27
友情点: 0 / 718425`
*連続ログイン7日間到達おめでとうございます！
明日は1日目からリスタートされます。*
`獣の足跡 X 1
呼符 X 1
6月交換券(2022) X 1
`_2022-06-04 03:31:45_
--------
[2c25a694117debb52819318b9f5094b0]
`登陆天数: 59天 / 879天
等级: 136
石头: 16
呼符: 13
友情点: 0 / 21800`
*連続ログイン3日目
※ログインが途切れるか、7日到達すると
1日目から再開されます*
`叡智の猛火 X 1
6月交換券(2022) X 1
`_2022-06-04 03:31:53_
--------
[b6bbcdbd5addb82b8007d1a35f461999]
`登陆天数: 25天 / 650天
等级: 125
石头: 3
呼符: 0
友情点: 0 / 924605`
*連続ログイン4日目
※ログインが途切れるか、7日到達すると
1日目から再開されます*
`聖晶石 X 1
6月交換券(2022) X 1
`_2022-06-04 03:32:00_
--------
