【登录信息】
[318194637fc953496e5082ebcbeae7a2]
`登陆天数: 36天 / 1254天
等级: 141
石头: 401
呼符: 64
友情点: 1105 / 117384725`
*連続ログイン1日目
※ログインが途切れるか、7日到達すると
1日目から再開されます*
`フレンドポイント X 2000
6月交換券(2022) X 1
`_2022-06-12 03:31:42_
--------
[9d78e90bb76b42970abd7495d7329768]
`登陆天数: 36天 / 534天
等级: 128
石头: 128
呼符: 27
友情点: 0 / 718550`
*連続ログイン1日目
※ログインが途切れるか、7日到達すると
1日目から再開されます*
`フレンドポイント X 2000
6月交換券(2022) X 1
`_2022-06-12 03:31:49_
--------
[2c25a694117debb52819318b9f5094b0]
`登陆天数: 67天 / 887天
等级: 136
石头: 61
呼符: 14
友情点: 50 / 28175`
*連続ログイン4日目
※ログインが途切れるか、7日到達すると
1日目から再開されます*
`聖晶石 X 1
6月交換券(2022) X 1
`_2022-06-12 03:31:57_
--------
[b6bbcdbd5addb82b8007d1a35f461999]
`登陆天数: 33天 / 658天
等级: 125
石头: 3
呼符: 0
友情点: 0 / 924605`
*連続ログイン5日目
※ログインが途切れるか、7日到達すると
1日目から再開されます*
`叡智の猛火 X 2
6月交換券(2022) X 1
`_2022-06-12 03:32:04_
--------
