【登录信息】
[318194637fc953496e5082ebcbeae7a2]
`登陆天数: 52天 / 1270天
等级: 141
石头: 401
呼符: 64
友情点: 85 / 117405730`
*連続ログイン3日目
※ログインが途切れるか、7日到達すると
1日目から再開されます*
`叡智の猛火 X 1
6月交換券(2022) X 1
`_2022-06-28 03:31:43_
--------
[9d78e90bb76b42970abd7495d7329768]
`登陆天数: 52天 / 550天
等级: 128
石头: 128
呼符: 27
友情点: 0 / 718560`
*連続ログイン3日目
※ログインが途切れるか、7日到達すると
1日目から再開されます*
`叡智の猛火 X 1
6月交換券(2022) X 1
`_2022-06-28 03:31:51_
--------
[2c25a694117debb52819318b9f5094b0]
`登陆天数: 83天 / 903天
等级: 136
石头: 109
呼符: 11
友情点: 25 / 32365`
*連続ログイン6日目
※ログインが途切れるか、7日到達すると
1日目から再開されます*
`聖晶石 X 2
6月交換券(2022) X 1
`_2022-06-28 03:31:59_
--------
[b6bbcdbd5addb82b8007d1a35f461999]
`登陆天数: 49天 / 674天
等级: 125
石头: 3
呼符: 0
友情点: 0 / 924615`
*連続ログイン7日間到達おめでとうございます！
明日は1日目からリスタートされます。*
`獣の足跡 X 1
呼符 X 1
6月交換券(2022) X 1
`_2022-06-28 03:32:06_
--------
