【登录信息】
[318194637fc953496e5082ebcbeae7a2]
`登陆天数: 54天 / 1272天
等级: 141
石头: 401
呼符: 64
友情点: 0 / 117405730`
*連続ログイン5日目
※ログインが途切れるか、7日到達すると
1日目から再開されます*
`叡智の猛火 X 2
6月交換券(2022) X 1
`*FGO カルデア放送局 ライト版 FGO Fes. 2022＆ゲーム最新情報 放送記念 初回ログインボーナス*
*開催期間中、初回ログインで「聖晶石×14」をプレゼント！*
`聖晶石 X 14
`_2022-06-30 03:33:12_
--------
[9d78e90bb76b42970abd7495d7329768]
`登陆天数: 54天 / 552天
等级: 128
石头: 128
呼符: 27
友情点: 0 / 718560`
*連続ログイン5日目
※ログインが途切れるか、7日到達すると
1日目から再開されます*
`叡智の猛火 X 2
6月交換券(2022) X 1
`*FGO カルデア放送局 ライト版 FGO Fes. 2022＆ゲーム最新情報 放送記念 初回ログインボーナス*
*開催期間中、初回ログインで「聖晶石×14」をプレゼント！*
`聖晶石 X 14
`_2022-06-30 03:33:20_
--------
[2c25a694117debb52819318b9f5094b0]
`登陆天数: 85天 / 905天
等级: 136
石头: 109
呼符: 11
友情点: 25 / 32390`
*連続ログイン1日目
※ログインが途切れるか、7日到達すると
1日目から再開されます*
`フレンドポイント X 2000
6月交換券(2022) X 1
`*FGO カルデア放送局 ライト版 FGO Fes. 2022＆ゲーム最新情報 放送記念 初回ログインボーナス*
*開催期間中、初回ログインで「聖晶石×14」をプレゼント！*
`聖晶石 X 14
`_2022-06-30 03:33:27_
--------
[b6bbcdbd5addb82b8007d1a35f461999]
`登陆天数: 51天 / 676天
等级: 125
石头: 3
呼符: 0
友情点: 0 / 924615`
*連続ログイン2日目
※ログインが途切れるか、7日到達すると
1日目から再開されます*
`聖晶石 X 1
6月交換券(2022) X 1
`*FGO カルデア放送局 ライト版 FGO Fes. 2022＆ゲーム最新情報 放送記念 初回ログインボーナス*
*開催期間中、初回ログインで「聖晶石×14」をプレゼント！*
`聖晶石 X 14
`_2022-06-30 03:33:35_
--------
