【登录信息】
*318194637fc953496e5082ebcbeae7a2*
`登陆天数: 106天 / 2428天
等级: 143
石头: 2486
呼符: 80
体力: 26099.523333333334 / 141
友情点: 3230 / 9554945`
*連続ログイン1日目
※ログインが途切れるか、7日到達すると
1日目から再開されます*
`英霊結晶・星のフォウくん X 1
フレンドポイント X 2000
1月交換券(2026) X 1
`_2026-01-03 19:32:12_
--------
*9d78e90bb76b42970abd7495d7329768*
`登陆天数: 106天 / 1695天
等级: 128
石头: 640
呼符: 68
体力: 304742.83666666667 / 137
友情点: 0 / 884660`
*連続ログイン1日目
※ログインが途切れるか、7日到達すると
1日目から再開されます*
`英霊結晶・星のフォウくん X 1
フレンドポイント X 2000
1月交換券(2026) X 1
`_2026-01-03 19:32:21_
--------
