【登录信息】
*318194637fc953496e5082ebcbeae7a2*
`登陆天数: 15天 / 2444天
等级: 143
石头: 2486
呼符: 80
体力: 31007.196666666667 / 141
友情点: 2975 / 9584230`
*連続ログイン1日目
※ログインが途切れるか、7日到達すると
1日目から再開されます*
`英霊結晶・星のフォウくん X 1
フレンドポイント X 2000
1月交換券(2026) X 1
`_2026-01-20 20:30:34_
--------
*9d78e90bb76b42970abd7495d7329768*
`登陆天数: 15天 / 1711天
等级: 128
石头: 640
呼符: 68
体力: 309650.51 / 137
友情点: 0 / 884660`
*連続ログイン1日目
※ログインが途切れるか、7日到達すると
1日目から再開されます*
`英霊結晶・星のフォウくん X 1
フレンドポイント X 2000
1月交換券(2026) X 1
`_2026-01-20 20:30:43_
--------
