【登录信息】
*318194637fc953496e5082ebcbeae7a2*
`登陆天数: 22天 / 2451天
等级: 143
石头: 2486
呼符: 80
体力: 33013.933333333334 / 141
友情点: 1445 / 9598340`
*連続ログイン1日目
※ログインが途切れるか、7日到達すると
1日目から再開されます*
`英霊結晶・星のフォウくん X 1
フレンドポイント X 2000
1月交換券(2026) X 1
`_2026-01-27 19:44:15_
--------
*9d78e90bb76b42970abd7495d7329768*
`登陆天数: 22天 / 1718天
等级: 128
石头: 640
呼符: 68
体力: 311657.24666666664 / 137
友情点: 0 / 884660`
*連続ログイン1日目
※ログインが途切れるか、7日到達すると
1日目から再開されます*
`英霊結晶・星のフォウくん X 1
フレンドポイント X 2000
1月交換券(2026) X 1
`_2026-01-27 19:44:25_
--------
