【登录信息】
*318194637fc953496e5082ebcbeae7a2*
`登陆天数: 209天 / 1427天
等级: 141
石头: 10
呼符: 18
体力: 9428.53 / 140
友情点: 170 / 117703065`
*連続ログイン6日目
※ログインが途切れるか、7日到達すると
1日目から再開されます*
`聖晶石 X 2
12月交換券(2022) X 1
`*Road to 7 [Lostbelt No.6]開催！*
*Road to 7 [Lostbelt No.6]開催！*
``_2022-12-02 03:31:57_
--------
*9d78e90bb76b42970abd7495d7329768*
`登陆天数: 209天 / 707天
等级: 128
石头: 128
呼符: 27
体力: 101325.78333333334 / 137
友情点: 0 / 718680`
*連続ログイン6日目
※ログインが途切れるか、7日到達すると
1日目から再開されます*
`聖晶石 X 2
12月交換券(2022) X 1
`*Road to 7 [Lostbelt No.6]開催！*
*Road to 7 [Lostbelt No.6]開催！*
``_2022-12-02 03:32:05_
--------
*b6bbcdbd5addb82b8007d1a35f461999*
`登陆天数: 140天 / 827天
等级: 125
石头: 0
呼符: 0
体力: 65927.16 / 137
友情点: 0 / 948625`
*連続ログイン7日間到達おめでとうございます！
明日は1日目からリスタートされます。*
`獣の足跡 X 1
呼符 X 1
12月交換券(2022) X 1
`*Road to 7 [Lostbelt No.6]開催！*
*Road to 7 [Lostbelt No.6]開催！*
``_2022-12-02 03:32:16_
--------
