【登录信息】
*318194637fc953496e5082ebcbeae7a2*
`登陆天数: 210天 / 1428天
等级: 141
石头: 10
呼符: 18
体力: 9716.5 / 140
友情点: 2295 / 117705360`
*連続ログイン7日間到達おめでとうございます！
明日は1日目からリスタートされます。*
`獣の足跡 X 1
呼符 X 1
12月交換券(2022) X 1
`_2022-12-03 03:31:48_
--------
*9d78e90bb76b42970abd7495d7329768*
`登陆天数: 210天 / 708天
等级: 128
石头: 128
呼符: 27
体力: 101613.75333333333 / 137
友情点: 0 / 718680`
*連続ログイン7日間到達おめでとうございます！
明日は1日目からリスタートされます。*
`獣の足跡 X 1
呼符 X 1
12月交換券(2022) X 1
`_2022-12-03 03:31:56_
--------
*b6bbcdbd5addb82b8007d1a35f461999*
`登陆天数: 141天 / 828天
等级: 125
石头: 0
呼符: 0
体力: 66215.13 / 137
友情点: 0 / 948625`
*連続ログイン1日目
※ログインが途切れるか、7日到達すると
1日目から再開されます*
`フレンドポイント X 2000
12月交換券(2022) X 1
`_2022-12-03 03:32:07_
--------
