【登录信息】
*318194637fc953496e5082ebcbeae7a2*
`登陆天数: 213天 / 1431天
等级: 141
石头: 10
呼符: 18
体力: 10580.476666666667 / 140
友情点: 85 / 117707825`
*連続ログイン3日目
※ログインが途切れるか、7日到達すると
1日目から再開されます*
`叡智の業火 X 1
12月交換券(2022) X 1
`_2022-12-06 03:31:41_
--------
*9d78e90bb76b42970abd7495d7329768*
`登陆天数: 213天 / 711天
等级: 128
石头: 128
呼符: 27
体力: 102477.72666666667 / 137
友情点: 70 / 718750`
*連続ログイン3日目
※ログインが途切れるか、7日到達すると
1日目から再開されます*
`叡智の業火 X 1
12月交換券(2022) X 1
`_2022-12-06 03:31:49_
--------
*b6bbcdbd5addb82b8007d1a35f461999*
`登陆天数: 144天 / 831天
等级: 125
石头: 0
呼符: 0
体力: 67079.10666666667 / 137
友情点: 0 / 948625`
*連続ログイン4日目
※ログインが途切れるか、7日到達すると
1日目から再開されます*
`聖晶石 X 1
12月交換券(2022) X 1
`_2022-12-06 03:32:00_
--------
