【登录信息】
*318194637fc953496e5082ebcbeae7a2*
`登陆天数: 217天 / 1435天
等级: 141
石头: 10
呼符: 18
体力: 11732.476666666667 / 140
友情点: 850 / 117710375`
*連続ログイン7日間到達おめでとうございます！
明日は1日目からリスタートされます。*
`獣の足跡 X 1
呼符 X 1
12月交換券(2022) X 1
`_2022-12-10 03:31:41_
--------
*9d78e90bb76b42970abd7495d7329768*
`登陆天数: 217天 / 715天
等级: 128
石头: 128
呼符: 27
体力: 103629.73 / 137
友情点: 0 / 718750`
*連続ログイン7日間到達おめでとうございます！
明日は1日目からリスタートされます。*
`獣の足跡 X 1
呼符 X 1
12月交換券(2022) X 1
`_2022-12-10 03:31:49_
--------
*b6bbcdbd5addb82b8007d1a35f461999*
`登陆天数: 148天 / 835天
等级: 125
石头: 0
呼符: 0
体力: 68231.10666666667 / 137
友情点: 0 / 948625`
*連続ログイン1日目
※ログインが途切れるか、7日到達すると
1日目から再開されます*
`フレンドポイント X 2000
12月交換券(2022) X 1
`_2022-12-10 03:32:00_
--------
