【登录信息】
*318194637fc953496e5082ebcbeae7a2*
`登陆天数: 218天 / 1436天
等级: 141
石头: 10
呼符: 18
体力: 12020.453333333333 / 140
友情点: 0 / 117710375`
*連続ログイン1日目
※ログインが途切れるか、7日到達すると
1日目から再開されます*
`フレンドポイント X 2000
12月交換券(2022) X 1
`_2022-12-11 03:31:34_
--------
*9d78e90bb76b42970abd7495d7329768*
`登陆天数: 218天 / 716天
等级: 128
石头: 128
呼符: 27
体力: 103917.70666666667 / 137
友情点: 0 / 718750`
*連続ログイン1日目
※ログインが途切れるか、7日到達すると
1日目から再開されます*
`フレンドポイント X 2000
12月交換券(2022) X 1
`_2022-12-11 03:31:42_
--------
*b6bbcdbd5addb82b8007d1a35f461999*
`登陆天数: 149天 / 836天
等级: 125
石头: 0
呼符: 0
体力: 68519.08333333333 / 137
友情点: 0 / 948625`
*連続ログイン2日目
※ログインが途切れるか、7日到達すると
1日目から再開されます*
`聖晶石 X 1
12月交換券(2022) X 1
`_2022-12-11 03:31:53_
--------
