【登录信息】
*318194637fc953496e5082ebcbeae7a2*
`登陆天数: 220天 / 1438天
等级: 141
石头: 75
呼符: 28
体力: 216.6 / 140
友情点: 0 / 117720715`
*連続ログイン3日目
※ログインが途切れるか、7日到達すると
1日目から再開されます*
`叡智の業火 X 1
12月交換券(2022) X 1
`*「MELTY BLOOD: TYPE LUMINA」牛若丸＆巌窟王参戦記念特別ログインボーナス*
*開催期間中、1日1回 最大3回 ログインボーナスをプレゼント！*
`永劫の復讐鬼 X 1
星見のティーポット X 2
`_2022-12-13 03:31:48_
--------
*9d78e90bb76b42970abd7495d7329768*
`登陆天数: 220天 / 718天
等级: 128
石头: 128
呼符: 27
体力: 104493.75333333333 / 137
友情点: 0 / 718750`
*連続ログイン3日目
※ログインが途切れるか、7日到達すると
1日目から再開されます*
`叡智の業火 X 1
12月交換券(2022) X 1
`*「MELTY BLOOD: TYPE LUMINA」牛若丸＆巌窟王参戦記念特別ログインボーナス*
*開催期間中、1日1回 最大3回 ログインボーナスをプレゼント！*
`永劫の復讐鬼 X 1
星見のティーポット X 2
`_2022-12-13 03:31:56_
--------
*b6bbcdbd5addb82b8007d1a35f461999*
`登陆天数: 151天 / 838天
等级: 125
石头: 0
呼符: 0
体力: 69095.13 / 137
友情点: 0 / 948625`
*連続ログイン4日目
※ログインが途切れるか、7日到達すると
1日目から再開されます*
`聖晶石 X 1
12月交換券(2022) X 1
`*「MELTY BLOOD: TYPE LUMINA」牛若丸＆巌窟王参戦記念特別ログインボーナス*
*開催期間中、1日1回 最大3回 ログインボーナスをプレゼント！*
`永劫の復讐鬼 X 1
星見のティーポット X 2
`_2022-12-13 03:32:07_
--------
