【登录信息】
*318194637fc953496e5082ebcbeae7a2*
`登陆天数: 221天 / 1439天
等级: 141
石头: 75
呼符: 28
体力: 504.6166666666667 / 140
友情点: 0 / 117720715`
*連続ログイン4日目
※ログインが途切れるか、7日到達すると
1日目から再開されます*
`聖晶石 X 1
12月交換券(2022) X 1
`*「MELTY BLOOD: TYPE LUMINA」牛若丸＆巌窟王参戦記念特別ログインボーナス*
*開催期間中、1日1回 最大3回 ログインボーナスをプレゼント！*
`天衣無縫の武者 X 1
星見のティーポット X 2
`_2022-12-14 03:31:53_
--------
*9d78e90bb76b42970abd7495d7329768*
`登陆天数: 221天 / 719天
等级: 128
石头: 128
呼符: 27
体力: 104781.76666666666 / 137
友情点: 0 / 718750`
*連続ログイン4日目
※ログインが途切れるか、7日到達すると
1日目から再開されます*
`聖晶石 X 1
12月交換券(2022) X 1
`*「MELTY BLOOD: TYPE LUMINA」牛若丸＆巌窟王参戦記念特別ログインボーナス*
*開催期間中、1日1回 最大3回 ログインボーナスをプレゼント！*
`天衣無縫の武者 X 1
星見のティーポット X 2
`_2022-12-14 03:32:01_
--------
*b6bbcdbd5addb82b8007d1a35f461999*
`登陆天数: 152天 / 839天
等级: 125
石头: 0
呼符: 0
体力: 69383.14666666667 / 137
友情点: 0 / 948625`
*連続ログイン5日目
※ログインが途切れるか、7日到達すると
1日目から再開されます*
`叡智の業火 X 2
12月交換券(2022) X 1
`*「MELTY BLOOD: TYPE LUMINA」牛若丸＆巌窟王参戦記念特別ログインボーナス*
*開催期間中、1日1回 最大3回 ログインボーナスをプレゼント！*
`天衣無縫の武者 X 1
星見のティーポット X 2
`_2022-12-14 03:32:11_
--------
