【登录信息】
*318194637fc953496e5082ebcbeae7a2*
`登陆天数: 222天 / 1440天
等级: 141
石头: 75
呼符: 28
体力: 792.57 / 140
友情点: 85 / 117720800`
*連続ログイン5日目
※ログインが途切れるか、7日到達すると
1日目から再開されます*
`叡智の業火 X 2
12月交換券(2022) X 1
`*TVアニメ「Fate/EXTRA Last Encore」Blu-ray Disc Box Standard Edition & Original Soundtrackリリース記念 特別ログインボーナス*
*開催期間中、初回ログインで「限定概念礼装×2」をプレゼント！*
`輝かしき薔薇の花束 X 1
月の断片 X 1
`_2022-12-15 03:31:39_
--------
*9d78e90bb76b42970abd7495d7329768*
`登陆天数: 222天 / 720天
等级: 128
石头: 128
呼符: 27
体力: 105069.72 / 137
友情点: 0 / 718750`
*連続ログイン5日目
※ログインが途切れるか、7日到達すると
1日目から再開されます*
`叡智の業火 X 2
12月交換券(2022) X 1
`*TVアニメ「Fate/EXTRA Last Encore」Blu-ray Disc Box Standard Edition & Original Soundtrackリリース記念 特別ログインボーナス*
*開催期間中、初回ログインで「限定概念礼装×2」をプレゼント！*
`輝かしき薔薇の花束 X 1
月の断片 X 1
`_2022-12-15 03:31:47_
--------
*b6bbcdbd5addb82b8007d1a35f461999*
`登陆天数: 153天 / 840天
等级: 125
石头: 0
呼符: 0
体力: 69671.1 / 137
友情点: 0 / 948625`
*連続ログイン6日目
※ログインが途切れるか、7日到達すると
1日目から再開されます*
`聖晶石 X 2
12月交換券(2022) X 1
`*TVアニメ「Fate/EXTRA Last Encore」Blu-ray Disc Box Standard Edition & Original Soundtrackリリース記念 特別ログインボーナス*
*開催期間中、初回ログインで「限定概念礼装×2」をプレゼント！*
`輝かしき薔薇の花束 X 1
月の断片 X 1
`_2022-12-15 03:31:57_
--------
