【登录信息】
*318194637fc953496e5082ebcbeae7a2*
`登陆天数: 223天 / 1441天
等级: 141
石头: 75
呼符: 28
体力: 1080.5933333333332 / 140
友情点: 85 / 117720885`
*連続ログイン6日目
※ログインが途切れるか、7日到達すると
1日目から再開されます*
`聖晶石 X 2
12月交換券(2022) X 1
`*「Lostbelt No.7」開幕前メインクエストクリア応援特別ログインボーナス*
*開催期間中、1日1回 最大7回 ログインボーナスをプレゼント！*
`聖晶石 X 1
`_2022-12-16 03:31:46_
--------
*9d78e90bb76b42970abd7495d7329768*
`登陆天数: 223天 / 721天
等级: 128
石头: 128
呼符: 27
体力: 105357.74666666667 / 137
友情点: 0 / 718750`
*連続ログイン6日目
※ログインが途切れるか、7日到達すると
1日目から再開されます*
`聖晶石 X 2
12月交換券(2022) X 1
`*「Lostbelt No.7」開幕前メインクエストクリア応援特別ログインボーナス*
*開催期間中、1日1回 最大7回 ログインボーナスをプレゼント！*
`聖晶石 X 1
`_2022-12-16 03:31:54_
--------
*b6bbcdbd5addb82b8007d1a35f461999*
`登陆天数: 154天 / 841天
等级: 125
石头: 0
呼符: 0
体力: 69959.12333333334 / 137
友情点: 0 / 948625`
*連続ログイン7日間到達おめでとうございます！
明日は1日目からリスタートされます。*
`獣の足跡 X 1
呼符 X 1
12月交換券(2022) X 1
`*「Lostbelt No.7」開幕前メインクエストクリア応援特別ログインボーナス*
*開催期間中、1日1回 最大7回 ログインボーナスをプレゼント！*
`聖晶石 X 1
`_2022-12-16 03:32:05_
--------
