【登录信息】
*318194637fc953496e5082ebcbeae7a2*
`登陆天数: 224天 / 1442天
等级: 141
石头: 75
呼符: 28
体力: 1368.9933333333333 / 140
友情点: 510 / 117721395`
*連続ログイン7日間到達おめでとうございます！
明日は1日目からリスタートされます。*
`獣の足跡 X 1
呼符 X 1
12月交換券(2022) X 1
`*「Lostbelt No.7」開幕前メインクエストクリア応援特別ログインボーナス*
*開催期間中、1日1回 最大7回 ログインボーナスをプレゼント！*
`聖晶石 X 1
`_2022-12-17 03:33:46_
--------
*9d78e90bb76b42970abd7495d7329768*
`登陆天数: 224天 / 722天
等级: 128
石头: 128
呼符: 27
体力: 105646.14666666667 / 137
友情点: 0 / 718750`
*連続ログイン7日間到達おめでとうございます！
明日は1日目からリスタートされます。*
`獣の足跡 X 1
呼符 X 1
12月交換券(2022) X 1
`*「Lostbelt No.7」開幕前メインクエストクリア応援特別ログインボーナス*
*開催期間中、1日1回 最大7回 ログインボーナスをプレゼント！*
`聖晶石 X 1
`_2022-12-17 03:33:54_
--------
*b6bbcdbd5addb82b8007d1a35f461999*
`登陆天数: 155天 / 842天
等级: 125
石头: 0
呼符: 0
体力: 70247.52333333333 / 137
友情点: 0 / 948625`
*連続ログイン1日目
※ログインが途切れるか、7日到達すると
1日目から再開されます*
`フレンドポイント X 2000
12月交換券(2022) X 1
`*「Lostbelt No.7」開幕前メインクエストクリア応援特別ログインボーナス*
*開催期間中、1日1回 最大7回 ログインボーナスをプレゼント！*
`聖晶石 X 1
`_2022-12-17 03:34:05_
--------
