【登录信息】
*318194637fc953496e5082ebcbeae7a2*
`登陆天数: 225天 / 1443天
等级: 141
石头: 75
呼符: 28
体力: 1656.59 / 140
友情点: 340 / 117721735`
*連続ログイン1日目
※ログインが途切れるか、7日到達すると
1日目から再開されます*
`フレンドポイント X 2000
12月交換券(2022) X 1
`*「Lostbelt No.7」開幕前メインクエストクリア応援特別ログインボーナス*
*開催期間中、1日1回 最大7回 ログインボーナスをプレゼント！*
`聖晶石 X 2
`_2022-12-18 03:31:45_
--------
*9d78e90bb76b42970abd7495d7329768*
`登陆天数: 225天 / 723天
等级: 128
石头: 128
呼符: 27
体力: 105933.74333333333 / 137
友情点: 10 / 718760`
*連続ログイン1日目
※ログインが途切れるか、7日到達すると
1日目から再開されます*
`フレンドポイント X 2000
12月交換券(2022) X 1
`*「Lostbelt No.7」開幕前メインクエストクリア応援特別ログインボーナス*
*開催期間中、1日1回 最大7回 ログインボーナスをプレゼント！*
`聖晶石 X 2
`_2022-12-18 03:31:53_
--------
*b6bbcdbd5addb82b8007d1a35f461999*
`登陆天数: 156天 / 843天
等级: 125
石头: 0
呼符: 0
体力: 70535.12333333334 / 137
友情点: 0 / 948625`
*連続ログイン2日目
※ログインが途切れるか、7日到達すると
1日目から再開されます*
`聖晶石 X 1
12月交換券(2022) X 1
`*「Lostbelt No.7」開幕前メインクエストクリア応援特別ログインボーナス*
*開催期間中、1日1回 最大7回 ログインボーナスをプレゼント！*
`聖晶石 X 2
`_2022-12-18 03:32:04_
--------
