【登录信息】
*318194637fc953496e5082ebcbeae7a2*
`登陆天数: 227天 / 1445天
等级: 141
石头: 95
呼符: 29
体力: 514.6333333333333 / 140
友情点: 85 / 117724245`
*連続ログイン3日目
※ログインが途切れるか、7日到達すると
1日目から再開されます*
`叡智の業火 X 1
12月交換券(2022) X 1
`*「Lostbelt No.7」開幕直前
カウントダウンログインボーナス*
*開催期間中、1日1回 6日間日替りでログインボーナスをプレゼント！*
`叡智の業火 X 7
`_2022-12-20 03:31:37_
--------
*9d78e90bb76b42970abd7495d7329768*
`登陆天数: 227天 / 725天
等级: 128
石头: 128
呼符: 27
体力: 106509.71333333333 / 137
友情点: 0 / 718760`
*連続ログイン3日目
※ログインが途切れるか、7日到達すると
1日目から再開されます*
`叡智の業火 X 1
12月交換券(2022) X 1
`*「Lostbelt No.7」開幕直前
カウントダウンログインボーナス*
*開催期間中、1日1回 6日間日替りでログインボーナスをプレゼント！*
`叡智の業火 X 7
`_2022-12-20 03:31:45_
--------
*b6bbcdbd5addb82b8007d1a35f461999*
`登陆天数: 158天 / 845天
等级: 125
石头: 0
呼符: 0
体力: 71111.09333333334 / 137
友情点: 0 / 948625`
*連続ログイン4日目
※ログインが途切れるか、7日到達すると
1日目から再開されます*
`聖晶石 X 1
12月交換券(2022) X 1
`*「Lostbelt No.7」開幕直前
カウントダウンログインボーナス*
*開催期間中、1日1回 6日間日替りでログインボーナスをプレゼント！*
`叡智の業火 X 7
`_2022-12-20 03:31:56_
--------
