【登录信息】
*318194637fc953496e5082ebcbeae7a2*
`登陆天数: 229天 / 1447天
等级: 141
石头: 110
呼符: 29
体力: 530.22 / 140
友情点: 0 / 117724245`
*連続ログイン5日目
※ログインが途切れるか、7日到達すると
1日目から再開されます*
`叡智の業火 X 2
12月交換券(2022) X 1
`*「Lostbelt No.7」開幕直前
カウントダウンログインボーナス*
*開催期間中、1日1回 6日間日替りでログインボーナスをプレゼント！*
`マナプリズム X 70
`_2022-12-22 03:31:49_
--------
*9d78e90bb76b42970abd7495d7329768*
`登陆天数: 229天 / 727天
等级: 128
石头: 128
呼符: 27
体力: 107085.75333333333 / 137
友情点: 0 / 718760`
*連続ログイン5日目
※ログインが途切れるか、7日到達すると
1日目から再開されます*
`叡智の業火 X 2
12月交換券(2022) X 1
`*「Lostbelt No.7」開幕直前
カウントダウンログインボーナス*
*開催期間中、1日1回 6日間日替りでログインボーナスをプレゼント！*
`マナプリズム X 70
`_2022-12-22 03:31:56_
--------
*b6bbcdbd5addb82b8007d1a35f461999*
`登陆天数: 160天 / 847天
等级: 125
石头: 0
呼符: 0
体力: 71687.13 / 137
友情点: 0 / 948625`
*連続ログイン6日目
※ログインが途切れるか、7日到達すると
1日目から再開されます*
`聖晶石 X 2
12月交換券(2022) X 1
`*「Lostbelt No.7」開幕直前
カウントダウンログインボーナス*
*開催期間中、1日1回 6日間日替りでログインボーナスをプレゼント！*
`マナプリズム X 70
`_2022-12-22 03:32:07_
--------
