【登录信息】
*318194637fc953496e5082ebcbeae7a2*
`登陆天数: 230天 / 1448天
等级: 141
石头: 110
呼符: 29
体力: 818.2033333333334 / 140
友情点: 0 / 117724245`
*連続ログイン6日目
※ログインが途切れるか、7日到達すると
1日目から再開されます*
`聖晶石 X 2
12月交換券(2022) X 1
`*「Lostbelt No.7」開幕直前
カウントダウンログインボーナス*
*開催期間中、1日1回 6日間日替りでログインボーナスをプレゼント！*
`フレンドポイント X 70000
`_2022-12-23 03:31:43_
--------
*9d78e90bb76b42970abd7495d7329768*
`登陆天数: 230天 / 728天
等级: 128
石头: 128
呼符: 27
体力: 107373.73666666666 / 137
友情点: 0 / 718760`
*連続ログイン6日目
※ログインが途切れるか、7日到達すると
1日目から再開されます*
`聖晶石 X 2
12月交換券(2022) X 1
`*「Lostbelt No.7」開幕直前
カウントダウンログインボーナス*
*開催期間中、1日1回 6日間日替りでログインボーナスをプレゼント！*
`フレンドポイント X 70000
`_2022-12-23 03:31:51_
--------
*b6bbcdbd5addb82b8007d1a35f461999*
`登陆天数: 161天 / 848天
等级: 125
石头: 0
呼符: 0
体力: 71975.11333333333 / 137
友情点: 0 / 948625`
*連続ログイン7日間到達おめでとうございます！
明日は1日目からリスタートされます。*
`獣の足跡 X 1
呼符 X 1
12月交換券(2022) X 1
`*「Lostbelt No.7」開幕直前
カウントダウンログインボーナス*
*開催期間中、1日1回 6日間日替りでログインボーナスをプレゼント！*
`フレンドポイント X 70000
`_2022-12-23 03:32:02_
--------
