【登录信息】
*318194637fc953496e5082ebcbeae7a2*
`登陆天数: 231天 / 1449天
等级: 141
石头: 110
呼符: 29
体力: 1106.19 / 140
友情点: 425 / 117724670`
*連続ログイン7日間到達おめでとうございます！
明日は1日目からリスタートされます。*
`獣の足跡 X 1
呼符 X 1
12月交換券(2022) X 1
`*「FGO ウィンターパーティー 2022-2023」北海道会場開催直前 ログインボーナス*
*開催期間中、1日1回 最大3回 ログインボーナスをプレゼント！*
`黄金の果実 X 1
`_2022-12-24 03:31:39_
--------
*9d78e90bb76b42970abd7495d7329768*
`登陆天数: 231天 / 729天
等级: 128
石头: 128
呼符: 27
体力: 107661.72333333333 / 137
友情点: 0 / 718760`
*連続ログイン7日間到達おめでとうございます！
明日は1日目からリスタートされます。*
`獣の足跡 X 1
呼符 X 1
12月交換券(2022) X 1
`*「FGO ウィンターパーティー 2022-2023」北海道会場開催直前 ログインボーナス*
*開催期間中、1日1回 最大3回 ログインボーナスをプレゼント！*
`黄金の果実 X 1
`_2022-12-24 03:31:47_
--------
*b6bbcdbd5addb82b8007d1a35f461999*
`登陆天数: 162天 / 849天
等级: 125
石头: 0
呼符: 0
体力: 72263.1 / 137
友情点: 0 / 948625`
*連続ログイン1日目
※ログインが途切れるか、7日到達すると
1日目から再開されます*
`フレンドポイント X 2000
12月交換券(2022) X 1
`*「FGO ウィンターパーティー 2022-2023」北海道会場開催直前 ログインボーナス*
*開催期間中、1日1回 最大3回 ログインボーナスをプレゼント！*
`黄金の果実 X 1
`_2022-12-24 03:31:58_
--------
