【登录信息】
*318194637fc953496e5082ebcbeae7a2*
`登陆天数: 232天 / 1450天
等级: 141
石头: 116
呼符: 30
体力: 1394.1866666666667 / 140
友情点: 680 / 117795690`
*連続ログイン1日目
※ログインが途切れるか、7日到達すると
1日目から再開されます*
`フレンドポイント X 2000
12月交換券(2022) X 1
`*新所長からのクリスマスプレゼント*
*開催期間中、初回ログインで「聖晶石×10」をプレゼント！*
`聖晶石 X 10
`_2022-12-25 03:31:38_
--------
*9d78e90bb76b42970abd7495d7329768*
`登陆天数: 232天 / 730天
等级: 128
石头: 128
呼符: 27
体力: 107949.72 / 137
友情点: 0 / 718760`
*連続ログイン1日目
※ログインが途切れるか、7日到達すると
1日目から再開されます*
`フレンドポイント X 2000
12月交換券(2022) X 1
`*新所長からのクリスマスプレゼント*
*開催期間中、初回ログインで「聖晶石×10」をプレゼント！*
`聖晶石 X 10
`_2022-12-25 03:31:46_
--------
*b6bbcdbd5addb82b8007d1a35f461999*
`登陆天数: 163天 / 850天
等级: 125
石头: 0
呼符: 0
体力: 72551.09666666666 / 137
友情点: 0 / 948625`
*連続ログイン2日目
※ログインが途切れるか、7日到達すると
1日目から再開されます*
`聖晶石 X 1
12月交換券(2022) X 1
`*新所長からのクリスマスプレゼント*
*開催期間中、初回ログインで「聖晶石×10」をプレゼント！*
`聖晶石 X 10
`_2022-12-25 03:31:57_
--------
