【登录信息】
*318194637fc953496e5082ebcbeae7a2*
`登陆天数: 233天 / 1451天
等级: 141
石头: 116
呼符: 30
体力: 1682.1866666666667 / 140
友情点: 680 / 117796370`
*連続ログイン2日目
※ログインが途切れるか、7日到達すると
1日目から再開されます*
`聖晶石 X 1
12月交換券(2022) X 1
`_2022-12-26 03:31:38_
--------
*9d78e90bb76b42970abd7495d7329768*
`登陆天数: 233天 / 731天
等级: 128
石头: 128
呼符: 27
体力: 108237.71666666666 / 137
友情点: 0 / 718760`
*連続ログイン2日目
※ログインが途切れるか、7日到達すると
1日目から再開されます*
`聖晶石 X 1
12月交換券(2022) X 1
`_2022-12-26 03:31:46_
--------
*b6bbcdbd5addb82b8007d1a35f461999*
`登陆天数: 164天 / 851天
等级: 125
石头: 0
呼符: 0
体力: 72839.09666666666 / 137
友情点: 0 / 948625`
*連続ログイン3日目
※ログインが途切れるか、7日到達すると
1日目から再開されます*
`叡智の業火 X 1
12月交換券(2022) X 1
`_2022-12-26 03:31:56_
--------
