【登录信息】
*318194637fc953496e5082ebcbeae7a2*
`登陆天数: 235天 / 1453天
等级: 141
石头: 116
呼符: 30
体力: 2258.22 / 140
友情点: 765 / 117797815`
*連続ログイン4日目
※ログインが途切れるか、7日到達すると
1日目から再開されます*
`聖晶石 X 1
12月交換券(2022) X 1
`_2022-12-28 03:31:49_
--------
*9d78e90bb76b42970abd7495d7329768*
`登陆天数: 235天 / 733天
等级: 128
石头: 128
呼符: 27
体力: 108813.75 / 137
友情点: 0 / 718760`
*連続ログイン4日目
※ログインが途切れるか、7日到達すると
1日目から再開されます*
`聖晶石 X 1
12月交換券(2022) X 1
`_2022-12-28 03:31:56_
--------
*b6bbcdbd5addb82b8007d1a35f461999*
`登陆天数: 166天 / 853天
等级: 125
石头: 0
呼符: 0
体力: 73415.13 / 137
友情点: 0 / 948625`
*連続ログイン5日目
※ログインが途切れるか、7日到達すると
1日目から再開されます*
`叡智の業火 X 2
12月交換券(2022) X 1
`_2022-12-28 03:32:06_
--------
