【登录信息】
*318194637fc953496e5082ebcbeae7a2*
`登陆天数: 236天 / 1454天
等级: 141
石头: 116
呼符: 30
体力: 2546.173333333333 / 140
友情点: 1105 / 117798920`
*連続ログイン5日目
※ログインが途切れるか、7日到達すると
1日目から再開されます*
`叡智の業火 X 2
12月交換券(2022) X 1
`*Fate Project 大晦日TVスペシャル2022 放送カウントダウンログインボーナス*
*開催期間中、1日1回 3日間日替りでログインボーナスをプレゼント！*
`黄金の果実 X 1
`_2022-12-29 03:31:35_
--------
*9d78e90bb76b42970abd7495d7329768*
`登陆天数: 236天 / 734天
等级: 128
石头: 128
呼符: 27
体力: 109101.70666666667 / 137
友情点: 0 / 718760`
*連続ログイン5日目
※ログインが途切れるか、7日到達すると
1日目から再開されます*
`叡智の業火 X 2
12月交換券(2022) X 1
`*Fate Project 大晦日TVスペシャル2022 放送カウントダウンログインボーナス*
*開催期間中、1日1回 3日間日替りでログインボーナスをプレゼント！*
`黄金の果実 X 1
`_2022-12-29 03:31:42_
--------
*b6bbcdbd5addb82b8007d1a35f461999*
`登陆天数: 167天 / 854天
等级: 125
石头: 0
呼符: 0
体力: 73703.08333333333 / 137
友情点: 0 / 948625`
*連続ログイン6日目
※ログインが途切れるか、7日到達すると
1日目から再開されます*
`聖晶石 X 2
12月交換券(2022) X 1
`*Fate Project 大晦日TVスペシャル2022 放送カウントダウンログインボーナス*
*開催期間中、1日1回 3日間日替りでログインボーナスをプレゼント！*
`黄金の果実 X 1
`_2022-12-29 03:31:53_
--------
