【登录信息】
*318194637fc953496e5082ebcbeae7a2*
`登陆天数: 237天 / 1455天
等级: 141
石头: 116
呼符: 30
体力: 2834.16 / 140
友情点: 2380 / 117801300`
*連続ログイン6日目
※ログインが途切れるか、7日到達すると
1日目から再開されます*
`聖晶石 X 2
12月交換券(2022) X 1
`*Fate Project 大晦日TVスペシャル2022 放送カウントダウンログインボーナス*
*開催期間中、1日1回 3日間日替りでログインボーナスをプレゼント！*
`黄金の果実 X 1
`_2022-12-30 03:31:30_
--------
*9d78e90bb76b42970abd7495d7329768*
`登陆天数: 237天 / 735天
等级: 128
石头: 128
呼符: 27
体力: 109389.69 / 137
友情点: 0 / 718760`
*連続ログイン6日目
※ログインが途切れるか、7日到達すると
1日目から再開されます*
`聖晶石 X 2
12月交換券(2022) X 1
`*Fate Project 大晦日TVスペシャル2022 放送カウントダウンログインボーナス*
*開催期間中、1日1回 3日間日替りでログインボーナスをプレゼント！*
`黄金の果実 X 1
`_2022-12-30 03:31:38_
--------
*b6bbcdbd5addb82b8007d1a35f461999*
`登陆天数: 168天 / 855天
等级: 125
石头: 0
呼符: 0
体力: 73991.07 / 137
友情点: 0 / 948625`
*連続ログイン7日間到達おめでとうございます！
明日は1日目からリスタートされます。*
`獣の足跡 X 1
呼符 X 1
12月交換券(2022) X 1
`*Fate Project 大晦日TVスペシャル2022 放送カウントダウンログインボーナス*
*開催期間中、1日1回 3日間日替りでログインボーナスをプレゼント！*
`黄金の果実 X 1
`_2022-12-30 03:31:48_
--------
