【登录信息】
*318194637fc953496e5082ebcbeae7a2*
`登陆天数: 238天 / 1456天
等级: 141
石头: 116
呼符: 30
体力: 3122.1433333333334 / 140
友情点: 1360 / 117802660`
*連続ログイン7日間到達おめでとうございます！
明日は1日目からリスタートされます。*
`獣の足跡 X 1
呼符 X 1
12月交換券(2022) X 1
`*Fate Project 大晦日TVスペシャル2022 放送カウントダウンログインボーナス*
*開催期間中、1日1回 3日間日替りでログインボーナスをプレゼント！*
`黄金の果実 X 1
呼符 X 1
`_2022-12-31 03:31:26_
--------
*9d78e90bb76b42970abd7495d7329768*
`登陆天数: 238天 / 736天
等级: 128
石头: 128
呼符: 27
体力: 109677.67666666667 / 137
友情点: 0 / 718760`
*連続ログイン7日間到達おめでとうございます！
明日は1日目からリスタートされます。*
`獣の足跡 X 1
呼符 X 1
12月交換券(2022) X 1
`*Fate Project 大晦日TVスペシャル2022 放送カウントダウンログインボーナス*
*開催期間中、1日1回 3日間日替りでログインボーナスをプレゼント！*
`黄金の果実 X 1
呼符 X 1
`_2022-12-31 03:31:33_
--------
*b6bbcdbd5addb82b8007d1a35f461999*
`登陆天数: 169天 / 856天
等级: 125
石头: 0
呼符: 0
体力: 74279.05333333333 / 137
友情点: 0 / 948625`
*連続ログイン1日目
※ログインが途切れるか、7日到達すると
1日目から再開されます*
`フレンドポイント X 2000
12月交換券(2022) X 1
`*Fate Project 大晦日TVスペシャル2022 放送カウントダウンログインボーナス*
*開催期間中、1日1回 3日間日替りでログインボーナスをプレゼント！*
`黄金の果実 X 1
呼符 X 1
`_2022-12-31 03:31:44_
--------
