【登录信息】
[318194637fc953496e5082ebcbeae7a2]
`登陆天数: 9天 / 981天
等级: 140
石头: 5
呼符: 0
友情点: 0 / 30874845`
*連続ログイン2日目
※ログインが途切れるか、7日到達すると
1日目から再開されます*
`聖晶石 X 1
9月交換券(2021) X 1
`*カルデア・サマーアドベンチャー！ ～夢追う少年と夢見る少女～ 開幕直前特別ログインボーナス！*
*開催期間中、1日1回 最大7回 ログインボーナスをプレゼント！*
`白銀の果実 X 1
`_2021-09-02 03:31:35_
--------
[9d78e90bb76b42970abd7495d7329768]
`登陆天数: 4天 / 261天
等级: 128
石头: 11
呼符: 0
友情点: 0 / 673715`
*連続ログイン4日目
※ログインが途切れるか、7日到達すると
1日目から再開されます*
`聖晶石 X 1
9月交換券(2021) X 1
`*「劇場版 Fate/kaleid liner プリズマ☆イリヤ Licht 名前の無い少女」公開記念連続ログインボーナス！*
*開催期間中、1日1回 最大5回 連続ログインボーナスをプレゼント！*
`黄金の果実 X 1
`_2021-09-02 03:31:42_
--------
