【登录信息】
[318194637fc953496e5082ebcbeae7a2]
`登陆天数: 12天 / 984天
等级: 140
石头: 14
呼符: 2
友情点: 0 / 30881730`
*連続ログイン5日目
※ログインが途切れるか、7日到達すると
1日目から再開されます*
`叡智の猛火 X 2
9月交換券(2021) X 1
`*カルデア・サマーアドベンチャー！ ～夢追う少年と夢見る少女～ 開幕直前特別ログインボーナス！*
*開催期間中、1日1回 最大7回 ログインボーナスをプレゼント！*
`白銀の果実 X 1
`_2021-09-05 03:31:36_
--------
[9d78e90bb76b42970abd7495d7329768]
`登陆天数: 7天 / 264天
等级: 128
石头: 11
呼符: 0
友情点: 50 / 673765`
*連続ログイン7日間到達おめでとうございます！
明日は1日目からリスタートされます。*
`獣の足跡 X 1
呼符 X 1
9月交換券(2021) X 1
`*カルデア・サマーアドベンチャー！ ～夢追う少年と夢見る少女～ 開幕直前特別ログインボーナス！*
*開催期間中、1日1回 最大7回 ログインボーナスをプレゼント！*
`白銀の果実 X 1
`_2021-09-05 03:31:43_
--------
