【登录信息】
[318194637fc953496e5082ebcbeae7a2]
`登陆天数: 13天 / 985天
等级: 140
石头: 16
呼符: 2
友情点: 93200 / 31302405`
*連続ログイン6日目
※ログインが途切れるか、7日到達すると
1日目から再開されます*
`聖晶石 X 2
9月交換券(2021) X 1
`*カルデア・サマーアドベンチャー！ ～夢追う少年と夢見る少女～ 開幕直前特別ログインボーナス！*
*開催期間中、1日1回 最大7回 ログインボーナスをプレゼント！*
`黄金の果実 X 1
`_2021-09-06 03:31:25_
--------
[9d78e90bb76b42970abd7495d7329768]
`登陆天数: 8天 / 265天
等级: 128
石头: 11
呼符: 0
友情点: 0 / 673790`
*連続ログイン1日目
※ログインが途切れるか、7日到達すると
1日目から再開されます*
`フレンドポイント X 2000
9月交換券(2021) X 1
`*カルデア・サマーアドベンチャー！ ～夢追う少年と夢見る少女～ 開幕直前特別ログインボーナス！*
*開催期間中、1日1回 最大7回 ログインボーナスをプレゼント！*
`黄金の果実 X 1
`_2021-09-06 03:31:32_
--------
