【登录信息】
[318194637fc953496e5082ebcbeae7a2]
`登陆天数: 14天 / 986天
等级: 140
石头: 18
呼符: 2
友情点: 239110 / 31921125`
*連続ログイン7日間到達おめでとうございます！
明日は1日目からリスタートされます。*
`獣の足跡 X 1
呼符 X 1
9月交換券(2021) X 1
`*カルデア・サマーアドベンチャー！ ～夢追う少年と夢見る少女～ 開幕直前特別ログインボーナス！*
*開催期間中、1日1回 最大7回 ログインボーナスをプレゼント！*
`聖晶石 X 1
`_2021-09-07 03:31:53_
--------
[9d78e90bb76b42970abd7495d7329768]
`登陆天数: 9天 / 266天
等级: 128
石头: 11
呼符: 0
友情点: 0 / 673910`
*連続ログイン2日目
※ログインが途切れるか、7日到達すると
1日目から再開されます*
`聖晶石 X 1
9月交換券(2021) X 1
`*カルデア・サマーアドベンチャー！ ～夢追う少年と夢見る少女～ 開幕直前特別ログインボーナス！*
*開催期間中、1日1回 最大7回 ログインボーナスをプレゼント！*
`聖晶石 X 1
`_2021-09-07 03:32:00_
--------
