【登录信息】
[318194637fc953496e5082ebcbeae7a2]
`登陆天数: 16天 / 988天
等级: 140
石头: 20
呼符: 0
友情点: 58900 / 34515785`
*連続ログイン2日目
※ログインが途切れるか、7日到達すると
1日目から再開されます*
`聖晶石 X 1
9月交換券(2021) X 1
`*Fate/Grand Order カルデア放送局 ライト版 ～カルデア・サマーアドベンチャー！～ 放送記念 初回ログインボーナス*
*開催期間中、初回ログインで「聖晶石×12」をプレゼント！*
`聖晶石 X 12
`_2021-09-09 03:31:34_
--------
[9d78e90bb76b42970abd7495d7329768]
`登陆天数: 11天 / 268天
等级: 128
石头: 11
呼符: 0
友情点: 0 / 676810`
*連続ログイン4日目
※ログインが途切れるか、7日到達すると
1日目から再開されます*
`聖晶石 X 1
9月交換券(2021) X 1
`*Fate/Grand Order カルデア放送局 ライト版 ～カルデア・サマーアドベンチャー！～ 放送記念 初回ログインボーナス*
*開催期間中、初回ログインで「聖晶石×12」をプレゼント！*
`聖晶石 X 12
`_2021-09-09 03:31:41_
--------
