【登录信息】
[318194637fc953496e5082ebcbeae7a2]
`登陆天数: 37天 / 1009天
等级: 141
石头: 1
呼符: 0
友情点: 920400 / 71401085`
*連続ログイン2日目
※ログインが途切れるか、7日到達すると
1日目から再開されます*
`聖晶石 X 1
9月交換券(2021) X 1
`*幕間の物語キャンペーン 第17弾 特別連続ログインボーナス*
*開催期間中、1日1回 最大5回 特別連続ログインボーナスをプレゼント！*
`叡智の業火 X 3
`_2021-09-30 03:31:38_
--------
[9d78e90bb76b42970abd7495d7329768]
`登陆天数: 32天 / 289天
等级: 128
石头: 19
呼符: 3
友情点: 0 / 683615`
*連続ログイン4日目
※ログインが途切れるか、7日到達すると
1日目から再開されます*
`聖晶石 X 1
9月交換券(2021) X 1
`*幕間の物語キャンペーン 第17弾 特別連続ログインボーナス*
*開催期間中、1日1回 最大5回 特別連続ログインボーナスをプレゼント！*
`叡智の業火 X 3
`_2021-09-30 03:31:45_
--------
