【登录信息】
[318194637fc953496e5082ebcbeae7a2]
`登陆天数: 61天 / 1279天
等级: 141
石头: 401
呼符: 64
友情点: 0 / 117405730`
*連続ログイン5日目
※ログインが途切れるか、7日到達すると
1日目から再開されます*
`叡智の猛火 X 2
7月交換券(2022) X 1
`_2022-07-07 03:31:43_
--------
[9d78e90bb76b42970abd7495d7329768]
`登陆天数: 61天 / 559天
等级: 128
石头: 128
呼符: 27
友情点: 0 / 718585`
*連続ログイン5日目
※ログインが途切れるか、7日到達すると
1日目から再開されます*
`叡智の猛火 X 2
7月交換券(2022) X 1
`_2022-07-07 03:31:51_
--------
[2c25a694117debb52819318b9f5094b0]
`登陆天数: 92天 / 912天
等级: 136
石头: 100
呼符: 0
友情点: 0 / 36475`
*連続ログイン1日目
※ログインが途切れるか、7日到達すると
1日目から再開されます*
`フレンドポイント X 2000
7月交換券(2022) X 1
`_2022-07-07 03:31:59_
--------
[b6bbcdbd5addb82b8007d1a35f461999]
`登陆天数: 58天 / 683天
等级: 125
石头: 3
呼符: 0
友情点: 0 / 924615`
*連続ログイン2日目
※ログインが途切れるか、7日到達すると
1日目から再開されます*
`聖晶石 X 1
7月交換券(2022) X 1
`_2022-07-07 03:32:06_
--------
