【登录信息】
[318194637fc953496e5082ebcbeae7a2]
`登陆天数: 63天 / 1281天
等级: 141
石头: 401
呼符: 64
友情点: 0 / 117405730`
*連続ログイン7日間到達おめでとうございます！
明日は1日目からリスタートされます。*
`獣の足跡 X 1
呼符 X 1
7月交換券(2022) X 1
`_2022-07-09 03:31:47_
--------
[9d78e90bb76b42970abd7495d7329768]
`登陆天数: 63天 / 561天
等级: 128
石头: 128
呼符: 27
友情点: 0 / 718585`
*連続ログイン7日間到達おめでとうございます！
明日は1日目からリスタートされます。*
`獣の足跡 X 1
呼符 X 1
7月交換券(2022) X 1
`_2022-07-09 03:31:55_
--------
[2c25a694117debb52819318b9f5094b0]
`登陆天数: 94天 / 914天
等级: 136
石头: 100
呼符: 0
友情点: 0 / 36475`
*連続ログイン3日目
※ログインが途切れるか、7日到達すると
1日目から再開されます*
`叡智の猛火 X 1
7月交換券(2022) X 1
`_2022-07-09 03:32:02_
--------
[b6bbcdbd5addb82b8007d1a35f461999]
`登陆天数: 60天 / 685天
等级: 125
石头: 3
呼符: 0
友情点: 0 / 924615`
*連続ログイン4日目
※ログインが途切れるか、7日到達すると
1日目から再開されます*
`聖晶石 X 1
7月交換券(2022) X 1
`_2022-07-09 03:32:10_
--------
