【登录信息】
*318194637fc953496e5082ebcbeae7a2*
`登陆天数: 71天 / 1289天
等级: 141
石头: 490
呼符: 70
体力: 93.34 / 140
友情点: 0 / 117418535`
*連続ログイン1日目
※ログインが途切れるか、7日到達すると
1日目から再開されます*
`フレンドポイント X 2000
7月交換券(2022) X 1
`_2022-07-17 03:31:44_
--------
*9d78e90bb76b42970abd7495d7329768*
`登陆天数: 71天 / 569天
等级: 128
石头: 128
呼符: 27
体力: 61581.736666666664 / 137
友情点: 0 / 718585`
*連続ログイン1日目
※ログインが途切れるか、7日到達すると
1日目から再開されます*
`フレンドポイント X 2000
7月交換券(2022) X 1
`_2022-07-17 03:31:51_
--------
*b6bbcdbd5addb82b8007d1a35f461999*
`登陆天数: 2天 / 689天
等级: 125
石头: 3
呼符: 0
体力: 26183.113333333335 / 137
友情点: 0 / 924615`
*連続ログイン2日目
※ログインが途切れるか、7日到達すると
1日目から再開されます*
`聖晶石 X 1
7月交換券(2022) X 1
`_2022-07-17 03:32:02_
--------
