【登录信息】
*318194637fc953496e5082ebcbeae7a2*
`登陆天数: 72天 / 1290天
等级: 141
石头: 490
呼符: 70
体力: 381.35 / 140
友情点: 0 / 117418535`
*連続ログイン2日目
※ログインが途切れるか、7日到達すると
1日目から再開されます*
`聖晶石 X 1
7月交換券(2022) X 1
`_2022-07-18 03:31:46_
--------
*9d78e90bb76b42970abd7495d7329768*
`登陆天数: 72天 / 570天
等级: 128
石头: 128
呼符: 27
体力: 61869.74333333333 / 137
友情点: 0 / 718585`
*連続ログイン2日目
※ログインが途切れるか、7日到達すると
1日目から再開されます*
`聖晶石 X 1
7月交換券(2022) X 1
`_2022-07-18 03:31:54_
--------
*b6bbcdbd5addb82b8007d1a35f461999*
`登陆天数: 3天 / 690天
等级: 125
石头: 3
呼符: 0
体力: 26471.123333333333 / 137
友情点: 0 / 924615`
*連続ログイン3日目
※ログインが途切れるか、7日到達すると
1日目から再開されます*
`叡智の猛火 X 1
7月交換券(2022) X 1
`_2022-07-18 03:32:05_
--------
