【登录信息】
*318194637fc953496e5082ebcbeae7a2*
`登陆天数: 74天 / 1292天
等级: 141
石头: 490
呼符: 70
体力: 957.3266666666667 / 140
友情点: 510 / 117420745`
*連続ログイン4日目
※ログインが途切れるか、7日到達すると
1日目から再開されます*
`聖晶石 X 1
7月交換券(2022) X 1
`_2022-07-20 03:31:39_
--------
*9d78e90bb76b42970abd7495d7329768*
`登陆天数: 74天 / 572天
等级: 128
石头: 128
呼符: 27
体力: 62445.72 / 137
友情点: 0 / 718585`
*連続ログイン4日目
※ログインが途切れるか、7日到達すると
1日目から再開されます*
`聖晶石 X 1
7月交換券(2022) X 1
`_2022-07-20 03:31:47_
--------
*b6bbcdbd5addb82b8007d1a35f461999*
`登陆天数: 5天 / 692天
等级: 125
石头: 3
呼符: 0
体力: 27047.1 / 137
友情点: 0 / 924615`
*連続ログイン5日目
※ログインが途切れるか、7日到達すると
1日目から再開されます*
`叡智の猛火 X 2
7月交換券(2022) X 1
`_2022-07-20 03:31:57_
--------
