【登录信息】
*318194637fc953496e5082ebcbeae7a2*
`登陆天数: 76天 / 1294天
等级: 141
石头: 490
呼符: 70
体力: 1533.4233333333334 / 140
友情点: 170 / 117420915`
*連続ログイン6日目
※ログインが途切れるか、7日到達すると
1日目から再開されます*
`聖晶石 X 2
7月交換券(2022) X 1
`*7周年カウントダウンキャンペーン
特別ログインボーナス*
*開催期間中、1日1回 最大7回 ログインボーナスをプレゼント！*
`黄金の果実 X 1
`_2022-07-22 03:32:09_
--------
*9d78e90bb76b42970abd7495d7329768*
`登陆天数: 76天 / 574天
等级: 128
石头: 128
呼符: 27
体力: 63021.82 / 137
友情点: 0 / 718585`
*連続ログイン6日目
※ログインが途切れるか、7日到達すると
1日目から再開されます*
`聖晶石 X 2
7月交換券(2022) X 1
`*7周年カウントダウンキャンペーン
特別ログインボーナス*
*開催期間中、1日1回 最大7回 ログインボーナスをプレゼント！*
`黄金の果実 X 1
`_2022-07-22 03:32:16_
--------
*b6bbcdbd5addb82b8007d1a35f461999*
`登陆天数: 7天 / 694天
等级: 125
石头: 3
呼符: 0
体力: 27623.196666666667 / 137
友情点: 0 / 924615`
*連続ログイン7日間到達おめでとうございます！
明日は1日目からリスタートされます。*
`獣の足跡 X 1
呼符 X 1
7月交換券(2022) X 1
`*7周年カウントダウンキャンペーン
特別ログインボーナス*
*開催期間中、1日1回 最大7回 ログインボーナスをプレゼント！*
`黄金の果実 X 1
`_2022-07-22 03:32:27_
--------
