【登录信息】
*318194637fc953496e5082ebcbeae7a2*
`登陆天数: 77天 / 1295天
等级: 141
石头: 490
呼符: 70
体力: 1821.4066666666668 / 140
友情点: 425 / 117421340`
*連続ログイン7日間到達おめでとうございます！
明日は1日目からリスタートされます。*
`獣の足跡 X 1
呼符 X 1
7月交換券(2022) X 1
`*7周年カウントダウンキャンペーン
特別ログインボーナス*
*開催期間中、1日1回 最大7回 ログインボーナスをプレゼント！*
`黄金の果実 X 1
`_2022-07-23 03:32:03_
--------
*9d78e90bb76b42970abd7495d7329768*
`登陆天数: 77天 / 575天
等级: 128
石头: 128
呼符: 27
体力: 63309.80333333334 / 137
友情点: 0 / 718585`
*連続ログイン7日間到達おめでとうございます！
明日は1日目からリスタートされます。*
`獣の足跡 X 1
呼符 X 1
7月交換券(2022) X 1
`*7周年カウントダウンキャンペーン
特別ログインボーナス*
*開催期間中、1日1回 最大7回 ログインボーナスをプレゼント！*
`黄金の果実 X 1
`_2022-07-23 03:32:11_
--------
*b6bbcdbd5addb82b8007d1a35f461999*
`登陆天数: 8天 / 695天
等级: 125
石头: 3
呼符: 0
体力: 27911.18 / 137
友情点: 0 / 924615`
*連続ログイン1日目
※ログインが途切れるか、7日到達すると
1日目から再開されます*
`フレンドポイント X 2000
7月交換券(2022) X 1
`*7周年カウントダウンキャンペーン
特別ログインボーナス*
*開催期間中、1日1回 最大7回 ログインボーナスをプレゼント！*
`黄金の果実 X 1
`_2022-07-23 03:32:22_
--------
