【登录信息】
*318194637fc953496e5082ebcbeae7a2*
`登陆天数: 79天 / 1297天
等级: 141
石头: 494
呼符: 76
体力: 500.24 / 140
友情点: 1785 / 117428440`
*連続ログイン2日目
※ログインが途切れるか、7日到達すると
1日目から再開されます*
`聖晶石 X 1
7月交換券(2022) X 1
`*7周年カウントダウンキャンペーン
特別ログインボーナス*
*開催期間中、1日1回 最大7回 ログインボーナスをプレゼント！*
`呼符 X 1
`_2022-07-25 03:31:36_
--------
*9d78e90bb76b42970abd7495d7329768*
`登陆天数: 79天 / 577天
等级: 128
石头: 128
呼符: 27
体力: 63885.71333333333 / 137
友情点: 0 / 718585`
*連続ログイン2日目
※ログインが途切れるか、7日到達すると
1日目から再開されます*
`聖晶石 X 1
7月交換券(2022) X 1
`*7周年カウントダウンキャンペーン
特別ログインボーナス*
*開催期間中、1日1回 最大7回 ログインボーナスをプレゼント！*
`呼符 X 1
`_2022-07-25 03:31:44_
--------
*b6bbcdbd5addb82b8007d1a35f461999*
`登陆天数: 10天 / 697天
等级: 125
石头: 3
呼符: 0
体力: 28487.09 / 137
友情点: 0 / 924615`
*連続ログイン3日目
※ログインが途切れるか、7日到達すると
1日目から再開されます*
`叡智の猛火 X 1
7月交換券(2022) X 1
`*7周年カウントダウンキャンペーン
特別ログインボーナス*
*開催期間中、1日1回 最大7回 ログインボーナスをプレゼント！*
`呼符 X 1
`_2022-07-25 03:31:55_
--------
