【登录信息】
*318194637fc953496e5082ebcbeae7a2*
`登陆天数: 80天 / 1298天
等级: 141
石头: 494
呼符: 76
体力: 788.5566666666666 / 140
友情点: 2125 / 117430565`
*連続ログイン3日目
※ログインが途切れるか、7日到達すると
1日目から再開されます*
`叡智の猛火 X 1
7月交換券(2022) X 1
`*7周年カウントダウンキャンペーン
特別ログインボーナス*
*開催期間中、1日1回 最大7回 ログインボーナスをプレゼント！*
`黄金の果実 X 1
`_2022-07-26 03:33:12_
--------
*9d78e90bb76b42970abd7495d7329768*
`登陆天数: 80天 / 578天
等级: 128
石头: 128
呼符: 27
体力: 64174.03 / 137
友情点: 0 / 718585`
*連続ログイン3日目
※ログインが途切れるか、7日到達すると
1日目から再開されます*
`叡智の猛火 X 1
7月交換券(2022) X 1
`*7周年カウントダウンキャンペーン
特別ログインボーナス*
*開催期間中、1日1回 最大7回 ログインボーナスをプレゼント！*
`黄金の果実 X 1
`_2022-07-26 03:33:19_
--------
*b6bbcdbd5addb82b8007d1a35f461999*
`登陆天数: 11天 / 698天
等级: 125
石头: 3
呼符: 0
体力: 28775.406666666666 / 137
友情点: 0 / 924615`
*連続ログイン4日目
※ログインが途切れるか、7日到達すると
1日目から再開されます*
`聖晶石 X 1
7月交換券(2022) X 1
`*7周年カウントダウンキャンペーン
特別ログインボーナス*
*開催期間中、1日1回 最大7回 ログインボーナスをプレゼント！*
`黄金の果実 X 1
`_2022-07-26 03:33:30_
--------
