【登录信息】
*318194637fc953496e5082ebcbeae7a2*
`登陆天数: 81天 / 1299天
等级: 141
石头: 494
呼符: 76
体力: 1076.3033333333333 / 140
友情点: 255 / 117430820`
*連続ログイン4日目
※ログインが途切れるか、7日到達すると
1日目から再開されます*
`聖晶石 X 1
7月交換券(2022) X 1
`*7周年カウントダウンキャンペーン
特別ログインボーナス*
*開催期間中、1日1回 最大7回 ログインボーナスをプレゼント！*
`黄金の果実 X 1
`_2022-07-27 03:31:55_
--------
*9d78e90bb76b42970abd7495d7329768*
`登陆天数: 81天 / 579天
等级: 128
石头: 128
呼符: 27
体力: 64461.77333333333 / 137
友情点: 0 / 718585`
*連続ログイン4日目
※ログインが途切れるか、7日到達すると
1日目から再開されます*
`聖晶石 X 1
7月交換券(2022) X 1
`*7周年カウントダウンキャンペーン
特別ログインボーナス*
*開催期間中、1日1回 最大7回 ログインボーナスをプレゼント！*
`黄金の果実 X 1
`_2022-07-27 03:32:03_
--------
*b6bbcdbd5addb82b8007d1a35f461999*
`登陆天数: 12天 / 699天
等级: 125
石头: 3
呼符: 0
体力: 29063.153333333332 / 137
友情点: 0 / 924615`
*連続ログイン5日目
※ログインが途切れるか、7日到達すると
1日目から再開されます*
`叡智の猛火 X 2
7月交換券(2022) X 1
`*7周年カウントダウンキャンペーン
特別ログインボーナス*
*開催期間中、1日1回 最大7回 ログインボーナスをプレゼント！*
`黄金の果実 X 1
`_2022-07-27 03:32:13_
--------
