【登录信息】
*318194637fc953496e5082ebcbeae7a2*
`登陆天数: 82天 / 1300天
等级: 141
石头: 494
呼符: 76
体力: 1364.6466666666668 / 140
友情点: 425 / 117431245`
*連続ログイン5日目
※ログインが途切れるか、7日到達すると
1日目から再開されます*
`叡智の猛火 X 2
7月交換券(2022) X 1
`*7周年カウントダウンキャンペーン
特別ログインボーナス*
*開催期間中、1日1回 最大7回 ログインボーナスをプレゼント！*
`呼符 X 1
`_2022-07-28 03:33:38_
--------
*9d78e90bb76b42970abd7495d7329768*
`登陆天数: 82天 / 580天
等级: 128
石头: 128
呼符: 27
体力: 64750.11666666667 / 137
友情点: 0 / 718585`
*連続ログイン5日目
※ログインが途切れるか、7日到達すると
1日目から再開されます*
`叡智の猛火 X 2
7月交換券(2022) X 1
`*7周年カウントダウンキャンペーン
特別ログインボーナス*
*開催期間中、1日1回 最大7回 ログインボーナスをプレゼント！*
`呼符 X 1
`_2022-07-28 03:33:46_
--------
*b6bbcdbd5addb82b8007d1a35f461999*
`登陆天数: 13天 / 700天
等级: 125
石头: 3
呼符: 0
体力: 29351.493333333332 / 137
友情点: 0 / 924615`
*連続ログイン6日目
※ログインが途切れるか、7日到達すると
1日目から再開されます*
`聖晶石 X 2
7月交換券(2022) X 1
`*7周年カウントダウンキャンペーン
特別ログインボーナス*
*開催期間中、1日1回 最大7回 ログインボーナスをプレゼント！*
`呼符 X 1
`_2022-07-28 03:33:56_
--------
