【登录信息】
*318194637fc953496e5082ebcbeae7a2*
`登陆天数: 83天 / 1301天
等级: 141
石头: 494
呼符: 76
体力: 1652.27 / 140
友情点: 340 / 117431585`
*連続ログイン6日目
※ログインが途切れるか、7日到達すると
1日目から再開されます*
`聖晶石 X 2
7月交換券(2022) X 1
`_2022-07-29 03:31:45_
--------
*9d78e90bb76b42970abd7495d7329768*
`登陆天数: 83天 / 581天
等级: 128
石头: 128
呼符: 27
体力: 65037.74 / 137
友情点: 0 / 718585`
*連続ログイン6日目
※ログインが途切れるか、7日到達すると
1日目から再開されます*
`聖晶石 X 2
7月交換券(2022) X 1
`_2022-07-29 03:31:53_
--------
*b6bbcdbd5addb82b8007d1a35f461999*
`登陆天数: 14天 / 701天
等级: 125
石头: 3
呼符: 0
体力: 29639.12 / 137
友情点: 0 / 924615`
*連続ログイン7日間到達おめでとうございます！
明日は1日目からリスタートされます。*
`獣の足跡 X 1
呼符 X 1
7月交換券(2022) X 1
`_2022-07-29 03:32:03_
--------
