【登录信息】
*318194637fc953496e5082ebcbeae7a2*
`登陆天数: 84天 / 1302天
等级: 141
石头: 494
呼符: 76
体力: 1940.3033333333333 / 140
友情点: 255 / 117431840`
*連続ログイン7日間到達おめでとうございます！
明日は1日目からリスタートされます。*
`獣の足跡 X 1
呼符 X 1
7月交換券(2022) X 1
`_2022-07-30 03:31:55_
--------
*9d78e90bb76b42970abd7495d7329768*
`登陆天数: 84天 / 582天
等级: 128
石头: 128
呼符: 27
体力: 65325.77333333333 / 137
友情点: 0 / 718585`
*連続ログイン7日間到達おめでとうございます！
明日は1日目からリスタートされます。*
`獣の足跡 X 1
呼符 X 1
7月交換券(2022) X 1
`_2022-07-30 03:32:03_
--------
*b6bbcdbd5addb82b8007d1a35f461999*
`登陆天数: 15天 / 702天
等级: 125
石头: 3
呼符: 0
体力: 29927.153333333332 / 137
友情点: 0 / 924615`
*連続ログイン1日目
※ログインが途切れるか、7日到達すると
1日目から再開されます*
`フレンドポイント X 2000
7月交換券(2022) X 1
`_2022-07-30 03:32:13_
--------
