【登录信息】
*318194637fc953496e5082ebcbeae7a2*
`登陆天数: 85天 / 1303天
等级: 141
石头: 494
呼符: 76
体力: 2228.2366666666667 / 140
友情点: 170 / 117432010`
*連続ログイン1日目
※ログインが途切れるか、7日到達すると
1日目から再開されます*
`フレンドポイント X 2000
7月交換券(2022) X 1
`_2022-07-31 03:31:35_
--------
*9d78e90bb76b42970abd7495d7329768*
`登陆天数: 85天 / 583天
等级: 128
石头: 128
呼符: 27
体力: 65613.70666666667 / 137
友情点: 0 / 718585`
*連続ログイン1日目
※ログインが途切れるか、7日到達すると
1日目から再開されます*
`フレンドポイント X 2000
7月交換券(2022) X 1
`_2022-07-31 03:31:43_
--------
*b6bbcdbd5addb82b8007d1a35f461999*
`登陆天数: 16天 / 703天
等级: 125
石头: 3
呼符: 0
体力: 30215.083333333332 / 137
友情点: 0 / 924615`
*連続ログイン2日目
※ログインが途切れるか、7日到達すると
1日目から再開されます*
`聖晶石 X 1
7月交換券(2022) X 1
`_2022-07-31 03:31:53_
--------
