【登录信息】
*318194637fc953496e5082ebcbeae7a2*
`登陆天数: 42天 / 1698天
等级: 141
石头: 5
呼符: 0
体力: 26872.286666666667 / 140
友情点: 7565 / 3457525`
*連続ログイン7日間到達おめでとうございます！
明日は1日目からリスタートされます。*
`獣の足跡 X 1
呼符 X 1
9月交換券(2023) X 1
`*サーヴァント・サマー・フェスティバル2023！開幕記念 ログインボーナス*
*開催期間中、1日1回 最大21回ログインボーナスをプレゼント！*
`白銀の果実 X 1
`_2023-09-01 03:31:28_
--------
*9d78e90bb76b42970abd7495d7329768*
`登陆天数: 42天 / 978天
等级: 128
石头: 640
呼符: 68
体力: 58214.69 / 137
友情点: 70 / 847140`
*連続ログイン7日間到達おめでとうございます！
明日は1日目からリスタートされます。*
`獣の足跡 X 1
呼符 X 1
9月交換券(2023) X 1
`*サーヴァント・サマー・フェスティバル2023！開幕記念 ログインボーナス*
*開催期間中、1日1回 最大21回ログインボーナスをプレゼント！*
`白銀の果実 X 1
`_2023-09-01 03:31:37_
--------
*b6bbcdbd5addb82b8007d1a35f461999*
`登陆天数: 42天 / 1098天
等级: 125
石头: 0
呼符: 0
体力: 144551.07 / 137
友情点: 140 / 956160`
*連続ログイン7日間到達おめでとうございます！
明日は1日目からリスタートされます。*
`獣の足跡 X 1
呼符 X 1
9月交換券(2023) X 1
`*サーヴァント・サマー・フェスティバル2023！開幕記念 ログインボーナス*
*開催期間中、1日1回 最大21回ログインボーナスをプレゼント！*
`白銀の果実 X 1
`_2023-09-01 03:31:48_
--------
