【登录信息】
*318194637fc953496e5082ebcbeae7a2*
`登陆天数: 43天 / 1699天
等级: 141
石头: 5
呼符: 0
体力: 27160.266666666666 / 140
友情点: 2805 / 3460330`
*連続ログイン1日目
※ログインが途切れるか、7日到達すると
1日目から再開されます*
`フレンドポイント X 2000
9月交換券(2023) X 1
`*ハンティングクエスト 第13弾
特別ログインボーナス*
*開催期間中、1日1回 最大7回ログインボーナスをプレゼント！*
`黄金の果実 X 1
`_2023-09-02 03:31:23_
--------
*9d78e90bb76b42970abd7495d7329768*
`登陆天数: 43天 / 979天
等级: 128
石头: 640
呼符: 68
体力: 58502.666666666664 / 137
友情点: 40 / 847180`
*連続ログイン1日目
※ログインが途切れるか、7日到達すると
1日目から再開されます*
`フレンドポイント X 2000
9月交換券(2023) X 1
`*ハンティングクエスト 第13弾
特別ログインボーナス*
*開催期間中、1日1回 最大7回ログインボーナスをプレゼント！*
`黄金の果実 X 1
`_2023-09-02 03:31:31_
--------
*b6bbcdbd5addb82b8007d1a35f461999*
`登陆天数: 43天 / 1099天
等级: 125
石头: 0
呼符: 0
体力: 144839.04666666666 / 137
友情点: 50 / 956210`
*連続ログイン1日目
※ログインが途切れるか、7日到達すると
1日目から再開されます*
`フレンドポイント X 2000
9月交換券(2023) X 1
`*ハンティングクエスト 第13弾
特別ログインボーナス*
*開催期間中、1日1回 最大7回ログインボーナスをプレゼント！*
`黄金の果実 X 1
`_2023-09-02 03:31:41_
--------
