【登录信息】
*318194637fc953496e5082ebcbeae7a2*
`登陆天数: 44天 / 1700天
等级: 141
石头: 5
呼符: 0
体力: 27448.33 / 140
友情点: 3825 / 3464165`
*連続ログイン2日目
※ログインが途切れるか、7日到達すると
1日目から再開されます*
`聖晶石 X 1
9月交換券(2023) X 1
`*ハンティングクエスト 第13弾
特別ログインボーナス*
*開催期間中、1日1回 最大7回ログインボーナスをプレゼント！*
`黄金の果実 X 1
`_2023-09-03 03:31:42_
--------
*9d78e90bb76b42970abd7495d7329768*
`登陆天数: 44天 / 980天
等级: 128
石头: 640
呼符: 68
体力: 58790.73333333333 / 137
友情点: 60 / 847240`
*連続ログイン2日目
※ログインが途切れるか、7日到達すると
1日目から再開されます*
`聖晶石 X 1
9月交換券(2023) X 1
`*ハンティングクエスト 第13弾
特別ログインボーナス*
*開催期間中、1日1回 最大7回ログインボーナスをプレゼント！*
`黄金の果実 X 1
`_2023-09-03 03:31:50_
--------
*b6bbcdbd5addb82b8007d1a35f461999*
`登陆天数: 44天 / 1100天
等级: 125
石头: 0
呼符: 0
体力: 145127.11 / 137
友情点: 60 / 956270`
*連続ログイン2日目
※ログインが途切れるか、7日到達すると
1日目から再開されます*
`聖晶石 X 1
9月交換券(2023) X 1
`*ハンティングクエスト 第13弾
特別ログインボーナス*
*開催期間中、1日1回 最大7回ログインボーナスをプレゼント！*
`黄金の果実 X 1
`_2023-09-03 03:32:01_
--------
