【登录信息】
*318194637fc953496e5082ebcbeae7a2*
`登陆天数: 2天 / 1702天
等级: 141
石头: 5
呼符: 0
体力: 28312.3 / 140
友情点: 4420 / 3472495`
*連続ログイン2日目
※ログインが途切れるか、7日到達すると
1日目から再開されます*
`聖晶石 X 1
9月交換券(2023) X 1
`*ハンティングクエスト 第13弾
特別ログインボーナス*
*開催期間中、1日1回 最大7回ログインボーナスをプレゼント！*
`黄金の果実 X 1
`_2023-09-06 03:31:32_
--------
*9d78e90bb76b42970abd7495d7329768*
`登陆天数: 2天 / 982天
等级: 128
石头: 640
呼符: 68
体力: 59654.7 / 137
友情点: 80 / 847430`
*連続ログイン2日目
※ログインが途切れるか、7日到達すると
1日目から再開されます*
`聖晶石 X 1
9月交換券(2023) X 1
`*ハンティングクエスト 第13弾
特別ログインボーナス*
*開催期間中、1日1回 最大7回ログインボーナスをプレゼント！*
`黄金の果実 X 1
`_2023-09-06 03:31:41_
--------
*b6bbcdbd5addb82b8007d1a35f461999*
`登陆天数: 2天 / 1102天
等级: 125
石头: 0
呼符: 0
体力: 145991.08 / 137
友情点: 80 / 956490`
*連続ログイン2日目
※ログインが途切れるか、7日到達すると
1日目から再開されます*
`聖晶石 X 1
9月交換券(2023) X 1
`*ハンティングクエスト 第13弾
特別ログインボーナス*
*開催期間中、1日1回 最大7回ログインボーナスをプレゼント！*
`黄金の果実 X 1
`_2023-09-06 03:31:51_
--------
