【登录信息】
*318194637fc953496e5082ebcbeae7a2*
`登陆天数: 3天 / 1703天
等级: 141
石头: 5
呼符: 0
体力: 28600.343333333334 / 140
友情点: 3400 / 3475895`
*連続ログイン3日目
※ログインが途切れるか、7日到達すると
1日目から再開されます*
`叡智の業火 X 1
9月交換券(2023) X 1
`*ハンティングクエスト 第13弾
特別ログインボーナス*
*開催期間中、1日1回 最大7回ログインボーナスをプレゼント！*
`黄金の果実 X 1
`_2023-09-07 03:31:46_
--------
*9d78e90bb76b42970abd7495d7329768*
`登陆天数: 3天 / 983天
等级: 128
石头: 640
呼符: 68
体力: 59942.746666666666 / 137
友情点: 210 / 847640`
*連続ログイン3日目
※ログインが途切れるか、7日到達すると
1日目から再開されます*
`叡智の業火 X 1
9月交換券(2023) X 1
`*ハンティングクエスト 第13弾
特別ログインボーナス*
*開催期間中、1日1回 最大7回ログインボーナスをプレゼント！*
`黄金の果実 X 1
`_2023-09-07 03:31:54_
--------
*b6bbcdbd5addb82b8007d1a35f461999*
`登陆天数: 3天 / 1103天
等级: 125
石头: 0
呼符: 0
体力: 146279.12333333332 / 137
友情点: 150 / 956650`
*連続ログイン3日目
※ログインが途切れるか、7日到達すると
1日目から再開されます*
`叡智の業火 X 1
9月交換券(2023) X 1
`*ハンティングクエスト 第13弾
特別ログインボーナス*
*開催期間中、1日1回 最大7回ログインボーナスをプレゼント！*
`黄金の果実 X 1
`_2023-09-07 03:32:05_
--------
