【登录信息】
*318194637fc953496e5082ebcbeae7a2*
`登陆天数: 5天 / 1705天
等级: 141
石头: 5
呼符: 0
体力: 29176.37 / 140
友情点: 1870 / 3480060`
*連続ログイン5日目
※ログインが途切れるか、7日到達すると
1日目から再開されます*
`叡智の業火 X 2
9月交換券(2023) X 1
`_2023-09-09 03:31:54_
--------
*9d78e90bb76b42970abd7495d7329768*
`登陆天数: 5天 / 985天
等级: 128
石头: 640
呼符: 68
体力: 60518.77333333333 / 137
友情点: 130 / 847940`
*連続ログイン5日目
※ログインが途切れるか、7日到達すると
1日目から再開されます*
`叡智の業火 X 2
9月交換券(2023) X 1
`_2023-09-09 03:32:03_
--------
*b6bbcdbd5addb82b8007d1a35f461999*
`登陆天数: 5天 / 1105天
等级: 125
石头: 0
呼符: 0
体力: 146855.15333333332 / 137
友情点: 170 / 956960`
*連続ログイン5日目
※ログインが途切れるか、7日到達すると
1日目から再開されます*
`叡智の業火 X 2
9月交換券(2023) X 1
`_2023-09-09 03:32:14_
--------
