【登录信息】
*318194637fc953496e5082ebcbeae7a2*
`登陆天数: 6天 / 1706天
等级: 141
石头: 5
呼符: 0
体力: 29464.343333333334 / 140
友情点: 2040 / 3482120`
*連続ログイン6日目
※ログインが途切れるか、7日到達すると
1日目から再開されます*
`聖晶石 X 2
9月交換券(2023) X 1
`_2023-09-10 03:31:44_
--------
*9d78e90bb76b42970abd7495d7329768*
`登陆天数: 6天 / 986天
等级: 128
石头: 640
呼符: 68
体力: 60806.75 / 137
友情点: 150 / 848090`
*連続ログイン6日目
※ログインが途切れるか、7日到達すると
1日目から再開されます*
`聖晶石 X 2
9月交換券(2023) X 1
`_2023-09-10 03:31:55_
--------
*b6bbcdbd5addb82b8007d1a35f461999*
`登陆天数: 6天 / 1106天
等级: 125
石头: 0
呼符: 0
体力: 147143.13666666666 / 137
友情点: 90 / 957070`
*連続ログイン6日目
※ログインが途切れるか、7日到達すると
1日目から再開されます*
`聖晶石 X 2
9月交換券(2023) X 1
`_2023-09-10 03:32:08_
--------
