【登录信息】
*318194637fc953496e5082ebcbeae7a2*
`登陆天数: 7天 / 1707天
等级: 141
石头: 5
呼符: 0
体力: 29752.306666666667 / 140
友情点: 2125 / 3484245`
*連続ログイン7日間到達おめでとうございます！
明日は1日目からリスタートされます。*
`獣の足跡 X 1
呼符 X 1
9月交換券(2023) X 1
`_2023-09-11 03:31:34_
--------
*9d78e90bb76b42970abd7495d7329768*
`登陆天数: 7天 / 987天
等级: 128
石头: 640
呼符: 68
体力: 61094.71666666667 / 137
友情点: 110 / 848200`
*連続ログイン7日間到達おめでとうございます！
明日は1日目からリスタートされます。*
`獣の足跡 X 1
呼符 X 1
9月交換券(2023) X 1
`_2023-09-11 03:31:45_
--------
*b6bbcdbd5addb82b8007d1a35f461999*
`登陆天数: 7天 / 1107天
等级: 125
石头: 0
呼符: 0
体力: 147431.10333333333 / 137
友情点: 120 / 957390`
*連続ログイン7日間到達おめでとうございます！
明日は1日目からリスタートされます。*
`獣の足跡 X 1
呼符 X 1
9月交換券(2023) X 1
`_2023-09-11 03:31:58_
--------
