【登录信息】
*318194637fc953496e5082ebcbeae7a2*
`登陆天数: 8天 / 1708天
等级: 141
石头: 5
呼符: 0
体力: 30040.333333333332 / 140
友情点: 2380 / 3486645`
*連続ログイン1日目
※ログインが途切れるか、7日到達すると
1日目から再開されます*
`フレンドポイント X 2000
9月交換券(2023) X 1
`_2023-09-12 03:31:42_
--------
*9d78e90bb76b42970abd7495d7329768*
`登陆天数: 8天 / 988天
等级: 128
石头: 640
呼符: 68
体力: 61382.74 / 137
友情点: 140 / 848340`
*連続ログイン1日目
※ログインが途切れるか、7日到達すると
1日目から再開されます*
`フレンドポイント X 2000
9月交換券(2023) X 1
`_2023-09-12 03:31:52_
--------
*b6bbcdbd5addb82b8007d1a35f461999*
`登陆天数: 8天 / 1108天
等级: 125
石头: 0
呼符: 0
体力: 147719.12666666668 / 137
友情点: 90 / 957480`
*連続ログイン1日目
※ログインが途切れるか、7日到達すると
1日目から再開されます*
`フレンドポイント X 2000
9月交換券(2023) X 1
`_2023-09-12 03:32:05_
--------
