【登录信息】
*318194637fc953496e5082ebcbeae7a2*
`登陆天数: 10天 / 1710天
等级: 141
石头: 5
呼符: 0
体力: 30616.353333333333 / 140
友情点: 3230 / 3494345`
*連続ログイン3日目
※ログインが途切れるか、7日到達すると
1日目から再開されます*
`叡智の業火 X 1
9月交換券(2023) X 1
`*日替りログインボーナス*
*開催期間中、1日1回 2週間日替りでログインボーナスをプレゼント！*
`巡霊の葉 X 30
`_2023-09-14 03:31:48_
--------
*9d78e90bb76b42970abd7495d7329768*
`登陆天数: 10天 / 990天
等级: 128
石头: 640
呼符: 68
体力: 61958.76 / 137
友情点: 190 / 848700`
*連続ログイン3日目
※ログインが途切れるか、7日到達すると
1日目から再開されます*
`叡智の業火 X 1
9月交換券(2023) X 1
`*日替りログインボーナス*
*開催期間中、1日1回 2週間日替りでログインボーナスをプレゼント！*
`巡霊の葉 X 30
`_2023-09-14 03:31:58_
--------
*b6bbcdbd5addb82b8007d1a35f461999*
`登陆天数: 10天 / 1110天
等级: 125
石头: 0
呼符: 0
体力: 148295.14666666667 / 137
友情点: 180 / 957850`
*連続ログイン3日目
※ログインが途切れるか、7日到達すると
1日目から再開されます*
`叡智の業火 X 1
9月交換券(2023) X 1
`*日替りログインボーナス*
*開催期間中、1日1回 2週間日替りでログインボーナスをプレゼント！*
`巡霊の葉 X 30
`_2023-09-14 03:32:11_
--------
