【登录信息】
*318194637fc953496e5082ebcbeae7a2*
`登陆天数: 11天 / 1711天
等级: 141
石头: 5
呼符: 0
体力: 30904.296666666665 / 140
友情点: 5440 / 3499785`
*連続ログイン4日目
※ログインが途切れるか、7日到達すると
1日目から再開されます*
`聖晶石 X 1
9月交換券(2023) X 1
`*日替りログインボーナス*
*開催期間中、1日1回 2週間日替りでログインボーナスをプレゼント！*
`巡霊の葉 X 30
`_2023-09-15 03:31:31_
--------
*9d78e90bb76b42970abd7495d7329768*
`登陆天数: 11天 / 991天
等级: 128
石头: 640
呼符: 68
体力: 62246.706666666665 / 137
友情点: 10 / 848710`
*連続ログイン4日目
※ログインが途切れるか、7日到達すると
1日目から再開されます*
`聖晶石 X 1
9月交換券(2023) X 1
`*日替りログインボーナス*
*開催期間中、1日1回 2週間日替りでログインボーナスをプレゼント！*
`巡霊の葉 X 30
`_2023-09-15 03:31:42_
--------
*b6bbcdbd5addb82b8007d1a35f461999*
`登陆天数: 11天 / 1111天
等级: 125
石头: 0
呼符: 0
体力: 148583.09333333332 / 137
友情点: 50 / 957900`
*連続ログイン4日目
※ログインが途切れるか、7日到達すると
1日目から再開されます*
`聖晶石 X 1
9月交換券(2023) X 1
`*日替りログインボーナス*
*開催期間中、1日1回 2週間日替りでログインボーナスをプレゼント！*
`巡霊の葉 X 30
`_2023-09-15 03:31:55_
--------
