【登录信息】
*318194637fc953496e5082ebcbeae7a2*
`登陆天数: 12天 / 1712天
等级: 141
石头: 5
呼符: 0
体力: 31192.3 / 140
友情点: 1870 / 3501655`
*連続ログイン5日目
※ログインが途切れるか、7日到達すると
1日目から再開されます*
`叡智の業火 X 2
9月交換券(2023) X 1
`*日替りログインボーナス*
*開催期間中、1日1回 2週間日替りでログインボーナスをプレゼント！*
`聖晶石 X 2
巡霊の葉 X 100
`_2023-09-16 03:31:33_
--------
*9d78e90bb76b42970abd7495d7329768*
`登陆天数: 12天 / 992天
等级: 128
石头: 640
呼符: 68
体力: 62534.70333333333 / 137
友情点: 80 / 848790`
*連続ログイン5日目
※ログインが途切れるか、7日到達すると
1日目から再開されます*
`叡智の業火 X 2
9月交換券(2023) X 1
`*日替りログインボーナス*
*開催期間中、1日1回 2週間日替りでログインボーナスをプレゼント！*
`聖晶石 X 2
巡霊の葉 X 100
`_2023-09-16 03:31:41_
--------
*b6bbcdbd5addb82b8007d1a35f461999*
`登陆天数: 12天 / 1112天
等级: 125
石头: 0
呼符: 0
体力: 148871.08333333334 / 137
友情点: 120 / 958020`
*連続ログイン5日目
※ログインが途切れるか、7日到達すると
1日目から再開されます*
`叡智の業火 X 2
9月交換券(2023) X 1
`*日替りログインボーナス*
*開催期間中、1日1回 2週間日替りでログインボーナスをプレゼント！*
`聖晶石 X 2
巡霊の葉 X 100
`_2023-09-16 03:31:53_
--------
