【登录信息】
*318194637fc953496e5082ebcbeae7a2*
`登陆天数: 14天 / 1714天
等级: 141
石头: 5
呼符: 0
体力: 31768.303333333333 / 140
友情点: 2295 / 3506160`
*連続ログイン7日間到達おめでとうございます！
明日は1日目からリスタートされます。*
`獣の足跡 X 1
呼符 X 1
9月交換券(2023) X 1
`*日替りログインボーナス*
*開催期間中、1日1回 2週間日替りでログインボーナスをプレゼント！*
`巡霊の葉 X 30
`_2023-09-18 03:31:33_
--------
*9d78e90bb76b42970abd7495d7329768*
`登陆天数: 14天 / 994天
等级: 128
石头: 640
呼符: 68
体力: 63110.706666666665 / 137
友情点: 50 / 848900`
*連続ログイン7日間到達おめでとうございます！
明日は1日目からリスタートされます。*
`獣の足跡 X 1
呼符 X 1
9月交換券(2023) X 1
`*日替りログインボーナス*
*開催期間中、1日1回 2週間日替りでログインボーナスをプレゼント！*
`巡霊の葉 X 30
`_2023-09-18 03:31:42_
--------
*b6bbcdbd5addb82b8007d1a35f461999*
`登陆天数: 14天 / 1114天
等级: 125
石头: 0
呼符: 0
体力: 149447.08666666667 / 137
友情点: 110 / 958620`
*連続ログイン7日間到達おめでとうございます！
明日は1日目からリスタートされます。*
`獣の足跡 X 1
呼符 X 1
9月交換券(2023) X 1
`*日替りログインボーナス*
*開催期間中、1日1回 2週間日替りでログインボーナスをプレゼント！*
`巡霊の葉 X 30
`_2023-09-18 03:31:54_
--------
