【登录信息】
*318194637fc953496e5082ebcbeae7a2*
`登陆天数: 15天 / 1715天
等级: 141
石头: 5
呼符: 0
体力: 32056.286666666667 / 140
友情点: 2210 / 3508370`
*連続ログイン1日目
※ログインが途切れるか、7日到達すると
1日目から再開されます*
`フレンドポイント X 2000
9月交換券(2023) X 1
`*日替りログインボーナス*
*開催期間中、1日1回 2週間日替りでログインボーナスをプレゼント！*
`巡霊の葉 X 30
`_2023-09-19 03:31:28_
--------
*9d78e90bb76b42970abd7495d7329768*
`登陆天数: 15天 / 995天
等级: 128
石头: 640
呼符: 68
体力: 63398.68666666667 / 137
友情点: 110 / 849010`
*連続ログイン1日目
※ログインが途切れるか、7日到達すると
1日目から再開されます*
`フレンドポイント X 2000
9月交換券(2023) X 1
`*日替りログインボーナス*
*開催期間中、1日1回 2週間日替りでログインボーナスをプレゼント！*
`巡霊の葉 X 30
`_2023-09-19 03:31:37_
--------
*b6bbcdbd5addb82b8007d1a35f461999*
`登陆天数: 15天 / 1115天
等级: 125
石头: 0
呼符: 0
体力: 149735.06666666668 / 137
友情点: 60 / 958680`
*連続ログイン1日目
※ログインが途切れるか、7日到達すると
1日目から再開されます*
`フレンドポイント X 2000
9月交換券(2023) X 1
`*日替りログインボーナス*
*開催期間中、1日1回 2週間日替りでログインボーナスをプレゼント！*
`巡霊の葉 X 30
`_2023-09-19 03:31:47_
--------
