【登录信息】
*318194637fc953496e5082ebcbeae7a2*
`登陆天数: 17天 / 1717天
等级: 141
石头: 5
呼符: 0
体力: 32632.3 / 140
友情点: 2975 / 3514795`
*連続ログイン3日目
※ログインが途切れるか、7日到達すると
1日目から再開されます*
`叡智の業火 X 1
9月交換券(2023) X 1
`*日替りログインボーナス*
*開催期間中、1日1回 2週間日替りでログインボーナスをプレゼント！*
`巡霊の葉 X 30
`_2023-09-21 03:31:32_
--------
*9d78e90bb76b42970abd7495d7329768*
`登陆天数: 17天 / 997天
等级: 128
石头: 640
呼符: 68
体力: 63974.70333333333 / 137
友情点: 90 / 849310`
*連続ログイン3日目
※ログインが途切れるか、7日到達すると
1日目から再開されます*
`叡智の業火 X 1
9月交換券(2023) X 1
`*日替りログインボーナス*
*開催期間中、1日1回 2週間日替りでログインボーナスをプレゼント！*
`巡霊の葉 X 30
`_2023-09-21 03:31:41_
--------
*b6bbcdbd5addb82b8007d1a35f461999*
`登陆天数: 17天 / 1117天
等级: 125
石头: 0
呼符: 0
体力: 150311.08333333334 / 137
友情点: 100 / 958920`
*連続ログイン3日目
※ログインが途切れるか、7日到達すると
1日目から再開されます*
`叡智の業火 X 1
9月交換券(2023) X 1
`*日替りログインボーナス*
*開催期間中、1日1回 2週間日替りでログインボーナスをプレゼント！*
`巡霊の葉 X 30
`_2023-09-21 03:31:53_
--------
