【登录信息】
*318194637fc953496e5082ebcbeae7a2*
`登陆天数: 18天 / 1718天
等级: 141
石头: 5
呼符: 0
体力: 32920.30333333334 / 140
友情点: 4250 / 3519255`
*連続ログイン4日目
※ログインが途切れるか、7日到達すると
1日目から再開されます*
`聖晶石 X 1
9月交換券(2023) X 1
`*日替りログインボーナス*
*開催期間中、1日1回 2週間日替りでログインボーナスをプレゼント！*
`巡霊の葉 X 30
`_2023-09-22 03:31:33_
--------
*9d78e90bb76b42970abd7495d7329768*
`登陆天数: 18天 / 998天
等级: 128
石头: 640
呼符: 68
体力: 64262.70333333333 / 137
友情点: 130 / 849450`
*連続ログイン4日目
※ログインが途切れるか、7日到達すると
1日目から再開されます*
`聖晶石 X 1
9月交換券(2023) X 1
`*日替りログインボーナス*
*開催期間中、1日1回 2週間日替りでログインボーナスをプレゼント！*
`巡霊の葉 X 30
`_2023-09-22 03:31:42_
--------
*b6bbcdbd5addb82b8007d1a35f461999*
`登陆天数: 18天 / 1118天
等级: 125
石头: 0
呼符: 0
体力: 150599.08333333334 / 137
友情点: 190 / 959130`
*連続ログイン4日目
※ログインが途切れるか、7日到達すると
1日目から再開されます*
`聖晶石 X 1
9月交換券(2023) X 1
`*日替りログインボーナス*
*開催期間中、1日1回 2週間日替りでログインボーナスをプレゼント！*
`巡霊の葉 X 30
`_2023-09-22 03:31:52_
--------
