【登录信息】
*318194637fc953496e5082ebcbeae7a2*
`登陆天数: 20天 / 1720天
等级: 141
石头: 5
呼符: 0
体力: 33496.29 / 140
友情点: 3995 / 3529985`
*連続ログイン6日目
※ログインが途切れるか、7日到達すると
1日目から再開されます*
`聖晶石 X 2
9月交換券(2023) X 1
`*日替りログインボーナス*
*開催期間中、1日1回 2週間日替りでログインボーナスをプレゼント！*
`巡霊の葉 X 30
`_2023-09-24 03:31:29_
--------
*9d78e90bb76b42970abd7495d7329768*
`登陆天数: 20天 / 1000天
等级: 128
石头: 640
呼符: 68
体力: 64838.693333333336 / 137
友情点: 130 / 849620`
*連続ログイン6日目
※ログインが途切れるか、7日到達すると
1日目から再開されます*
`聖晶石 X 2
9月交換券(2023) X 1
`*日替りログインボーナス*
*開催期間中、1日1回 2週間日替りでログインボーナスをプレゼント！*
`巡霊の葉 X 30
`_2023-09-24 03:31:38_
--------
*b6bbcdbd5addb82b8007d1a35f461999*
`登陆天数: 20天 / 1120天
等级: 125
石头: 0
呼符: 0
体力: 151175.07 / 137
友情点: 80 / 959230`
*連続ログイン6日目
※ログインが途切れるか、7日到達すると
1日目から再開されます*
`聖晶石 X 2
9月交換券(2023) X 1
`*日替りログインボーナス*
*開催期間中、1日1回 2週間日替りでログインボーナスをプレゼント！*
`巡霊の葉 X 30
`_2023-09-24 03:31:49_
--------
