【登录信息】
*318194637fc953496e5082ebcbeae7a2*
`登陆天数: 21天 / 1721天
等级: 141
石头: 5
呼符: 0
体力: 33784.31 / 140
友情点: 1020 / 3531015`
*連続ログイン7日間到達おめでとうございます！
明日は1日目からリスタートされます。*
`獣の足跡 X 1
呼符 X 1
9月交換券(2023) X 1
`*日替りログインボーナス*
*開催期間中、1日1回 2週間日替りでログインボーナスをプレゼント！*
`巡霊の葉 X 30
`_2023-09-25 03:31:35_
--------
*9d78e90bb76b42970abd7495d7329768*
`登陆天数: 21天 / 1001天
等级: 128
石头: 640
呼符: 68
体力: 65126.71333333333 / 137
友情点: 80 / 849700`
*連続ログイン7日間到達おめでとうございます！
明日は1日目からリスタートされます。*
`獣の足跡 X 1
呼符 X 1
9月交換券(2023) X 1
`*日替りログインボーナス*
*開催期間中、1日1回 2週間日替りでログインボーナスをプレゼント！*
`巡霊の葉 X 30
`_2023-09-25 03:31:44_
--------
*b6bbcdbd5addb82b8007d1a35f461999*
`登陆天数: 21天 / 1121天
等级: 125
石头: 0
呼符: 0
体力: 151463.09333333332 / 137
友情点: 130 / 959360`
*連続ログイン7日間到達おめでとうございます！
明日は1日目からリスタートされます。*
`獣の足跡 X 1
呼符 X 1
9月交換券(2023) X 1
`*日替りログインボーナス*
*開催期間中、1日1回 2週間日替りでログインボーナスをプレゼント！*
`巡霊の葉 X 30
`_2023-09-25 03:31:55_
--------
