【登录信息】
*318194637fc953496e5082ebcbeae7a2*
`登陆天数: 22天 / 1722天
等级: 141
石头: 5
呼符: 0
体力: 34072.28333333333 / 140
友情点: 4530 / 3535785`
*連続ログイン1日目
※ログインが途切れるか、7日到達すると
1日目から再開されます*
`フレンドポイント X 2000
9月交換券(2023) X 1
`*日替りログインボーナス*
*開催期間中、1日1回 2週間日替りでログインボーナスをプレゼント！*
`巡霊の葉 X 30
`_2023-09-26 03:31:27_
--------
*9d78e90bb76b42970abd7495d7329768*
`登陆天数: 22天 / 1002天
等级: 128
石头: 640
呼符: 68
体力: 65414.68666666667 / 137
友情点: 80 / 849780`
*連続ログイン1日目
※ログインが途切れるか、7日到達すると
1日目から再開されます*
`フレンドポイント X 2000
9月交換券(2023) X 1
`*日替りログインボーナス*
*開催期間中、1日1回 2週間日替りでログインボーナスをプレゼント！*
`巡霊の葉 X 30
`_2023-09-26 03:31:36_
--------
*b6bbcdbd5addb82b8007d1a35f461999*
`登陆天数: 22天 / 1122天
等级: 125
石头: 0
呼符: 0
体力: 151751.06333333332 / 137
友情点: 140 / 959500`
*連続ログイン1日目
※ログインが途切れるか、7日到達すると
1日目から再開されます*
`フレンドポイント X 2000
9月交換券(2023) X 1
`*日替りログインボーナス*
*開催期間中、1日1回 2週間日替りでログインボーナスをプレゼント！*
`巡霊の葉 X 30
`_2023-09-26 03:31:47_
--------
