【登录信息】
*318194637fc953496e5082ebcbeae7a2*
`登陆天数: 23天 / 1723天
等级: 141
石头: 5
呼符: 0
体力: 34360.32 / 140
友情点: 2465 / 3538250`
*連続ログイン2日目
※ログインが途切れるか、7日到達すると
1日目から再開されます*
`聖晶石 X 1
9月交換券(2023) X 1
`*日替りログインボーナス*
*開催期間中、1日1回 2週間日替りでログインボーナスをプレゼント！*
`聖晶石 X 3
巡霊の葉 X 50
`_2023-09-27 03:31:38_
--------
*9d78e90bb76b42970abd7495d7329768*
`登陆天数: 23天 / 1003天
等级: 128
石头: 640
呼符: 68
体力: 65702.72 / 137
友情点: 180 / 849960`
*連続ログイン2日目
※ログインが途切れるか、7日到達すると
1日目から再開されます*
`聖晶石 X 1
9月交換券(2023) X 1
`*日替りログインボーナス*
*開催期間中、1日1回 2週間日替りでログインボーナスをプレゼント！*
`聖晶石 X 3
巡霊の葉 X 50
`_2023-09-27 03:31:47_
--------
*b6bbcdbd5addb82b8007d1a35f461999*
`登陆天数: 23天 / 1123天
等级: 125
石头: 0
呼符: 0
体力: 152039.10333333333 / 137
友情点: 150 / 959650`
*連続ログイン2日目
※ログインが途切れるか、7日到達すると
1日目から再開されます*
`聖晶石 X 1
9月交換券(2023) X 1
`*日替りログインボーナス*
*開催期間中、1日1回 2週間日替りでログインボーナスをプレゼント！*
`聖晶石 X 3
巡霊の葉 X 50
`_2023-09-27 03:31:58_
--------
