【登录信息】
*318194637fc953496e5082ebcbeae7a2*
`登陆天数: 24天 / 1724天
等级: 141
石头: 5
呼符: 0
体力: 34648.30333333334 / 140
友情点: 1700 / 3539950`
*連続ログイン3日目
※ログインが途切れるか、7日到達すると
1日目から再開されます*
`叡智の業火 X 1
9月交換券(2023) X 1
`*ワンジナ・ワールドツアー！ ～大精霊と巡る世界一周～開幕記念 ログインボーナス*
*開催期間中、1日1回 最大21回ログインボーナスをプレゼント！*
`黄金の果実 X 1
`_2023-09-28 03:31:33_
--------
*9d78e90bb76b42970abd7495d7329768*
`登陆天数: 24天 / 1004天
等级: 128
石头: 640
呼符: 68
体力: 65990.70666666667 / 137
友情点: 80 / 850040`
*連続ログイン3日目
※ログインが途切れるか、7日到達すると
1日目から再開されます*
`叡智の業火 X 1
9月交換券(2023) X 1
`*ワンジナ・ワールドツアー！ ～大精霊と巡る世界一周～開幕記念 ログインボーナス*
*開催期間中、1日1回 最大21回ログインボーナスをプレゼント！*
`黄金の果実 X 1
`_2023-09-28 03:31:42_
--------
*b6bbcdbd5addb82b8007d1a35f461999*
`登陆天数: 24天 / 1124天
等级: 125
石头: 0
呼符: 0
体力: 152327.08333333334 / 137
友情点: 160 / 959860`
*連続ログイン3日目
※ログインが途切れるか、7日到達すると
1日目から再開されます*
`叡智の業火 X 1
9月交換券(2023) X 1
`*ワンジナ・ワールドツアー！ ～大精霊と巡る世界一周～開幕記念 ログインボーナス*
*開催期間中、1日1回 最大21回ログインボーナスをプレゼント！*
`黄金の果実 X 1
`_2023-09-28 03:31:53_
--------
