【登录信息】
*318194637fc953496e5082ebcbeae7a2*
`登陆天数: 25天 / 1725天
等级: 141
石头: 5
呼符: 0
体力: 34936.28333333333 / 140
友情点: 4250 / 3544200`
*連続ログイン4日目
※ログインが途切れるか、7日到達すると
1日目から再開されます*
`聖晶石 X 1
9月交換券(2023) X 1
`*「Fate/Samurai Remnant」発売記念 特別ログインボーナス*
*開催期間中、初回ログインで「限定概念礼装」をプレゼント！*
`Samurai Remnant X 1
`_2023-09-29 03:31:27_
--------
*9d78e90bb76b42970abd7495d7329768*
`登陆天数: 25天 / 1005天
等级: 128
石头: 640
呼符: 68
体力: 66278.68666666666 / 137
友情点: 30 / 850070`
*連続ログイン4日目
※ログインが途切れるか、7日到達すると
1日目から再開されます*
`聖晶石 X 1
9月交換券(2023) X 1
`*「Fate/Samurai Remnant」発売記念 特別ログインボーナス*
*開催期間中、初回ログインで「限定概念礼装」をプレゼント！*
`Samurai Remnant X 1
`_2023-09-29 03:31:36_
--------
*b6bbcdbd5addb82b8007d1a35f461999*
`登陆天数: 25天 / 1125天
等级: 125
石头: 0
呼符: 0
体力: 152615.06666666668 / 137
友情点: 10 / 959870`
*連続ログイン4日目
※ログインが途切れるか、7日到達すると
1日目から再開されます*
`聖晶石 X 1
9月交換券(2023) X 1
`*「Fate/Samurai Remnant」発売記念 特別ログインボーナス*
*開催期間中、初回ログインで「限定概念礼装」をプレゼント！*
`Samurai Remnant X 1
`_2023-09-29 03:31:47_
--------
