【登录信息】
*318194637fc953496e5082ebcbeae7a2*
`登陆天数: 106天 / 2611天
等级: 143
石头: 2182
呼符: 100
体力: 79681.05666666667 / 141
友情点: 85 / 9672205`
*連続ログイン1日目
※ログインが途切れるか、7日到達すると
1日目から再開されます*
`英霊結晶・星のフォウくん X 1
フレンドポイント X 2000
7月交換券(2026) X 1
`_2026-07-08 20:39:51_
--------
*9d78e90bb76b42970abd7495d7329768*
`登陆天数: 106天 / 1878天
等级: 128
石头: 640
呼符: 68
体力: 358324.37 / 137
友情点: 175 / 884990`
*連続ログイン1日目
※ログインが途切れるか、7日到達すると
1日目から再開されます*
`英霊結晶・星のフォウくん X 1
フレンドポイント X 2000
7月交換券(2026) X 1
`_2026-07-08 20:40:01_
--------
