【登录信息】
*318194637fc953496e5082ebcbeae7a2*
`登陆天数: 253天 / 2309天
等级: 142
石头: 2587
呼符: 75
体力: 4948.236666666667 / 140
友情点: 0 / 9397480`
*連続ログイン1日目
※ログインが途切れるか、7日到達すると
1日目から再開されます*
`英霊結晶・星のフォウくん X 1
フレンドポイント X 2000
9月交換券(2025) X 1
`_2025-09-05 19:31:48_
--------
*9d78e90bb76b42970abd7495d7329768*
`登陆天数: 253天 / 1576天
等级: 128
石头: 640
呼符: 68
体力: 270182.75666666665 / 137
友情点: 0 / 884635`
*連続ログイン1日目
※ログインが途切れるか、7日到達すると
1日目から再開されます*
`英霊結晶・星のフォウくん X 1
フレンドポイント X 2000
9月交換券(2025) X 1
`_2025-09-05 19:31:57_
--------
