【登录信息】
*318194637fc953496e5082ebcbeae7a2*
`登陆天数: 1天 / 2323天
等级: 142
石头: 2438
呼符: 77
体力: 1249.9833333333333 / 140
友情点: 0 / 9405435`
*連続ログイン1日目
※ログインが途切れるか、7日到達すると
1日目から再開されます*
`英霊結晶・星のフォウくん X 1
フレンドポイント X 2000
9月交換券(2025) X 1
`_2025-09-20 19:31:47_
--------
*9d78e90bb76b42970abd7495d7329768*
`登陆天数: 1天 / 1590天
等级: 128
石头: 640
呼符: 68
体力: 274502.75333333336 / 137
友情点: 0 / 884660`
*連続ログイン1日目
※ログインが途切れるか、7日到達すると
1日目から再開されます*
`英霊結晶・星のフォウくん X 1
フレンドポイント X 2000
9月交換券(2025) X 1
`_2025-09-20 19:31:56_
--------
