【登录信息】
*318194637fc953496e5082ebcbeae7a2*
`登陆天数: 1天 / 1863天
等级: 141
石头: 511
呼符: 27
体力: 19383.826666666668 / 140
友情点: 0 / 3949600`
*連続ログイン1日目
※ログインが途切れるか、7日到達すると
1日目から再開されます*
`フレンドポイント X 2000
3月交換券(2024) X 1
`*「奏章Ⅱ」開幕直前ログインボーナス*
*開催期間中、1日1回 最大7回 ログインボーナスをプレゼント！*
`QP X 3000000
黄金の果実 X 2
`_2024-03-07 03:31:27_
--------
*9d78e90bb76b42970abd7495d7329768*
`登陆天数: 1天 / 1143天
等级: 128
石头: 640
呼符: 68
体力: 112358.68333333333 / 137
友情点: 0 / 874945`
*連続ログイン1日目
※ログインが途切れるか、7日到達すると
1日目から再開されます*
`フレンドポイント X 2000
3月交換券(2024) X 1
`*「奏章Ⅱ」開幕直前ログインボーナス*
*開催期間中、1日1回 最大7回 ログインボーナスをプレゼント！*
`QP X 3000000
黄金の果実 X 2
`_2024-03-07 03:31:36_
--------
*b6bbcdbd5addb82b8007d1a35f461999*
`登陆天数: 1天 / 1263天
等级: 125
石头: 0
呼符: 0
体力: 198695.06333333332 / 137
友情点: 0 / 993060`
*連続ログイン1日目
※ログインが途切れるか、7日到達すると
1日目から再開されます*
`フレンドポイント X 2000
3月交換券(2024) X 1
`*「奏章Ⅱ」開幕直前ログインボーナス*
*開催期間中、1日1回 最大7回 ログインボーナスをプレゼント！*
`QP X 3000000
黄金の果実 X 2
`_2024-03-07 03:31:47_
--------
