【登录信息】
*318194637fc953496e5082ebcbeae7a2*
`登陆天数: 2天 / 1864天
等级: 141
石头: 511
呼符: 27
体力: 19671.82 / 140
友情点: 935 / 3950535`
*連続ログイン2日目
※ログインが途切れるか、7日到達すると
1日目から再開されます*
`聖晶石 X 1
3月交換券(2024) X 1
`*「奏章Ⅱ」開幕直前ログインボーナス*
*開催期間中、1日1回 最大7回 ログインボーナスをプレゼント！*
`英霊結晶・星のフォウくん X 2
黄金の果実 X 1
`_2024-03-08 03:31:25_
--------
*9d78e90bb76b42970abd7495d7329768*
`登陆天数: 2天 / 1144天
等级: 128
石头: 640
呼符: 68
体力: 112646.67666666667 / 137
友情点: 80 / 875025`
*連続ログイン2日目
※ログインが途切れるか、7日到達すると
1日目から再開されます*
`聖晶石 X 1
3月交換券(2024) X 1
`*「奏章Ⅱ」開幕直前ログインボーナス*
*開催期間中、1日1回 最大7回 ログインボーナスをプレゼント！*
`英霊結晶・星のフォウくん X 2
黄金の果実 X 1
`_2024-03-08 03:31:34_
--------
*b6bbcdbd5addb82b8007d1a35f461999*
`登陆天数: 2天 / 1264天
等级: 125
石头: 0
呼符: 0
体力: 198983.06 / 137
友情点: 70 / 993130`
*連続ログイン2日目
※ログインが途切れるか、7日到達すると
1日目から再開されます*
`聖晶石 X 1
3月交換券(2024) X 1
`*「奏章Ⅱ」開幕直前ログインボーナス*
*開催期間中、1日1回 最大7回 ログインボーナスをプレゼント！*
`英霊結晶・星のフォウくん X 2
黄金の果実 X 1
`_2024-03-08 03:31:45_
--------
