【登录信息】
*318194637fc953496e5082ebcbeae7a2*
`登陆天数: 3天 / 1865天
等级: 141
石头: 511
呼符: 27
体力: 19959.81333333333 / 140
友情点: 765 / 3951300`
*連続ログイン3日目
※ログインが途切れるか、7日到達すると
1日目から再開されます*
`叡智の業火 X 1
3月交換券(2024) X 1
`*「奏章Ⅱ」開幕直前ログインボーナス*
*開催期間中、1日1回 最大7回 ログインボーナスをプレゼント！*
`英霊結晶・太陽のフォウくん X 2
黄金の果実 X 1
`_2024-03-09 03:31:22_
--------
*9d78e90bb76b42970abd7495d7329768*
`登陆天数: 3天 / 1145天
等级: 128
石头: 640
呼符: 68
体力: 112934.67 / 137
友情点: 30 / 875055`
*連続ログイン3日目
※ログインが途切れるか、7日到達すると
1日目から再開されます*
`叡智の業火 X 1
3月交換券(2024) X 1
`*「奏章Ⅱ」開幕直前ログインボーナス*
*開催期間中、1日1回 最大7回 ログインボーナスをプレゼント！*
`英霊結晶・太陽のフォウくん X 2
黄金の果実 X 1
`_2024-03-09 03:31:31_
--------
*b6bbcdbd5addb82b8007d1a35f461999*
`登陆天数: 3天 / 1265天
等级: 125
石头: 0
呼符: 0
体力: 199271.05 / 137
友情点: 90 / 993220`
*連続ログイン3日目
※ログインが途切れるか、7日到達すると
1日目から再開されます*
`叡智の業火 X 1
3月交換券(2024) X 1
`*「奏章Ⅱ」開幕直前ログインボーナス*
*開催期間中、1日1回 最大7回 ログインボーナスをプレゼント！*
`英霊結晶・太陽のフォウくん X 2
黄金の果実 X 1
`_2024-03-09 03:31:42_
--------
