【登录信息】
*318194637fc953496e5082ebcbeae7a2*
`登陆天数: 5天 / 1867天
等级: 141
石头: 511
呼符: 27
体力: 20535.98 / 140
友情点: 11560 / 3963855`
*連続ログイン5日目
※ログインが途切れるか、7日到達すると
1日目から再開されます*
`叡智の業火 X 2
3月交換券(2024) X 1
`*「奏章Ⅱ」開幕直前ログインボーナス*
*開催期間中、1日1回 最大7回 ログインボーナスをプレゼント！*
`英霊結晶・星のフォウくん X 3
黄金の果実 X 1
`_2024-03-11 03:32:13_
--------
*9d78e90bb76b42970abd7495d7329768*
`登陆天数: 5天 / 1147天
等级: 128
石头: 640
呼符: 68
体力: 113510.83666666667 / 137
友情点: 0 / 875085`
*連続ログイン5日目
※ログインが途切れるか、7日到達すると
1日目から再開されます*
`叡智の業火 X 2
3月交換券(2024) X 1
`*「奏章Ⅱ」開幕直前ログインボーナス*
*開催期間中、1日1回 最大7回 ログインボーナスをプレゼント！*
`英霊結晶・星のフォウくん X 3
黄金の果実 X 1
`_2024-03-11 03:32:21_
--------
*b6bbcdbd5addb82b8007d1a35f461999*
`登陆天数: 5天 / 1267天
等级: 125
石头: 0
呼符: 0
体力: 199847.21666666667 / 137
友情点: 0 / 993270`
*連続ログイン5日目
※ログインが途切れるか、7日到達すると
1日目から再開されます*
`叡智の業火 X 2
3月交換券(2024) X 1
`*「奏章Ⅱ」開幕直前ログインボーナス*
*開催期間中、1日1回 最大7回 ログインボーナスをプレゼント！*
`英霊結晶・星のフォウくん X 3
黄金の果実 X 1
`_2024-03-11 03:32:32_
--------
