【登录信息】
*318194637fc953496e5082ebcbeae7a2*
`登陆天数: 6天 / 1868天
等级: 141
石头: 511
呼符: 27
体力: 20823.876666666667 / 140
友情点: 2295 / 3966150`
*連続ログイン6日目
※ログインが途切れるか、7日到達すると
1日目から再開されます*
`聖晶石 X 2
3月交換券(2024) X 1
`*「奏章Ⅱ」開幕直前ログインボーナス*
*開催期間中、1日1回 最大7回 ログインボーナスをプレゼント！*
`英霊結晶・太陽のフォウくん X 3
黄金の果実 X 1
`_2024-03-12 03:31:41_
--------
*9d78e90bb76b42970abd7495d7329768*
`登陆天数: 6天 / 1148天
等级: 128
石头: 640
呼符: 68
体力: 113798.73333333334 / 137
友情点: 140 / 875225`
*連続ログイン6日目
※ログインが途切れるか、7日到達すると
1日目から再開されます*
`聖晶石 X 2
3月交換券(2024) X 1
`*「奏章Ⅱ」開幕直前ログインボーナス*
*開催期間中、1日1回 最大7回 ログインボーナスをプレゼント！*
`英霊結晶・太陽のフォウくん X 3
黄金の果実 X 1
`_2024-03-12 03:31:50_
--------
*b6bbcdbd5addb82b8007d1a35f461999*
`登陆天数: 6天 / 1268天
等级: 125
石头: 0
呼符: 0
体力: 200135.11333333334 / 137
友情点: 280 / 993550`
*連続ログイン6日目
※ログインが途切れるか、7日到達すると
1日目から再開されます*
`聖晶石 X 2
3月交換券(2024) X 1
`*「奏章Ⅱ」開幕直前ログインボーナス*
*開催期間中、1日1回 最大7回 ログインボーナスをプレゼント！*
`英霊結晶・太陽のフォウくん X 3
黄金の果実 X 1
`_2024-03-12 03:32:02_
--------
