【登录信息】
*318194637fc953496e5082ebcbeae7a2*
`登陆天数: 7天 / 1869天
等级: 141
石头: 511
呼符: 27
体力: 21111.886666666665 / 140
友情点: 3315 / 3969465`
*連続ログイン7日間到達おめでとうございます！
明日は1日目からリスタートされます。*
`獣の足跡 X 1
呼符 X 1
3月交換券(2024) X 1
`*「奏章Ⅱ」開幕直前ログインボーナス*
*開催期間中、1日1回 最大7回 ログインボーナスをプレゼント！*
`マナプリズム X 100
黄金の果実 X 3
`_2024-03-13 03:31:44_
--------
*9d78e90bb76b42970abd7495d7329768*
`登陆天数: 7天 / 1149天
等级: 128
石头: 640
呼符: 68
体力: 114086.74333333333 / 137
友情点: 200 / 875425`
*連続ログイン7日間到達おめでとうございます！
明日は1日目からリスタートされます。*
`獣の足跡 X 1
呼符 X 1
3月交換券(2024) X 1
`*「奏章Ⅱ」開幕直前ログインボーナス*
*開催期間中、1日1回 最大7回 ログインボーナスをプレゼント！*
`マナプリズム X 100
黄金の果実 X 3
`_2024-03-13 03:31:53_
--------
*b6bbcdbd5addb82b8007d1a35f461999*
`登陆天数: 7天 / 1269天
等级: 125
石头: 0
呼符: 0
体力: 200423.12333333332 / 137
友情点: 230 / 993780`
*連続ログイン7日間到達おめでとうございます！
明日は1日目からリスタートされます。*
`獣の足跡 X 1
呼符 X 1
3月交換券(2024) X 1
`*「奏章Ⅱ」開幕直前ログインボーナス*
*開催期間中、1日1回 最大7回 ログインボーナスをプレゼント！*
`マナプリズム X 100
黄金の果実 X 3
`_2024-03-13 03:32:04_
--------
