【登录信息】
*318194637fc953496e5082ebcbeae7a2*
`登陆天数: 8天 / 1870天
等级: 141
石头: 511
呼符: 27
体力: 21399.866666666665 / 140
友情点: 3230 / 3972695`
*連続ログイン1日目
※ログインが途切れるか、7日到達すると
1日目から再開されます*
`フレンドポイント X 2000
3月交換券(2024) X 1
`*CBC2024 シャルルマーニュのモンジョワ・騎士道！開幕記念 ログインボーナス*
*開催期間中、1日1回 最大21回 ログインボーナスをプレゼント！*
`黄金の果実 X 1
`_2024-03-14 03:31:39_
--------
*9d78e90bb76b42970abd7495d7329768*
`登陆天数: 8天 / 1150天
等级: 128
石头: 640
呼符: 68
体力: 114374.72333333333 / 137
友情点: 170 / 875635`
*連続ログイン1日目
※ログインが途切れるか、7日到達すると
1日目から再開されます*
`フレンドポイント X 2000
3月交換券(2024) X 1
`*CBC2024 シャルルマーニュのモンジョワ・騎士道！開幕記念 ログインボーナス*
*開催期間中、1日1回 最大21回 ログインボーナスをプレゼント！*
`黄金の果実 X 1
`_2024-03-14 03:31:48_
--------
*b6bbcdbd5addb82b8007d1a35f461999*
`登陆天数: 8天 / 1270天
等级: 125
石头: 0
呼符: 0
体力: 200711.10333333333 / 137
友情点: 290 / 994070`
*連続ログイン1日目
※ログインが途切れるか、7日到達すると
1日目から再開されます*
`フレンドポイント X 2000
3月交換券(2024) X 1
`*CBC2024 シャルルマーニュのモンジョワ・騎士道！開幕記念 ログインボーナス*
*開催期間中、1日1回 最大21回 ログインボーナスをプレゼント！*
`黄金の果実 X 1
`_2024-03-14 03:31:59_
--------
