【登录信息】
*318194637fc953496e5082ebcbeae7a2*
`登陆天数: 9天 / 1871天
等级: 141
石头: 511
呼符: 27
体力: 21687.886666666665 / 140
友情点: 935 / 3973640`
*連続ログイン2日目
※ログインが途切れるか、7日到達すると
1日目から再開されます*
`聖晶石 X 1
3月交換券(2024) X 1
`*CBC2024 シャルルマーニュのモンジョワ・騎士道！開幕記念 ログインボーナス*
*開催期間中、1日1回 最大21回 ログインボーナスをプレゼント！*
`白銀の果実 X 1
`_2024-03-15 03:31:44_
--------
*9d78e90bb76b42970abd7495d7329768*
`登陆天数: 9天 / 1151天
等级: 128
石头: 640
呼符: 68
体力: 114662.74333333333 / 137
友情点: 10 / 875645`
*連続ログイン2日目
※ログインが途切れるか、7日到達すると
1日目から再開されます*
`聖晶石 X 1
3月交換券(2024) X 1
`*CBC2024 シャルルマーニュのモンジョワ・騎士道！開幕記念 ログインボーナス*
*開催期間中、1日1回 最大21回 ログインボーナスをプレゼント！*
`白銀の果実 X 1
`_2024-03-15 03:31:53_
--------
*b6bbcdbd5addb82b8007d1a35f461999*
`登陆天数: 9天 / 1271天
等级: 125
石头: 0
呼符: 0
体力: 200999.12333333332 / 137
友情点: 0 / 994070`
*連続ログイン2日目
※ログインが途切れるか、7日到達すると
1日目から再開されます*
`聖晶石 X 1
3月交換券(2024) X 1
`*CBC2024 シャルルマーニュのモンジョワ・騎士道！開幕記念 ログインボーナス*
*開催期間中、1日1回 最大21回 ログインボーナスをプレゼント！*
`白銀の果実 X 1
`_2024-03-15 03:32:04_
--------
