【登录信息】
*318194637fc953496e5082ebcbeae7a2*
`登陆天数: 10天 / 1872天
等级: 141
石头: 511
呼符: 27
体力: 21976.103333333333 / 140
友情点: 7480 / 3981130`
*連続ログイン3日目
※ログインが途切れるか、7日到達すると
1日目から再開されます*
`叡智の業火 X 1
3月交換券(2024) X 1
`*「奏章Ⅱ」開幕直前特別回数ログインボーナス*
*開催期間中、1日1回 最大5回 回数ログインボーナスをプレゼント！*
`叡智の業火 X 10
聖晶石 X 1
`_2024-03-16 03:32:49_
--------
*9d78e90bb76b42970abd7495d7329768*
`登陆天数: 10天 / 1152天
等级: 128
石头: 640
呼符: 68
体力: 114950.96 / 137
友情点: 460 / 876125`
*連続ログイン3日目
※ログインが途切れるか、7日到達すると
1日目から再開されます*
`叡智の業火 X 1
3月交換券(2024) X 1
`*「奏章Ⅱ」開幕直前特別回数ログインボーナス*
*開催期間中、1日1回 最大5回 回数ログインボーナスをプレゼント！*
`叡智の業火 X 10
聖晶石 X 1
`_2024-03-16 03:32:58_
--------
*b6bbcdbd5addb82b8007d1a35f461999*
`登陆天数: 10天 / 1272天
等级: 125
石头: 0
呼符: 0
体力: 201287.34 / 137
友情点: 470 / 994540`
*連続ログイン3日目
※ログインが途切れるか、7日到達すると
1日目から再開されます*
`叡智の業火 X 1
3月交換券(2024) X 1
`*「奏章Ⅱ」開幕直前特別回数ログインボーナス*
*開催期間中、1日1回 最大5回 回数ログインボーナスをプレゼント！*
`叡智の業火 X 10
聖晶石 X 1
`_2024-03-16 03:33:10_
--------
