【登录信息】
*318194637fc953496e5082ebcbeae7a2*
`登陆天数: 11天 / 1873天
等级: 141
石头: 511
呼符: 27
体力: 22263.81333333333 / 140
友情点: 3315 / 3984445`
*連続ログイン4日目
※ログインが途切れるか、7日到達すると
1日目から再開されます*
`聖晶石 X 1
3月交換券(2024) X 1
`*「奏章Ⅱ」開幕直前特別回数ログインボーナス*
*開催期間中、1日1回 最大5回 回数ログインボーナスをプレゼント！*
`英霊結晶・星のフォウくん X 5
英霊結晶・太陽のフォウくん X 5
`_2024-03-17 03:31:22_
--------
*9d78e90bb76b42970abd7495d7329768*
`登陆天数: 11天 / 1153天
等级: 128
石头: 640
呼符: 68
体力: 115238.66666666667 / 137
友情点: 300 / 876425`
*連続ログイン4日目
※ログインが途切れるか、7日到達すると
1日目から再開されます*
`聖晶石 X 1
3月交換券(2024) X 1
`*「奏章Ⅱ」開幕直前特別回数ログインボーナス*
*開催期間中、1日1回 最大5回 回数ログインボーナスをプレゼント！*
`英霊結晶・星のフォウくん X 5
英霊結晶・太陽のフォウくん X 5
`_2024-03-17 03:31:31_
--------
*b6bbcdbd5addb82b8007d1a35f461999*
`登陆天数: 11天 / 1273天
等级: 125
石头: 0
呼符: 0
体力: 201575.05 / 137
友情点: 320 / 994860`
*連続ログイン4日目
※ログインが途切れるか、7日到達すると
1日目から再開されます*
`聖晶石 X 1
3月交換券(2024) X 1
`*「奏章Ⅱ」開幕直前特別回数ログインボーナス*
*開催期間中、1日1回 最大5回 回数ログインボーナスをプレゼント！*
`英霊結晶・星のフォウくん X 5
英霊結晶・太陽のフォウくん X 5
`_2024-03-17 03:31:42_
--------
