【登录信息】
*318194637fc953496e5082ebcbeae7a2*
`登陆天数: 12天 / 1874天
等级: 141
石头: 511
呼符: 27
体力: 22551.86 / 140
友情点: 4420 / 3988865`
*連続ログイン5日目
※ログインが途切れるか、7日到達すると
1日目から再開されます*
`叡智の業火 X 2
3月交換券(2024) X 1
`*「奏章Ⅱ」開幕直前特別回数ログインボーナス*
*開催期間中、1日1回 最大5回 回数ログインボーナスをプレゼント！*
`聖晶石 X 1
黄金の果実 X 3
`_2024-03-18 03:31:36_
--------
*9d78e90bb76b42970abd7495d7329768*
`登陆天数: 12天 / 1154天
等级: 128
石头: 640
呼符: 68
体力: 115526.71666666666 / 137
友情点: 300 / 876725`
*連続ログイン5日目
※ログインが途切れるか、7日到達すると
1日目から再開されます*
`叡智の業火 X 2
3月交換券(2024) X 1
`*「奏章Ⅱ」開幕直前特別回数ログインボーナス*
*開催期間中、1日1回 最大5回 回数ログインボーナスをプレゼント！*
`聖晶石 X 1
黄金の果実 X 3
`_2024-03-18 03:31:45_
--------
*b6bbcdbd5addb82b8007d1a35f461999*
`登陆天数: 12天 / 1274天
等级: 125
石头: 0
呼符: 0
体力: 201863.09666666668 / 137
友情点: 370 / 995230`
*連続ログイン5日目
※ログインが途切れるか、7日到達すると
1日目から再開されます*
`叡智の業火 X 2
3月交換券(2024) X 1
`*「奏章Ⅱ」開幕直前特別回数ログインボーナス*
*開催期間中、1日1回 最大5回 回数ログインボーナスをプレゼント！*
`聖晶石 X 1
黄金の果実 X 3
`_2024-03-18 03:31:56_
--------
