【登录信息】
*318194637fc953496e5082ebcbeae7a2*
`登陆天数: 13天 / 1875天
等级: 141
石头: 511
呼符: 27
体力: 22839.886666666665 / 140
友情点: 1530 / 3990395`
*連続ログイン6日目
※ログインが途切れるか、7日到達すると
1日目から再開されます*
`聖晶石 X 2
3月交換券(2024) X 1
`*「奏章Ⅱ」開幕直前特別回数ログインボーナス*
*開催期間中、1日1回 最大5回 回数ログインボーナスをプレゼント！*
`獣の足跡 X 1
`_2024-03-19 03:31:44_
--------
*9d78e90bb76b42970abd7495d7329768*
`登陆天数: 13天 / 1155天
等级: 128
石头: 640
呼符: 68
体力: 115814.74333333333 / 137
友情点: 90 / 876815`
*連続ログイン6日目
※ログインが途切れるか、7日到達すると
1日目から再開されます*
`聖晶石 X 2
3月交換券(2024) X 1
`*「奏章Ⅱ」開幕直前特別回数ログインボーナス*
*開催期間中、1日1回 最大5回 回数ログインボーナスをプレゼント！*
`獣の足跡 X 1
`_2024-03-19 03:31:53_
--------
*b6bbcdbd5addb82b8007d1a35f461999*
`登陆天数: 13天 / 1275天
等级: 125
石头: 0
呼符: 0
体力: 202151.12333333332 / 137
友情点: 110 / 995360`
*連続ログイン6日目
※ログインが途切れるか、7日到達すると
1日目から再開されます*
`聖晶石 X 2
3月交換券(2024) X 1
`*「奏章Ⅱ」開幕直前特別回数ログインボーナス*
*開催期間中、1日1回 最大5回 回数ログインボーナスをプレゼント！*
`獣の足跡 X 1
`_2024-03-19 03:32:04_
--------
