【登录信息】
*318194637fc953496e5082ebcbeae7a2*
`登陆天数: 14天 / 1876天
等级: 141
石头: 511
呼符: 27
体力: 23127.83 / 140
友情点: 3400 / 3993795`
*連続ログイン7日間到達おめでとうございます！
明日は1日目からリスタートされます。*
`獣の足跡 X 1
呼符 X 1
3月交換券(2024) X 1
`*「奏章Ⅱ」開幕直前特別回数ログインボーナス*
*開催期間中、1日1回 最大5回 回数ログインボーナスをプレゼント！*
`聖晶石 X 3
`_2024-03-20 03:31:27_
--------
*9d78e90bb76b42970abd7495d7329768*
`登陆天数: 14天 / 1156天
等级: 128
石头: 640
呼符: 68
体力: 116102.68666666666 / 137
友情点: 360 / 877175`
*連続ログイン7日間到達おめでとうございます！
明日は1日目からリスタートされます。*
`獣の足跡 X 1
呼符 X 1
3月交換券(2024) X 1
`*「奏章Ⅱ」開幕直前特別回数ログインボーナス*
*開催期間中、1日1回 最大5回 回数ログインボーナスをプレゼント！*
`聖晶石 X 3
`_2024-03-20 03:31:36_
--------
*b6bbcdbd5addb82b8007d1a35f461999*
`登陆天数: 14天 / 1276天
等级: 125
石头: 0
呼符: 0
体力: 202439.06666666668 / 137
友情点: 210 / 995570`
*連続ログイン7日間到達おめでとうございます！
明日は1日目からリスタートされます。*
`獣の足跡 X 1
呼符 X 1
3月交換券(2024) X 1
`*「奏章Ⅱ」開幕直前特別回数ログインボーナス*
*開催期間中、1日1回 最大5回 回数ログインボーナスをプレゼント！*
`聖晶石 X 3
`_2024-03-20 03:31:47_
--------
