【登录信息】
*318194637fc953496e5082ebcbeae7a2*
`登陆天数: 15天 / 1877天
等级: 141
石头: 511
呼符: 27
体力: 23415.87 / 140
友情点: 1785 / 3995780`
*連続ログイン1日目
※ログインが途切れるか、7日到達すると
1日目から再開されます*
`フレンドポイント X 2000
3月交換券(2024) X 1
`*FGO カルデア放送局 Vol.21 奏章Ⅱ 開幕直前SP
放送記念 初回ログインボーナス*
*開催期間中、初回ログインで「聖晶石×14」をプレゼント！*
`聖晶石 X 14
`_2024-03-21 03:31:39_
--------
*9d78e90bb76b42970abd7495d7329768*
`登陆天数: 15天 / 1157天
等级: 128
石头: 640
呼符: 68
体力: 116390.72666666667 / 137
友情点: 140 / 878325`
*連続ログイン1日目
※ログインが途切れるか、7日到達すると
1日目から再開されます*
`フレンドポイント X 2000
3月交換券(2024) X 1
`*FGO カルデア放送局 Vol.21 奏章Ⅱ 開幕直前SP
放送記念 初回ログインボーナス*
*開催期間中、初回ログインで「聖晶石×14」をプレゼント！*
`聖晶石 X 14
`_2024-03-21 03:31:48_
--------
*b6bbcdbd5addb82b8007d1a35f461999*
`登陆天数: 15天 / 1277天
等级: 125
石头: 0
呼符: 0
体力: 202727.10666666666 / 137
友情点: 90 / 995660`
*連続ログイン1日目
※ログインが途切れるか、7日到達すると
1日目から再開されます*
`フレンドポイント X 2000
3月交換券(2024) X 1
`*FGO カルデア放送局 Vol.21 奏章Ⅱ 開幕直前SP
放送記念 初回ログインボーナス*
*開催期間中、初回ログインで「聖晶石×14」をプレゼント！*
`聖晶石 X 14
`_2024-03-21 03:32:00_
--------
