【登录信息】
*318194637fc953496e5082ebcbeae7a2*
`登陆天数: 16天 / 1878天
等级: 141
石头: 511
呼符: 27
体力: 23703.816666666666 / 140
友情点: 3400 / 3999180`
*連続ログイン2日目
※ログインが途切れるか、7日到達すると
1日目から再開されます*
`聖晶石 X 1
3月交換券(2024) X 1
`*CBC2024 シャルルマーニュのモンジョワ・騎士道！開幕記念 ログインボーナス*
*開催期間中、1日1回 最大21回 ログインボーナスをプレゼント！*
`白銀の果実 X 1
`_2024-03-22 03:31:23_
--------
*9d78e90bb76b42970abd7495d7329768*
`登陆天数: 16天 / 1158天
等级: 128
石头: 640
呼符: 68
体力: 116678.67333333334 / 137
友情点: 150 / 878475`
*連続ログイン2日目
※ログインが途切れるか、7日到達すると
1日目から再開されます*
`聖晶石 X 1
3月交換券(2024) X 1
`*CBC2024 シャルルマーニュのモンジョワ・騎士道！開幕記念 ログインボーナス*
*開催期間中、1日1回 最大21回 ログインボーナスをプレゼント！*
`白銀の果実 X 1
`_2024-03-22 03:31:32_
--------
*b6bbcdbd5addb82b8007d1a35f461999*
`登陆天数: 16天 / 1278天
等级: 125
石头: 0
呼符: 0
体力: 203015.05666666667 / 137
友情点: 170 / 995830`
*連続ログイン2日目
※ログインが途切れるか、7日到達すると
1日目から再開されます*
`聖晶石 X 1
3月交換券(2024) X 1
`*CBC2024 シャルルマーニュのモンジョワ・騎士道！開幕記念 ログインボーナス*
*開催期間中、1日1回 最大21回 ログインボーナスをプレゼント！*
`白銀の果実 X 1
`_2024-03-22 03:31:44_
--------
