【登录信息】
*318194637fc953496e5082ebcbeae7a2*
`登陆天数: 17天 / 1879天
等级: 141
石头: 511
呼符: 27
体力: 23991.86 / 140
友情点: 2040 / 4001220`
*連続ログイン3日目
※ログインが途切れるか、7日到達すると
1日目から再開されます*
`叡智の業火 X 1
3月交換券(2024) X 1
`*CBC2024 シャルルマーニュのモンジョワ・騎士道！開幕記念 ログインボーナス*
*開催期間中、1日1回 最大21回 ログインボーナスをプレゼント！*
`白銀の果実 X 1
`_2024-03-23 03:31:36_
--------
*9d78e90bb76b42970abd7495d7329768*
`登陆天数: 17天 / 1159天
等级: 128
石头: 640
呼符: 68
体力: 116966.71666666666 / 137
友情点: 190 / 878665`
*連続ログイン3日目
※ログインが途切れるか、7日到達すると
1日目から再開されます*
`叡智の業火 X 1
3月交換券(2024) X 1
`*CBC2024 シャルルマーニュのモンジョワ・騎士道！開幕記念 ログインボーナス*
*開催期間中、1日1回 最大21回 ログインボーナスをプレゼント！*
`白銀の果実 X 1
`_2024-03-23 03:31:45_
--------
*b6bbcdbd5addb82b8007d1a35f461999*
`登陆天数: 17天 / 1279天
等级: 125
石头: 0
呼符: 0
体力: 203303.09666666668 / 137
友情点: 180 / 996010`
*連続ログイン3日目
※ログインが途切れるか、7日到達すると
1日目から再開されます*
`叡智の業火 X 1
3月交換券(2024) X 1
`*CBC2024 シャルルマーニュのモンジョワ・騎士道！開幕記念 ログインボーナス*
*開催期間中、1日1回 最大21回 ログインボーナスをプレゼント！*
`白銀の果実 X 1
`_2024-03-23 03:31:56_
--------
