【登录信息】
*318194637fc953496e5082ebcbeae7a2*
`登陆天数: 18天 / 1880天
等级: 141
石头: 511
呼符: 27
体力: 24279.866666666665 / 140
友情点: 2040 / 4003260`
*連続ログイン4日目
※ログインが途切れるか、7日到達すると
1日目から再開されます*
`聖晶石 X 1
3月交換券(2024) X 1
`*CBC2024 シャルルマーニュのモンジョワ・騎士道！開幕記念 ログインボーナス*
*開催期間中、1日1回 最大21回 ログインボーナスをプレゼント！*
`白銀の果実 X 1
`_2024-03-24 03:31:38_
--------
*9d78e90bb76b42970abd7495d7329768*
`登陆天数: 18天 / 1160天
等级: 128
石头: 640
呼符: 68
体力: 117254.72333333333 / 137
友情点: 260 / 878925`
*連続ログイン4日目
※ログインが途切れるか、7日到達すると
1日目から再開されます*
`聖晶石 X 1
3月交換券(2024) X 1
`*CBC2024 シャルルマーニュのモンジョワ・騎士道！開幕記念 ログインボーナス*
*開催期間中、1日1回 最大21回 ログインボーナスをプレゼント！*
`白銀の果実 X 1
`_2024-03-24 03:31:47_
--------
*b6bbcdbd5addb82b8007d1a35f461999*
`登陆天数: 18天 / 1280天
等级: 125
石头: 0
呼符: 0
体力: 203591.10333333333 / 137
友情点: 160 / 996170`
*連続ログイン4日目
※ログインが途切れるか、7日到達すると
1日目から再開されます*
`聖晶石 X 1
3月交換券(2024) X 1
`*CBC2024 シャルルマーニュのモンジョワ・騎士道！開幕記念 ログインボーナス*
*開催期間中、1日1回 最大21回 ログインボーナスをプレゼント！*
`白銀の果実 X 1
`_2024-03-24 03:31:58_
--------
