【登录信息】
*318194637fc953496e5082ebcbeae7a2*
`登陆天数: 19天 / 1881天
等级: 141
石头: 511
呼符: 27
体力: 24567.836666666666 / 140
友情点: 255 / 4003515`
*連続ログイン5日目
※ログインが途切れるか、7日到達すると
1日目から再開されます*
`叡智の業火 X 2
3月交換券(2024) X 1
`*「AnimeJapan 2024」出展記念 初回ログインボーナス*
*開催期間中、初回ログインで「聖晶石×10」をプレゼント！*
`聖晶石 X 10
`_2024-03-25 03:31:29_
--------
*9d78e90bb76b42970abd7495d7329768*
`登陆天数: 19天 / 1161天
等级: 128
石头: 640
呼符: 68
体力: 117542.69333333333 / 137
友情点: 20 / 878945`
*連続ログイン5日目
※ログインが途切れるか、7日到達すると
1日目から再開されます*
`叡智の業火 X 2
3月交換券(2024) X 1
`*「AnimeJapan 2024」出展記念 初回ログインボーナス*
*開催期間中、初回ログインで「聖晶石×10」をプレゼント！*
`聖晶石 X 10
`_2024-03-25 03:31:38_
--------
*b6bbcdbd5addb82b8007d1a35f461999*
`登陆天数: 19天 / 1281天
等级: 125
石头: 0
呼符: 0
体力: 203879.07333333333 / 137
友情点: 70 / 996240`
*連続ログイン5日目
※ログインが途切れるか、7日到達すると
1日目から再開されます*
`叡智の業火 X 2
3月交換券(2024) X 1
`*「AnimeJapan 2024」出展記念 初回ログインボーナス*
*開催期間中、初回ログインで「聖晶石×10」をプレゼント！*
`聖晶石 X 10
`_2024-03-25 03:31:49_
--------
