【登录信息】
*318194637fc953496e5082ebcbeae7a2*
`登陆天数: 20天 / 1882天
等级: 141
石头: 511
呼符: 27
体力: 24855.83 / 140
友情点: 425 / 4003940`
*連続ログイン6日目
※ログインが途切れるか、7日到達すると
1日目から再開されます*
`聖晶石 X 2
3月交換券(2024) X 1
`*CBC2024 シャルルマーニュのモンジョワ・騎士道！開幕記念 ログインボーナス*
*開催期間中、1日1回 最大21回 ログインボーナスをプレゼント！*
`白銀の果実 X 1
`_2024-03-26 03:31:28_
--------
*9d78e90bb76b42970abd7495d7329768*
`登陆天数: 20天 / 1162天
等级: 128
石头: 640
呼符: 68
体力: 117830.68666666666 / 137
友情点: 0 / 878945`
*連続ログイン6日目
※ログインが途切れるか、7日到達すると
1日目から再開されます*
`聖晶石 X 2
3月交換券(2024) X 1
`*CBC2024 シャルルマーニュのモンジョワ・騎士道！開幕記念 ログインボーナス*
*開催期間中、1日1回 最大21回 ログインボーナスをプレゼント！*
`白銀の果実 X 1
`_2024-03-26 03:31:37_
--------
*b6bbcdbd5addb82b8007d1a35f461999*
`登陆天数: 20天 / 1282天
等级: 125
石头: 0
呼符: 0
体力: 204167.06666666668 / 137
友情点: 30 / 996270`
*連続ログイン6日目
※ログインが途切れるか、7日到達すると
1日目から再開されます*
`聖晶石 X 2
3月交換券(2024) X 1
`*CBC2024 シャルルマーニュのモンジョワ・騎士道！開幕記念 ログインボーナス*
*開催期間中、1日1回 最大21回 ログインボーナスをプレゼント！*
`白銀の果実 X 1
`_2024-03-26 03:31:48_
--------
