【登录信息】
*318194637fc953496e5082ebcbeae7a2*
`登陆天数: 21天 / 1883天
等级: 141
石头: 511
呼符: 27
体力: 25143.89 / 140
友情点: 425 / 4004365`
*連続ログイン7日間到達おめでとうございます！
明日は1日目からリスタートされます。*
`獣の足跡 X 1
呼符 X 1
3月交換券(2024) X 1
`*CBC2024 シャルルマーニュのモンジョワ・騎士道！開幕記念 ログインボーナス*
*開催期間中、1日1回 最大21回 ログインボーナスをプレゼント！*
`白銀の果実 X 1
`_2024-03-27 03:31:45_
--------
*9d78e90bb76b42970abd7495d7329768*
`登陆天数: 21天 / 1163天
等级: 128
石头: 640
呼符: 68
体力: 118118.74666666667 / 137
友情点: 30 / 878975`
*連続ログイン7日間到達おめでとうございます！
明日は1日目からリスタートされます。*
`獣の足跡 X 1
呼符 X 1
3月交換券(2024) X 1
`*CBC2024 シャルルマーニュのモンジョワ・騎士道！開幕記念 ログインボーナス*
*開催期間中、1日1回 最大21回 ログインボーナスをプレゼント！*
`白銀の果実 X 1
`_2024-03-27 03:31:54_
--------
*b6bbcdbd5addb82b8007d1a35f461999*
`登陆天数: 21天 / 1283天
等级: 125
石头: 0
呼符: 0
体力: 204455.12666666668 / 137
友情点: 30 / 996300`
*連続ログイン7日間到達おめでとうございます！
明日は1日目からリスタートされます。*
`獣の足跡 X 1
呼符 X 1
3月交換券(2024) X 1
`*CBC2024 シャルルマーニュのモンジョワ・騎士道！開幕記念 ログインボーナス*
*開催期間中、1日1回 最大21回 ログインボーナスをプレゼント！*
`白銀の果実 X 1
`_2024-03-27 03:32:06_
--------
