【登录信息】
*318194637fc953496e5082ebcbeae7a2*
`登陆天数: 22天 / 1884天
等级: 141
石头: 511
呼符: 27
体力: 25431.89 / 140
友情点: 340 / 4004705`
*連続ログイン1日目
※ログインが途切れるか、7日到達すると
1日目から再開されます*
`フレンドポイント X 2000
3月交換券(2024) X 1
`_2024-03-28 03:31:45_
--------
*9d78e90bb76b42970abd7495d7329768*
`登陆天数: 22天 / 1164天
等级: 128
石头: 640
呼符: 68
体力: 118406.74666666667 / 137
友情点: 10 / 878985`
*連続ログイン1日目
※ログインが途切れるか、7日到達すると
1日目から再開されます*
`フレンドポイント X 2000
3月交換券(2024) X 1
`_2024-03-28 03:31:54_
--------
*b6bbcdbd5addb82b8007d1a35f461999*
`登陆天数: 22天 / 1284天
等级: 125
石头: 0
呼符: 0
体力: 204743.12666666668 / 137
友情点: 80 / 996380`
*連続ログイン1日目
※ログインが途切れるか、7日到達すると
1日目から再開されます*
`フレンドポイント X 2000
3月交換券(2024) X 1
`_2024-03-28 03:32:06_
--------
