【登录信息】
*318194637fc953496e5082ebcbeae7a2*
`登陆天数: 23天 / 1885天
等级: 141
石头: 511
呼符: 27
体力: 25720.096666666668 / 140
友情点: 680 / 4005385`
*連続ログイン2日目
※ログインが途切れるか、7日到達すると
1日目から再開されます*
`聖晶石 X 1
3月交換券(2024) X 1
`_2024-03-29 03:32:48_
--------
*9d78e90bb76b42970abd7495d7329768*
`登陆天数: 23天 / 1165天
等级: 128
石头: 640
呼符: 68
体力: 118694.95333333334 / 137
友情点: 50 / 879035`
*連続ログイン2日目
※ログインが途切れるか、7日到達すると
1日目から再開されます*
`聖晶石 X 1
3月交換券(2024) X 1
`_2024-03-29 03:32:57_
--------
*b6bbcdbd5addb82b8007d1a35f461999*
`登陆天数: 23天 / 1285天
等级: 125
石头: 0
呼符: 0
体力: 205031.33333333334 / 137
友情点: 40 / 996420`
*連続ログイン2日目
※ログインが途切れるか、7日到達すると
1日目から再開されます*
`聖晶石 X 1
3月交換券(2024) X 1
`_2024-03-29 03:33:08_
--------
