【登录信息】
*318194637fc953496e5082ebcbeae7a2*
`登陆天数: 24天 / 1886天
等级: 141
石头: 511
呼符: 27
体力: 26007.81 / 140
友情点: 340 / 4005725`
*連続ログイン3日目
※ログインが途切れるか、7日到達すると
1日目から再開されます*
`叡智の業火 X 1
3月交換券(2024) X 1
`*Fate/Grand Order 春の新米マスター応援キャンペーン2024！
開催記念 初回ログインボーナス*
*開催期間中、初回ログインで「呼符×1」をプレゼント！*
`呼符 X 1
`_2024-03-30 03:31:21_
--------
*9d78e90bb76b42970abd7495d7329768*
`登陆天数: 24天 / 1166天
等级: 128
石头: 640
呼符: 68
体力: 118982.66666666667 / 137
友情点: 70 / 879105`
*連続ログイン3日目
※ログインが途切れるか、7日到達すると
1日目から再開されます*
`叡智の業火 X 1
3月交換券(2024) X 1
`*Fate/Grand Order 春の新米マスター応援キャンペーン2024！
開催記念 初回ログインボーナス*
*開催期間中、初回ログインで「呼符×1」をプレゼント！*
`呼符 X 1
`_2024-03-30 03:31:30_
--------
*b6bbcdbd5addb82b8007d1a35f461999*
`登陆天数: 24天 / 1286天
等级: 125
石头: 0
呼符: 0
体力: 205319.04666666666 / 137
友情点: 80 / 996500`
*連続ログイン3日目
※ログインが途切れるか、7日到達すると
1日目から再開されます*
`叡智の業火 X 1
3月交換券(2024) X 1
`*Fate/Grand Order 春の新米マスター応援キャンペーン2024！
開催記念 初回ログインボーナス*
*開催期間中、初回ログインで「呼符×1」をプレゼント！*
`呼符 X 1
`_2024-03-30 03:31:41_
--------
