【登录信息】
*318194637fc953496e5082ebcbeae7a2*
`登陆天数: 25天 / 1887天
等级: 141
石头: 511
呼符: 27
体力: 26295.896666666667 / 140
友情点: 1020 / 4006765`
*連続ログイン4日目
※ログインが途切れるか、7日到達すると
1日目から再開されます*
`聖晶石 X 1
3月交換券(2024) X 1
`*Fate/Grand Order 春の新米マスター応援キャンペーン2024！
特別ログインボーナス*
*開催期間中、1日1回 最大7回 回数ログインボーナスをプレゼント！*
`聖晶石 X 1
`_2024-03-31 03:31:48_
--------
*9d78e90bb76b42970abd7495d7329768*
`登陆天数: 25天 / 1167天
等级: 128
石头: 640
呼符: 68
体力: 119270.75333333333 / 137
友情点: 60 / 879165`
*連続ログイン4日目
※ログインが途切れるか、7日到達すると
1日目から再開されます*
`聖晶石 X 1
3月交換券(2024) X 1
`*Fate/Grand Order 春の新米マスター応援キャンペーン2024！
特別ログインボーナス*
*開催期間中、1日1回 最大7回 回数ログインボーナスをプレゼント！*
`聖晶石 X 1
`_2024-03-31 03:31:57_
--------
*b6bbcdbd5addb82b8007d1a35f461999*
`登陆天数: 25天 / 1287天
等级: 125
石头: 0
呼符: 0
体力: 205607.13333333333 / 137
友情点: 160 / 996660`
*連続ログイン4日目
※ログインが途切れるか、7日到達すると
1日目から再開されます*
`聖晶石 X 1
3月交換券(2024) X 1
`*Fate/Grand Order 春の新米マスター応援キャンペーン2024！
特別ログインボーナス*
*開催期間中、1日1回 最大7回 回数ログインボーナスをプレゼント！*
`聖晶石 X 1
`_2024-03-31 03:32:08_
--------
