【登录信息】
*318194637fc953496e5082ebcbeae7a2*
`登陆天数: 80天 / 2402天
等级: 143
石头: 2486
呼符: 80
体力: 18611.873333333333 / 141
友情点: 2645 / 9441840`
*連続ログイン3日目
※ログインが途切れるか、7日到達すると
1日目から再開されます*
`英霊結晶・星のフォウくん X 1
叡智の業火 X 1
12月交換券(2025) X 1
`_2025-12-08 19:33:56_
--------
*9d78e90bb76b42970abd7495d7329768*
`登陆天数: 80天 / 1669天
等级: 128
石头: 640
呼符: 68
体力: 297255.18666666665 / 137
友情点: 0 / 884660`
*連続ログイン3日目
※ログインが途切れるか、7日到達すると
1日目から再開されます*
`英霊結晶・星のフォウくん X 1
叡智の業火 X 1
12月交換券(2025) X 1
`_2025-12-08 19:34:06_
--------
